acuRun: Core auto detection found 12 cores
acuSolve:  ************************************************************************
acuSolve:  **                                                                    **
acuSolve:  **                                                                    **
acuSolve:  **                         Altair AcuSolve(R)                         **
acuSolve:  **                          Version: 2022.3                           **
acuSolve:  **                    A General Purpose CFD Solver                    **
acuSolve:  **                                                                    **
acuSolve:  **                                                                    **
acuSolve:  **                     Windows 8/10 v6.2.9200 x64                     **
acuSolve:  **                              IDRISHAB                              **
acuSolve:  **                             12 Core(s)                             **
acuSolve:  **                         CPU speed 2600 MHz                         **
acuSolve:  **                    4020 MB RAM,  32452 MB swap                     **
acuSolve:  **                Build Tag 1160304aakas000_WCL:81231                 **
acuSolve:  ************************************************************************
acuSolve:  ** COPYRIGHT (C) 1996-2024                 Altair Engineering, Inc.   **
acuSolve:  ** All Rights Reserved.  Copyright notice does not imply publication. **
acuSolve:  ** Contains trade secrets of Altair Engineering, Inc.                 **
acuSolve:  ** Decompilation or disassembly of this software strictly prohibited. **
acuSolve:  ************************************************************************
acuRun: Fri Mar  8 21:39:34 2024
acuRun: acuRun 
acuRun: Processing run 1 ...
acuRun: Hostname = Idrishab
acuRun: Release  = 2022.3
acuRun: num_threads is reduced from (12) to (1)
acuRun: Add C:/Program Files/Altair/2022.3/hwcfdsolvers/acusolve/win64/bin to PATH
acuRun: set PATH=C:/Program Files/Altair/2022.3/hwcfdsolvers/acusolve/win64/bin;C:/Program Files/Altair/2022.3/hwcfdsolvers/acusolve/../../mpi/win64/mpich/bin;C:\Program Files\Altair\2022.3\hwcfdsolvers\acusolve\win64\base\edem;C:\Program Files\Altair\2022.3\hwcfdsolvers\acusolve\win64\bin;C:\Program Files\Altair\2022.3\hwcfdsolvers\acusolve\win64\base\bin;C:\Program Files\Altair\2022.3\hwcfdsolvers\acusolve\win64\base\DLLs;C:\Program Files\Altair\2022.3\hwcfdsolvers\acusolve\win64\base\lib\site-packages;C:\Program Files\Altair\2022.3\hwcfdsolvers\acusolve\win64\abaqus-odb\lib;C:\Program Files\Altair\2022.3\hwcfdsolvers\acusolve\win64\perl\bin;C:\Program Files\Altair\2022.3\common\python\python3.8\win64\DLLs;C:\Program Files\Altair\2022.3\hwdesktop\..\common\framework\win64\hwx\bin\win64;C:\Program Files\Altair\2022.3\hwdesktop\hwx\bin\win64;C:\Program Files\Altair\2022.3\hwdesktop\hw\bin\win64;C:\SIMULIA\Commands;C:\Program Files\Common Files\Oracle\Java\javapath;C:\Program Files (x86)\NVIDIA Corporation\PhysX\Common;C:\Windows\system32;C:\Windows;C:\Windows\System32\Wbem;C:\Windows\System32\WindowsPowerShell\v1.0\;C:\Windows\System32\OpenSSH\;C:\Program Files\dotnet\;C:\Program Files\Microsoft SQL Server\Client SDK\ODBC\110\Tools\Binn\;C:\Program Files (x86)\Microsoft SQL Server\120\Tools\Binn\;C:\Program Files\Microsoft SQL Server\120\Tools\Binn\;C:\Program Files\Microsoft SQL Server\120\DTS\Binn\;C:\Program Files (x86)\Windows Kits\8.1\Windows Performance Toolkit\;C:\Users\habee\AppData\Local\Microsoft\WindowsApps;C:\Users\habee\AppData\Local\Programs\Microsoft VS Code\bin;C:\msys64\ucrt64\bin;C:\Users\habee\AppData\Local\Box\Box Edit\
acuRun: Run acuPrep ...
acuRun: "C:/Program Files/Altair/2022.3/hwcfdsolvers/acusolve/win64/bin/acuPrep".exe -nst 1 -npt 1 
acuPrep:                       Date = Fri Mar  8 21:39:34 2024
acuPrep:                    Problem = naca_0012_0.6096m_chord
acuPrep:                        Run = 1
acuPrep:                   Hostname = IDRISHAB
acuPrep:                   Platform = Windows 8/10 v6.2.9200 x64
acuPrep:                    Machine = win64
acuPrep:                   CPU name = 13th Gen Intel(R) Core(TM) i7-1355U
acuPrep:                  CPU speed = 2600 MHz
acuPrep:                  RAM space = 4014 Mbytes
acuPrep:                 Swap space = 32452 Mbytes
acuPrep:                    Release = 2022.3
acuPrep:               Release date = Mar 22 2023
acuPrep:                  Build Tag = 1160304aakas000_WCL:81231
acuPrep:       Number of subdomains = 1
acuPrep:          Number of threads = 1
acuPrep:  Number of AcuPrep threads = 1
acuPrep:          Working directory = ACUSIM.DIR
acuPrep: ------------------------------------------------------------------
acuPrep: Reading INCLUDE
acuPrep: Processing INCLUDE
acuPrep: INCLUDE: File MESH.DIR/naca_0012_0.6096m_chord_meshsets.inc
acuPrep: Reading COORDINATE
acuPrep: Reading VOLUME_SET( "naca_0012_0.6096m_chord.SolidBody_2_1.wedge6" )
acuPrep: Reading VOLUME_SET( "naca_0012_0.6096m_chord.SolidBody_2_1.hex8" )
acuPrep: Reading SURFACE_SET( "naca_0012_0.6096m_chord.SurfaceSet_1.quad4.SolidBody_2_1.hex8" )
acuPrep: Reading SURFACE_SET( "naca_0012_0.6096m_chord.SurfaceSet_2.quad4.SolidBody_2_1.wedge6" )
acuPrep: Reading SURFACE_SET( "naca_0012_0.6096m_chord.SurfaceSet_3.tria3.SolidBody_2_1.wedge6" )
acuPrep: Reading SURFACE_SET( "naca_0012_0.6096m_chord.SurfaceSet_3.quad4.SolidBody_2_1.hex8" )
acuPrep: Reading ANALYSIS
acuPrep: Reading EQUATION
acuPrep: Reading AUTO_SOLUTION_STRATEGY
acuPrep: Processing AUTO_SOLUTION_STRATEGY
acuPrep: AUTO_SOLUTION_STRATEGY: creating and including "naca_0012_0.6096m_chord.ss.inc" ...
acuPrep: Reading TIME_SEQUENCE
acuPrep: Reading STAGGER( "flow" )
acuPrep: Reading STAGGER( "turbulence" )
acuPrep: Reading TIME_INCREMENT
acuPrep: Reading TIME_INTEGRATION
acuPrep: Reading LINEAR_SOLVER_PARAMETERS
acuPrep: Reading CONVERGENCE_CHECK_PARAMETERS
acuPrep: Reading ALGEBRAIC_MULTIGRID_PARAMETERS
acuPrep: Reading TIME_INTEGRATION
acuPrep: *** WARNING: Multiple command issue
acuPrep: Reading DENSITY_MODEL( "myFluid" )
acuPrep: Reading CONDUCTIVITY_MODEL( "myFluid" )
acuPrep: Reading SPECIFIC_HEAT_MODEL( "myFluid" )
acuPrep: Reading VISCOSITY_MODEL( "myFluid" )
acuPrep: Reading MATERIAL_MODEL( "myFluid" )
acuPrep: Reading MESH_BOUNDARY_CONDITION( "Fixed" )
acuPrep: Reading ELEMENT_SET( "naca_0012_0.6096m_chord SolidBody_2_1" )
acuPrep: Reading NODAL_INITIAL_CONDITION( "pressure" )
acuPrep: Reading SIMPLE_BOUNDARY_CONDITION( "Wall" )
acuPrep: Reading SURFACE_OUTPUT( "Wall - Output" )
acuPrep: Reading SIMPLE_BOUNDARY_CONDITION( "Far field" )
acuPrep: Reading SURFACE_OUTPUT( "Far field - Output" )
acuPrep: Reading SIMPLE_BOUNDARY_CONDITION( "Slip" )
acuPrep: Reading SURFACE_OUTPUT( "Slip - Output" )
acuPrep: Reading NODAL_OUTPUT
acuPrep: Reading DERIVED_QUANTITY_OUTPUT
acuPrep: Reading RESTART_OUTPUT
acuPrep: Reading TIME_AVERAGE_OUTPUT
acuPrep: Reading NODAL_RESIDUAL_OUTPUT
acuPrep: Reading RUN
acuPrep: Processing RUN
acuPrep: Processing ANALYSIS
acuPrep: Processing EQUATION
acuPrep: Processing FIELD( "none" )
acuPrep: Processing TURBULENCE_MODEL_PARAMETERS
acuPrep: Processing USER_GLOBAL_DATA( "none" )
acuPrep: Processing MULTIPLIER_FUNCTION( "none" )
acuPrep: Processing RADIATION
acuPrep: Processing SOLAR_RADIATION
acuPrep: Processing PARTICLE_TRACE
acuPrep: Processing EXTERNAL_CODE
acuPrep: Processing REFERENCE_FRAME( "none" )
acuPrep: Processing MESH_MOTION( "none" )
acuPrep: Processing OPTIMIZATION
acuPrep: Processing TIME_SEQUENCE
acuPrep: Processing STAGGER( "flow" )
acuPrep: Processing STAGGER( "turbulence" )
acuPrep: Processing TIME_INCREMENT
acuPrep: Processing CONVERGENCE_CHECK_PARAMETERS
acuPrep: Processing ALGEBRAIC_MULTIGRID_PARAMETERS
acuPrep: Processing TIME_INTEGRATION
acuPrep: Processing LINEAR_SOLVER_PARAMETERS
acuPrep: Processing GRAVITY( "none" )
acuPrep: Processing MOMENTUM_SOURCE( "none" )
acuPrep: Processing ROTATION_FORCE( "none" )
acuPrep: Processing MASS_HEAT_SOURCE( "none" )
acuPrep: Processing VOLUME_HEAT_SOURCE( "none" )
acuPrep: Processing MASS_SPECIES_SOURCE( "none" )
acuPrep: Processing VOLUME_SPECIES_SOURCE( "none" )
acuPrep: Processing MASS_FIELD_SOURCE( "none" )
acuPrep: Processing VOLUME_FIELD_SOURCE( "none" )
acuPrep: Processing WAVE_DAMPING_SOURCE
acuPrep: Processing BODY_FORCE( "none" )
acuPrep: Processing DENSITY_MODEL( "none" )
acuPrep: Processing DENSITY_MODEL( "myFluid" )
acuPrep: Processing SPECIFIC_HEAT_MODEL( "none" )
acuPrep: Processing SPECIFIC_HEAT_MODEL( "myFluid" )
acuPrep: Processing VISCOSITY_MODEL( "none" )
acuPrep: Processing VISCOSITY_MODEL( "myFluid" )
acuPrep: Processing VISCOELASTIC_MODEL( "none" )
acuPrep: Processing CONDUCTIVITY_MODEL( "none" )
acuPrep: Processing CONDUCTIVITY_MODEL( "myFluid" )
acuPrep: Processing DIFFUSIVITY_MODEL( "none" )
acuPrep: Processing POROSITY_MODEL( "none" )
acuPrep: Processing MATERIAL_RADIATION_MODEL( "none" )
acuPrep: Processing GAS_KINETIC_MODEL( "none" )
acuPrep: Processing ELECTRICAL_RESISTIVITY_MODEL( "none" )
acuPrep: Processing BATTERY_MODEL( "none" )
acuPrep: Processing MATERIAL_MODEL( "none" )
acuPrep: Processing MATERIAL_MODEL( "myFluid" )
acuPrep: Processing SURFACE_TENSION_MODEL( "none" )
acuPrep: Processing CONTACT_ANGLE_MODEL( "none" )
acuPrep: Processing FIELD_INTERACTION_MODEL( "none" )
acuPrep: Processing MULTI_FIELD_MODEL( "none" )
acuPrep: Processing EMISSIVITY_MODEL( "none" )
acuPrep: Processing SOLAR_RADIATION_MODEL( "none" )
acuPrep: Processing BATTERY_COMPONENT_MODEL( "none" )
acuPrep: Processing BATTERY_MODULE( "none" )
acuPrep: Processing COORDINATE
acuPrep:            2D mesh direction =          Z
acuPrep: Processing NODAL_INITIAL_CONDITION( "pressure" )
acuPrep: Processing NODAL_OUTPUT
acuPrep: Processing DERIVED_QUANTITY_OUTPUT
acuPrep: Processing RUNNING_AVERAGE_OUTPUT
acuPrep: Processing TIME_AVERAGE_OUTPUT
acuPrep: Processing RESTART_OUTPUT
acuPrep: Processing ERROR_ESTIMATOR_OUTPUT
acuPrep: Processing NODAL_RESIDUAL_OUTPUT
acuPrep: Processing VOLUME_SET( "naca_0012_0.6096m_chord.SolidBody_2_1.wedge6" )
acuPrep: Processing VOLUME_SET( "naca_0012_0.6096m_chord.SolidBody_2_1.hex8" )
acuPrep: Processing ELEMENT_SET( "naca_0012_0.6096m_chord SolidBody_2_1" )
acuPrep: Processing SURFACE_SET( "naca_0012_0.6096m_chord.SurfaceSet_1.quad4.SolidBody_2_1.hex8" )
acuPrep: Processing SURFACE_SET( "naca_0012_0.6096m_chord.SurfaceSet_2.quad4.SolidBody_2_1.wedge6" )
acuPrep: Processing SURFACE_SET( "naca_0012_0.6096m_chord.SurfaceSet_3.tria3.SolidBody_2_1.wedge6" )
acuPrep: Processing SURFACE_SET( "naca_0012_0.6096m_chord.SurfaceSet_3.quad4.SolidBody_2_1.hex8" )
acuPrep: Processing FIELD_BOUNDARY_CONDITION( "none" )
acuPrep: Processing SIMPLE_BOUNDARY_CONDITION( "Wall" )
acuPrep: Processing SIMPLE_BOUNDARY_CONDITION( "Far field" )
acuPrep: Processing SIMPLE_BOUNDARY_CONDITION( "Slip" )
acuPrep: Processing MESH_BOUNDARY_CONDITION( "Fixed" )
acuPrep: Processing SURFACE_OUTPUT( "Wall - Output" )
acuPrep: Processing SURFACE_OUTPUT( "Far field - Output" )
acuPrep: Processing SURFACE_OUTPUT( "Slip - Output" )
acuPrep: *** WARNING: surface output on 2D plane ignored
acuPrep: *** WARNING: surface output on 2D plane ignored
acuPrep: Processing FWH_OUTPUT
acuPrep: Processing VAO_OUTPUT
acuPrep: ------------------------------------------------------------------
acuPrep:          Minimum coordinates = -3.0480e+01 -3.0479e+01  0.0000e+00
acuPrep:          Maximum coordinates =  3.0480e+01  3.0479e+01  1.2192e-01
acuPrep:                   Dimensions =  6.0960e+01  6.0958e+01  1.2192e-01
acuPrep:                  Total nodes =      88338
acuPrep:               Total elements =      77240
acuPrep:                Element aggl. =          1
acuPrep:    Total aggl. rad. surfaces =          0
acuPrep:     Total interface surfaces =          0
acuPrep: ------------------------------------------------------------------
acuPrep:                  Output data = Subdomain 0
acuPrep:                  Output data = Domain decomposition
acuPrep:                  Output data = Surface output
acuPrep: ------------------------------------------------------------------
acuPrep:       Input  CPU/Elapse time = 4.700000e-02 9.400000e-02 Sec
acuPrep:       Proc.  CPU/Elapse time = 2.340000e-01 1.035000e+00 Sec
acuPrep:       Solar  CPU/Elapse time = 0.000000e+00 0.000000e+00 Sec
acuPrep:       DDC    CPU/Elapse time = 7.900000e-02 7.800000e-02 Sec
acuPrep:       Output CPU/Elapse time = 1.250000e-01 1.740000e-01 Sec
acuPrep:       Total  CPU/Elapse time = 4.850000e-01 1.428000e+00 Sec
acuPrep:            Total Memory Size = 1.380000e+02 Mbytes
acuRun: -*-*-*-*-*-*-*-*-*-*-*-*-*-*-*-*-*-*-*-*-*-*-*-*-*-*-*-*-*-*-*-*-
acuRun: No enclosure radiation found: Bypassing acuView
acuRun: -*-*-*-*-*-*-*-*-*-*-*-*-*-*-*-*-*-*-*-*-*-*-*-*-*-*-*-*-*-*-*-*-
acuRun: Run acuSolve ...
acuRun: Add C:/Program Files/Altair/2022.3/hwcfdsolvers/acusolve/../../mpi/win64/mpich/bin to PATH
acuRun: set PATH=C:/Program Files/Altair/2022.3/hwcfdsolvers/acusolve/../../mpi/win64/mpich/bin;C:/Program Files/Altair/2022.3/hwcfdsolvers/acusolve/win64/bin;C:/Program Files/Altair/2022.3/hwcfdsolvers/acusolve/../../mpi/win64/mpich/bin;C:\Program Files\Altair\2022.3\hwcfdsolvers\acusolve\win64\base\edem;C:\Program Files\Altair\2022.3\hwcfdsolvers\acusolve\win64\bin;C:\Program Files\Altair\2022.3\hwcfdsolvers\acusolve\win64\base\bin;C:\Program Files\Altair\2022.3\hwcfdsolvers\acusolve\win64\base\DLLs;C:\Program Files\Altair\2022.3\hwcfdsolvers\acusolve\win64\base\lib\site-packages;C:\Program Files\Altair\2022.3\hwcfdsolvers\acusolve\win64\abaqus-odb\lib;C:\Program Files\Altair\2022.3\hwcfdsolvers\acusolve\win64\perl\bin;C:\Program Files\Altair\2022.3\common\python\python3.8\win64\DLLs;C:\Program Files\Altair\2022.3\hwdesktop\..\common\framework\win64\hwx\bin\win64;C:\Program Files\Altair\2022.3\hwdesktop\hwx\bin\win64;C:\Program Files\Altair\2022.3\hwdesktop\hw\bin\win64;C:\SIMULIA\Commands;C:\Program Files\Common Files\Oracle\Java\javapath;C:\Program Files (x86)\NVIDIA Corporation\PhysX\Common;C:\Windows\system32;C:\Windows;C:\Windows\System32\Wbem;C:\Windows\System32\WindowsPowerShell\v1.0\;C:\Windows\System32\OpenSSH\;C:\Program Files\dotnet\;C:\Program Files\Microsoft SQL Server\Client SDK\ODBC\110\Tools\Binn\;C:\Program Files (x86)\Microsoft SQL Server\120\Tools\Binn\;C:\Program Files\Microsoft SQL Server\120\Tools\Binn\;C:\Program Files\Microsoft SQL Server\120\DTS\Binn\;C:\Program Files (x86)\Windows Kits\8.1\Windows Performance Toolkit\;C:\Users\habee\AppData\Local\Microsoft\WindowsApps;C:\Users\habee\AppData\Local\Programs\Microsoft VS Code\bin;C:\msys64\ucrt64\bin;C:\Users\habee\AppData\Local\Box\Box Edit\
acuRun: "C:/Program Files/Altair/2022.3/hwcfdsolvers/acusolve/win64/bin/acuSolve".exe -np 1 -nt 1
acuSolve: Topology linear DC-capturing on
acuSolve: AcuSolve checked out license from HyperWorks
acuSolve:                       Date = Fri Mar  8 21:39:40 2024
acuSolve:                    Problem = naca_0012_0.6096m_chord
acuSolve:                        Run = 1
acuSolve:                      Title = naca_0012_0.6096m_chord
acuSolve:                   Subtitle = 
acuSolve:                  Base unit = unknown
acuSolve:                   Hostname = IDRISHAB
acuSolve:                   Platform = Windows 8/10 v6.2.9200 x64
acuSolve:                    Machine = win64
acuSolve:                   CPU name = 13th Gen Intel(R) Core(TM) i7-1355U
acuSolve:                  CPU speed = 2600 MHz
acuSolve:                  RAM space = 3721 Mbytes
acuSolve:                 Swap space = 32452 Mbytes
acuSolve:                    Release = 2022.3
acuSolve:               Release date = Mar 22 2023
acuSolve:                  Build Tag = 1160304aakas000_WCL:81231
acuSolve:       Message passing type = none
acuSolve:       Number of subdomains = 1
acuSolve:       Number of processors = 1
acuSolve:                  Non-zeros = 1314348
acuSolve:          Working directory = ACUSIM.DIR
acuSolve: ---------------------- Input Phase --------------------------
acuSolve: Input CPU/Elapse time      = 1.250000e-01 4.853000e+00 Sec
acuSolve: Input Memory Usage         = 2.470000e+02 Mbytes
acuSolve: Initializing based on Stokes:
acuSolve:     CGP      No iterations =        143
acuSolve:     CGP        0/1/n norms = 3.613870e-06 1.329214e-05 3.528603e-08
acuSolve:     CGP   Iter. CPU/Elapse = 2.500000e-01 2.265000e+00 
acuSolve:     GMRES    No iterations =       1000 (100.00)
acuSolve:     GMRES      0/1/n norms = 4.231036e-06 6.124550e-01 3.277969e-05
acuSolve:     GMRES Iter. CPU/Elapse = 5.532000e+00 3.571300e+01 
acuSolve: Initializing turbulence field variables
acuSolve:   Eddy visc.   min/ave/max =  1.047405e-05  2.003555e-04  2.032000e-04
acuSolve: Init. CPU/Elapse time      = 5.907000e+00 3.912100e+01 Sec
acuSolve: ---------------------- Begin Time Step ----------------------
acuSolve: Time-Step=    1 ; timeInc= 1.000000e+10 ; time= 0.000000e+00
acuSolve:   Flow stagger "flow": FORM-LHS
acuSolve:     pressure     res ratio = 2.152587e-02
acuSolve:     velocity     res ratio = 7.210340e-01
acuSolve:     CGP      No iterations =        618
acuSolve:     CGP        0/1/n norms = 5.163471e-04 4.496846e-04 5.011964e-06
acuSolve:     CGP   Iter. CPU/Elapse = 3.750000e-01 8.949000e+00 
acuSolve:     GMRES    No iterations =        500 (50.00)
acuSolve:     GMRES      0/1/n norms = 3.281071e-03 7.066929e-03 1.670212e-05
acuSolve:     GMRES Iter. CPU/Elapse = 3.844000e+00 1.788300e+01 
acuSolve:     pressure     sol ratio = 1.394904e+03
acuSolve:     velocity     sol ratio = 1.310947e+00
acuSolve:   Turbulence stagger "turbulence": FORM-LHS
acuSolve:     eddy-visc.   res ratio = 6.965164e-01
acuSolve:     GMRES    No iterations =        184 (4.60)
acuSolve:     GMRES      0/1/n norms = 2.272681e-08 2.272681e-08 2.242320e-10
acuSolve:     GMRES Iter. CPU/Elapse = 1.250000e-01 1.509000e+00 
acuSolve:     eddy-visc.   sol ratio = 4.060063e+00
acuSolve:   CFL timeInc              = 2.117506e-05
acuSolve:   Step CPU/Elapse time     = 4.421000e+00 3.055200e+01 Sec
acuSolve: Time-Step=    2 ; timeInc= 1.000000e+10 ; time= 1.000000e+10
acuSolve:   Flow stagger "flow": FORM-LHS
acuSolve:     pressure     res ratio = 8.701256e-03
acuSolve:     velocity     res ratio = 6.116135e-03
acuSolve:     CGP      No iterations =        316
acuSolve:     CGP        0/1/n norms = 3.449239e-04 2.393954e-04 3.434235e-06
acuSolve:     CGP   Iter. CPU/Elapse = 5.930000e-01 4.705000e+00 
acuSolve:     GMRES    No iterations =        250 (25.00)
acuSolve:     GMRES      0/1/n norms = 1.884806e-03 3.254520e-03 2.854179e-05
acuSolve:     GMRES Iter. CPU/Elapse = 1.844000e+00 8.993000e+00 
acuSolve:     pressure     sol ratio = 8.983107e-01
acuSolve:     velocity     sol ratio = 8.913093e-01
acuSolve:   Turbulence stagger "turbulence": FORM-LHS
acuSolve:     eddy-visc.   res ratio = 6.021852e-01
acuSolve:     GMRES    No iterations =        180 (4.50)
acuSolve:     GMRES      0/1/n norms = 6.251774e-09 6.251774e-09 6.239100e-11
acuSolve:     GMRES Iter. CPU/Elapse = 1.250000e-01 1.585000e+00 
acuSolve:     eddy-visc.   sol ratio = 1.097465e+00
acuSolve:   CFL timeInc              = 5.850009e-06
acuSolve:   Step CPU/Elapse time     = 3.422000e+00 1.755200e+01 Sec
acuSolve: Time-Step=    3 ; timeInc= 1.000000e+10 ; time= 2.000000e+10
acuSolve:   Flow stagger "flow": FORM-LHS
acuSolve:     pressure     res ratio = 3.082522e-03
acuSolve:     velocity     res ratio = 9.769440e-03
acuSolve:     CGP      No iterations =        262
acuSolve:     CGP        0/1/n norms = 1.173649e-04 2.152220e-04 1.173287e-06
acuSolve:     CGP   Iter. CPU/Elapse = 5.930000e-01 3.863000e+00 
acuSolve:     GMRES    No iterations =        125 (12.50)
acuSolve:     GMRES      0/1/n norms = 1.154021e-03 1.388510e-03 7.605352e-05
acuSolve:     GMRES Iter. CPU/Elapse = 4.380000e-01 4.412000e+00 
acuSolve:     pressure     sol ratio = 9.147216e-01
acuSolve:     velocity     sol ratio = 4.375103e-01
acuSolve:   Turbulence stagger "turbulence": FORM-LHS
acuSolve:     eddy-visc.   res ratio = 5.893207e-01
acuSolve:     GMRES    No iterations =        179 (4.47)
acuSolve:     GMRES      0/1/n norms = 3.300203e-09 3.300203e-09 3.217397e-11
acuSolve:     GMRES Iter. CPU/Elapse = 1.720000e-01 1.553000e+00 
acuSolve:     eddy-visc.   sol ratio = 1.116926e+00
acuSolve:   CFL timeInc              = 4.719485e-06
acuSolve:   Step CPU/Elapse time     = 1.375000e+00 1.208800e+01 Sec
acuSolve: Time-Step=    4 ; timeInc= 1.000000e+10 ; time= 3.000000e+10
acuSolve:   Flow stagger "flow": FORM-LHS
acuSolve:     pressure     res ratio = 2.194340e-03
acuSolve:     velocity     res ratio = 1.331509e-02
acuSolve:     CGP      No iterations =        275
acuSolve:     CGP        0/1/n norms = 1.059821e-04 1.824673e-04 1.031925e-06
acuSolve:     CGP   Iter. CPU/Elapse = 7.810000e-01 4.052000e+00 
acuSolve:     GMRES    No iterations =        100 (10.00)
acuSolve:     GMRES      0/1/n norms = 6.440537e-04 7.328367e-04 6.419101e-05
acuSolve:     GMRES Iter. CPU/Elapse = 2.157000e+00 3.703000e+00 
acuSolve:     pressure     sol ratio = 8.221141e-01
acuSolve:     velocity     sol ratio = 3.386143e-01
acuSolve:   Turbulence stagger "turbulence": FORM-LHS
acuSolve:     eddy-visc.   res ratio = 4.599763e-01
acuSolve:     GMRES    No iterations =        150 (3.75)
acuSolve:     GMRES      0/1/n norms = 1.999800e-09 1.999800e-09 1.962895e-11
acuSolve:     GMRES Iter. CPU/Elapse = 8.440000e-01 1.446000e+00 
acuSolve:     eddy-visc.   sol ratio = 7.553565e-01
acuSolve:   CFL timeInc              = 1.513566e-05
acuSolve:   Step CPU/Elapse time     = 5.000000e+00 1.152200e+01 Sec
acuSolve: Time-Step=    5 ; timeInc= 1.000000e+10 ; time= 4.000000e+10
acuSolve:   Flow stagger "flow": FORM-LHS
acuSolve:     pressure     res ratio = 1.225179e-03
acuSolve:     velocity     res ratio = 1.860863e-02
acuSolve:     CGP      No iterations =        190
acuSolve:     CGP        0/1/n norms = 8.317640e-05 1.063253e-04 8.038028e-07
acuSolve:     CGP   Iter. CPU/Elapse = 4.840000e-01 2.933000e+00 
acuSolve:     GMRES    No iterations =        126 (12.60)
acuSolve:     GMRES      0/1/n norms = 3.624255e-04 3.844089e-04 3.615372e-05
acuSolve:     GMRES Iter. CPU/Elapse = 2.500000e-01 4.474000e+00 
acuSolve:     pressure     sol ratio = 5.720575e-01
acuSolve:     velocity     sol ratio = 4.034813e-01
acuSolve:   Turbulence stagger "turbulence": FORM-LHS
acuSolve:     eddy-visc.   res ratio = 2.521844e-01
acuSolve:     GMRES    No iterations =        216 (5.40)
acuSolve:     GMRES      0/1/n norms = 2.309054e-09 2.309054e-09 2.275619e-11
acuSolve:     GMRES Iter. CPU/Elapse = 3.200000e-02 1.883000e+00 
acuSolve:     eddy-visc.   sol ratio = 5.131333e-01
acuSolve:   CFL timeInc              = 1.160491e-05
acuSolve:   Step CPU/Elapse time     = 1.187000e+00 1.162600e+01 Sec
acuSolve: Time-Step=    6 ; timeInc= 1.000000e+10 ; time= 5.000000e+10
acuSolve:   Flow stagger "flow": FORM-LHS
acuSolve:     pressure     res ratio = 6.466810e-04
acuSolve:     velocity     res ratio = 1.577491e-02
acuSolve:     CGP      No iterations =        212
acuSolve:     CGP        0/1/n norms = 5.790677e-05 5.802046e-05 5.743154e-07
acuSolve:     CGP   Iter. CPU/Elapse = 3.750000e-01 3.203000e+00 
acuSolve:     GMRES    No iterations =        143 (14.30)
acuSolve:     GMRES      0/1/n norms = 2.076649e-04 2.047084e-04 2.076121e-05
acuSolve:     GMRES Iter. CPU/Elapse = 5.160000e-01 5.134000e+00 
acuSolve:     pressure     sol ratio = 5.987375e-01
acuSolve:     velocity     sol ratio = 3.674400e-01
acuSolve:   Turbulence stagger "turbulence": FORM-LHS
acuSolve:     eddy-visc.   res ratio = 1.821876e-01
acuSolve:     GMRES    No iterations =        185 (4.63)
acuSolve:     GMRES      0/1/n norms = 1.709475e-09 1.709475e-09 1.702205e-11
acuSolve:     GMRES Iter. CPU/Elapse = 1.100000e-01 1.601000e+00 
acuSolve:     eddy-visc.   sol ratio = 6.502882e-01
acuSolve:   CFL timeInc              = 4.852534e-06
acuSolve:   Step CPU/Elapse time     = 1.157000e+00 1.218400e+01 Sec
acuSolve: Time-Step=    7 ; timeInc= 1.000000e+10 ; time= 6.000000e+10
acuSolve:   Flow stagger "flow": FORM-LHS
acuSolve:     pressure     res ratio = 3.663636e-04
acuSolve:     velocity     res ratio = 1.998359e-02
acuSolve:     CGP      No iterations =        166
acuSolve:     CGP        0/1/n norms = 4.461619e-05 4.121705e-05 4.419934e-07
acuSolve:     CGP   Iter. CPU/Elapse = 3.900000e-01 2.574000e+00 
acuSolve:     GMRES    No iterations =        166 (16.60)
acuSolve:     GMRES      0/1/n norms = 1.373537e-04 1.194653e-04 1.367378e-05
acuSolve:     GMRES Iter. CPU/Elapse = 1.016000e+00 5.952000e+00 
acuSolve:     pressure     sol ratio = 7.587230e-01
acuSolve:     velocity     sol ratio = 3.270246e-01
acuSolve:   Turbulence stagger "turbulence": FORM-LHS
acuSolve:     eddy-visc.   res ratio = 1.637524e-01
acuSolve:     GMRES    No iterations =        215 (5.38)
acuSolve:     GMRES      0/1/n norms = 1.521310e-09 1.521310e-09 1.511508e-11
acuSolve:     GMRES Iter. CPU/Elapse = 7.800000e-02 1.962000e+00 
acuSolve:     eddy-visc.   sol ratio = 6.301858e-01
acuSolve:   CFL timeInc              = 5.794789e-06
acuSolve:   Step CPU/Elapse time     = 1.719000e+00 1.279200e+01 Sec
acuSolve: Time-Step=    8 ; timeInc= 1.000000e+10 ; time= 7.000000e+10
acuSolve:   Flow stagger "flow": FORM-LHS
acuSolve:     pressure     res ratio = 2.525147e-04
acuSolve:     velocity     res ratio = 2.002755e-02
acuSolve:     CGP      No iterations =        185
acuSolve:     CGP        0/1/n norms = 3.275981e-05 3.278548e-05 3.226235e-07
acuSolve:     CGP   Iter. CPU/Elapse = 5.620000e-01 2.936000e+00 
acuSolve:     GMRES    No iterations =        159 (15.90)
acuSolve:     GMRES      0/1/n norms = 9.245089e-05 7.449926e-05 9.226262e-06
acuSolve:     GMRES Iter. CPU/Elapse = 1.172000e+00 5.711000e+00 
acuSolve:     pressure     sol ratio = 4.068989e-01
acuSolve:     velocity     sol ratio = 3.000691e-01
acuSolve:   Turbulence stagger "turbulence": FORM-LHS
acuSolve:     eddy-visc.   res ratio = 1.571334e-01
acuSolve:     GMRES    No iterations =        199 (4.97)
acuSolve:     GMRES      0/1/n norms = 1.079728e-09 1.079728e-09 1.071106e-11
acuSolve:     GMRES Iter. CPU/Elapse = 1.359000e+00 1.806000e+00 
acuSolve:     eddy-visc.   sol ratio = 4.529945e-01
acuSolve:   CFL timeInc              = 8.398336e-06
acuSolve:   Step CPU/Elapse time     = 4.499000e+00 1.285200e+01 Sec
acuSolve: Time-Step=    9 ; timeInc= 1.000000e+10 ; time= 8.000000e+10
acuSolve:   Flow stagger "flow": FORM-LHS
acuSolve:     pressure     res ratio = 1.699074e-04
acuSolve:     velocity     res ratio = 1.964085e-02
acuSolve:     CGP      No iterations =        160
acuSolve:     CGP        0/1/n norms = 2.520326e-05 2.018732e-05 2.517567e-07
acuSolve:     CGP   Iter. CPU/Elapse = 3.440000e-01 2.524000e+00 
acuSolve:     GMRES    No iterations =        178 (17.80)
acuSolve:     GMRES      0/1/n norms = 6.457685e-05 4.572246e-05 6.443164e-06
acuSolve:     GMRES Iter. CPU/Elapse = 8.280000e-01 6.307000e+00 
acuSolve:     pressure     sol ratio = 6.357323e-01
acuSolve:     velocity     sol ratio = 2.883068e-01
acuSolve:   Turbulence stagger "turbulence": FORM-LHS
acuSolve:     eddy-visc.   res ratio = 1.555839e-01
acuSolve:     GMRES    No iterations =        228 (5.70)
acuSolve:     GMRES      0/1/n norms = 7.133070e-10 7.133070e-10 7.094592e-12
acuSolve:     GMRES Iter. CPU/Elapse = 3.430000e-01 2.058000e+00 
acuSolve:     eddy-visc.   sol ratio = 4.584207e-01
acuSolve:   CFL timeInc              = 8.480919e-06
acuSolve:   Step CPU/Elapse time     = 2.032000e+00 1.322500e+01 Sec
acuSolve: Time-Step=   10 ; timeInc= 1.000000e+10 ; time= 9.000000e+10
acuSolve:   Flow stagger "flow": FORM-LHS
acuSolve:     pressure     res ratio = 1.185747e-04
acuSolve:     velocity     res ratio = 1.819698e-02
acuSolve:     CGP      No iterations =        190
acuSolve:     CGP        0/1/n norms = 1.988115e-05 1.362944e-05 1.914600e-07
acuSolve:     CGP   Iter. CPU/Elapse = 3.900000e-01 2.935000e+00 
acuSolve:     GMRES    No iterations =        211 (21.10)
acuSolve:     GMRES      0/1/n norms = 4.859194e-05 3.733071e-05 4.853611e-06
acuSolve:     GMRES Iter. CPU/Elapse = 1.844000e+00 7.566000e+00 
acuSolve:     pressure     sol ratio = 5.675508e-01
acuSolve:     velocity     sol ratio = 2.431060e-01
acuSolve:   Turbulence stagger "turbulence": FORM-LHS
acuSolve:     eddy-visc.   res ratio = 1.311290e-01
acuSolve:     GMRES    No iterations =        220 (5.50)
acuSolve:     GMRES      0/1/n norms = 7.836606e-10 7.836606e-10 7.827166e-12
acuSolve:     GMRES Iter. CPU/Elapse = 1.880000e-01 1.914000e+00 
acuSolve:     eddy-visc.   sol ratio = 3.270557e-01
acuSolve:   CFL timeInc              = 4.491654e-06
acuSolve:   Step CPU/Elapse time     = 2.485000e+00 1.469000e+01 Sec
acuSolve: Time-Step=   11 ; timeInc= 1.000000e+10 ; time= 1.000000e+11
acuSolve:   Flow stagger "flow": FORM-LHS
acuSolve:     pressure     res ratio = 8.124794e-05
acuSolve:     velocity     res ratio = 1.846921e-02
acuSolve:     CGP      No iterations =        177
acuSolve:     CGP        0/1/n norms = 1.602521e-05 1.265780e-05 1.593512e-07
acuSolve:     CGP   Iter. CPU/Elapse = 3.910000e-01 2.750000e+00 
acuSolve:     GMRES    No iterations =        160 (16.00)
acuSolve:     GMRES      0/1/n norms = 3.801363e-05 2.656010e-05 3.799743e-06
acuSolve:     GMRES Iter. CPU/Elapse = 4.990000e-01 5.678000e+00 
acuSolve:     pressure     sol ratio = 1.931783e-01
acuSolve:     velocity     sol ratio = 1.501092e-01
acuSolve:   Turbulence stagger "turbulence": FORM-LHS
acuSolve:     eddy-visc.   res ratio = 1.021907e-01
acuSolve:     GMRES    No iterations =        179 (4.47)
acuSolve:     GMRES      0/1/n norms = 7.661574e-10 7.661574e-10 7.586748e-12
acuSolve:     GMRES Iter. CPU/Elapse = 1.560000e-01 1.554000e+00 
acuSolve:     eddy-visc.   sol ratio = 1.828437e-01
acuSolve:   CFL timeInc              = 3.754222e-06
acuSolve:   Step CPU/Elapse time     = 1.343000e+00 1.227300e+01 Sec
acuSolve: Time-Step=   12 ; timeInc= 1.000000e+10 ; time= 1.100000e+11
acuSolve:   Flow stagger "flow": FORM-LHS
acuSolve:     pressure     res ratio = 6.254505e-05
acuSolve:     velocity     res ratio = 1.735520e-02
acuSolve:     CGP      No iterations =        165
acuSolve:     CGP        0/1/n norms = 1.316134e-05 8.472972e-06 1.279539e-07
acuSolve:     CGP   Iter. CPU/Elapse = 3.120000e-01 2.542000e+00 
acuSolve:     GMRES    No iterations =        182 (18.20)
acuSolve:     GMRES      0/1/n norms = 3.052442e-05 2.313204e-05 3.047264e-06
acuSolve:     GMRES Iter. CPU/Elapse = 5.320000e-01 6.548000e+00 
acuSolve:     pressure     sol ratio = 1.889230e-01
acuSolve:     velocity     sol ratio = 1.851002e-01
acuSolve:   Turbulence stagger "turbulence": FORM-LHS
acuSolve:     eddy-visc.   res ratio = 7.478138e-02
acuSolve:     GMRES    No iterations =        180 (4.50)
acuSolve:     GMRES      0/1/n norms = 5.461859e-10 5.461859e-10 5.434262e-12
acuSolve:     GMRES Iter. CPU/Elapse = 1.400000e-01 1.587000e+00 
acuSolve:     eddy-visc.   sol ratio = 1.098523e-01
acuSolve:   CFL timeInc              = 3.610369e-06
acuSolve:   Step CPU/Elapse time     = 1.422000e+00 1.296900e+01 Sec
acuSolve: Time-Step=   13 ; timeInc= 1.000000e+10 ; time= 1.200000e+11
acuSolve:   Flow stagger "flow": FORM-LHS
acuSolve:     pressure     res ratio = 5.090463e-05
acuSolve:     velocity     res ratio = 1.639087e-02
acuSolve:     CGP      No iterations =        158
acuSolve:     CGP        0/1/n norms = 1.075271e-05 6.516399e-06 1.061644e-07
acuSolve:     CGP   Iter. CPU/Elapse = 2.500000e-01 2.501000e+00 
acuSolve:     GMRES    No iterations =        204 (20.40)
acuSolve:     GMRES      0/1/n norms = 2.412668e-05 1.790760e-05 2.408812e-06
acuSolve:     GMRES Iter. CPU/Elapse = 2.593000e+00 7.322000e+00 
acuSolve:     pressure     sol ratio = 2.278053e-01
acuSolve:     velocity     sol ratio = 1.648607e-01
acuSolve:   Turbulence stagger "turbulence": FORM-LHS
acuSolve:     eddy-visc.   res ratio = 5.414523e-02
acuSolve:     GMRES    No iterations =        206 (5.15)
acuSolve:     GMRES      0/1/n norms = 4.166684e-10 4.166684e-10 4.159467e-12
acuSolve:     GMRES Iter. CPU/Elapse = 2.030000e-01 1.856000e+00 
acuSolve:     eddy-visc.   sol ratio = 6.291097e-02
acuSolve:   CFL timeInc              = 3.461031e-06
acuSolve:   Step CPU/Elapse time     = 3.984000e+00 1.393700e+01 Sec
acuSolve: Time-Step=   14 ; timeInc= 1.000000e+10 ; time= 1.300000e+11
acuSolve:   Flow stagger "flow": FORM-LHS
acuSolve:     pressure     res ratio = 3.700482e-05
acuSolve:     velocity     res ratio = 1.667640e-02
acuSolve:     CGP      No iterations =        180
acuSolve:     CGP        0/1/n norms = 8.888904e-06 5.412175e-06 8.657872e-08
acuSolve:     CGP   Iter. CPU/Elapse = 3.440000e-01 2.808000e+00 
acuSolve:     GMRES    No iterations =        139 (13.90)
acuSolve:     GMRES      0/1/n norms = 1.991403e-05 1.351210e-05 1.987478e-06
acuSolve:     GMRES Iter. CPU/Elapse = 2.810000e-01 5.199000e+00 
acuSolve:     pressure     sol ratio = 1.478891e-01
acuSolve:     velocity     sol ratio = 9.223369e-02
acuSolve:   Turbulence stagger "turbulence": FORM-LHS
acuSolve:     eddy-visc.   res ratio = 4.212048e-02
acuSolve:     GMRES    No iterations =        222 (5.55)
acuSolve:     GMRES      0/1/n norms = 3.640611e-10 3.640611e-10 3.627201e-12
acuSolve:     GMRES Iter. CPU/Elapse = 4.370000e-01 2.012000e+00 
acuSolve:     eddy-visc.   sol ratio = 1.002527e-01
acuSolve:   CFL timeInc              = 3.347405e-06
acuSolve:   Step CPU/Elapse time     = 1.547000e+00 1.238400e+01 Sec
acuSolve: Time-Step=   15 ; timeInc= 1.000000e+10 ; time= 1.400000e+11
acuSolve:   Flow stagger "flow": FORM-LHS
acuSolve:     pressure     res ratio = 3.264683e-05
acuSolve:     velocity     res ratio = 1.308383e-02
acuSolve:     CGP      No iterations =        169
acuSolve:     CGP        0/1/n norms = 7.429552e-06 4.168768e-06 7.265819e-08
acuSolve:     CGP   Iter. CPU/Elapse = 1.047000e+00 2.668000e+00 
acuSolve:     GMRES    No iterations =        159 (15.90)
acuSolve:     GMRES      0/1/n norms = 1.653056e-05 1.325308e-05 1.650290e-06
acuSolve:     GMRES Iter. CPU/Elapse = 1.859000e+00 5.745000e+00 
acuSolve:     pressure     sol ratio = 1.144379e-01
acuSolve:     velocity     sol ratio = 1.029702e-01
acuSolve:   Turbulence stagger "turbulence": FORM-LHS
acuSolve:     eddy-visc.   res ratio = 4.091220e-02
acuSolve:     GMRES    No iterations =        160 (4.00)
acuSolve:     GMRES      0/1/n norms = 4.140907e-10 4.140907e-10 4.064261e-12
acuSolve:     GMRES Iter. CPU/Elapse = 1.560000e-01 1.427000e+00 
acuSolve:     eddy-visc.   sol ratio = 9.328169e-02
acuSolve:   CFL timeInc              = 3.367141e-06
acuSolve:   Step CPU/Elapse time     = 3.344000e+00 1.207200e+01 Sec
acuSolve: Time-Step=   16 ; timeInc= 1.000000e+10 ; time= 1.500000e+11
acuSolve:   Flow stagger "flow": FORM-LHS
acuSolve:     pressure     res ratio = 2.833338e-05
acuSolve:     velocity     res ratio = 1.146993e-02
acuSolve:     CGP      No iterations =        159
acuSolve:     CGP        0/1/n norms = 6.263283e-06 3.588819e-06 5.957231e-08
acuSolve:     CGP   Iter. CPU/Elapse = 4.370000e-01 2.562000e+00 
acuSolve:     GMRES    No iterations =        211 (21.10)
acuSolve:     GMRES      0/1/n norms = 1.368862e-05 1.085915e-05 1.368430e-06
acuSolve:     GMRES Iter. CPU/Elapse = 1.625000e+00 7.658000e+00 
acuSolve:     pressure     sol ratio = 1.117336e-01
acuSolve:     velocity     sol ratio = 7.970304e-02
acuSolve:   Turbulence stagger "turbulence": FORM-LHS
acuSolve:     eddy-visc.   res ratio = 3.583191e-02
acuSolve:     GMRES    No iterations =        149 (3.73)
acuSolve:     GMRES      0/1/n norms = 2.877628e-10 2.877628e-10 2.835646e-12
acuSolve:     GMRES Iter. CPU/Elapse = 1.500000e-02 1.302000e+00 
acuSolve:     eddy-visc.   sol ratio = 5.481427e-02
acuSolve:   CFL timeInc              = 3.436658e-06
acuSolve:   Step CPU/Elapse time     = 2.281000e+00 1.381100e+01 Sec
acuSolve: Time-Step=   17 ; timeInc= 1.000000e+10 ; time= 1.600000e+11
acuSolve:   Flow stagger "flow": FORM-LHS
acuSolve:     pressure     res ratio = 2.214817e-05
acuSolve:     velocity     res ratio = 1.428594e-02
acuSolve:     CGP      No iterations =        162
acuSolve:     CGP        0/1/n norms = 5.286554e-06 2.808094e-06 5.177124e-08
acuSolve:     CGP   Iter. CPU/Elapse = 1.090000e-01 2.542000e+00 
acuSolve:     GMRES    No iterations =        147 (14.70)
acuSolve:     GMRES      0/1/n norms = 1.134814e-05 8.293155e-06 1.133167e-06
acuSolve:     GMRES Iter. CPU/Elapse = 6.250000e-01 5.288000e+00 
acuSolve:     pressure     sol ratio = 6.133049e-02
acuSolve:     velocity     sol ratio = 7.236679e-02
acuSolve:   Turbulence stagger "turbulence": FORM-LHS
acuSolve:     eddy-visc.   res ratio = 2.886579e-02
acuSolve:     GMRES    No iterations =        169 (4.22)
acuSolve:     GMRES      0/1/n norms = 2.400430e-10 2.400430e-10 2.367035e-12
acuSolve:     GMRES Iter. CPU/Elapse = 7.800000e-02 1.509000e+00 
acuSolve:     eddy-visc.   sol ratio = 4.553293e-02
acuSolve:   CFL timeInc              = 3.455029e-06
acuSolve:   Step CPU/Elapse time     = 1.047000e+00 1.169100e+01 Sec
acuSolve: Time-Step=   18 ; timeInc= 1.000000e+10 ; time= 1.700000e+11
acuSolve:   Flow stagger "flow": FORM-LHS
acuSolve:     pressure     res ratio = 1.840763e-05
acuSolve:     velocity     res ratio = 1.252183e-02
acuSolve:     CGP      No iterations =        159
acuSolve:     CGP        0/1/n norms = 4.524866e-06 2.279187e-06 4.277329e-08
acuSolve:     CGP   Iter. CPU/Elapse = 2.820000e-01 2.511000e+00 
acuSolve:     GMRES    No iterations =        159 (15.90)
acuSolve:     GMRES      0/1/n norms = 9.771294e-06 6.769098e-06 9.742551e-07
acuSolve:     GMRES Iter. CPU/Elapse = 4.210000e-01 5.703000e+00 
acuSolve:     pressure     sol ratio = 5.883159e-02
acuSolve:     velocity     sol ratio = 7.115955e-02
acuSolve:   Turbulence stagger "turbulence": FORM-LHS
acuSolve:     eddy-visc.   res ratio = 2.370023e-02
acuSolve:     GMRES    No iterations =        180 (4.50)
acuSolve:     GMRES      0/1/n norms = 1.972728e-10 1.972728e-10 1.951046e-12
acuSolve:     GMRES Iter. CPU/Elapse = 1.720000e-01 1.585000e+00 
acuSolve:     eddy-visc.   sol ratio = 5.179121e-02
acuSolve:   CFL timeInc              = 3.511948e-06
acuSolve:   Step CPU/Elapse time     = 1.124000e+00 1.208200e+01 Sec
acuSolve: Time-Step=   19 ; timeInc= 1.000000e+10 ; time= 1.800000e+11
acuSolve:   Flow stagger "flow": FORM-LHS
acuSolve:     pressure     res ratio = 1.488320e-05
acuSolve:     velocity     res ratio = 1.067129e-02
acuSolve:     CGP      No iterations =        162
acuSolve:     CGP        0/1/n norms = 3.864415e-06 1.889136e-06 3.767044e-08
acuSolve:     CGP   Iter. CPU/Elapse = 2.190000e-01 2.545000e+00 
acuSolve:     GMRES    No iterations =        209 (20.90)
acuSolve:     GMRES      0/1/n norms = 8.322435e-06 5.572423e-06 8.318760e-07
acuSolve:     GMRES Iter. CPU/Elapse = 4.380000e-01 7.418000e+00 
acuSolve:     pressure     sol ratio = 5.527478e-02
acuSolve:     velocity     sol ratio = 1.131549e-01
acuSolve:   Turbulence stagger "turbulence": FORM-LHS
acuSolve:     eddy-visc.   res ratio = 2.082817e-02
acuSolve:     GMRES    No iterations =        192 (4.80)
acuSolve:     GMRES      0/1/n norms = 1.749667e-10 1.749667e-10 1.710014e-12
acuSolve:     GMRES Iter. CPU/Elapse = 3.290000e-01 1.693000e+00 
acuSolve:     eddy-visc.   sol ratio = 6.240527e-02
acuSolve:   CFL timeInc              = 3.554150e-06
acuSolve:   Step CPU/Elapse time     = 1.204000e+00 1.397700e+01 Sec
acuSolve: Time-Step=   20 ; timeInc= 1.000000e+10 ; time= 1.900000e+11
acuSolve:   Flow stagger "flow": FORM-LHS
acuSolve:     pressure     res ratio = 1.199790e-05
acuSolve:     velocity     res ratio = 1.086337e-02
acuSolve:     CGP      No iterations =        171
acuSolve:     CGP        0/1/n norms = 3.331359e-06 1.623324e-06 3.304972e-08
acuSolve:     CGP   Iter. CPU/Elapse = 6.250000e-01 2.730000e+00 
acuSolve:     GMRES    No iterations =        144 (14.40)
acuSolve:     GMRES      0/1/n norms = 7.000284e-06 4.228268e-06 6.987933e-07
acuSolve:     GMRES Iter. CPU/Elapse = 4.380000e-01 5.103000e+00 
acuSolve:     pressure     sol ratio = 4.853977e-02
acuSolve:     velocity     sol ratio = 5.490190e-02
acuSolve:   Turbulence stagger "turbulence": FORM-LHS
acuSolve:     eddy-visc.   res ratio = 1.803302e-02
acuSolve:     GMRES    No iterations =        206 (5.15)
acuSolve:     GMRES      0/1/n norms = 1.408436e-10 1.408436e-10 1.389104e-12
acuSolve:     GMRES Iter. CPU/Elapse = 4.850000e-01 1.836000e+00 
acuSolve:     eddy-visc.   sol ratio = 7.391833e-02
acuSolve:   CFL timeInc              = 3.578957e-06
acuSolve:   Step CPU/Elapse time     = 2.250000e+00 1.195800e+01 Sec
acuSolve: Time-Step=   21 ; timeInc= 1.000000e+10 ; time= 2.000000e+11
acuSolve:   Flow stagger "flow": FORM-LHS
acuSolve:     pressure     res ratio = 1.193945e-05
acuSolve:     velocity     res ratio = 8.764302e-03
acuSolve:     CGP      No iterations =        165
acuSolve:     CGP        0/1/n norms = 2.882399e-06 1.308511e-06 2.874877e-08
acuSolve:     CGP   Iter. CPU/Elapse = 2.970000e-01 2.635000e+00 
acuSolve:     GMRES    No iterations =        172 (17.20)
acuSolve:     GMRES      0/1/n norms = 6.084532e-06 4.593192e-06 6.073677e-07
acuSolve:     GMRES Iter. CPU/Elapse = 8.590000e-01 6.277000e+00 
acuSolve:     pressure     sol ratio = 3.991138e-02
acuSolve:     velocity     sol ratio = 5.424868e-02
acuSolve:   Turbulence stagger "turbulence": FORM-LHS
acuSolve:     eddy-visc.   res ratio = 1.831507e-02
acuSolve:     GMRES    No iterations =        172 (4.30)
acuSolve:     GMRES      0/1/n norms = 1.316102e-10 1.316102e-10 1.296413e-12
acuSolve:     GMRES Iter. CPU/Elapse = 7.800000e-02 1.525000e+00 
acuSolve:     eddy-visc.   sol ratio = 7.555450e-02
acuSolve:   CFL timeInc              = 3.634974e-06
acuSolve:   Step CPU/Elapse time     = 1.875000e+00 1.282000e+01 Sec
acuSolve: Time-Step=   22 ; timeInc= 1.000000e+10 ; time= 2.100000e+11
acuSolve:   Flow stagger "flow": FORM-LHS
acuSolve:     pressure     res ratio = 1.026598e-05
acuSolve:     velocity     res ratio = 8.110964e-03
acuSolve:     CGP      No iterations =        159
acuSolve:     CGP        0/1/n norms = 2.493818e-06 1.122123e-06 2.437207e-08
acuSolve:     CGP   Iter. CPU/Elapse = 4.840000e-01 2.667000e+00 
acuSolve:     GMRES    No iterations =        230 (23.00)
acuSolve:     GMRES      0/1/n norms = 5.292928e-06 3.877153e-06 5.289925e-07
acuSolve:     GMRES Iter. CPU/Elapse = 1.516000e+00 8.349000e+00 
acuSolve:     pressure     sol ratio = 4.131376e-02
acuSolve:     velocity     sol ratio = 6.685263e-02
acuSolve:   Turbulence stagger "turbulence": FORM-LHS
acuSolve:     eddy-visc.   res ratio = 1.971547e-02
acuSolve:     GMRES    No iterations =        156 (3.90)
acuSolve:     GMRES      0/1/n norms = 1.375102e-10 1.375102e-10 1.350659e-12
acuSolve:     GMRES Iter. CPU/Elapse = 1.090000e-01 1.399000e+00 
acuSolve:     eddy-visc.   sol ratio = 7.865579e-02
acuSolve:   CFL timeInc              = 3.635772e-06
acuSolve:   Step CPU/Elapse time     = 2.156000e+00 1.470200e+01 Sec
acuSolve: Time-Step=   23 ; timeInc= 1.000000e+10 ; time= 2.200000e+11
acuSolve:   Flow stagger "flow": FORM-LHS
acuSolve:     pressure     res ratio = 7.293089e-06
acuSolve:     velocity     res ratio = 8.910003e-03
acuSolve:     CGP      No iterations =        158
acuSolve:     CGP        0/1/n norms = 2.178369e-06 1.045477e-06 2.177095e-08
acuSolve:     CGP   Iter. CPU/Elapse = 1.720000e-01 2.545000e+00 
acuSolve:     GMRES    No iterations =        115 (11.50)
acuSolve:     GMRES      0/1/n norms = 4.567039e-06 2.926280e-06 4.328580e-07
acuSolve:     GMRES Iter. CPU/Elapse = 6.100000e-01 4.191000e+00 
acuSolve:     pressure     sol ratio = 3.559941e-02
acuSolve:     velocity     sol ratio = 2.794152e-02
acuSolve:   Turbulence stagger "turbulence": FORM-LHS
acuSolve:     eddy-visc.   res ratio = 1.831294e-02
acuSolve:     GMRES    No iterations =        163 (4.08)
acuSolve:     GMRES      0/1/n norms = 1.207991e-10 1.207991e-10 1.190772e-12
acuSolve:     GMRES Iter. CPU/Elapse = 1.203000e+00 1.523000e+00 
acuSolve:     eddy-visc.   sol ratio = 7.925755e-02
acuSolve:   CFL timeInc              = 3.646578e-06
acuSolve:   Step CPU/Elapse time     = 2.797000e+00 1.058300e+01 Sec
acuSolve: Time-Step=   24 ; timeInc= 1.000000e+10 ; time= 2.300000e+11
acuSolve:   Flow stagger "flow": FORM-LHS
acuSolve:     pressure     res ratio = 7.063008e-06
acuSolve:     velocity     res ratio = 7.475896e-03
acuSolve:     CGP      No iterations =        154
acuSolve:     CGP        0/1/n norms = 1.909032e-06 7.729184e-07 1.874448e-08
acuSolve:     CGP   Iter. CPU/Elapse = 3.440000e-01 2.497000e+00 
acuSolve:     GMRES    No iterations =        154 (15.40)
acuSolve:     GMRES      0/1/n norms = 4.037047e-06 2.889311e-06 4.029015e-07
acuSolve:     GMRES Iter. CPU/Elapse = 6.720000e-01 5.553000e+00 
acuSolve:     pressure     sol ratio = 3.208535e-02
acuSolve:     velocity     sol ratio = 3.724735e-02
acuSolve:   Turbulence stagger "turbulence": FORM-LHS
acuSolve:     eddy-visc.   res ratio = 1.789433e-02
acuSolve:     GMRES    No iterations =        155 (3.88)
acuSolve:     GMRES      0/1/n norms = 1.109913e-10 1.109913e-10 1.086103e-12
acuSolve:     GMRES Iter. CPU/Elapse = 1.100000e-01 1.351000e+00 
acuSolve:     eddy-visc.   sol ratio = 6.329951e-02
acuSolve:   CFL timeInc              = 3.625004e-06
acuSolve:   Step CPU/Elapse time     = 1.781000e+00 1.182700e+01 Sec
acuSolve: Time-Step=   25 ; timeInc= 1.000000e+10 ; time= 2.400000e+11
acuSolve:   Flow stagger "flow": FORM-LHS
acuSolve:     pressure     res ratio = 6.663534e-06
acuSolve:     velocity     res ratio = 6.439967e-03
acuSolve:     CGP      No iterations =        170
acuSolve:     CGP        0/1/n norms = 1.653814e-06 7.158640e-07 1.619362e-08
acuSolve:     CGP   Iter. CPU/Elapse = 2.190000e-01 2.699000e+00 
acuSolve:     GMRES    No iterations =        177 (17.70)
acuSolve:     GMRES      0/1/n norms = 3.479310e-06 3.050534e-06 3.474253e-07
acuSolve:     GMRES Iter. CPU/Elapse = 1.297000e+00 6.386000e+00 
acuSolve:     pressure     sol ratio = 3.565914e-02
acuSolve:     velocity     sol ratio = 2.886150e-02
acuSolve:   Turbulence stagger "turbulence": FORM-LHS
acuSolve:     eddy-visc.   res ratio = 1.572572e-02
acuSolve:     GMRES    No iterations =        118 (2.95)
acuSolve:     GMRES      0/1/n norms = 9.262168e-11 9.262168e-11 9.213692e-13
acuSolve:     GMRES Iter. CPU/Elapse = 4.070000e-01 1.037000e+00 
acuSolve:     eddy-visc.   sol ratio = 5.274164e-02
acuSolve:   CFL timeInc              = 3.626456e-06
acuSolve:   Step CPU/Elapse time     = 2.266000e+00 1.239500e+01 Sec
acuSolve: Time-Step=   26 ; timeInc= 1.000000e+10 ; time= 2.500000e+11
acuSolve:   Flow stagger "flow": FORM-LHS
acuSolve:     pressure     res ratio = 5.942582e-06
acuSolve:     velocity     res ratio = 5.822055e-03
acuSolve:     CGP      No iterations =        156
acuSolve:     CGP        0/1/n norms = 1.455806e-06 6.919301e-07 1.438136e-08
acuSolve:     CGP   Iter. CPU/Elapse = 2.350000e-01 2.430000e+00 
acuSolve:     GMRES    No iterations =        161 (16.10)
acuSolve:     GMRES      0/1/n norms = 3.053080e-06 2.340448e-06 3.046226e-07
acuSolve:     GMRES Iter. CPU/Elapse = 5.000000e-01 5.807000e+00 
acuSolve:     pressure     sol ratio = 2.544817e-02
acuSolve:     velocity     sol ratio = 1.853486e-02
acuSolve:   Turbulence stagger "turbulence": FORM-LHS
acuSolve:     eddy-visc.   res ratio = 1.372632e-02
acuSolve:     GMRES    No iterations =        155 (3.88)
acuSolve:     GMRES      0/1/n norms = 7.781313e-11 7.781313e-11 7.743308e-13
acuSolve:     GMRES Iter. CPU/Elapse = 3.290000e-01 1.473000e+00 
acuSolve:     eddy-visc.   sol ratio = 5.203303e-02
acuSolve:   CFL timeInc              = 3.653938e-06
acuSolve:   Step CPU/Elapse time     = 1.407000e+00 1.198300e+01 Sec
acuSolve: Time-Step=   27 ; timeInc= 1.000000e+10 ; time= 2.600000e+11
acuSolve:   Flow stagger "flow": FORM-LHS
acuSolve:     pressure     res ratio = 4.469927e-06
acuSolve:     velocity     res ratio = 5.756333e-03
acuSolve:     CGP      No iterations =        138
acuSolve:     CGP        0/1/n norms = 1.287308e-06 5.811749e-07 1.285356e-08
acuSolve:     CGP   Iter. CPU/Elapse = 2.190000e-01 2.215000e+00 
acuSolve:     GMRES    No iterations =        143 (14.30)
acuSolve:     GMRES      0/1/n norms = 2.681750e-06 1.652887e-06 2.675741e-07
acuSolve:     GMRES Iter. CPU/Elapse = 3.280000e-01 5.099000e+00 
acuSolve:     pressure     sol ratio = 1.604937e-02
acuSolve:     velocity     sol ratio = 1.449148e-02
acuSolve:   Turbulence stagger "turbulence": FORM-LHS
acuSolve:     eddy-visc.   res ratio = 1.180870e-02
acuSolve:     GMRES    No iterations =        137 (3.42)
acuSolve:     GMRES      0/1/n norms = 6.271024e-11 6.271024e-11 6.255635e-13
acuSolve:     GMRES Iter. CPU/Elapse = 1.570000e-01 1.224000e+00 
acuSolve:     eddy-visc.   sol ratio = 4.864492e-02
acuSolve:   CFL timeInc              = 3.661885e-06
acuSolve:   Step CPU/Elapse time     = 9.220000e-01 1.078100e+01 Sec
acuSolve: Time-Step=   28 ; timeInc= 1.000000e+10 ; time= 2.700000e+11
acuSolve:   Flow stagger "flow": FORM-LHS
acuSolve:     pressure     res ratio = 3.918998e-06
acuSolve:     velocity     res ratio = 5.053055e-03
acuSolve:     CGP      No iterations =        176
acuSolve:     CGP        0/1/n norms = 1.129282e-06 4.571987e-07 1.125587e-08
acuSolve:     CGP   Iter. CPU/Elapse = 4.210000e-01 2.702000e+00 
acuSolve:     GMRES    No iterations =        175 (17.50)
acuSolve:     GMRES      0/1/n norms = 2.347318e-06 1.792444e-06 2.346075e-07
acuSolve:     GMRES Iter. CPU/Elapse = 5.160000e-01 6.217000e+00 
acuSolve:     pressure     sol ratio = 1.866880e-02
acuSolve:     velocity     sol ratio = 1.821380e-02
acuSolve:   Turbulence stagger "turbulence": FORM-LHS
acuSolve:     eddy-visc.   res ratio = 1.062527e-02
acuSolve:     GMRES    No iterations =        121 (3.02)
acuSolve:     GMRES      0/1/n norms = 5.497217e-11 5.497217e-11 5.445691e-13
acuSolve:     GMRES Iter. CPU/Elapse = 0.000000e+00 1.114000e+00 
acuSolve:     eddy-visc.   sol ratio = 4.287613e-02
acuSolve:   CFL timeInc              = 3.646913e-06
acuSolve:   Step CPU/Elapse time     = 9.840000e-01 1.231000e+01 Sec
acuSolve: Time-Step=   29 ; timeInc= 1.000000e+10 ; time= 2.800000e+11
acuSolve:   Flow stagger "flow": FORM-LHS
acuSolve:     pressure     res ratio = 3.757769e-06
acuSolve:     velocity     res ratio = 4.615033e-03
acuSolve:     CGP      No iterations =        160
acuSolve:     CGP        0/1/n norms = 9.953399e-07 4.014442e-07 9.903115e-09
acuSolve:     CGP   Iter. CPU/Elapse = 2.030000e-01 2.525000e+00 
acuSolve:     GMRES    No iterations =        218 (21.80)
acuSolve:     GMRES      0/1/n norms = 2.069422e-06 1.623923e-06 2.066207e-07
acuSolve:     GMRES Iter. CPU/Elapse = 1.046000e+00 7.815000e+00 
acuSolve:     pressure     sol ratio = 1.888743e-02
acuSolve:     velocity     sol ratio = 1.681824e-02
acuSolve:   Turbulence stagger "turbulence": FORM-LHS
acuSolve:     eddy-visc.   res ratio = 9.550716e-03
acuSolve:     GMRES    No iterations =        151 (3.77)
acuSolve:     GMRES      0/1/n norms = 4.782365e-11 4.782365e-11 4.758092e-13
acuSolve:     GMRES Iter. CPU/Elapse = 4.700000e-02 1.305000e+00 
acuSolve:     eddy-visc.   sol ratio = 4.324809e-02
acuSolve:   CFL timeInc              = 3.665916e-06
acuSolve:   Step CPU/Elapse time     = 1.687000e+00 1.393500e+01 Sec
acuSolve: Time-Step=   30 ; timeInc= 1.000000e+10 ; time= 2.900000e+11
acuSolve:   Flow stagger "flow": FORM-LHS
acuSolve:     pressure     res ratio = 3.141902e-06
acuSolve:     velocity     res ratio = 4.237852e-03
acuSolve:     CGP      No iterations =        154
acuSolve:     CGP        0/1/n norms = 8.850968e-07 3.625386e-07 8.557951e-09
acuSolve:     CGP   Iter. CPU/Elapse = 7.340000e-01 2.540000e+00 
acuSolve:     GMRES    No iterations =        172 (17.20)
acuSolve:     GMRES      0/1/n norms = 1.837839e-06 1.261039e-06 1.833425e-07
acuSolve:     GMRES Iter. CPU/Elapse = 3.910000e-01 6.154000e+00 
acuSolve:     pressure     sol ratio = 1.367199e-02
acuSolve:     velocity     sol ratio = 1.290111e-02
acuSolve:   Turbulence stagger "turbulence": FORM-LHS
acuSolve:     eddy-visc.   res ratio = 9.096613e-03
acuSolve:     GMRES    No iterations =        148 (3.70)
acuSolve:     GMRES      0/1/n norms = 4.451445e-11 4.451445e-11 4.379230e-13
acuSolve:     GMRES Iter. CPU/Elapse = 4.700000e-02 1.302000e+00 
acuSolve:     eddy-visc.   sol ratio = 3.941557e-02
acuSolve:   CFL timeInc              = 3.664709e-06
acuSolve:   Step CPU/Elapse time     = 1.328000e+00 1.228600e+01 Sec
acuSolve: Time-Step=   31 ; timeInc= 1.000000e+10 ; time= 3.000000e+11
acuSolve:   Flow stagger "flow": FORM-LHS
acuSolve:     pressure     res ratio = 2.684332e-06
acuSolve:     velocity     res ratio = 3.575256e-03
acuSolve:     CGP      No iterations =        170
acuSolve:     CGP        0/1/n norms = 7.894387e-07 3.117385e-07 7.839723e-09
acuSolve:     CGP   Iter. CPU/Elapse = 2.810000e-01 2.654000e+00 
acuSolve:     GMRES    No iterations =        226 (22.60)
acuSolve:     GMRES      0/1/n norms = 1.634800e-06 1.129951e-06 1.633199e-07
acuSolve:     GMRES Iter. CPU/Elapse = 2.563000e+00 8.126000e+00 
acuSolve:     pressure     sol ratio = 1.440195e-02
acuSolve:     velocity     sol ratio = 1.299123e-02
acuSolve:   Turbulence stagger "turbulence": FORM-LHS
acuSolve:     eddy-visc.   res ratio = 8.367330e-03
acuSolve:     GMRES    No iterations =        158 (3.95)
acuSolve:     GMRES      0/1/n norms = 3.758236e-11 3.758236e-11 3.712113e-13
acuSolve:     GMRES Iter. CPU/Elapse = 1.031000e+00 1.491000e+00 
acuSolve:     eddy-visc.   sol ratio = 3.263970e-02
acuSolve:   CFL timeInc              = 3.659193e-06
acuSolve:   Step CPU/Elapse time     = 4.484000e+00 1.457900e+01 Sec
acuSolve: Time-Step=   32 ; timeInc= 1.000000e+10 ; time= 3.100000e+11
acuSolve:   Flow stagger "flow": FORM-LHS
acuSolve:     pressure     res ratio = 2.664869e-06
acuSolve:     velocity     res ratio = 3.288030e-03
acuSolve:     CGP      No iterations =        150
acuSolve:     CGP        0/1/n norms = 6.969347e-07 2.741345e-07 6.624566e-09
acuSolve:     CGP   Iter. CPU/Elapse = 4.530000e-01 2.417000e+00 
acuSolve:     GMRES    No iterations =        164 (16.40)
acuSolve:     GMRES      0/1/n norms = 1.431247e-06 1.042484e-06 1.429913e-07
acuSolve:     GMRES Iter. CPU/Elapse = 1.422000e+00 5.930000e+00 
acuSolve:     pressure     sol ratio = 1.208286e-02
acuSolve:     velocity     sol ratio = 8.606723e-03
acuSolve:   Turbulence stagger "turbulence": FORM-LHS
acuSolve:     eddy-visc.   res ratio = 6.721292e-03
acuSolve:     GMRES    No iterations =        153 (3.83)
acuSolve:     GMRES      0/1/n norms = 2.837782e-11 2.837782e-11 2.808476e-13
acuSolve:     GMRES Iter. CPU/Elapse = 1.410000e-01 1.357000e+00 
acuSolve:     eddy-visc.   sol ratio = 2.175311e-02
acuSolve:   CFL timeInc              = 3.663262e-06
acuSolve:   Step CPU/Elapse time     = 2.204000e+00 1.193900e+01 Sec
acuSolve: Time-Step=   33 ; timeInc= 1.000000e+10 ; time= 3.200000e+11
acuSolve:   Flow stagger "flow": FORM-LHS
acuSolve:     pressure     res ratio = 2.424238e-06
acuSolve:     velocity     res ratio = 3.080271e-03
acuSolve:     CGP      No iterations =        155
acuSolve:     CGP        0/1/n norms = 6.237028e-07 2.572523e-07 6.235925e-09
acuSolve:     CGP   Iter. CPU/Elapse = 2.660000e-01 2.466000e+00 
acuSolve:     GMRES    No iterations =        271 (27.10)
acuSolve:     GMRES      0/1/n norms = 1.291961e-06 1.007873e-06 1.291303e-07
acuSolve:     GMRES Iter. CPU/Elapse = 2.281000e+00 9.736000e+00 
acuSolve:     pressure     sol ratio = 1.415605e-02
acuSolve:     velocity     sol ratio = 1.115674e-02
acuSolve:   Turbulence stagger "turbulence": FORM-LHS
acuSolve:     eddy-visc.   res ratio = 5.641347e-03
acuSolve:     GMRES    No iterations =        164 (4.10)
acuSolve:     GMRES      0/1/n norms = 2.299210e-11 2.299210e-11 2.296030e-13
acuSolve:     GMRES Iter. CPU/Elapse = 3.440000e-01 1.537000e+00 
acuSolve:     eddy-visc.   sol ratio = 1.798036e-02
acuSolve:   CFL timeInc              = 3.655400e-06
acuSolve:   Step CPU/Elapse time     = 3.203000e+00 1.602800e+01 Sec
acuSolve: Time-Step=   34 ; timeInc= 1.000000e+10 ; time= 3.300000e+11
acuSolve:   Flow stagger "flow": FORM-LHS
acuSolve:     pressure     res ratio = 1.871569e-06
acuSolve:     velocity     res ratio = 2.912972e-03
acuSolve:     CGP      No iterations =        172
acuSolve:     CGP        0/1/n norms = 5.549455e-07 2.698715e-07 5.466271e-09
acuSolve:     CGP   Iter. CPU/Elapse = 1.250000e-01 2.655000e+00 
acuSolve:     GMRES    No iterations =        136 (13.60)
acuSolve:     GMRES      0/1/n norms = 1.147415e-06 7.862772e-07 1.021638e-07
acuSolve:     GMRES Iter. CPU/Elapse = 4.210000e-01 4.848000e+00 
acuSolve:     pressure     sol ratio = 6.309902e-03
acuSolve:     velocity     sol ratio = 7.628470e-03
acuSolve:   Turbulence stagger "turbulence": FORM-LHS
acuSolve:     eddy-visc.   res ratio = 4.531845e-03
acuSolve:     GMRES    No iterations =        184 (4.60)
acuSolve:     GMRES      0/1/n norms = 1.860498e-11 1.860498e-11 1.819595e-13
acuSolve:     GMRES Iter. CPU/Elapse = 1.047000e+00 1.649000e+00 
acuSolve:     eddy-visc.   sol ratio = 1.263635e-02
acuSolve:   CFL timeInc              = 3.654825e-06
acuSolve:   Step CPU/Elapse time     = 1.781000e+00 1.145800e+01 Sec
acuSolve: Time-Step=   35 ; timeInc= 1.000000e+10 ; time= 3.400000e+11
acuSolve:   Flow stagger "flow": FORM-LHS
acuSolve:     pressure     res ratio = 1.489033e-06
acuSolve:     velocity     res ratio = 2.354966e-03
acuSolve:     CGP      No iterations =        159
acuSolve:     CGP        0/1/n norms = 4.973819e-07 1.875252e-07 4.783559e-09
acuSolve:     CGP   Iter. CPU/Elapse = 9.230000e-01 2.495000e+00 
acuSolve:     GMRES    No iterations =        141 (14.10)
acuSolve:     GMRES      0/1/n norms = 1.027973e-06 6.591118e-07 1.025907e-07
acuSolve:     GMRES Iter. CPU/Elapse = 7.030000e-01 5.105000e+00 
acuSolve:     pressure     sol ratio = 8.261958e-03
acuSolve:     velocity     sol ratio = 7.052307e-03
acuSolve:   Turbulence stagger "turbulence": FORM-LHS
acuSolve:     eddy-visc.   res ratio = 3.602822e-03
acuSolve:     GMRES    No iterations =        159 (3.98)
acuSolve:     GMRES      0/1/n norms = 1.542090e-11 1.542090e-11 1.509827e-13
acuSolve:     GMRES Iter. CPU/Elapse = 7.800000e-02 1.412000e+00 
acuSolve:     eddy-visc.   sol ratio = 1.116823e-02
acuSolve:   CFL timeInc              = 3.667886e-06
acuSolve:   Step CPU/Elapse time     = 1.985000e+00 1.128700e+01 Sec
acuSolve: Time-Step=   36 ; timeInc= 1.000000e+10 ; time= 3.500000e+11
acuSolve:   Flow stagger "flow": FORM-LHS
acuSolve:     pressure     res ratio = 1.684146e-06
acuSolve:     velocity     res ratio = 2.014609e-03
acuSolve:     CGP      No iterations =        170
acuSolve:     CGP        0/1/n norms = 4.413726e-07 1.733380e-07 4.280012e-09
acuSolve:     CGP   Iter. CPU/Elapse = 1.870000e-01 2.703000e+00 
acuSolve:     GMRES    No iterations =        243 (24.30)
acuSolve:     GMRES      0/1/n norms = 9.097129e-07 7.704554e-07 9.085111e-08
acuSolve:     GMRES Iter. CPU/Elapse = 1.063000e+00 8.691000e+00 
acuSolve:     pressure     sol ratio = 1.057018e-02
acuSolve:     velocity     sol ratio = 8.171103e-03
acuSolve:   Turbulence stagger "turbulence": FORM-LHS
acuSolve:     eddy-visc.   res ratio = 3.171282e-03
acuSolve:     GMRES    No iterations =        161 (4.03)
acuSolve:     GMRES      0/1/n norms = 1.360028e-11 1.360028e-11 1.356991e-13
acuSolve:     GMRES Iter. CPU/Elapse = 6.200000e-02 1.445000e+00 
acuSolve:     eddy-visc.   sol ratio = 1.177338e-02
acuSolve:   CFL timeInc              = 3.680376e-06
acuSolve:   Step CPU/Elapse time     = 1.734000e+00 1.533100e+01 Sec
acuSolve: Time-Step=   37 ; timeInc= 1.000000e+10 ; time= 3.600000e+11
acuSolve:   Flow stagger "flow": FORM-LHS
acuSolve:     pressure     res ratio = 1.280807e-06
acuSolve:     velocity     res ratio = 2.052902e-03
acuSolve:     CGP      No iterations =        165
acuSolve:     CGP        0/1/n norms = 3.935560e-07 1.685100e-07 3.908172e-09
acuSolve:     CGP   Iter. CPU/Elapse = 3.750000e-01 2.592000e+00 
acuSolve:     GMRES    No iterations =        151 (15.10)
acuSolve:     GMRES      0/1/n norms = 8.141570e-07 5.741028e-07 8.138872e-08
acuSolve:     GMRES Iter. CPU/Elapse = 3.590000e-01 5.397000e+00 
acuSolve:     pressure     sol ratio = 6.024135e-03
acuSolve:     velocity     sol ratio = 5.960826e-03
acuSolve:   Turbulence stagger "turbulence": FORM-LHS
acuSolve:     eddy-visc.   res ratio = 3.090647e-03
acuSolve:     GMRES    No iterations =        158 (3.95)
acuSolve:     GMRES      0/1/n norms = 1.337983e-11 1.337983e-11 1.327438e-13
acuSolve:     GMRES Iter. CPU/Elapse = 2.500000e-01 1.401000e+00 
acuSolve:     eddy-visc.   sol ratio = 1.127745e-02
acuSolve:   CFL timeInc              = 3.680097e-06
acuSolve:   Step CPU/Elapse time     = 1.484000e+00 1.169700e+01 Sec
acuSolve: Time-Step=   38 ; timeInc= 1.000000e+10 ; time= 3.700000e+11
acuSolve:   Flow stagger "flow": FORM-LHS
acuSolve:     pressure     res ratio = 1.124991e-06
acuSolve:     velocity     res ratio = 1.760090e-03
acuSolve:     CGP      No iterations =        167
acuSolve:     CGP        0/1/n norms = 3.540644e-07 1.380766e-07 3.442047e-09
acuSolve:     CGP   Iter. CPU/Elapse = 5.630000e-01 2.576000e+00 
acuSolve:     GMRES    No iterations =        256 (25.60)
acuSolve:     GMRES      0/1/n norms = 7.275078e-07 5.073224e-07 7.268106e-08
acuSolve:     GMRES Iter. CPU/Elapse = 1.422000e+00 9.217000e+00 
acuSolve:     pressure     sol ratio = 7.913475e-03
acuSolve:     velocity     sol ratio = 7.815961e-03
acuSolve:   Turbulence stagger "turbulence": FORM-LHS
acuSolve:     eddy-visc.   res ratio = 3.287898e-03
acuSolve:     GMRES    No iterations =        122 (3.05)
acuSolve:     GMRES      0/1/n norms = 1.417579e-11 1.417579e-11 1.394502e-13
acuSolve:     GMRES Iter. CPU/Elapse = 1.090000e-01 1.100000e+00 
acuSolve:     eddy-visc.   sol ratio = 1.057816e-02
acuSolve:   CFL timeInc              = 3.688245e-06
acuSolve:   Step CPU/Elapse time     = 3.203000e+00 1.521200e+01 Sec
acuSolve: Time-Step=   39 ; timeInc= 1.000000e+10 ; time= 3.800000e+11
acuSolve:   Flow stagger "flow": FORM-LHS
acuSolve:     pressure     res ratio = 9.806069e-07
acuSolve:     velocity     res ratio = 1.584230e-03
acuSolve:     CGP      No iterations =        172
acuSolve:     CGP        0/1/n norms = 3.172290e-07 1.377263e-07 3.123974e-09
acuSolve:     CGP   Iter. CPU/Elapse = 4.060000e-01 2.652000e+00 
acuSolve:     GMRES    No iterations =        136 (13.60)
acuSolve:     GMRES      0/1/n norms = 6.486678e-07 4.470054e-07 6.478659e-08
acuSolve:     GMRES Iter. CPU/Elapse = 1.641000e+00 5.073000e+00 
acuSolve:     pressure     sol ratio = 5.177210e-03
acuSolve:     velocity     sol ratio = 4.202470e-03
acuSolve:   Turbulence stagger "turbulence": FORM-LHS
acuSolve:     eddy-visc.   res ratio = 2.716894e-03
acuSolve:     GMRES    No iterations =        124 (3.10)
acuSolve:     GMRES      0/1/n norms = 1.159844e-11 1.159844e-11 1.151499e-13
acuSolve:     GMRES Iter. CPU/Elapse = 1.410000e-01 1.147000e+00 
acuSolve:     eddy-visc.   sol ratio = 7.150691e-03
acuSolve:   CFL timeInc              = 3.687138e-06
acuSolve:   Step CPU/Elapse time     = 2.454000e+00 1.114800e+01 Sec
acuSolve: Time-Step=   40 ; timeInc= 1.000000e+10 ; time= 3.900000e+11
acuSolve:   Flow stagger "flow": FORM-LHS
acuSolve:     pressure     res ratio = 8.933759e-07
acuSolve:     velocity     res ratio = 1.326153e-03
acuSolve:     CGP      No iterations =        162
acuSolve:     CGP        0/1/n norms = 2.852565e-07 1.095317e-07 2.822842e-09
acuSolve:     CGP   Iter. CPU/Elapse = 1.870000e-01 2.513000e+00 
acuSolve:     GMRES    No iterations =        185 (18.50)
acuSolve:     GMRES      0/1/n norms = 5.846217e-07 4.631611e-07 5.840753e-08
acuSolve:     GMRES Iter. CPU/Elapse = 4.850000e-01 6.621000e+00 
acuSolve:     pressure     sol ratio = 5.050560e-03
acuSolve:     velocity     sol ratio = 5.876941e-03
acuSolve:   Turbulence stagger "turbulence": FORM-LHS
acuSolve:     eddy-visc.   res ratio = 2.428327e-03
acuSolve:     GMRES    No iterations =        133 (3.33)
acuSolve:     GMRES      0/1/n norms = 1.043598e-11 1.043598e-11 1.035874e-13
acuSolve:     GMRES Iter. CPU/Elapse = 8.120000e-01 1.192000e+00 
acuSolve:     eddy-visc.   sol ratio = 6.135239e-03
acuSolve:   CFL timeInc              = 3.685510e-06
acuSolve:   Step CPU/Elapse time     = 1.968000e+00 1.267900e+01 Sec
acuSolve: Time-Step=   41 ; timeInc= 1.000000e+10 ; time= 4.000000e+11
acuSolve:   Flow stagger "flow": FORM-LHS
acuSolve:     pressure     res ratio = 8.422709e-07
acuSolve:     velocity     res ratio = 1.209059e-03
acuSolve:     CGP      No iterations =        170
acuSolve:     CGP        0/1/n norms = 2.548939e-07 1.013076e-07 2.538921e-09
acuSolve:     CGP   Iter. CPU/Elapse = 3.120000e-01 2.627000e+00 
acuSolve:     GMRES    No iterations =        238 (23.80)
acuSolve:     GMRES      0/1/n norms = 5.194401e-07 4.267217e-07 5.186789e-08
acuSolve:     GMRES Iter. CPU/Elapse = 2.937000e+00 8.649000e+00 
acuSolve:     pressure     sol ratio = 5.275156e-03
acuSolve:     velocity     sol ratio = 4.236001e-03
acuSolve:   Turbulence stagger "turbulence": FORM-LHS
acuSolve:     eddy-visc.   res ratio = 2.212456e-03
acuSolve:     GMRES    No iterations =        131 (3.27)
acuSolve:     GMRES      0/1/n norms = 9.708097e-12 9.708097e-12 9.640502e-14
acuSolve:     GMRES Iter. CPU/Elapse = 3.750000e-01 1.256000e+00 
acuSolve:     eddy-visc.   sol ratio = 5.007004e-03
acuSolve:   CFL timeInc              = 3.688493e-06
acuSolve:   Step CPU/Elapse time     = 4.453000e+00 1.486200e+01 Sec
acuSolve: Time-Step=   42 ; timeInc= 1.000000e+10 ; time= 4.100000e+11
acuSolve:   Flow stagger "flow": FORM-LHS
acuSolve:     pressure     res ratio = 7.064178e-07
acuSolve:     velocity     res ratio = 1.141384e-03
acuSolve:     CGP      No iterations =        177
acuSolve:     CGP        0/1/n norms = 2.306938e-07 9.216418e-08 2.276687e-09
acuSolve:     CGP   Iter. CPU/Elapse = 3.750000e-01 2.777000e+00 
acuSolve:     GMRES    No iterations =        185 (18.50)
acuSolve:     GMRES      0/1/n norms = 4.718105e-07 3.583558e-07 4.714636e-08
acuSolve:     GMRES Iter. CPU/Elapse = 6.880000e-01 6.558000e+00 
acuSolve:     pressure     sol ratio = 4.206249e-03
acuSolve:     velocity     sol ratio = 4.296735e-03
acuSolve:   Turbulence stagger "turbulence": FORM-LHS
acuSolve:     eddy-visc.   res ratio = 1.970226e-03
acuSolve:     GMRES    No iterations =        144 (3.60)
acuSolve:     GMRES      0/1/n norms = 8.218767e-12 8.218767e-12 8.146021e-14
acuSolve:     GMRES Iter. CPU/Elapse = 1.400000e-01 1.286000e+00 
acuSolve:     eddy-visc.   sol ratio = 4.426863e-03
acuSolve:   CFL timeInc              = 3.685583e-06
acuSolve:   Step CPU/Elapse time     = 1.375000e+00 1.291000e+01 Sec
acuSolve: Time-Step=   43 ; timeInc= 1.000000e+10 ; time= 4.200000e+11
acuSolve:   Flow stagger "flow": FORM-LHS
acuSolve:     pressure     res ratio = 6.622658e-07
acuSolve:     velocity     res ratio = 1.000948e-03
acuSolve:     CGP      No iterations =        171
acuSolve:     CGP        0/1/n norms = 2.078712e-07 7.931753e-08 2.064745e-09
acuSolve:     CGP   Iter. CPU/Elapse = 4.380000e-01 2.638000e+00 
acuSolve:     GMRES    No iterations =        206 (20.60)
acuSolve:     GMRES      0/1/n norms = 4.233340e-07 3.154490e-07 4.225113e-08
acuSolve:     GMRES Iter. CPU/Elapse = 5.780000e-01 7.377000e+00 
acuSolve:     pressure     sol ratio = 3.606374e-03
acuSolve:     velocity     sol ratio = 3.704790e-03
acuSolve:   Turbulence stagger "turbulence": FORM-LHS
acuSolve:     eddy-visc.   res ratio = 1.683480e-03
acuSolve:     GMRES    No iterations =        141 (3.52)
acuSolve:     GMRES      0/1/n norms = 7.155171e-12 7.155171e-12 7.071773e-14
acuSolve:     GMRES Iter. CPU/Elapse = 1.880000e-01 1.208000e+00 
acuSolve:     eddy-visc.   sol ratio = 3.943270e-03
acuSolve:   CFL timeInc              = 3.688090e-06
acuSolve:   Step CPU/Elapse time     = 1.469000e+00 1.354700e+01 Sec
acuSolve: Time-Step=   44 ; timeInc= 1.000000e+10 ; time= 4.300000e+11
acuSolve:   Flow stagger "flow": FORM-LHS
acuSolve:     pressure     res ratio = 5.627297e-07
acuSolve:     velocity     res ratio = 8.981212e-04
acuSolve:     CGP      No iterations =        179
acuSolve:     CGP        0/1/n norms = 1.867937e-07 7.403435e-08 1.855608e-09
acuSolve:     CGP   Iter. CPU/Elapse = 1.421000e+00 2.769000e+00 
acuSolve:     GMRES    No iterations =        185 (18.50)
acuSolve:     GMRES      0/1/n norms = 3.813704e-07 2.749953e-07 3.804138e-08
acuSolve:     GMRES Iter. CPU/Elapse = 7.810000e-01 6.621000e+00 
acuSolve:     pressure     sol ratio = 3.567611e-03
acuSolve:     velocity     sol ratio = 3.664258e-03
acuSolve:   Turbulence stagger "turbulence": FORM-LHS
acuSolve:     eddy-visc.   res ratio = 1.388041e-03
acuSolve:     GMRES    No iterations =        172 (4.30)
acuSolve:     GMRES      0/1/n norms = 6.098936e-12 6.098936e-12 6.049337e-14
acuSolve:     GMRES Iter. CPU/Elapse = 2.190000e-01 1.583000e+00 
acuSolve:     eddy-visc.   sol ratio = 3.961442e-03
acuSolve:   CFL timeInc              = 3.690541e-06
acuSolve:   Step CPU/Elapse time     = 3.094000e+00 1.451800e+01 Sec
acuSolve: ----------------------- End Time Step -----------------------
acuSolve: ----------------------- Offset Values -----------------------
acuSolve:            Pressure Offset = 1.013250e+05 
acuSolve:         Temperature Offset = 0.000000e+00 
acuSolve: -------------------------------------------------------------
acuSolve: Input       CPU/Elapse time= 6.032000e+00 4.397400e+01 Sec
acuSolve: Output      CPU/Elapse time= 2.845000e+00 2.063000e+01 Sec
acuSolve: Exchange    CPU/Elapse time= 3.440000e-01 2.210000e-01 Sec
acuSolve: Intf.search CPU/Elapse time= 0.000000e+00 0.000000e+00 Sec
acuSolve: Flow stagger "flow":
acuSolve:   No of res/lhs formations =           44           44
acuSolve:   Elem.Form CPU/Elapse time= 1.023500e+01 4.760800e+01 Sec
acuSolve:   Solution  CPU/Elapse time= 6.698100e+01 4.193370e+02 Sec
acuSolve: Turbulence stagger "turbulence":
acuSolve:   No of res/lhs formations =           44           44
acuSolve:   Elem.Form CPU/Elapse time= 4.577000e+00 2.402700e+01 Sec
acuSolve:   Solution  CPU/Elapse time= 1.306400e+01 6.676400e+01 Sec
acuSolve: LnSlv. (host)   Elapse time= 4.844110e+02 Sec
acuSolve: Total CPU/Elapse time      = 1.049690e+02 6.316910e+02 Sec
acuSolve: Total Memory Usage         = 2.500000e+02 Mbytes
acuRun: -*-*-*-*-*-*-*-*-*-*-*-*-*-*-*-*-*-*-*-*-*-*-*-*-*-*-*-*-*-*-*-*-
acuTrans:  Variable                         Min           Max           Ave
acuTrans: x_coordinates                  -3.048000e+01  3.048000e+01  2.684157e-01
acuTrans: y_coordinates                  -3.047922e+01  3.047922e+01 -2.544921e-02
acuTrans: z_coordinates                   0.000000e+00  1.219200e-01  6.096000e-02
acuTrans: x_velocity                     -6.969706e-01  2.349905e+01  1.850051e+01
acuTrans: y_velocity                     -1.233010e+01  1.238024e+01  3.420058e-03
acuTrans: z_velocity                      0.000000e+00  0.000000e+00  0.000000e+00
acuTrans: pressure                       -1.017071e+02  2.101517e+02 -8.559059e+00
acuTrans: eddy_viscosity                 -2.503714e-06  1.031277e-03  5.052435e-05
acuTrans: surface_y_plus                  0.000000e+00  1.599729e+00  6.689843e-03
acuTrans: surface_film_coefficient        0.000000e+00  1.122785e+02  4.722829e-01
acuTrans: x_wall_shear_stress             0.000000e+00  1.100195e+00  3.796615e-03
acuTrans: y_wall_shear_stress            -8.426603e-01  8.372213e-01 -1.897480e-06
acuTrans: z_wall_shear_stress            -7.330941e-08  5.477421e-08 -2.908519e-14
acuRun: -*-*-*-*-*-*-*-*-*-*-*-*-*-*-*-*-*-*-*-*-*-*-*-*-*-*-*-*-*-*-*-*-
acuRun: Fri Mar  8 21:50:08 2024
