acuRun: Core auto detection found 12 cores
acuSolve:  ************************************************************************
acuSolve:  **                                                                    **
acuSolve:  **                                                                    **
acuSolve:  **                         Altair AcuSolve(R)                         **
acuSolve:  **                          Version: 2022.3                           **
acuSolve:  **                    A General Purpose CFD Solver                    **
acuSolve:  **                                                                    **
acuSolve:  **                                                                    **
acuSolve:  **                     Windows 8/10 v6.2.9200 x64                     **
acuSolve:  **                              IDRISHAB                              **
acuSolve:  **                             12 Core(s)                             **
acuSolve:  **                         CPU speed 2600 MHz                         **
acuSolve:  **                    2397 MB RAM,  32984 MB swap                     **
acuSolve:  **                Build Tag 1160304aakas000_WCL:81231                 **
acuSolve:  ************************************************************************
acuSolve:  ** COPYRIGHT (C) 1996-2024                 Altair Engineering, Inc.   **
acuSolve:  ** All Rights Reserved.  Copyright notice does not imply publication. **
acuSolve:  ** Contains trade secrets of Altair Engineering, Inc.                 **
acuSolve:  ** Decompilation or disassembly of this software strictly prohibited. **
acuSolve:  ************************************************************************
acuRun: Tue Mar  5 20:47:37 2024
acuRun: acuRun 
acuRun: Processing run 2 ...
acuRun: Hostname = Idrishab
acuRun: Release  = 2022.3
acuRun: num_threads is reduced from (12) to (1)
acuRun: Add C:/Program Files/Altair/2022.3/hwcfdsolvers/acusolve/win64/bin to PATH
acuRun: set PATH=C:/Program Files/Altair/2022.3/hwcfdsolvers/acusolve/win64/bin;C:/Program Files/Altair/2022.3/hwcfdsolvers/acusolve/../../mpi/win64/mpich/bin;C:\Program Files\Altair\2022.3\hwcfdsolvers\acusolve\win64\base\edem;C:\Program Files\Altair\2022.3\hwcfdsolvers\acusolve\win64\bin;C:\Program Files\Altair\2022.3\hwcfdsolvers\acusolve\win64\base\bin;C:\Program Files\Altair\2022.3\hwcfdsolvers\acusolve\win64\base\DLLs;C:\Program Files\Altair\2022.3\hwcfdsolvers\acusolve\win64\base\lib\site-packages;C:\Program Files\Altair\2022.3\hwcfdsolvers\acusolve\win64\abaqus-odb\lib;C:\Program Files\Altair\2022.3\hwcfdsolvers\acusolve\win64\perl\bin;C:\Program Files\Altair\2022.3\common\python\python3.8\win64\DLLs;C:\Program Files\Altair\2022.3\hwdesktop\..\common\framework\win64\hwx\bin\win64;C:\Program Files\Altair\2022.3\hwdesktop\hwx\bin\win64;C:\Program Files\Altair\2022.3\hwdesktop\hw\bin\win64;C:\SIMULIA\Commands;C:\Program Files\Common Files\Oracle\Java\javapath;C:\Program Files (x86)\NVIDIA Corporation\PhysX\Common;C:\Windows\system32;C:\Windows;C:\Windows\System32\Wbem;C:\Windows\System32\WindowsPowerShell\v1.0\;C:\Windows\System32\OpenSSH\;C:\Program Files\dotnet\;C:\Program Files\Microsoft SQL Server\Client SDK\ODBC\110\Tools\Binn\;C:\Program Files (x86)\Microsoft SQL Server\120\Tools\Binn\;C:\Program Files\Microsoft SQL Server\120\Tools\Binn\;C:\Program Files\Microsoft SQL Server\120\DTS\Binn\;C:\Program Files (x86)\Windows Kits\8.1\Windows Performance Toolkit\;C:\Users\habee\AppData\Local\Microsoft\WindowsApps;C:\Users\habee\AppData\Local\Programs\Microsoft VS Code\bin;C:\msys64\ucrt64\bin;C:\Users\habee\AppData\Local\Box\Box Edit\
acuRun: Run acuPrep ...
acuRun: "C:/Program Files/Altair/2022.3/hwcfdsolvers/acusolve/win64/bin/acuPrep".exe -nst 1 -npt 1 
acuPrep:                       Date = Tue Mar  5 20:47:37 2024
acuPrep:                    Problem = naca_0012_0.6096m_chord
acuPrep:                        Run = 2
acuPrep:                   Hostname = IDRISHAB
acuPrep:                   Platform = Windows 8/10 v6.2.9200 x64
acuPrep:                    Machine = win64
acuPrep:                   CPU name = 13th Gen Intel(R) Core(TM) i7-1355U
acuPrep:                  CPU speed = 2600 MHz
acuPrep:                  RAM space = 2394 Mbytes
acuPrep:                 Swap space = 32984 Mbytes
acuPrep:                    Release = 2022.3
acuPrep:               Release date = Mar 22 2023
acuPrep:                  Build Tag = 1160304aakas000_WCL:81231
acuPrep:       Number of subdomains = 1
acuPrep:          Number of threads = 1
acuPrep:  Number of AcuPrep threads = 1
acuPrep:          Working directory = ACUSIM.DIR
acuPrep: ------------------------------------------------------------------
acuPrep: Reading INCLUDE
acuPrep: Processing INCLUDE
acuPrep: INCLUDE: File MESH.DIR/naca_0012_0.6096m_chord_meshsets.inc
acuPrep: Reading COORDINATE
acuPrep: Reading VOLUME_SET( "naca_0012_0.6096m_chord.SolidBody_2_1.wedge6" )
acuPrep: Reading VOLUME_SET( "naca_0012_0.6096m_chord.SolidBody_2_1.hex8" )
acuPrep: Reading SURFACE_SET( "naca_0012_0.6096m_chord.SurfaceSet_1.quad4.SolidBody_2_1.hex8" )
acuPrep: Reading SURFACE_SET( "naca_0012_0.6096m_chord.SurfaceSet_2.tria3.SolidBody_2_1.wedge6" )
acuPrep: Reading SURFACE_SET( "naca_0012_0.6096m_chord.SurfaceSet_2.quad4.SolidBody_2_1.hex8" )
acuPrep: Reading SURFACE_SET( "naca_0012_0.6096m_chord.SurfaceSet_3.quad4.SolidBody_2_1.wedge6" )
acuPrep: Reading ANALYSIS
acuPrep: Reading EQUATION
acuPrep: Reading AUTO_SOLUTION_STRATEGY
acuPrep: Processing AUTO_SOLUTION_STRATEGY
acuPrep: AUTO_SOLUTION_STRATEGY: creating and including "naca_0012_0.6096m_chord.ss.inc" ...
acuPrep: Reading TIME_SEQUENCE
acuPrep: Reading STAGGER( "flow" )
acuPrep: Reading STAGGER( "turbulence" )
acuPrep: Reading TIME_INCREMENT
acuPrep: Reading TIME_INTEGRATION
acuPrep: Reading LINEAR_SOLVER_PARAMETERS
acuPrep: Reading CONVERGENCE_CHECK_PARAMETERS
acuPrep: Reading ALGEBRAIC_MULTIGRID_PARAMETERS
acuPrep: Reading TIME_INTEGRATION
acuPrep: *** WARNING: Multiple command issue
acuPrep: Reading DENSITY_MODEL( "myFluid" )
acuPrep: Reading CONDUCTIVITY_MODEL( "myFluid" )
acuPrep: Reading SPECIFIC_HEAT_MODEL( "myFluid" )
acuPrep: Reading VISCOSITY_MODEL( "myFluid" )
acuPrep: Reading MATERIAL_MODEL( "myFluid" )
acuPrep: Reading MESH_BOUNDARY_CONDITION( "Fixed" )
acuPrep: Reading ELEMENT_SET( "naca_0012_0.6096m_chord SolidBody_2_1" )
acuPrep: Reading NODAL_INITIAL_CONDITION( "pressure" )
acuPrep: Reading SIMPLE_BOUNDARY_CONDITION( "Wall" )
acuPrep: Reading SURFACE_OUTPUT( "Wall - Output" )
acuPrep: Reading SIMPLE_BOUNDARY_CONDITION( "Slip" )
acuPrep: Reading SURFACE_OUTPUT( "Slip - Output" )
acuPrep: Reading SIMPLE_BOUNDARY_CONDITION( "Far field" )
acuPrep: Reading SURFACE_OUTPUT( "Far field - Output" )
acuPrep: Reading NODAL_OUTPUT
acuPrep: Reading DERIVED_QUANTITY_OUTPUT
acuPrep: Reading RESTART_OUTPUT
acuPrep: Reading TIME_AVERAGE_OUTPUT
acuPrep: Reading NODAL_RESIDUAL_OUTPUT
acuPrep: Reading RUN
acuPrep: Processing RUN
acuPrep: Processing ANALYSIS
acuPrep: Processing EQUATION
acuPrep: Processing FIELD( "none" )
acuPrep: Processing TURBULENCE_MODEL_PARAMETERS
acuPrep: Processing USER_GLOBAL_DATA( "none" )
acuPrep: Processing MULTIPLIER_FUNCTION( "none" )
acuPrep: Processing RADIATION
acuPrep: Processing SOLAR_RADIATION
acuPrep: Processing PARTICLE_TRACE
acuPrep: Processing EXTERNAL_CODE
acuPrep: Processing REFERENCE_FRAME( "none" )
acuPrep: Processing MESH_MOTION( "none" )
acuPrep: Processing OPTIMIZATION
acuPrep: Processing TIME_SEQUENCE
acuPrep: Processing STAGGER( "flow" )
acuPrep: Processing STAGGER( "turbulence" )
acuPrep: Processing TIME_INCREMENT
acuPrep: Processing CONVERGENCE_CHECK_PARAMETERS
acuPrep: Processing ALGEBRAIC_MULTIGRID_PARAMETERS
acuPrep: Processing TIME_INTEGRATION
acuPrep: Processing LINEAR_SOLVER_PARAMETERS
acuPrep: Processing GRAVITY( "none" )
acuPrep: Processing MOMENTUM_SOURCE( "none" )
acuPrep: Processing ROTATION_FORCE( "none" )
acuPrep: Processing MASS_HEAT_SOURCE( "none" )
acuPrep: Processing VOLUME_HEAT_SOURCE( "none" )
acuPrep: Processing MASS_SPECIES_SOURCE( "none" )
acuPrep: Processing VOLUME_SPECIES_SOURCE( "none" )
acuPrep: Processing MASS_FIELD_SOURCE( "none" )
acuPrep: Processing VOLUME_FIELD_SOURCE( "none" )
acuPrep: Processing WAVE_DAMPING_SOURCE
acuPrep: Processing BODY_FORCE( "none" )
acuPrep: Processing DENSITY_MODEL( "none" )
acuPrep: Processing DENSITY_MODEL( "myFluid" )
acuPrep: Processing SPECIFIC_HEAT_MODEL( "none" )
acuPrep: Processing SPECIFIC_HEAT_MODEL( "myFluid" )
acuPrep: Processing VISCOSITY_MODEL( "none" )
acuPrep: Processing VISCOSITY_MODEL( "myFluid" )
acuPrep: Processing VISCOELASTIC_MODEL( "none" )
acuPrep: Processing CONDUCTIVITY_MODEL( "none" )
acuPrep: Processing CONDUCTIVITY_MODEL( "myFluid" )
acuPrep: Processing DIFFUSIVITY_MODEL( "none" )
acuPrep: Processing POROSITY_MODEL( "none" )
acuPrep: Processing MATERIAL_RADIATION_MODEL( "none" )
acuPrep: Processing GAS_KINETIC_MODEL( "none" )
acuPrep: Processing ELECTRICAL_RESISTIVITY_MODEL( "none" )
acuPrep: Processing BATTERY_MODEL( "none" )
acuPrep: Processing MATERIAL_MODEL( "none" )
acuPrep: Processing MATERIAL_MODEL( "myFluid" )
acuPrep: Processing SURFACE_TENSION_MODEL( "none" )
acuPrep: Processing CONTACT_ANGLE_MODEL( "none" )
acuPrep: Processing FIELD_INTERACTION_MODEL( "none" )
acuPrep: Processing MULTI_FIELD_MODEL( "none" )
acuPrep: Processing EMISSIVITY_MODEL( "none" )
acuPrep: Processing SOLAR_RADIATION_MODEL( "none" )
acuPrep: Processing BATTERY_COMPONENT_MODEL( "none" )
acuPrep: Processing BATTERY_MODULE( "none" )
acuPrep: Processing COORDINATE
acuPrep:            2D mesh direction =          Z
acuPrep: Processing NODAL_INITIAL_CONDITION( "pressure" )
acuPrep: Processing NODAL_OUTPUT
acuPrep: Processing DERIVED_QUANTITY_OUTPUT
acuPrep: Processing RUNNING_AVERAGE_OUTPUT
acuPrep: Processing TIME_AVERAGE_OUTPUT
acuPrep: Processing RESTART_OUTPUT
acuPrep: Processing ERROR_ESTIMATOR_OUTPUT
acuPrep: Processing NODAL_RESIDUAL_OUTPUT
acuPrep: Processing VOLUME_SET( "naca_0012_0.6096m_chord.SolidBody_2_1.wedge6" )
acuPrep: Processing VOLUME_SET( "naca_0012_0.6096m_chord.SolidBody_2_1.hex8" )
acuPrep: Processing ELEMENT_SET( "naca_0012_0.6096m_chord SolidBody_2_1" )
acuPrep: Processing SURFACE_SET( "naca_0012_0.6096m_chord.SurfaceSet_1.quad4.SolidBody_2_1.hex8" )
acuPrep: Processing SURFACE_SET( "naca_0012_0.6096m_chord.SurfaceSet_2.tria3.SolidBody_2_1.wedge6" )
acuPrep: Processing SURFACE_SET( "naca_0012_0.6096m_chord.SurfaceSet_2.quad4.SolidBody_2_1.hex8" )
acuPrep: Processing SURFACE_SET( "naca_0012_0.6096m_chord.SurfaceSet_3.quad4.SolidBody_2_1.wedge6" )
acuPrep: Processing FIELD_BOUNDARY_CONDITION( "none" )
acuPrep: Processing SIMPLE_BOUNDARY_CONDITION( "Wall" )
acuPrep: Processing SIMPLE_BOUNDARY_CONDITION( "Slip" )
acuPrep: Processing SIMPLE_BOUNDARY_CONDITION( "Far field" )
acuPrep: Processing MESH_BOUNDARY_CONDITION( "Fixed" )
acuPrep: Processing SURFACE_OUTPUT( "Wall - Output" )
acuPrep: Processing SURFACE_OUTPUT( "Slip - Output" )
acuPrep: *** WARNING: surface output on 2D plane ignored
acuPrep: *** WARNING: surface output on 2D plane ignored
acuPrep: Processing SURFACE_OUTPUT( "Far field - Output" )
acuPrep: Processing FWH_OUTPUT
acuPrep: Processing VAO_OUTPUT
acuPrep: ------------------------------------------------------------------
acuPrep:          Minimum coordinates = -3.0480e+01 -3.0479e+01 -2.8385e-19
acuPrep:          Maximum coordinates =  3.0480e+01  3.0479e+01  1.2192e-01
acuPrep:                   Dimensions =  6.0960e+01  6.0958e+01  1.2192e-01
acuPrep:                  Total nodes =     397972
acuPrep:               Total elements =     387048
acuPrep:                Element aggl. =          1
acuPrep:    Total aggl. rad. surfaces =          0
acuPrep:     Total interface surfaces =          0
acuPrep: ------------------------------------------------------------------
acuPrep:                  Output data = Subdomain 0
acuPrep:                  Output data = Domain decomposition
acuPrep:                  Output data = Surface output
acuPrep: ------------------------------------------------------------------
acuPrep:       Input  CPU/Elapse time = 6.710000e-01 8.040000e-01 Sec
acuPrep:       Proc.  CPU/Elapse time = 7.156000e+00 8.689000e+00 Sec
acuPrep:       Solar  CPU/Elapse time = 0.000000e+00 0.000000e+00 Sec
acuPrep:       DDC    CPU/Elapse time = 3.910000e-01 4.560000e-01 Sec
acuPrep:       Output CPU/Elapse time = 1.281000e+00 1.476000e+00 Sec
acuPrep:       Total  CPU/Elapse time = 9.499000e+00 1.147200e+01 Sec
acuPrep:            Total Memory Size = 6.480000e+02 Mbytes
acuRun: -*-*-*-*-*-*-*-*-*-*-*-*-*-*-*-*-*-*-*-*-*-*-*-*-*-*-*-*-*-*-*-*-
acuRun: No enclosure radiation found: Bypassing acuView
acuRun: -*-*-*-*-*-*-*-*-*-*-*-*-*-*-*-*-*-*-*-*-*-*-*-*-*-*-*-*-*-*-*-*-
acuRun: Run acuSolve ...
acuRun: Add C:/Program Files/Altair/2022.3/hwcfdsolvers/acusolve/../../mpi/win64/mpich/bin to PATH
acuRun: set PATH=C:/Program Files/Altair/2022.3/hwcfdsolvers/acusolve/../../mpi/win64/mpich/bin;C:/Program Files/Altair/2022.3/hwcfdsolvers/acusolve/win64/bin;C:/Program Files/Altair/2022.3/hwcfdsolvers/acusolve/../../mpi/win64/mpich/bin;C:\Program Files\Altair\2022.3\hwcfdsolvers\acusolve\win64\base\edem;C:\Program Files\Altair\2022.3\hwcfdsolvers\acusolve\win64\bin;C:\Program Files\Altair\2022.3\hwcfdsolvers\acusolve\win64\base\bin;C:\Program Files\Altair\2022.3\hwcfdsolvers\acusolve\win64\base\DLLs;C:\Program Files\Altair\2022.3\hwcfdsolvers\acusolve\win64\base\lib\site-packages;C:\Program Files\Altair\2022.3\hwcfdsolvers\acusolve\win64\abaqus-odb\lib;C:\Program Files\Altair\2022.3\hwcfdsolvers\acusolve\win64\perl\bin;C:\Program Files\Altair\2022.3\common\python\python3.8\win64\DLLs;C:\Program Files\Altair\2022.3\hwdesktop\..\common\framework\win64\hwx\bin\win64;C:\Program Files\Altair\2022.3\hwdesktop\hwx\bin\win64;C:\Program Files\Altair\2022.3\hwdesktop\hw\bin\win64;C:\SIMULIA\Commands;C:\Program Files\Common Files\Oracle\Java\javapath;C:\Program Files (x86)\NVIDIA Corporation\PhysX\Common;C:\Windows\system32;C:\Windows;C:\Windows\System32\Wbem;C:\Windows\System32\WindowsPowerShell\v1.0\;C:\Windows\System32\OpenSSH\;C:\Program Files\dotnet\;C:\Program Files\Microsoft SQL Server\Client SDK\ODBC\110\Tools\Binn\;C:\Program Files (x86)\Microsoft SQL Server\120\Tools\Binn\;C:\Program Files\Microsoft SQL Server\120\Tools\Binn\;C:\Program Files\Microsoft SQL Server\120\DTS\Binn\;C:\Program Files (x86)\Windows Kits\8.1\Windows Performance Toolkit\;C:\Users\habee\AppData\Local\Microsoft\WindowsApps;C:\Users\habee\AppData\Local\Programs\Microsoft VS Code\bin;C:\msys64\ucrt64\bin;C:\Users\habee\AppData\Local\Box\Box Edit\
acuRun: "C:/Program Files/Altair/2022.3/hwcfdsolvers/acusolve/win64/bin/acuSolve".exe -np 1 -nt 1
acuSolve: Topology linear DC-capturing on
acuSolve: AcuSolve checked out license from HyperWorks
acuSolve:                       Date = Tue Mar  5 20:47:59 2024
acuSolve:                    Problem = naca_0012_0.6096m_chord
acuSolve:                        Run = 2
acuSolve:                      Title = naca_0012_0.6096m_chord
acuSolve:                   Subtitle = 
acuSolve:                  Base unit = unknown
acuSolve:                   Hostname = IDRISHAB
acuSolve:                   Platform = Windows 8/10 v6.2.9200 x64
acuSolve:                    Machine = win64
acuSolve:                   CPU name = 13th Gen Intel(R) Core(TM) i7-1355U
acuSolve:                  CPU speed = 2600 MHz
acuSolve:                  RAM space = 1417 Mbytes
acuSolve:                 Swap space = 32984 Mbytes
acuSolve:                    Release = 2022.3
acuSolve:               Release date = Mar 22 2023
acuSolve:                  Build Tag = 1160304aakas000_WCL:81231
acuSolve:       Message passing type = none
acuSolve:       Number of subdomains = 1
acuSolve:       Number of processors = 1
acuSolve:                  Non-zeros = 5635288
acuSolve:          Working directory = ACUSIM.DIR
acuSolve: ---------------------- Input Phase --------------------------
acuSolve: Input CPU/Elapse time      = 3.359000e+00 1.005400e+01 Sec
acuSolve: Input Memory Usage         = 1.027000e+03 Mbytes
acuSolve: Initializing based on Stokes:
acuSolve:     CGP      No iterations =        216
acuSolve:     CGP        0/1/n norms = 4.008490e-05 1.474059e-04 3.834467e-07
acuSolve:     CGP   Iter. CPU/Elapse = 2.650100e+01 3.329700e+01 
acuSolve:     GMRES    No iterations =       1000 (100.00)
acuSolve:     GMRES      0/1/n norms = 4.693049e-05 6.899774e+00 3.255558e-04
acuSolve:     GMRES Iter. CPU/Elapse = 2.531400e+02 3.148470e+02 
acuSolve: Initializing turbulence field variables
acuSolve:   Eddy visc.   min/ave/max =  1.000000e-03  1.000000e-03  1.000000e-03
acuSolve: Init. CPU/Elapse time      = 2.923750e+02 3.658230e+02 Sec
acuSolve: ---------------------- Begin Time Step ----------------------
acuSolve: Time-Step=    1 ; timeInc= 1.000000e+10 ; time= 0.000000e+00
acuSolve:   Flow stagger "flow": FORM-LHS
acuSolve:     pressure     res ratio = 2.012939e-02
acuSolve:     velocity     res ratio = 7.169163e-01
acuSolve:     CGP      No iterations =        643
acuSolve:     CGP        0/1/n norms = 5.421127e-03 4.907267e-03 5.379457e-05
acuSolve:     CGP   Iter. CPU/Elapse = 7.059400e+01 8.495400e+01 
acuSolve:     GMRES    No iterations =        500 (50.00)
acuSolve:     GMRES      0/1/n norms = 3.576256e-02 7.769896e-02 1.919545e-04
acuSolve:     GMRES Iter. CPU/Elapse = 1.276560e+02 1.575300e+02 
acuSolve:     pressure     sol ratio = 2.396261e+03
acuSolve:     velocity     sol ratio = 1.868106e+00
acuSolve:   Turbulence stagger "turbulence": FORM-LHS
acuSolve:     eddy-visc.   res ratio = 6.735362e-01
acuSolve:     GMRES    No iterations =        183 (4.58)
acuSolve:     GMRES      0/1/n norms = 2.440216e-07 2.440216e-07 2.421631e-09
acuSolve:     GMRES Iter. CPU/Elapse = 9.297000e+00 1.228900e+01 
acuSolve:     eddy-visc.   sol ratio = 9.521308e+00
acuSolve:   CFL timeInc              = 1.164817e-05
acuSolve:   Step CPU/Elapse time     = 2.249380e+02 2.766820e+02 Sec
acuSolve: Time-Step=    2 ; timeInc= 1.000000e+10 ; time= 1.000000e+10
acuSolve:   Flow stagger "flow": FORM-LHS
acuSolve:     pressure     res ratio = 8.343071e-03
acuSolve:     velocity     res ratio = 6.569952e-03
acuSolve:     CGP      No iterations =        351
acuSolve:     CGP        0/1/n norms = 3.878071e-03 2.453226e-03 3.857572e-05
acuSolve:     CGP   Iter. CPU/Elapse = 4.059400e+01 4.678100e+01 
acuSolve:     GMRES    No iterations =        250 (25.00)
acuSolve:     GMRES      0/1/n norms = 2.094849e-02 3.632275e-02 4.340224e-04
acuSolve:     GMRES Iter. CPU/Elapse = 6.764000e+01 7.961400e+01 
acuSolve:     pressure     sol ratio = 1.681122e+00
acuSolve:     velocity     sol ratio = 9.766176e-01
acuSolve:   Turbulence stagger "turbulence": FORM-LHS
acuSolve:     eddy-visc.   res ratio = 5.517679e-01
acuSolve:     GMRES    No iterations =        287 (7.17)
acuSolve:     GMRES      0/1/n norms = 6.233448e-08 6.233448e-08 6.219243e-10
acuSolve:     GMRES Iter. CPU/Elapse = 1.571900e+01 2.097300e+01 
acuSolve:     eddy-visc.   sol ratio = 2.250316e+00
acuSolve:   CFL timeInc              = 9.731648e-06
acuSolve:   Step CPU/Elapse time     = 1.432340e+02 1.699680e+02 Sec
acuSolve: Time-Step=    3 ; timeInc= 1.000000e+10 ; time= 2.000000e+10
acuSolve:   Flow stagger "flow": FORM-LHS
acuSolve:     pressure     res ratio = 3.059147e-03
acuSolve:     velocity     res ratio = 9.772476e-03
acuSolve:     CGP      No iterations =        290
acuSolve:     CGP        0/1/n norms = 1.325536e-03 2.473844e-03 1.307333e-05
acuSolve:     CGP   Iter. CPU/Elapse = 3.356300e+01 4.013200e+01 
acuSolve:     GMRES    No iterations =        125 (12.50)
acuSolve:     GMRES      0/1/n norms = 1.295646e-02 1.558455e-02 8.478252e-04
acuSolve:     GMRES Iter. CPU/Elapse = 3.218700e+01 3.944500e+01 
acuSolve:     pressure     sol ratio = 1.773496e+00
acuSolve:     velocity     sol ratio = 7.492215e-01
acuSolve:   Turbulence stagger "turbulence": FORM-LHS
acuSolve:     eddy-visc.   res ratio = 5.073663e-01
acuSolve:     GMRES    No iterations =        423 (10.57)
acuSolve:     GMRES      0/1/n norms = 3.240763e-08 3.240763e-08 3.235247e-10
acuSolve:     GMRES Iter. CPU/Elapse = 2.881300e+01 3.492900e+01 
acuSolve:     eddy-visc.   sol ratio = 1.505526e+00
acuSolve:   CFL timeInc              = 5.495727e-06
acuSolve:   Step CPU/Elapse time     = 1.141090e+02 1.385150e+02 Sec
acuSolve: Time-Step=    4 ; timeInc= 1.000000e+10 ; time= 3.000000e+10
acuSolve:   Flow stagger "flow": FORM-LHS
acuSolve:     pressure     res ratio = 2.206611e-03
acuSolve:     velocity     res ratio = 1.261451e-02
acuSolve:     CGP      No iterations =        256
acuSolve:     CGP        0/1/n norms = 1.152968e-03 2.028577e-03 1.148110e-05
acuSolve:     CGP   Iter. CPU/Elapse = 2.906300e+01 3.510600e+01 
acuSolve:     GMRES    No iterations =        110 (11.00)
acuSolve:     GMRES      0/1/n norms = 7.161356e-03 8.330822e-03 7.135917e-04
acuSolve:     GMRES Iter. CPU/Elapse = 2.893700e+01 3.504000e+01 
acuSolve:     pressure     sol ratio = 9.058024e-01
acuSolve:     velocity     sol ratio = 8.506563e-01
acuSolve:   Turbulence stagger "turbulence": FORM-LHS
acuSolve:     eddy-visc.   res ratio = 3.854672e-01
acuSolve:     GMRES    No iterations =        894 (22.35)
acuSolve:     GMRES      0/1/n norms = 2.536239e-08 2.536239e-08 2.531032e-10
acuSolve:     GMRES Iter. CPU/Elapse = 5.754700e+01 6.953100e+01 
acuSolve:     eddy-visc.   sol ratio = 2.557201e+00
acuSolve:   CFL timeInc              = 5.674866e-06
acuSolve:   Step CPU/Elapse time     = 1.348910e+02 1.610510e+02 Sec
acuSolve: Time-Step=    5 ; timeInc= 1.000000e+10 ; time= 4.000000e+10
acuSolve:   Flow stagger "flow": FORM-LHS
acuSolve:     pressure     res ratio = 1.264615e-03
acuSolve:     velocity     res ratio = 1.907911e-02
acuSolve:     CGP      No iterations =        264
acuSolve:     CGP        0/1/n norms = 9.262538e-04 1.273926e-03 9.250459e-06
acuSolve:     CGP   Iter. CPU/Elapse = 2.984400e+01 3.624100e+01 
acuSolve:     GMRES    No iterations =        147 (14.70)
acuSolve:     GMRES      0/1/n norms = 4.021401e-03 5.407086e-03 4.006555e-04
acuSolve:     GMRES Iter. CPU/Elapse = 3.860900e+01 4.693800e+01 
acuSolve:     pressure     sol ratio = 5.443565e-01
acuSolve:     velocity     sol ratio = 5.266240e-01
acuSolve:   Turbulence stagger "turbulence": FORM-LHS
acuSolve:     eddy-visc.   res ratio = 2.341768e-01
acuSolve:     GMRES    No iterations =       1000 (25.00)
acuSolve:     GMRES      0/1/n norms = 3.087708e-08 3.087708e-08 3.144198e-10
acuSolve:     GMRES Iter. CPU/Elapse = 6.114100e+01 7.210800e+01 
acuSolve:     eddy-visc.   sol ratio = 3.401956e-01
acuSolve:   CFL timeInc              = 5.320009e-06
acuSolve:   Step CPU/Elapse time     = 1.484530e+02 1.772130e+02 Sec
acuSolve: Time-Step=    6 ; timeInc= 1.000000e+10 ; time= 5.000000e+10
acuSolve:   Flow stagger "flow": FORM-LHS
acuSolve:     pressure     res ratio = 6.720340e-04
acuSolve:     velocity     res ratio = 1.336736e-02
acuSolve:     CGP      No iterations =        253
acuSolve:     CGP        0/1/n norms = 6.340840e-04 7.728976e-04 6.330321e-06
acuSolve:     CGP   Iter. CPU/Elapse = 2.754600e+01 3.475600e+01 
acuSolve:     GMRES    No iterations =        166 (16.60)
acuSolve:     GMRES      0/1/n norms = 2.303825e-03 2.734331e-03 2.300548e-04
acuSolve:     GMRES Iter. CPU/Elapse = 4.239100e+01 5.157900e+01 
acuSolve:     pressure     sol ratio = 4.021160e-01
acuSolve:     velocity     sol ratio = 3.847623e-01
acuSolve:   Turbulence stagger "turbulence": FORM-LHS
acuSolve:     eddy-visc.   res ratio = 1.577743e-01
acuSolve:     GMRES    No iterations =        812 (20.30)
acuSolve:     GMRES      0/1/n norms = 2.452008e-08 2.452008e-08 2.442359e-10
acuSolve:     GMRES Iter. CPU/Elapse = 4.815600e+01 5.805300e+01 
acuSolve:     eddy-visc.   sol ratio = 3.636993e-01
acuSolve:   CFL timeInc              = 5.123549e-06
acuSolve:   Step CPU/Elapse time     = 1.354850e+02 1.665800e+02 Sec
acuSolve: Time-Step=    7 ; timeInc= 1.000000e+10 ; time= 6.000000e+10
acuSolve:   Flow stagger "flow": FORM-LHS
acuSolve:     pressure     res ratio = 3.988389e-04
acuSolve:     velocity     res ratio = 1.608206e-02
acuSolve:     CGP      No iterations =        286
acuSolve:     CGP        0/1/n norms = 4.767497e-04 4.863896e-04 4.652301e-06
acuSolve:     CGP   Iter. CPU/Elapse = 3.190600e+01 3.747500e+01 
acuSolve:     GMRES    No iterations =        199 (19.90)
acuSolve:     GMRES      0/1/n norms = 1.489186e-03 1.605134e-03 1.484172e-04
acuSolve:     GMRES Iter. CPU/Elapse = 5.037500e+01 6.295300e+01 
acuSolve:     pressure     sol ratio = 5.374188e-01
acuSolve:     velocity     sol ratio = 3.602628e-01
acuSolve:   Turbulence stagger "turbulence": FORM-LHS
acuSolve:     eddy-visc.   res ratio = 1.395448e-01
acuSolve:     GMRES    No iterations =        873 (21.82)
acuSolve:     GMRES      0/1/n norms = 2.797432e-08 2.797432e-08 2.792810e-10
acuSolve:     GMRES Iter. CPU/Elapse = 5.851500e+01 6.714900e+01 
acuSolve:     eddy-visc.   sol ratio = 4.032260e-01
acuSolve:   CFL timeInc              = 5.000031e-06
acuSolve:   Step CPU/Elapse time     = 1.597810e+02 1.899090e+02 Sec
acuSolve: Time-Step=    8 ; timeInc= 1.000000e+10 ; time= 7.000000e+10
acuSolve:   Flow stagger "flow": FORM-LHS
acuSolve:     pressure     res ratio = 2.601887e-04
acuSolve:     velocity     res ratio = 1.500706e-02
acuSolve:     CGP      No iterations =        243
acuSolve:     CGP        0/1/n norms = 3.555335e-04 3.485037e-04 3.509346e-06
acuSolve:     CGP   Iter. CPU/Elapse = 2.901600e+01 3.392500e+01 
acuSolve:     GMRES    No iterations =        204 (20.40)
acuSolve:     GMRES      0/1/n norms = 1.003066e-03 9.509511e-04 1.001830e-04
acuSolve:     GMRES Iter. CPU/Elapse = 5.659300e+01 6.668500e+01 
acuSolve:     pressure     sol ratio = 3.289921e-01
acuSolve:     velocity     sol ratio = 3.019535e-01
acuSolve:   Turbulence stagger "turbulence": FORM-LHS
acuSolve:     eddy-visc.   res ratio = 9.895860e-02
acuSolve:     GMRES    No iterations =        842 (21.05)
acuSolve:     GMRES      0/1/n norms = 1.610025e-08 1.610025e-08 1.608804e-10
acuSolve:     GMRES Iter. CPU/Elapse = 5.542200e+01 7.637900e+01 
acuSolve:     eddy-visc.   sol ratio = 3.833324e-01
acuSolve:   CFL timeInc              = 4.913048e-06
acuSolve:   Step CPU/Elapse time     = 1.597810e+02 2.021460e+02 Sec
acuSolve: Time-Step=    9 ; timeInc= 1.000000e+10 ; time= 8.000000e+10
acuSolve:   Flow stagger "flow": FORM-LHS
acuSolve:     pressure     res ratio = 1.662521e-04
acuSolve:     velocity     res ratio = 1.313546e-02
acuSolve:     CGP      No iterations =        235
acuSolve:     CGP        0/1/n norms = 2.693632e-04 1.913334e-04 2.684884e-06
acuSolve:     CGP   Iter. CPU/Elapse = 2.915600e+01 5.002800e+01 
acuSolve:     GMRES    No iterations =        281 (28.10)
acuSolve:     GMRES      0/1/n norms = 6.961060e-04 7.498650e-04 6.954871e-05
acuSolve:     GMRES Iter. CPU/Elapse = 8.378200e+01 1.416510e+02 
acuSolve:     pressure     sol ratio = 5.236321e-01
acuSolve:     velocity     sol ratio = 3.435302e-01
acuSolve:   Turbulence stagger "turbulence": FORM-LHS
acuSolve:     eddy-visc.   res ratio = 8.656902e-02
acuSolve:     GMRES    No iterations =        767 (19.18)
acuSolve:     GMRES      0/1/n norms = 1.254641e-08 1.254641e-08 1.254073e-10
acuSolve:     GMRES Iter. CPU/Elapse = 5.151500e+01 9.039700e+01 
acuSolve:     eddy-visc.   sol ratio = 3.872184e-01
acuSolve:   CFL timeInc              = 4.746274e-06
acuSolve:   Step CPU/Elapse time     = 1.869850e+02 3.219330e+02 Sec
acuSolve: Time-Step=   10 ; timeInc= 1.000000e+10 ; time= 9.000000e+10
acuSolve:   Flow stagger "flow": FORM-LHS
acuSolve:     pressure     res ratio = 1.121770e-04
acuSolve:     velocity     res ratio = 1.286202e-02
acuSolve:     CGP      No iterations =        243
acuSolve:     CGP        0/1/n norms = 2.121415e-04 1.744218e-04 2.091045e-06
acuSolve:     CGP   Iter. CPU/Elapse = 2.596900e+01 4.897600e+01 
acuSolve:     GMRES    No iterations =        294 (29.40)
acuSolve:     GMRES      0/1/n norms = 5.219197e-04 5.649437e-04 5.211929e-05
acuSolve:     GMRES Iter. CPU/Elapse = 8.206200e+01 1.498550e+02 
acuSolve:     pressure     sol ratio = 5.419650e-01
acuSolve:     velocity     sol ratio = 3.223557e-01
acuSolve:   Turbulence stagger "turbulence": FORM-LHS
acuSolve:     eddy-visc.   res ratio = 7.586799e-02
acuSolve:     GMRES    No iterations =        910 (22.75)
acuSolve:     GMRES      0/1/n norms = 9.198763e-09 9.198763e-09 9.138494e-11
acuSolve:     GMRES Iter. CPU/Elapse = 5.337400e+01 7.862300e+01 
acuSolve:     eddy-visc.   sol ratio = 4.380798e-01
acuSolve:   CFL timeInc              = 4.745406e-06
acuSolve:   Step CPU/Elapse time     = 1.833110e+02 3.135840e+02 Sec
acuSolve: Time-Step=   11 ; timeInc= 1.000000e+10 ; time= 1.000000e+11
acuSolve:   Flow stagger "flow": FORM-LHS
acuSolve:     pressure     res ratio = 7.835243e-05
acuSolve:     velocity     res ratio = 1.288295e-02
acuSolve:     CGP      No iterations =        237
acuSolve:     CGP        0/1/n norms = 1.758025e-04 1.602159e-04 1.752267e-06
acuSolve:     CGP   Iter. CPU/Elapse = 2.354700e+01 3.392400e+01 
acuSolve:     GMRES    No iterations =        330 (33.00)
acuSolve:     GMRES      0/1/n norms = 4.190292e-04 3.947812e-04 4.185029e-05
acuSolve:     GMRES Iter. CPU/Elapse = 8.020300e+01 1.026390e+02 
acuSolve:     pressure     sol ratio = 3.328520e-01
acuSolve:     velocity     sol ratio = 3.663034e-01
acuSolve:   Turbulence stagger "turbulence": FORM-LHS
acuSolve:     eddy-visc.   res ratio = 6.396548e-02
acuSolve:     GMRES    No iterations =        666 (16.65)
acuSolve:     GMRES      0/1/n norms = 6.537999e-09 6.537999e-09 6.520273e-11
acuSolve:     GMRES Iter. CPU/Elapse = 4.499900e+01 5.712900e+01 
acuSolve:     eddy-visc.   sol ratio = 5.693133e-01
acuSolve:   CFL timeInc              = 4.781710e-06
acuSolve:   Step CPU/Elapse time     = 1.664540e+02 2.165820e+02 Sec
acuSolve: Time-Step=   12 ; timeInc= 1.000000e+10 ; time= 1.100000e+11
acuSolve:   Flow stagger "flow": FORM-LHS
acuSolve:     pressure     res ratio = 5.111981e-05
acuSolve:     velocity     res ratio = 1.338141e-02
acuSolve:     CGP      No iterations =        248
acuSolve:     CGP        0/1/n norms = 1.432884e-04 1.072204e-04 1.423555e-06
acuSolve:     CGP   Iter. CPU/Elapse = 2.973500e+01 3.909600e+01 
acuSolve:     GMRES    No iterations =        378 (37.80)
acuSolve:     GMRES      0/1/n norms = 3.346148e-04 3.180662e-04 3.342688e-05
acuSolve:     GMRES Iter. CPU/Elapse = 9.782900e+01 1.238900e+02 
acuSolve:     pressure     sol ratio = 4.220014e-01
acuSolve:     velocity     sol ratio = 4.428460e-01
acuSolve:   Turbulence stagger "turbulence": FORM-LHS
acuSolve:     eddy-visc.   res ratio = 6.674905e-02
acuSolve:     GMRES    No iterations =        647 (16.18)
acuSolve:     GMRES      0/1/n norms = 8.354336e-09 8.354336e-09 8.338692e-11
acuSolve:     GMRES Iter. CPU/Elapse = 4.042200e+01 4.989800e+01 
acuSolve:     eddy-visc.   sol ratio = 6.553271e-01
acuSolve:   CFL timeInc              = 4.741922e-06
acuSolve:   Step CPU/Elapse time     = 1.867500e+02 2.370730e+02 Sec
acuSolve: Time-Step=   13 ; timeInc= 1.000000e+10 ; time= 1.200000e+11
acuSolve:   Flow stagger "flow": FORM-LHS
acuSolve:     pressure     res ratio = 3.511477e-05
acuSolve:     velocity     res ratio = 1.112389e-02
acuSolve:     CGP      No iterations =        175
acuSolve:     CGP        0/1/n norms = 1.155318e-04 6.818768e-05 1.108808e-06
acuSolve:     CGP   Iter. CPU/Elapse = 2.037500e+01 2.350600e+01 
acuSolve:     GMRES    No iterations =        480 (48.00)
acuSolve:     GMRES      0/1/n norms = 2.658997e-04 2.001798e-04 2.656206e-05
acuSolve:     GMRES Iter. CPU/Elapse = 1.259370e+02 1.492620e+02 
acuSolve:     pressure     sol ratio = 3.393114e-01
acuSolve:     velocity     sol ratio = 5.890430e-01
acuSolve:   Turbulence stagger "turbulence": FORM-LHS
acuSolve:     eddy-visc.   res ratio = 8.938677e-02
acuSolve:     GMRES    No iterations =        759 (18.98)
acuSolve:     GMRES      0/1/n norms = 8.886881e-09 8.886881e-09 8.849113e-11
acuSolve:     GMRES Iter. CPU/Elapse = 4.635900e+01 6.884900e+01 
acuSolve:     eddy-visc.   sol ratio = 6.480059e-01
acuSolve:   CFL timeInc              = 4.706182e-06
acuSolve:   Step CPU/Elapse time     = 2.102350e+02 2.687090e+02 Sec
acuSolve: Time-Step=   14 ; timeInc= 1.000000e+10 ; time= 1.300000e+11
acuSolve:   Flow stagger "flow": FORM-LHS
acuSolve:     pressure     res ratio = 2.622286e-05
acuSolve:     velocity     res ratio = 1.123534e-02
acuSolve:     CGP      No iterations =        180
acuSolve:     CGP        0/1/n norms = 9.770434e-05 6.013634e-05 9.648302e-07
acuSolve:     CGP   Iter. CPU/Elapse = 2.115600e+01 3.903000e+01 
acuSolve:     GMRES    No iterations =        544 (54.40)
acuSolve:     GMRES      0/1/n norms = 2.236392e-04 1.571821e-04 2.235369e-05
acuSolve:     GMRES Iter. CPU/Elapse = 1.338440e+02 2.198870e+02 
acuSolve:     pressure     sol ratio = 3.380303e-01
acuSolve:     velocity     sol ratio = 5.904679e-01
acuSolve:   Turbulence stagger "turbulence": FORM-LHS
acuSolve:     eddy-visc.   res ratio = 1.023593e-01
acuSolve:     GMRES    No iterations =        784 (19.60)
acuSolve:     GMRES      0/1/n norms = 7.325497e-09 7.325497e-09 7.304164e-11
acuSolve:     GMRES Iter. CPU/Elapse = 3.781200e+01 5.658400e+01 
acuSolve:     eddy-visc.   sol ratio = 5.580884e-01
acuSolve:   CFL timeInc              = 4.658504e-06
acuSolve:   Step CPU/Elapse time     = 2.095780e+02 3.436440e+02 Sec
acuSolve: Time-Step=   15 ; timeInc= 1.000000e+10 ; time= 1.400000e+11
acuSolve:   Flow stagger "flow": FORM-LHS
acuSolve:     pressure     res ratio = 1.904747e-05
acuSolve:     velocity     res ratio = 9.624819e-03
acuSolve:     CGP      No iterations =        180
acuSolve:     CGP        0/1/n norms = 8.311237e-05 5.755984e-05 7.960674e-07
acuSolve:     CGP   Iter. CPU/Elapse = 1.787500e+01 1.924700e+01 
acuSolve:     GMRES    No iterations =        553 (55.30)
acuSolve:     GMRES      0/1/n norms = 1.877753e-04 1.091966e-04 1.876202e-05
acuSolve:     GMRES Iter. CPU/Elapse = 1.278740e+02 1.429760e+02 
acuSolve:     pressure     sol ratio = 1.685621e-01
acuSolve:     velocity     sol ratio = 5.055651e-01
acuSolve:   Turbulence stagger "turbulence": FORM-LHS
acuSolve:     eddy-visc.   res ratio = 7.697812e-02
acuSolve:     GMRES    No iterations =        770 (19.25)
acuSolve:     GMRES      0/1/n norms = 6.858474e-09 6.858474e-09 6.835652e-11
acuSolve:     GMRES Iter. CPU/Elapse = 4.381200e+01 4.554000e+01 
acuSolve:     eddy-visc.   sol ratio = 4.695593e-01
acuSolve:   CFL timeInc              = 4.623154e-06
acuSolve:   Step CPU/Elapse time     = 2.075150e+02 2.263080e+02 Sec
acuSolve: Time-Step=   16 ; timeInc= 1.000000e+10 ; time= 1.500000e+11
acuSolve:   Flow stagger "flow": FORM-LHS
acuSolve:     pressure     res ratio = 1.634791e-05
acuSolve:     velocity     res ratio = 9.114616e-03
acuSolve:     CGP      No iterations =        155
acuSolve:     CGP        0/1/n norms = 7.018289e-05 4.165959e-05 6.981426e-07
acuSolve:     CGP   Iter. CPU/Elapse = 1.596900e+01 1.677600e+01 
acuSolve:     GMRES    No iterations =        542 (54.20)
acuSolve:     GMRES      0/1/n norms = 1.535094e-04 7.702372e-05 1.533891e-05
acuSolve:     GMRES Iter. CPU/Elapse = 1.236570e+02 1.426280e+02 
acuSolve:     pressure     sol ratio = 1.237271e-01
acuSolve:     velocity     sol ratio = 4.254947e-01
acuSolve:   Turbulence stagger "turbulence": FORM-LHS
acuSolve:     eddy-visc.   res ratio = 6.119687e-02
acuSolve:     GMRES    No iterations =        648 (16.20)
acuSolve:     GMRES      0/1/n norms = 6.648703e-09 6.648703e-09 6.647054e-11
acuSolve:     GMRES Iter. CPU/Elapse = 3.476600e+01 4.038600e+01 
acuSolve:     eddy-visc.   sol ratio = 3.463238e-01
acuSolve:   CFL timeInc              = 4.602323e-06
acuSolve:   Step CPU/Elapse time     = 1.914380e+02 2.189140e+02 Sec
acuSolve: Time-Step=   17 ; timeInc= 1.000000e+10 ; time= 1.600000e+11
acuSolve:   Flow stagger "flow": FORM-LHS
acuSolve:     pressure     res ratio = 1.420947e-05
acuSolve:     velocity     res ratio = 8.858819e-03
acuSolve:     CGP      No iterations =        163
acuSolve:     CGP        0/1/n norms = 5.940607e-05 3.469400e-05 5.936834e-07
acuSolve:     CGP   Iter. CPU/Elapse = 1.582800e+01 1.830700e+01 
acuSolve:     GMRES    No iterations =        524 (52.40)
acuSolve:     GMRES      0/1/n norms = 1.283538e-04 6.217722e-05 1.282911e-05
acuSolve:     GMRES Iter. CPU/Elapse = 1.131090e+02 1.388130e+02 
acuSolve:     pressure     sol ratio = 6.677086e-02
acuSolve:     velocity     sol ratio = 3.429113e-01
acuSolve:   Turbulence stagger "turbulence": FORM-LHS
acuSolve:     eddy-visc.   res ratio = 5.197859e-02
acuSolve:     GMRES    No iterations =        575 (14.38)
acuSolve:     GMRES      0/1/n norms = 6.923181e-09 6.923181e-09 6.889831e-11
acuSolve:     GMRES Iter. CPU/Elapse = 2.901600e+01 3.650000e+01 
acuSolve:     eddy-visc.   sol ratio = 2.055661e-01
acuSolve:   CFL timeInc              = 4.589376e-06
acuSolve:   Step CPU/Elapse time     = 1.742650e+02 2.134860e+02 Sec
acuSolve: Time-Step=   18 ; timeInc= 1.000000e+10 ; time= 1.700000e+11
acuSolve:   Flow stagger "flow": FORM-LHS
acuSolve:     pressure     res ratio = 1.243591e-05
acuSolve:     velocity     res ratio = 7.668437e-03
acuSolve:     CGP      No iterations =        187
acuSolve:     CGP        0/1/n norms = 5.056987e-05 2.933348e-05 4.788396e-07
acuSolve:     CGP   Iter. CPU/Elapse = 1.526500e+01 2.406500e+01 
acuSolve:     GMRES    No iterations =        438 (43.80)
acuSolve:     GMRES      0/1/n norms = 1.081698e-04 7.032116e-05 1.081439e-05
acuSolve:     GMRES Iter. CPU/Elapse = 7.026700e+01 1.013260e+02 
acuSolve:     pressure     sol ratio = 8.210947e-02
acuSolve:     velocity     sol ratio = 2.366302e-01
acuSolve:   Turbulence stagger "turbulence": FORM-LHS
acuSolve:     eddy-visc.   res ratio = 4.421540e-02
acuSolve:     GMRES    No iterations =        563 (14.07)
acuSolve:     GMRES      0/1/n norms = 7.557028e-09 7.557028e-09 7.549376e-11
acuSolve:     GMRES Iter. CPU/Elapse = 2.962500e+01 3.541400e+01 
acuSolve:     eddy-visc.   sol ratio = 1.029221e-01
acuSolve:   CFL timeInc              = 4.574896e-06
acuSolve:   Step CPU/Elapse time     = 1.307500e+02 1.808280e+02 Sec
acuSolve: Time-Step=   19 ; timeInc= 1.000000e+10 ; time= 1.800000e+11
acuSolve:   Flow stagger "flow": FORM-LHS
acuSolve:     pressure     res ratio = 9.837493e-06
acuSolve:     velocity     res ratio = 6.729224e-03
acuSolve:     CGP      No iterations =        162
acuSolve:     CGP        0/1/n norms = 4.309362e-05 2.468692e-05 4.144248e-07
acuSolve:     CGP   Iter. CPU/Elapse = 1.120300e+01 2.034400e+01 
acuSolve:     GMRES    No iterations =        428 (42.80)
acuSolve:     GMRES      0/1/n norms = 9.115202e-05 4.709511e-05 9.114426e-06
acuSolve:     GMRES Iter. CPU/Elapse = 7.756300e+01 1.188530e+02 
acuSolve:     pressure     sol ratio = 3.932839e-02
acuSolve:     velocity     sol ratio = 1.876263e-01
acuSolve:   Turbulence stagger "turbulence": FORM-LHS
acuSolve:     eddy-visc.   res ratio = 3.477146e-02
acuSolve:     GMRES    No iterations =        494 (12.35)
acuSolve:     GMRES      0/1/n norms = 7.077523e-09 7.077523e-09 7.069944e-11
acuSolve:     GMRES Iter. CPU/Elapse = 2.215600e+01 3.081100e+01 
acuSolve:     eddy-visc.   sol ratio = 4.837646e-02
acuSolve:   CFL timeInc              = 4.568853e-06
acuSolve:   Step CPU/Elapse time     = 1.235470e+02 1.903320e+02 Sec
acuSolve: Time-Step=   20 ; timeInc= 1.000000e+10 ; time= 1.900000e+11
acuSolve:   Flow stagger "flow": FORM-LHS
acuSolve:     pressure     res ratio = 7.044887e-06
acuSolve:     velocity     res ratio = 6.645258e-03
acuSolve:     CGP      No iterations =        160
acuSolve:     CGP        0/1/n norms = 3.681608e-05 1.763698e-05 3.538124e-07
acuSolve:     CGP   Iter. CPU/Elapse = 1.415700e+01 1.825500e+01 
acuSolve:     GMRES    No iterations =        359 (35.90)
acuSolve:     GMRES      0/1/n norms = 7.776425e-05 3.759558e-05 7.774118e-06
acuSolve:     GMRES Iter. CPU/Elapse = 7.035900e+01 9.511200e+01 
acuSolve:     pressure     sol ratio = 4.073886e-02
acuSolve:     velocity     sol ratio = 1.350373e-01
acuSolve:   Turbulence stagger "turbulence": FORM-LHS
acuSolve:     eddy-visc.   res ratio = 2.424098e-02
acuSolve:     GMRES    No iterations =        534 (13.35)
acuSolve:     GMRES      0/1/n norms = 4.965252e-09 4.965252e-09 4.952140e-11
acuSolve:     GMRES Iter. CPU/Elapse = 2.886000e+01 3.132900e+01 
acuSolve:     eddy-visc.   sol ratio = 2.857417e-02
acuSolve:   CFL timeInc              = 4.566339e-06
acuSolve:   Step CPU/Elapse time     = 1.302660e+02 1.631760e+02 Sec
acuSolve: Time-Step=   21 ; timeInc= 1.000000e+10 ; time= 2.000000e+11
acuSolve:   Flow stagger "flow": FORM-LHS
acuSolve:     pressure     res ratio = 6.016074e-06
acuSolve:     velocity     res ratio = 5.807778e-03
acuSolve:     CGP      No iterations =        151
acuSolve:     CGP        0/1/n norms = 3.163055e-05 1.487017e-05 3.146915e-07
acuSolve:     CGP   Iter. CPU/Elapse = 1.175000e+01 1.808400e+01 
acuSolve:     GMRES    No iterations =        290 (29.00)
acuSolve:     GMRES      0/1/n norms = 6.672861e-05 2.989997e-05 6.669499e-06
acuSolve:     GMRES Iter. CPU/Elapse = 6.425100e+01 7.289100e+01 
acuSolve:     pressure     sol ratio = 2.410610e-02
acuSolve:     velocity     sol ratio = 9.491519e-02
acuSolve:   Turbulence stagger "turbulence": FORM-LHS
acuSolve:     eddy-visc.   res ratio = 1.703405e-02
acuSolve:     GMRES    No iterations =        491 (12.28)
acuSolve:     GMRES      0/1/n norms = 3.074485e-09 3.074485e-09 3.070413e-11
acuSolve:     GMRES Iter. CPU/Elapse = 1.976600e+01 3.222700e+01 
acuSolve:     eddy-visc.   sol ratio = 2.088918e-02
acuSolve:   CFL timeInc              = 4.560698e-06
acuSolve:   Step CPU/Elapse time     = 1.107190e+02 1.420930e+02 Sec
acuSolve: Time-Step=   22 ; timeInc= 1.000000e+10 ; time= 2.100000e+11
acuSolve:   Flow stagger "flow": FORM-LHS
acuSolve:     pressure     res ratio = 4.949587e-06
acuSolve:     velocity     res ratio = 5.034617e-03
acuSolve:     CGP      No iterations =        152
acuSolve:     CGP        0/1/n norms = 2.733537e-05 1.239314e-05 2.559528e-07
acuSolve:     CGP   Iter. CPU/Elapse = 1.157800e+01 1.805000e+01 
acuSolve:     GMRES    No iterations =        278 (27.80)
acuSolve:     GMRES      0/1/n norms = 5.745361e-05 2.334257e-05 5.745295e-06
acuSolve:     GMRES Iter. CPU/Elapse = 5.798500e+01 7.177600e+01 
acuSolve:     pressure     sol ratio = 1.538968e-02
acuSolve:     velocity     sol ratio = 7.625029e-02
acuSolve:   Turbulence stagger "turbulence": FORM-LHS
acuSolve:     eddy-visc.   res ratio = 1.229025e-02
acuSolve:     GMRES    No iterations =        399 (9.97)
acuSolve:     GMRES      0/1/n norms = 2.227283e-09 2.227283e-09 2.223953e-11
acuSolve:     GMRES Iter. CPU/Elapse = 1.953100e+01 2.431800e+01 
acuSolve:     eddy-visc.   sol ratio = 1.426499e-02
acuSolve:   CFL timeInc              = 4.557232e-06
acuSolve:   Step CPU/Elapse time     = 1.028440e+02 1.336800e+02 Sec
acuSolve: Time-Step=   23 ; timeInc= 1.000000e+10 ; time= 2.200000e+11
acuSolve:   Flow stagger "flow": FORM-LHS
acuSolve:     pressure     res ratio = 4.104603e-06
acuSolve:     velocity     res ratio = 4.617332e-03
acuSolve:     CGP      No iterations =        118
acuSolve:     CGP        0/1/n norms = 2.402169e-05 1.040089e-05 2.366865e-07
acuSolve:     CGP   Iter. CPU/Elapse = 6.891000e+00 1.663900e+01 
acuSolve:     GMRES    No iterations =        236 (23.60)
acuSolve:     GMRES      0/1/n norms = 5.012607e-05 1.851860e-05 5.008766e-06
acuSolve:     GMRES Iter. CPU/Elapse = 4.475000e+01 6.307300e+01 
acuSolve:     pressure     sol ratio = 1.608160e-02
acuSolve:     velocity     sol ratio = 5.633366e-02
acuSolve:   Turbulence stagger "turbulence": FORM-LHS
acuSolve:     eddy-visc.   res ratio = 1.013221e-02
acuSolve:     GMRES    No iterations =        440 (11.00)
acuSolve:     GMRES      0/1/n norms = 1.893457e-09 1.893457e-09 1.889659e-11
acuSolve:     GMRES Iter. CPU/Elapse = 2.132900e+01 2.715700e+01 
acuSolve:     eddy-visc.   sol ratio = 1.142095e-02
acuSolve:   CFL timeInc              = 4.556483e-06
acuSolve:   Step CPU/Elapse time     = 8.679600e+01 1.266000e+02 Sec
acuSolve: Time-Step=   24 ; timeInc= 1.000000e+10 ; time= 2.300000e+11
acuSolve:   Flow stagger "flow": FORM-LHS
acuSolve:     pressure     res ratio = 3.428345e-06
acuSolve:     velocity     res ratio = 4.225442e-03
acuSolve:     CGP      No iterations =        118
acuSolve:     CGP        0/1/n norms = 2.094514e-05 8.626459e-06 2.086174e-07
acuSolve:     CGP   Iter. CPU/Elapse = 1.098500e+01 1.412400e+01 
acuSolve:     GMRES    No iterations =        218 (21.80)
acuSolve:     GMRES      0/1/n norms = 4.342122e-05 1.511593e-05 4.340018e-06
acuSolve:     GMRES Iter. CPU/Elapse = 4.371800e+01 5.855400e+01 
acuSolve:     pressure     sol ratio = 1.512743e-02
acuSolve:     velocity     sol ratio = 4.678273e-02
acuSolve:   Turbulence stagger "turbulence": FORM-LHS
acuSolve:     eddy-visc.   res ratio = 7.662806e-03
acuSolve:     GMRES    No iterations =        471 (11.78)
acuSolve:     GMRES      0/1/n norms = 1.323842e-09 1.323842e-09 1.319503e-11
acuSolve:     GMRES Iter. CPU/Elapse = 2.100000e+01 2.998700e+01 
acuSolve:     eddy-visc.   sol ratio = 1.164979e-02
acuSolve:   CFL timeInc              = 4.554347e-06
acuSolve:   Step CPU/Elapse time     = 8.986000e+01 1.219310e+02 Sec
acuSolve: Time-Step=   25 ; timeInc= 1.000000e+10 ; time= 2.400000e+11
acuSolve:   Flow stagger "flow": FORM-LHS
acuSolve:     pressure     res ratio = 3.082295e-06
acuSolve:     velocity     res ratio = 3.806169e-03
acuSolve:     CGP      No iterations =        119
acuSolve:     CGP        0/1/n norms = 1.843249e-05 7.759518e-06 1.833571e-07
acuSolve:     CGP   Iter. CPU/Elapse = 1.045300e+01 1.422100e+01 
acuSolve:     GMRES    No iterations =        206 (20.60)
acuSolve:     GMRES      0/1/n norms = 3.787871e-05 1.287519e-05 3.782556e-06
acuSolve:     GMRES Iter. CPU/Elapse = 4.139000e+01 5.443300e+01 
acuSolve:     pressure     sol ratio = 9.939286e-03
acuSolve:     velocity     sol ratio = 3.726690e-02
acuSolve:   Turbulence stagger "turbulence": FORM-LHS
acuSolve:     eddy-visc.   res ratio = 7.391055e-03
acuSolve:     GMRES    No iterations =        359 (8.97)
acuSolve:     GMRES      0/1/n norms = 1.454138e-09 1.454138e-09 1.450980e-11
acuSolve:     GMRES Iter. CPU/Elapse = 1.629700e+01 2.291000e+01 
acuSolve:     eddy-visc.   sol ratio = 5.038574e-03
acuSolve:   CFL timeInc              = 4.552638e-06
acuSolve:   Step CPU/Elapse time     = 8.151500e+01 1.115420e+02 Sec
acuSolve: Time-Step=   26 ; timeInc= 1.000000e+10 ; time= 2.500000e+11
acuSolve:   Flow stagger "flow": FORM-LHS
acuSolve:     pressure     res ratio = 2.691365e-06
acuSolve:     velocity     res ratio = 3.377777e-03
acuSolve:     CGP      No iterations =        121
acuSolve:     CGP        0/1/n norms = 1.641789e-05 6.670500e-06 1.640015e-07
acuSolve:     CGP   Iter. CPU/Elapse = 9.656000e+00 1.556900e+01 
acuSolve:     GMRES    No iterations =        187 (18.70)
acuSolve:     GMRES      0/1/n norms = 3.375031e-05 1.149982e-05 3.374044e-06
acuSolve:     GMRES Iter. CPU/Elapse = 3.743700e+01 4.957700e+01 
acuSolve:     pressure     sol ratio = 8.099387e-03
acuSolve:     velocity     sol ratio = 3.116939e-02
acuSolve:   Turbulence stagger "turbulence": FORM-LHS
acuSolve:     eddy-visc.   res ratio = 6.163880e-03
acuSolve:     GMRES    No iterations =        367 (9.18)
acuSolve:     GMRES      0/1/n norms = 1.191186e-09 1.191186e-09 1.184584e-11
acuSolve:     GMRES Iter. CPU/Elapse = 1.870400e+01 2.263600e+01 
acuSolve:     eddy-visc.   sol ratio = 4.087809e-03
acuSolve:   CFL timeInc              = 4.551775e-06
acuSolve:   Step CPU/Elapse time     = 7.939100e+01 1.070400e+02 Sec
acuSolve: Time-Step=   27 ; timeInc= 1.000000e+10 ; time= 2.600000e+11
acuSolve:   Flow stagger "flow": FORM-LHS
acuSolve:     pressure     res ratio = 2.469558e-06
acuSolve:     velocity     res ratio = 3.051201e-03
acuSolve:     CGP      No iterations =        119
acuSolve:     CGP        0/1/n norms = 1.448095e-05 5.590058e-06 1.355379e-07
acuSolve:     CGP   Iter. CPU/Elapse = 1.092200e+01 1.538700e+01 
acuSolve:     GMRES    No iterations =        194 (19.40)
acuSolve:     GMRES      0/1/n norms = 2.964155e-05 1.040364e-05 2.962905e-06
acuSolve:     GMRES Iter. CPU/Elapse = 4.045300e+01 5.648000e+01 
acuSolve:     pressure     sol ratio = 1.090422e-02
acuSolve:     velocity     sol ratio = 2.741090e-02
acuSolve:   Turbulence stagger "turbulence": FORM-LHS
acuSolve:     eddy-visc.   res ratio = 5.184348e-03
acuSolve:     GMRES    No iterations =        397 (9.93)
acuSolve:     GMRES      0/1/n norms = 9.329219e-10 9.329219e-10 9.317889e-12
acuSolve:     GMRES Iter. CPU/Elapse = 2.001500e+01 2.498100e+01 
acuSolve:     eddy-visc.   sol ratio = 3.226504e-03
acuSolve:   CFL timeInc              = 4.550713e-06
acuSolve:   Step CPU/Elapse time     = 8.684400e+01 1.167760e+02 Sec
acuSolve: Time-Step=   28 ; timeInc= 1.000000e+10 ; time= 2.700000e+11
acuSolve:   Flow stagger "flow": FORM-LHS
acuSolve:     pressure     res ratio = 2.280435e-06
acuSolve:     velocity     res ratio = 2.805358e-03
acuSolve:     CGP      No iterations =        128
acuSolve:     CGP        0/1/n norms = 1.270163e-05 5.071430e-06 1.221050e-07
acuSolve:     CGP   Iter. CPU/Elapse = 1.250000e+01 1.495500e+01 
acuSolve:     GMRES    No iterations =        204 (20.40)
acuSolve:     GMRES      0/1/n norms = 2.596684e-05 1.035439e-05 2.594095e-06
acuSolve:     GMRES Iter. CPU/Elapse = 4.067100e+01 5.461300e+01 
acuSolve:     pressure     sol ratio = 1.164835e-02
acuSolve:     velocity     sol ratio = 2.492926e-02
acuSolve:   Turbulence stagger "turbulence": FORM-LHS
acuSolve:     eddy-visc.   res ratio = 3.929882e-03
acuSolve:     GMRES    No iterations =        365 (9.13)
acuSolve:     GMRES      0/1/n norms = 7.358792e-10 7.358792e-10 7.343578e-12
acuSolve:     GMRES Iter. CPU/Elapse = 1.757800e+01 2.523800e+01 
acuSolve:     eddy-visc.   sol ratio = 2.957340e-03
acuSolve:   CFL timeInc              = 4.550384e-06
acuSolve:   Step CPU/Elapse time     = 8.614000e+01 1.146390e+02 Sec
acuSolve: Time-Step=   29 ; timeInc= 1.000000e+10 ; time= 2.800000e+11
acuSolve:   Flow stagger "flow": FORM-LHS
acuSolve:     pressure     res ratio = 2.119935e-06
acuSolve:     velocity     res ratio = 2.559784e-03
acuSolve:     CGP      No iterations =        135
acuSolve:     CGP        0/1/n norms = 1.122756e-05 4.582787e-06 1.096445e-07
acuSolve:     CGP   Iter. CPU/Elapse = 1.334400e+01 1.533800e+01 
acuSolve:     GMRES    No iterations =        210 (21.00)
acuSolve:     GMRES      0/1/n norms = 2.293878e-05 1.003097e-05 2.293263e-06
acuSolve:     GMRES Iter. CPU/Elapse = 4.634300e+01 5.781900e+01 
acuSolve:     pressure     sol ratio = 1.044918e-02
acuSolve:     velocity     sol ratio = 2.179690e-02
acuSolve:   Turbulence stagger "turbulence": FORM-LHS
acuSolve:     eddy-visc.   res ratio = 3.874311e-03
acuSolve:     GMRES    No iterations =        455 (11.38)
acuSolve:     GMRES      0/1/n norms = 8.378593e-10 8.378593e-10 8.377366e-12
acuSolve:     GMRES Iter. CPU/Elapse = 2.334300e+01 2.912100e+01 
acuSolve:     eddy-visc.   sol ratio = 3.010776e-03
acuSolve:   CFL timeInc              = 4.549923e-06
acuSolve:   Step CPU/Elapse time     = 9.968800e+01 1.212770e+02 Sec
acuSolve: Time-Step=   30 ; timeInc= 1.000000e+10 ; time= 2.900000e+11
acuSolve:   Flow stagger "flow": FORM-LHS
acuSolve:     pressure     res ratio = 1.963029e-06
acuSolve:     velocity     res ratio = 2.318420e-03
acuSolve:     CGP      No iterations =        145
acuSolve:     CGP        0/1/n norms = 1.000188e-05 4.020412e-06 9.951604e-08
acuSolve:     CGP   Iter. CPU/Elapse = 1.393700e+01 1.822200e+01 
acuSolve:     GMRES    No iterations =        220 (22.00)
acuSolve:     GMRES      0/1/n norms = 2.040223e-05 9.638087e-06 2.038174e-06
acuSolve:     GMRES Iter. CPU/Elapse = 4.692200e+01 6.208800e+01 
acuSolve:     pressure     sol ratio = 9.837428e-03
acuSolve:     velocity     sol ratio = 1.947189e-02
acuSolve:   Turbulence stagger "turbulence": FORM-LHS
acuSolve:     eddy-visc.   res ratio = 3.637777e-03
acuSolve:     GMRES    No iterations =        463 (11.57)
acuSolve:     GMRES      0/1/n norms = 8.034650e-10 8.034650e-10 8.006314e-12
acuSolve:     GMRES Iter. CPU/Elapse = 2.351500e+01 3.010600e+01 
acuSolve:     eddy-visc.   sol ratio = 2.718856e-03
acuSolve:   CFL timeInc              = 4.548672e-06
acuSolve:   Step CPU/Elapse time     = 9.940600e+01 1.307170e+02 Sec
acuSolve: Time-Step=   31 ; timeInc= 1.000000e+10 ; time= 3.000000e+11
acuSolve:   Flow stagger "flow": FORM-LHS
acuSolve:     pressure     res ratio = 1.693038e-06
acuSolve:     velocity     res ratio = 2.055658e-03
acuSolve:     CGP      No iterations =        126
acuSolve:     CGP        0/1/n norms = 8.883787e-06 3.521228e-06 8.641982e-08
acuSolve:     CGP   Iter. CPU/Elapse = 1.068800e+01 1.680800e+01 
acuSolve:     GMRES    No iterations =        206 (20.60)
acuSolve:     GMRES      0/1/n norms = 1.808341e-05 8.047504e-06 1.806263e-06
acuSolve:     GMRES Iter. CPU/Elapse = 4.335900e+01 5.500100e+01 
acuSolve:     pressure     sol ratio = 7.975243e-03
acuSolve:     velocity     sol ratio = 1.607093e-02
acuSolve:   Turbulence stagger "turbulence": FORM-LHS
acuSolve:     eddy-visc.   res ratio = 3.316892e-03
acuSolve:     GMRES    No iterations =        376 (9.40)
acuSolve:     GMRES      0/1/n norms = 7.298018e-10 7.298018e-10 7.258361e-12
acuSolve:     GMRES Iter. CPU/Elapse = 1.871900e+01 2.408300e+01 
acuSolve:     eddy-visc.   sol ratio = 2.305106e-03
acuSolve:   CFL timeInc              = 4.547996e-06
acuSolve:   Step CPU/Elapse time     = 8.753100e+01 1.161130e+02 Sec
acuSolve: Time-Step=   32 ; timeInc= 1.000000e+10 ; time= 3.100000e+11
acuSolve:   Flow stagger "flow": FORM-LHS
acuSolve:     pressure     res ratio = 1.473004e-06
acuSolve:     velocity     res ratio = 1.862462e-03
acuSolve:     CGP      No iterations =        125
acuSolve:     CGP        0/1/n norms = 7.902733e-06 3.110963e-06 7.691765e-08
acuSolve:     CGP   Iter. CPU/Elapse = 1.159300e+01 1.650900e+01 
acuSolve:     GMRES    No iterations =        194 (19.40)
acuSolve:     GMRES      0/1/n norms = 1.610534e-05 6.816829e-06 1.608908e-06
acuSolve:     GMRES Iter. CPU/Elapse = 3.987500e+01 5.560900e+01 
acuSolve:     pressure     sol ratio = 6.409199e-03
acuSolve:     velocity     sol ratio = 1.310650e-02
acuSolve:   Turbulence stagger "turbulence": FORM-LHS
acuSolve:     eddy-visc.   res ratio = 2.627657e-03
acuSolve:     GMRES    No iterations =        375 (9.38)
acuSolve:     GMRES      0/1/n norms = 6.313927e-10 6.313927e-10 6.274593e-12
acuSolve:     GMRES Iter. CPU/Elapse = 1.768900e+01 2.627900e+01 
acuSolve:     eddy-visc.   sol ratio = 2.107880e-03
acuSolve:   CFL timeInc              = 4.547518e-06
acuSolve:   Step CPU/Elapse time     = 8.342200e+01 1.201730e+02 Sec
acuSolve: Time-Step=   33 ; timeInc= 1.000000e+10 ; time= 3.200000e+11
acuSolve:   Flow stagger "flow": FORM-LHS
acuSolve:     pressure     res ratio = 1.313029e-06
acuSolve:     velocity     res ratio = 1.676185e-03
acuSolve:     CGP      No iterations =        124
acuSolve:     CGP        0/1/n norms = 7.076313e-06 2.776067e-06 6.805018e-08
acuSolve:     CGP   Iter. CPU/Elapse = 1.187500e+01 1.536800e+01 
acuSolve:     GMRES    No iterations =        189 (18.90)
acuSolve:     GMRES      0/1/n norms = 1.439224e-05 6.128477e-06 1.437210e-06
acuSolve:     GMRES Iter. CPU/Elapse = 3.967200e+01 5.165400e+01 
acuSolve:     pressure     sol ratio = 4.639454e-03
acuSolve:     velocity     sol ratio = 1.108174e-02
acuSolve:   Turbulence stagger "turbulence": FORM-LHS
acuSolve:     eddy-visc.   res ratio = 2.304026e-03
acuSolve:     GMRES    No iterations =        335 (8.38)
acuSolve:     GMRES      0/1/n norms = 5.785132e-10 5.785132e-10 5.782642e-12
acuSolve:     GMRES Iter. CPU/Elapse = 1.621800e+01 2.188000e+01 
acuSolve:     eddy-visc.   sol ratio = 1.564912e-03
acuSolve:   CFL timeInc              = 4.547087e-06
acuSolve:   Step CPU/Elapse time     = 8.235900e+01 1.095340e+02 Sec
acuSolve: Time-Step=   34 ; timeInc= 1.000000e+10 ; time= 3.300000e+11
acuSolve:   Flow stagger "flow": FORM-LHS
acuSolve:     pressure     res ratio = 1.224862e-06
acuSolve:     velocity     res ratio = 1.505212e-03
acuSolve:     CGP      No iterations =        138
acuSolve:     CGP        0/1/n norms = 6.353397e-06 2.444753e-06 6.288760e-08
acuSolve:     CGP   Iter. CPU/Elapse = 1.217200e+01 1.796100e+01 
acuSolve:     GMRES    No iterations =        175 (17.50)
acuSolve:     GMRES      0/1/n norms = 1.290707e-05 5.597885e-06 1.290328e-06
acuSolve:     GMRES Iter. CPU/Elapse = 3.560900e+01 4.848100e+01 
acuSolve:     pressure     sol ratio = 4.101012e-03
acuSolve:     velocity     sol ratio = 9.373140e-03
acuSolve:   Turbulence stagger "turbulence": FORM-LHS
acuSolve:     eddy-visc.   res ratio = 2.063256e-03
acuSolve:     GMRES    No iterations =        432 (10.80)
acuSolve:     GMRES      0/1/n norms = 4.798555e-10 4.798555e-10 4.796676e-12
acuSolve:     GMRES Iter. CPU/Elapse = 2.046900e+01 2.921200e+01 
acuSolve:     eddy-visc.   sol ratio = 1.880697e-03
acuSolve:   CFL timeInc              = 4.546772e-06
acuSolve:   Step CPU/Elapse time     = 8.307900e+01 1.160990e+02 Sec
acuSolve: Time-Step=   35 ; timeInc= 1.000000e+10 ; time= 3.400000e+11
acuSolve:   Flow stagger "flow": FORM-LHS
acuSolve:     pressure     res ratio = 1.148991e-06
acuSolve:     velocity     res ratio = 1.371035e-03
acuSolve:     CGP      No iterations =        156
acuSolve:     CGP        0/1/n norms = 5.688061e-06 2.158660e-06 5.565906e-08
acuSolve:     CGP   Iter. CPU/Elapse = 1.404700e+01 1.826300e+01 
acuSolve:     GMRES    No iterations =        186 (18.60)
acuSolve:     GMRES      0/1/n norms = 1.154095e-05 5.238646e-06 1.153027e-06
acuSolve:     GMRES Iter. CPU/Elapse = 3.867100e+01 5.171600e+01 
acuSolve:     pressure     sol ratio = 3.763503e-03
acuSolve:     velocity     sol ratio = 9.086486e-03
acuSolve:   Turbulence stagger "turbulence": FORM-LHS
acuSolve:     eddy-visc.   res ratio = 1.837992e-03
acuSolve:     GMRES    No iterations =        344 (8.60)
acuSolve:     GMRES      0/1/n norms = 4.245401e-10 4.245401e-10 4.241720e-12
acuSolve:     GMRES Iter. CPU/Elapse = 1.826600e+01 2.103600e+01 
acuSolve:     eddy-visc.   sol ratio = 2.227236e-03
acuSolve:   CFL timeInc              = 4.546196e-06
acuSolve:   Step CPU/Elapse time     = 8.587500e+01 1.109690e+02 Sec
acuSolve: Time-Step=   36 ; timeInc= 1.000000e+10 ; time= 3.500000e+11
acuSolve:   Flow stagger "flow": FORM-LHS
acuSolve:     pressure     res ratio = 1.002957e-06
acuSolve:     velocity     res ratio = 1.268380e-03
acuSolve:     CGP      No iterations =        124
acuSolve:     CGP        0/1/n norms = 5.107712e-06 1.991447e-06 5.096213e-08
acuSolve:     CGP   Iter. CPU/Elapse = 1.220200e+01 1.457200e+01 
acuSolve:     GMRES    No iterations =        187 (18.70)
acuSolve:     GMRES      0/1/n norms = 1.033399e-05 4.656867e-06 1.032666e-06
acuSolve:     GMRES Iter. CPU/Elapse = 4.292200e+01 4.732600e+01 
acuSolve:     pressure     sol ratio = 3.564219e-03
acuSolve:     velocity     sol ratio = 8.268005e-03
acuSolve:   Turbulence stagger "turbulence": FORM-LHS
acuSolve:     eddy-visc.   res ratio = 1.810243e-03
acuSolve:     GMRES    No iterations =        301 (7.53)
acuSolve:     GMRES      0/1/n norms = 4.573861e-10 4.573861e-10 4.550424e-12
acuSolve:     GMRES Iter. CPU/Elapse = 1.661000e+01 1.764900e+01 
acuSolve:     eddy-visc.   sol ratio = 1.892520e-03
acuSolve:   CFL timeInc              = 4.545343e-06
acuSolve:   Step CPU/Elapse time     = 8.846900e+01 9.842900e+01 Sec
acuSolve: Time-Step=   37 ; timeInc= 1.000000e+10 ; time= 3.600000e+11
acuSolve:   Flow stagger "flow": FORM-LHS
acuSolve:     pressure     res ratio = 9.237360e-07
acuSolve:     velocity     res ratio = 1.150915e-03
acuSolve:     CGP      No iterations =        133
acuSolve:     CGP        0/1/n norms = 4.603716e-06 1.799357e-06 4.464841e-08
acuSolve:     CGP   Iter. CPU/Elapse = 1.343800e+01 1.622400e+01 
acuSolve:     GMRES    No iterations =        195 (19.50)
acuSolve:     GMRES      0/1/n norms = 9.297509e-06 4.188371e-06 9.293396e-07
acuSolve:     GMRES Iter. CPU/Elapse = 4.248400e+01 5.240000e+01 
acuSolve:     pressure     sol ratio = 3.542492e-03
acuSolve:     velocity     sol ratio = 7.383686e-03
acuSolve:   Turbulence stagger "turbulence": FORM-LHS
acuSolve:     eddy-visc.   res ratio = 1.637757e-03
acuSolve:     GMRES    No iterations =        322 (8.05)
acuSolve:     GMRES      0/1/n norms = 4.794153e-10 4.794153e-10 4.768952e-12
acuSolve:     GMRES Iter. CPU/Elapse = 1.739100e+01 2.071400e+01 
acuSolve:     eddy-visc.   sol ratio = 1.584829e-03
acuSolve:   CFL timeInc              = 4.545047e-06
acuSolve:   Step CPU/Elapse time     = 8.824900e+01 1.096920e+02 Sec
acuSolve: Time-Step=   38 ; timeInc= 1.000000e+10 ; time= 3.700000e+11
acuSolve:   Flow stagger "flow": FORM-LHS
acuSolve:     pressure     res ratio = 8.330961e-07
acuSolve:     velocity     res ratio = 1.032596e-03
acuSolve:     CGP      No iterations =        127
acuSolve:     CGP        0/1/n norms = 4.131909e-06 1.596686e-06 4.096512e-08
acuSolve:     CGP   Iter. CPU/Elapse = 1.156300e+01 1.695700e+01 
acuSolve:     GMRES    No iterations =        199 (19.90)
acuSolve:     GMRES      0/1/n norms = 8.344668e-06 3.920688e-06 8.336625e-07
acuSolve:     GMRES Iter. CPU/Elapse = 4.232900e+01 5.236600e+01 
acuSolve:     pressure     sol ratio = 3.391420e-03
acuSolve:     velocity     sol ratio = 6.642682e-03
acuSolve:   Turbulence stagger "turbulence": FORM-LHS
acuSolve:     eddy-visc.   res ratio = 1.553642e-03
acuSolve:     GMRES    No iterations =        258 (6.45)
acuSolve:     GMRES      0/1/n norms = 4.667392e-10 4.667392e-10 4.640695e-12
acuSolve:     GMRES Iter. CPU/Elapse = 1.190600e+01 1.851500e+01 
acuSolve:     eddy-visc.   sol ratio = 1.652722e-03
acuSolve:   CFL timeInc              = 4.545354e-06
acuSolve:   Step CPU/Elapse time     = 8.059400e+01 1.090310e+02 Sec
acuSolve: Time-Step=   39 ; timeInc= 1.000000e+10 ; time= 3.800000e+11
acuSolve:   Flow stagger "flow": FORM-LHS
acuSolve:     pressure     res ratio = 7.897506e-07
acuSolve:     velocity     res ratio = 9.275471e-04
acuSolve:     CGP      No iterations =        134
acuSolve:     CGP        0/1/n norms = 3.708841e-06 1.425585e-06 3.708260e-08
acuSolve:     CGP   Iter. CPU/Elapse = 1.259300e+01 1.615500e+01 
acuSolve:     GMRES    No iterations =        201 (20.10)
acuSolve:     GMRES      0/1/n norms = 7.483047e-06 3.593041e-06 7.475909e-07
acuSolve:     GMRES Iter. CPU/Elapse = 4.095400e+01 5.611900e+01 
acuSolve:     pressure     sol ratio = 3.583297e-03
acuSolve:     velocity     sol ratio = 6.252630e-03
acuSolve:   Turbulence stagger "turbulence": FORM-LHS
acuSolve:     eddy-visc.   res ratio = 1.362015e-03
acuSolve:     GMRES    No iterations =        318 (7.95)
acuSolve:     GMRES      0/1/n norms = 4.108322e-10 4.108322e-10 4.100861e-12
acuSolve:     GMRES Iter. CPU/Elapse = 1.618800e+01 2.131000e+01 
acuSolve:     eddy-visc.   sol ratio = 1.678438e-03
acuSolve:   CFL timeInc              = 4.545592e-06
acuSolve:   Step CPU/Elapse time     = 9.025000e+01 1.259350e+02 Sec
acuSolve: ----------------------- End Time Step -----------------------
acuSolve: ----------------------- Offset Values -----------------------
acuSolve:            Pressure Offset = 1.013250e+05 
acuSolve:         Temperature Offset = 0.000000e+00 
acuSolve: -------------------------------------------------------------
acuSolve: Input       CPU/Elapse time= 2.957340e+02 3.758770e+02 Sec
acuSolve: Output      CPU/Elapse time= 1.251110e+02 1.716200e+02 Sec
acuSolve: Exchange    CPU/Elapse time= 2.482000e+00 1.000000e+00 Sec
acuSolve: Intf.search CPU/Elapse time= 0.000000e+00 0.000000e+00 Sec
acuSolve: Flow stagger "flow":
acuSolve:   No of res/lhs formations =           39           39
acuSolve:   Elem.Form CPU/Elapse time= 3.071370e+02 4.170150e+02 Sec
acuSolve:   Solution  CPU/Elapse time= 3.219531e+03 4.255127e+03 Sec
acuSolve: Turbulence stagger "turbulence":
acuSolve:   No of res/lhs formations =           39           39
acuSolve:   Elem.Form CPU/Elapse time= 1.577340e+02 2.012830e+02 Sec
acuSolve:   Solution  CPU/Elapse time= 1.155190e+03 1.506991e+03 Sec
acuSolve: LnSlv. (host)   Elapse time= 5.751212e+03 Sec
acuSolve: Total CPU/Elapse time      = 5.310531e+03 7.000277e+03 Sec
acuSolve: Total Memory Usage         = 1.029000e+03 Mbytes
acuRun: -*-*-*-*-*-*-*-*-*-*-*-*-*-*-*-*-*-*-*-*-*-*-*-*-*-*-*-*-*-*-*-*-
acuTrans:  Variable                         Min           Max           Ave
acuTrans: x_coordinates                  -3.048000e+01  3.048000e+01  5.921267e-01
acuTrans: y_coordinates                  -3.047922e+01  3.047922e+01 -5.812354e-03
acuTrans: z_coordinates                  -2.838512e-19  1.219200e-01  6.096000e-02
acuTrans: x_velocity                      0.000000e+00  1.184498e+02  9.622586e+01
acuTrans: y_velocity                     -5.939717e+01  5.949685e+01  1.235982e-02
acuTrans: z_velocity                      0.000000e+00  0.000000e+00  0.000000e+00
acuTrans: pressure                       -1.962818e+03  4.998591e+03 -1.046165e+02
acuTrans: eddy_viscosity                 -1.465287e-04  2.367073e-02  3.027839e-03
acuTrans: surface_y_plus                  0.000000e+00  2.840105e+02  7.262081e-01
acuTrans: surface_film_coefficient        0.000000e+00  4.683864e+02  1.185410e+00
acuTrans: x_wall_shear_stress             0.000000e+00  2.082135e+01  3.114675e-02
acuTrans: y_wall_shear_stress            -1.229444e+01  1.235445e+01  3.481077e-06
acuTrans: z_wall_shear_stress            -6.586948e-07  2.034079e-06 -7.607212e-12
acuRun: -*-*-*-*-*-*-*-*-*-*-*-*-*-*-*-*-*-*-*-*-*-*-*-*-*-*-*-*-*-*-*-*-
acuRun: Tue Mar  5 22:44:30 2024
