acuRun: Core auto detection found 12 cores
acuSolve:  ************************************************************************
acuSolve:  **                                                                    **
acuSolve:  **                                                                    **
acuSolve:  **                         Altair AcuSolve(R)                         **
acuSolve:  **                          Version: 2022.3                           **
acuSolve:  **                    A General Purpose CFD Solver                    **
acuSolve:  **                                                                    **
acuSolve:  **                                                                    **
acuSolve:  **                     Windows 8/10 v6.2.9200 x64                     **
acuSolve:  **                              IDRISHAB                              **
acuSolve:  **                             12 Core(s)                             **
acuSolve:  **                         CPU speed 2600 MHz                         **
acuSolve:  **                    2835 MB RAM,  50444 MB swap                     **
acuSolve:  **                Build Tag 1160304aakas000_WCL:81231                 **
acuSolve:  ************************************************************************
acuSolve:  ** COPYRIGHT (C) 1996-2024                 Altair Engineering, Inc.   **
acuSolve:  ** All Rights Reserved.  Copyright notice does not imply publication. **
acuSolve:  ** Contains trade secrets of Altair Engineering, Inc.                 **
acuSolve:  ** Decompilation or disassembly of this software strictly prohibited. **
acuSolve:  ************************************************************************
acuRun: Thu Apr  4 17:36:54 2024
acuRun: acuRun 
acuRun: Processing run 1 ...
acuRun: Hostname = Idrishab
acuRun: Release  = 2022.3
acuRun: num_threads is reduced from (12) to (1)
acuRun: Add C:/Program Files/Altair/2022.3/hwcfdsolvers/acusolve/win64/bin to PATH
acuRun: set PATH=C:/Program Files/Altair/2022.3/hwcfdsolvers/acusolve/win64/bin;C:/Program Files/Altair/2022.3/hwcfdsolvers/acusolve/../../mpi/win64/mpich/bin;C:\Program Files\Altair\2022.3\hwcfdsolvers\acusolve\win64\base\edem;C:\Program Files\Altair\2022.3\hwcfdsolvers\acusolve\win64\bin;C:\Program Files\Altair\2022.3\hwcfdsolvers\acusolve\win64\base\bin;C:\Program Files\Altair\2022.3\hwcfdsolvers\acusolve\win64\base\DLLs;C:\Program Files\Altair\2022.3\hwcfdsolvers\acusolve\win64\base\lib\site-packages;C:\Program Files\Altair\2022.3\hwcfdsolvers\acusolve\win64\abaqus-odb\lib;C:\Program Files\Altair\2022.3\hwcfdsolvers\acusolve\win64\perl\bin;C:\Program Files\Altair\2022.3\common\python\python3.8\win64\DLLs;C:\Program Files\Altair\2022.3\hwdesktop\..\common\framework\win64\hwx\bin\win64;C:\Program Files\Altair\2022.3\hwdesktop\hwx\bin\win64;C:\Program Files\Altair\2022.3\hwdesktop\hw\bin\win64;C:\SIMULIA\Commands;C:\Program Files\Common Files\Oracle\Java\javapath;C:\Program Files (x86)\NVIDIA Corporation\PhysX\Common;C:\Windows\system32;C:\Windows;C:\Windows\System32\Wbem;C:\Windows\System32\WindowsPowerShell\v1.0\;C:\Windows\System32\OpenSSH\;C:\Program Files\dotnet\;C:\Program Files\Microsoft SQL Server\Client SDK\ODBC\110\Tools\Binn\;C:\Program Files (x86)\Microsoft SQL Server\120\Tools\Binn\;C:\Program Files\Microsoft SQL Server\120\Tools\Binn\;C:\Program Files\Microsoft SQL Server\120\DTS\Binn\;C:\Program Files (x86)\Windows Kits\8.1\Windows Performance Toolkit\;C:\Users\habee\AppData\Local\Microsoft\WindowsApps;C:\Users\habee\AppData\Local\Programs\Microsoft VS Code\bin;C:\msys64\ucrt64\bin;C:\Users\habee\AppData\Local\Box\Box Edit\
acuRun: Run acuPrep ...
acuRun: "C:/Program Files/Altair/2022.3/hwcfdsolvers/acusolve/win64/bin/acuPrep".exe -nst 1 -npt 1 
acuPrep:                       Date = Thu Apr  4 17:36:54 2024
acuPrep:                    Problem = e193_0.3m
acuPrep:                        Run = 1
acuPrep:                   Hostname = IDRISHAB
acuPrep:                   Platform = Windows 8/10 v6.2.9200 x64
acuPrep:                    Machine = win64
acuPrep:                   CPU name = 13th Gen Intel(R) Core(TM) i7-1355U
acuPrep:                  CPU speed = 2600 MHz
acuPrep:                  RAM space = 2827 Mbytes
acuPrep:                 Swap space = 50444 Mbytes
acuPrep:                    Release = 2022.3
acuPrep:               Release date = Mar 22 2023
acuPrep:                  Build Tag = 1160304aakas000_WCL:81231
acuPrep:       Number of subdomains = 1
acuPrep:          Number of threads = 1
acuPrep:  Number of AcuPrep threads = 1
acuPrep:          Working directory = ACUSIM.DIR
acuPrep: ------------------------------------------------------------------
acuPrep: Reading INCLUDE
acuPrep: Processing INCLUDE
acuPrep: INCLUDE: File MESH.DIR/e193_0.3m_meshsets.inc
acuPrep: Reading COORDINATE
acuPrep: Reading VOLUME_SET( "e193_0.3m.SolidBody_3_1.wedge6" )
acuPrep: Reading VOLUME_SET( "e193_0.3m.SolidBody_3_1.hex8" )
acuPrep: Reading SURFACE_SET( "e193_0.3m.SurfaceSet_1.quad4.SolidBody_3_1.hex8" )
acuPrep: Reading SURFACE_SET( "e193_0.3m.SurfaceSet_2.quad4.SolidBody_3_1.wedge6" )
acuPrep: Reading SURFACE_SET( "e193_0.3m.SurfaceSet_3.tria3.SolidBody_3_1.wedge6" )
acuPrep: Reading SURFACE_SET( "e193_0.3m.SurfaceSet_3.quad4.SolidBody_3_1.hex8" )
acuPrep: Reading ANALYSIS
acuPrep: Reading EQUATION
acuPrep: Reading AUTO_SOLUTION_STRATEGY
acuPrep: Processing AUTO_SOLUTION_STRATEGY
acuPrep: AUTO_SOLUTION_STRATEGY: creating and including "e193_0.3m.ss.inc" ...
acuPrep: Reading TIME_SEQUENCE
acuPrep: Reading STAGGER( "flow" )
acuPrep: Reading STAGGER( "turbulence" )
acuPrep: Reading TIME_INCREMENT
acuPrep: Reading TIME_INTEGRATION
acuPrep: Reading LINEAR_SOLVER_PARAMETERS
acuPrep: Reading CONVERGENCE_CHECK_PARAMETERS
acuPrep: Reading ALGEBRAIC_MULTIGRID_PARAMETERS
acuPrep: Reading TIME_INTEGRATION
acuPrep: *** WARNING: Multiple command issue
acuPrep: Reading DENSITY_MODEL( "Air" )
acuPrep: Reading CONDUCTIVITY_MODEL( "Air" )
acuPrep: Reading SPECIFIC_HEAT_MODEL( "Air" )
acuPrep: Reading VISCOSITY_MODEL( "Air" )
acuPrep: Reading MATERIAL_MODEL( "Air" )
acuPrep: Reading MESH_BOUNDARY_CONDITION( "Fixed" )
acuPrep: Reading ELEMENT_SET( "e193_0.3m-2 SolidBody_3_1" )
acuPrep: Reading NODAL_INITIAL_CONDITION( "pressure" )
acuPrep: Reading SIMPLE_BOUNDARY_CONDITION( "Wall" )
acuPrep: Reading SURFACE_OUTPUT( "Wall - Output" )
acuPrep: Reading SIMPLE_BOUNDARY_CONDITION( "Far field" )
acuPrep: Reading SURFACE_OUTPUT( "Far field - Output" )
acuPrep: Reading SIMPLE_BOUNDARY_CONDITION( "Slip" )
acuPrep: Reading SURFACE_OUTPUT( "Slip - Output" )
acuPrep: Reading NODAL_OUTPUT
acuPrep: Reading DERIVED_QUANTITY_OUTPUT
acuPrep: Reading RESTART_OUTPUT
acuPrep: Reading TIME_AVERAGE_OUTPUT
acuPrep: Reading NODAL_RESIDUAL_OUTPUT
acuPrep: Reading RUN
acuPrep: Processing RUN
acuPrep: Processing ANALYSIS
acuPrep: Processing EQUATION
acuPrep: Processing FIELD( "none" )
acuPrep: Processing TURBULENCE_MODEL_PARAMETERS
acuPrep: Processing USER_GLOBAL_DATA( "none" )
acuPrep: Processing MULTIPLIER_FUNCTION( "none" )
acuPrep: Processing RADIATION
acuPrep: Processing SOLAR_RADIATION
acuPrep: Processing PARTICLE_TRACE
acuPrep: Processing EXTERNAL_CODE
acuPrep: Processing REFERENCE_FRAME( "none" )
acuPrep: Processing MESH_MOTION( "none" )
acuPrep: Processing OPTIMIZATION
acuPrep: Processing TIME_SEQUENCE
acuPrep: Processing STAGGER( "flow" )
acuPrep: Processing STAGGER( "turbulence" )
acuPrep: Processing TIME_INCREMENT
acuPrep: Processing CONVERGENCE_CHECK_PARAMETERS
acuPrep: Processing ALGEBRAIC_MULTIGRID_PARAMETERS
acuPrep: Processing TIME_INTEGRATION
acuPrep: Processing LINEAR_SOLVER_PARAMETERS
acuPrep: Processing GRAVITY( "none" )
acuPrep: Processing MOMENTUM_SOURCE( "none" )
acuPrep: Processing ROTATION_FORCE( "none" )
acuPrep: Processing MASS_HEAT_SOURCE( "none" )
acuPrep: Processing VOLUME_HEAT_SOURCE( "none" )
acuPrep: Processing MASS_SPECIES_SOURCE( "none" )
acuPrep: Processing VOLUME_SPECIES_SOURCE( "none" )
acuPrep: Processing MASS_FIELD_SOURCE( "none" )
acuPrep: Processing VOLUME_FIELD_SOURCE( "none" )
acuPrep: Processing WAVE_DAMPING_SOURCE
acuPrep: Processing BODY_FORCE( "none" )
acuPrep: Processing DENSITY_MODEL( "none" )
acuPrep: Processing DENSITY_MODEL( "Air" )
acuPrep: Processing SPECIFIC_HEAT_MODEL( "none" )
acuPrep: Processing SPECIFIC_HEAT_MODEL( "Air" )
acuPrep: Processing VISCOSITY_MODEL( "none" )
acuPrep: Processing VISCOSITY_MODEL( "Air" )
acuPrep: Processing VISCOELASTIC_MODEL( "none" )
acuPrep: Processing CONDUCTIVITY_MODEL( "none" )
acuPrep: Processing CONDUCTIVITY_MODEL( "Air" )
acuPrep: Processing DIFFUSIVITY_MODEL( "none" )
acuPrep: Processing POROSITY_MODEL( "none" )
acuPrep: Processing MATERIAL_RADIATION_MODEL( "none" )
acuPrep: Processing GAS_KINETIC_MODEL( "none" )
acuPrep: Processing ELECTRICAL_RESISTIVITY_MODEL( "none" )
acuPrep: Processing BATTERY_MODEL( "none" )
acuPrep: Processing MATERIAL_MODEL( "none" )
acuPrep: Processing MATERIAL_MODEL( "Air" )
acuPrep: Processing SURFACE_TENSION_MODEL( "none" )
acuPrep: Processing CONTACT_ANGLE_MODEL( "none" )
acuPrep: Processing FIELD_INTERACTION_MODEL( "none" )
acuPrep: Processing MULTI_FIELD_MODEL( "none" )
acuPrep: Processing EMISSIVITY_MODEL( "none" )
acuPrep: Processing SOLAR_RADIATION_MODEL( "none" )
acuPrep: Processing BATTERY_COMPONENT_MODEL( "none" )
acuPrep: Processing BATTERY_MODULE( "none" )
acuPrep: Processing COORDINATE
acuPrep:            2D mesh direction =          Z
acuPrep: Processing NODAL_INITIAL_CONDITION( "pressure" )
acuPrep: Processing NODAL_OUTPUT
acuPrep: Processing DERIVED_QUANTITY_OUTPUT
acuPrep: Processing RUNNING_AVERAGE_OUTPUT
acuPrep: Processing TIME_AVERAGE_OUTPUT
acuPrep: Processing RESTART_OUTPUT
acuPrep: Processing ERROR_ESTIMATOR_OUTPUT
acuPrep: Processing NODAL_RESIDUAL_OUTPUT
acuPrep: Processing VOLUME_SET( "e193_0.3m.SolidBody_3_1.wedge6" )
acuPrep: Processing VOLUME_SET( "e193_0.3m.SolidBody_3_1.hex8" )
acuPrep: Processing ELEMENT_SET( "e193_0.3m-2 SolidBody_3_1" )
acuPrep: Processing SURFACE_SET( "e193_0.3m.SurfaceSet_1.quad4.SolidBody_3_1.hex8" )
acuPrep: Processing SURFACE_SET( "e193_0.3m.SurfaceSet_2.quad4.SolidBody_3_1.wedge6" )
acuPrep: Processing SURFACE_SET( "e193_0.3m.SurfaceSet_3.tria3.SolidBody_3_1.wedge6" )
acuPrep: Processing SURFACE_SET( "e193_0.3m.SurfaceSet_3.quad4.SolidBody_3_1.hex8" )
acuPrep: Processing FIELD_BOUNDARY_CONDITION( "none" )
acuPrep: Processing SIMPLE_BOUNDARY_CONDITION( "Wall" )
acuPrep: Processing SIMPLE_BOUNDARY_CONDITION( "Far field" )
acuPrep: Processing SIMPLE_BOUNDARY_CONDITION( "Slip" )
acuPrep: Processing MESH_BOUNDARY_CONDITION( "Fixed" )
acuPrep: Processing SURFACE_OUTPUT( "Wall - Output" )
acuPrep: Processing SURFACE_OUTPUT( "Far field - Output" )
acuPrep: Processing SURFACE_OUTPUT( "Slip - Output" )
acuPrep: *** WARNING: surface output on 2D plane ignored
acuPrep: *** WARNING: surface output on 2D plane ignored
acuPrep: Processing FWH_OUTPUT
acuPrep: Processing VAO_OUTPUT
acuPrep: ------------------------------------------------------------------
acuPrep:          Minimum coordinates = -1.5000e+01 -1.5000e+01 -3.0000e-02
acuPrep:          Maximum coordinates =  1.5000e+01  1.5000e+01  3.0000e-02
acuPrep:                   Dimensions =  3.0000e+01  2.9999e+01  6.0000e-02
acuPrep:                  Total nodes =      94936
acuPrep:               Total elements =      84785
acuPrep:                Element aggl. =          1
acuPrep:    Total aggl. rad. surfaces =          0
acuPrep:     Total interface surfaces =          0
acuPrep: ------------------------------------------------------------------
acuPrep:                  Output data = Subdomain 0
acuPrep:                  Output data = Domain decomposition
acuPrep:                  Output data = Surface output
acuPrep: ------------------------------------------------------------------
acuPrep:       Input  CPU/Elapse time = 3.000000e-02 4.900000e-02 Sec
acuPrep:       Proc.  CPU/Elapse time = 1.100000e-01 5.380000e-01 Sec
acuPrep:       Solar  CPU/Elapse time = 0.000000e+00 0.000000e+00 Sec
acuPrep:       DDC    CPU/Elapse time = 0.000000e+00 4.400000e-02 Sec
acuPrep:       Output CPU/Elapse time = 0.000000e+00 9.900000e-02 Sec
acuPrep:       Total  CPU/Elapse time = 1.400000e-01 7.440000e-01 Sec
acuPrep:            Total Memory Size = 1.490000e+02 Mbytes
acuRun: -*-*-*-*-*-*-*-*-*-*-*-*-*-*-*-*-*-*-*-*-*-*-*-*-*-*-*-*-*-*-*-*-
acuRun: No enclosure radiation found: Bypassing acuView
acuRun: -*-*-*-*-*-*-*-*-*-*-*-*-*-*-*-*-*-*-*-*-*-*-*-*-*-*-*-*-*-*-*-*-
acuRun: Run acuSolve ...
acuRun: Add C:/Program Files/Altair/2022.3/hwcfdsolvers/acusolve/../../mpi/win64/mpich/bin to PATH
acuRun: set PATH=C:/Program Files/Altair/2022.3/hwcfdsolvers/acusolve/../../mpi/win64/mpich/bin;C:/Program Files/Altair/2022.3/hwcfdsolvers/acusolve/win64/bin;C:/Program Files/Altair/2022.3/hwcfdsolvers/acusolve/../../mpi/win64/mpich/bin;C:\Program Files\Altair\2022.3\hwcfdsolvers\acusolve\win64\base\edem;C:\Program Files\Altair\2022.3\hwcfdsolvers\acusolve\win64\bin;C:\Program Files\Altair\2022.3\hwcfdsolvers\acusolve\win64\base\bin;C:\Program Files\Altair\2022.3\hwcfdsolvers\acusolve\win64\base\DLLs;C:\Program Files\Altair\2022.3\hwcfdsolvers\acusolve\win64\base\lib\site-packages;C:\Program Files\Altair\2022.3\hwcfdsolvers\acusolve\win64\abaqus-odb\lib;C:\Program Files\Altair\2022.3\hwcfdsolvers\acusolve\win64\perl\bin;C:\Program Files\Altair\2022.3\common\python\python3.8\win64\DLLs;C:\Program Files\Altair\2022.3\hwdesktop\..\common\framework\win64\hwx\bin\win64;C:\Program Files\Altair\2022.3\hwdesktop\hwx\bin\win64;C:\Program Files\Altair\2022.3\hwdesktop\hw\bin\win64;C:\SIMULIA\Commands;C:\Program Files\Common Files\Oracle\Java\javapath;C:\Program Files (x86)\NVIDIA Corporation\PhysX\Common;C:\Windows\system32;C:\Windows;C:\Windows\System32\Wbem;C:\Windows\System32\WindowsPowerShell\v1.0\;C:\Windows\System32\OpenSSH\;C:\Program Files\dotnet\;C:\Program Files\Microsoft SQL Server\Client SDK\ODBC\110\Tools\Binn\;C:\Program Files (x86)\Microsoft SQL Server\120\Tools\Binn\;C:\Program Files\Microsoft SQL Server\120\Tools\Binn\;C:\Program Files\Microsoft SQL Server\120\DTS\Binn\;C:\Program Files (x86)\Windows Kits\8.1\Windows Performance Toolkit\;C:\Users\habee\AppData\Local\Microsoft\WindowsApps;C:\Users\habee\AppData\Local\Programs\Microsoft VS Code\bin;C:\msys64\ucrt64\bin;C:\Users\habee\AppData\Local\Box\Box Edit\
acuRun: "C:/Program Files/Altair/2022.3/hwcfdsolvers/acusolve/win64/bin/acuSolve".exe -np 1 -nt 1
acuSolve: Topology linear DC-capturing on
acuSolve: AcuSolve checked out license from HyperWorks
acuSolve:                       Date = Thu Apr  4 17:36:57 2024
acuSolve:                    Problem = e193_0.3m
acuSolve:                        Run = 1
acuSolve:                      Title = e193_0.3m
acuSolve:                   Subtitle = 
acuSolve:                  Base unit = unknown
acuSolve:                   Hostname = IDRISHAB
acuSolve:                   Platform = Windows 8/10 v6.2.9200 x64
acuSolve:                    Machine = win64
acuSolve:                   CPU name = 13th Gen Intel(R) Core(TM) i7-1355U
acuSolve:                  CPU speed = 2600 MHz
acuSolve:                  RAM space = 2501 Mbytes
acuSolve:                 Swap space = 50444 Mbytes
acuSolve:                    Release = 2022.3
acuSolve:               Release date = Mar 22 2023
acuSolve:                  Build Tag = 1160304aakas000_WCL:81231
acuSolve:       Message passing type = none
acuSolve:       Number of subdomains = 1
acuSolve:       Number of processors = 1
acuSolve:                  Non-zeros = 1397976
acuSolve:          Working directory = ACUSIM.DIR
acuSolve: ---------------------- Input Phase --------------------------
acuSolve: Input CPU/Elapse time      = 1.080000e-01 2.672000e+00 Sec
acuSolve: Input Memory Usage         = 2.630000e+02 Mbytes
acuSolve: Initializing based on Stokes:
acuSolve:     CGP      No iterations =        147
acuSolve:     CGP        0/1/n norms = 6.229986e-05 2.357418e-04 5.980558e-07
acuSolve:     CGP   Iter. CPU/Elapse = 6.570000e-01 1.454000e+00 
acuSolve:     GMRES    No iterations =       1000 (100.00)
acuSolve:     GMRES      0/1/n norms = 7.293518e-05 5.446027e+00 4.952483e-04
acuSolve:     GMRES Iter. CPU/Elapse = 8.328000e+00 2.301100e+01 
acuSolve: Initializing turbulence field variables
acuSolve:   Eddy visc.   min/ave/max =  1.039368e-04  1.431625e-03  1.453878e-03
acuSolve: Init. CPU/Elapse time      = 9.360000e+00 2.510900e+01 Sec
acuSolve: ---------------------- Begin Time Step ----------------------
acuSolve: Time-Step=    1 ; timeInc= 1.000000e+10 ; time= 0.000000e+00
acuSolve:   Flow stagger "flow": FORM-LHS
acuSolve:     pressure     res ratio = 2.053568e-02
acuSolve:     velocity     res ratio = 6.918289e-01
acuSolve:     CGP      No iterations =        553
acuSolve:     CGP        0/1/n norms = 6.217081e-03 5.143363e-03 6.188639e-05
acuSolve:     CGP   Iter. CPU/Elapse = 5.620000e-01 5.291000e+00 
acuSolve:     GMRES    No iterations =        500 (50.00)
acuSolve:     GMRES      0/1/n norms = 4.004516e-02 8.668761e-02 2.649219e-04
acuSolve:     GMRES Iter. CPU/Elapse = 1.063000e+00 1.175900e+01 
acuSolve:     pressure     sol ratio = 8.639804e+02
acuSolve:     velocity     sol ratio = 1.314072e+00
acuSolve:   Turbulence stagger "turbulence": FORM-LHS
acuSolve:     eddy-visc.   res ratio = 7.007150e-01
acuSolve:     GMRES    No iterations =        180 (4.50)
acuSolve:     GMRES      0/1/n norms = 2.462509e-07 2.462509e-07 2.354371e-09
acuSolve:     GMRES Iter. CPU/Elapse = 7.800000e-02 9.900000e-01 
acuSolve:     eddy-visc.   sol ratio = 4.077321e+00
acuSolve:   CFL timeInc              = 1.858122e-07
acuSolve:   Step CPU/Elapse time     = 1.828000e+00 1.949200e+01 Sec
acuSolve: Time-Step=    2 ; timeInc= 1.000000e+10 ; time= 1.000000e+10
acuSolve:   Flow stagger "flow": FORM-LHS
acuSolve:     pressure     res ratio = 8.416671e-03
acuSolve:     velocity     res ratio = 7.385900e-03
acuSolve:     CGP      No iterations =        407
acuSolve:     CGP        0/1/n norms = 4.287082e-03 2.813957e-03 4.277514e-05
acuSolve:     CGP   Iter. CPU/Elapse = 9.300000e-02 3.946000e+00 
acuSolve:     GMRES    No iterations =        250 (25.00)
acuSolve:     GMRES      0/1/n norms = 2.339217e-02 3.976657e-02 4.228166e-04
acuSolve:     GMRES Iter. CPU/Elapse = 9.400000e-02 6.152000e+00 
acuSolve:     pressure     sol ratio = 8.656816e-01
acuSolve:     velocity     sol ratio = 1.067871e+00
acuSolve:   Turbulence stagger "turbulence": FORM-LHS
acuSolve:     eddy-visc.   res ratio = 5.967982e-01
acuSolve:     GMRES    No iterations =        188 (4.70)
acuSolve:     GMRES      0/1/n norms = 6.840108e-08 6.840108e-08 6.543558e-10
acuSolve:     GMRES Iter. CPU/Elapse = 0.000000e+00 1.182000e+00 
acuSolve:     eddy-visc.   sol ratio = 1.033112e+00
acuSolve:   CFL timeInc              = 2.281914e-07
acuSolve:   Step CPU/Elapse time     = 1.870000e-01 1.275700e+01 Sec
acuSolve: Time-Step=    3 ; timeInc= 1.000000e+10 ; time= 2.000000e+10
acuSolve:   Flow stagger "flow": FORM-LHS
acuSolve:     pressure     res ratio = 3.102959e-03
acuSolve:     velocity     res ratio = 1.075347e-02
acuSolve:     CGP      No iterations =        262
acuSolve:     CGP        0/1/n norms = 1.455014e-03 2.739634e-03 1.453880e-05
acuSolve:     CGP   Iter. CPU/Elapse = 3.200000e-02 2.787000e+00 
acuSolve:     GMRES    No iterations =        125 (12.50)
acuSolve:     GMRES      0/1/n norms = 1.431413e-02 1.677753e-02 9.920876e-04
acuSolve:     GMRES Iter. CPU/Elapse = 7.800000e-02 3.217000e+00 
acuSolve:     pressure     sol ratio = 1.135056e+00
acuSolve:     velocity     sol ratio = 6.815025e-01
acuSolve:   Turbulence stagger "turbulence": FORM-LHS
acuSolve:     eddy-visc.   res ratio = 5.730237e-01
acuSolve:     GMRES    No iterations =        170 (4.25)
acuSolve:     GMRES      0/1/n norms = 3.724233e-08 3.724233e-08 3.656698e-10
acuSolve:     GMRES Iter. CPU/Elapse = 1.870000e-01 1.050000e+00 
acuSolve:     eddy-visc.   sol ratio = 5.613852e-01
acuSolve:   CFL timeInc              = 4.767935e-07
acuSolve:   Step CPU/Elapse time     = 4.220000e-01 8.565000e+00 Sec
acuSolve: Time-Step=    4 ; timeInc= 1.000000e+10 ; time= 3.000000e+10
acuSolve:   Flow stagger "flow": FORM-LHS
acuSolve:     pressure     res ratio = 2.138050e-03
acuSolve:     velocity     res ratio = 1.505066e-02
acuSolve:     CGP      No iterations =        234
acuSolve:     CGP        0/1/n norms = 1.304352e-03 2.210881e-03 1.283164e-05
acuSolve:     CGP   Iter. CPU/Elapse = 1.235000e+00 2.482000e+00 
acuSolve:     GMRES    No iterations =         99 (9.90)
acuSolve:     GMRES      0/1/n norms = 7.967541e-03 8.424789e-03 7.947504e-04
acuSolve:     GMRES Iter. CPU/Elapse = 1.078000e+00 2.471000e+00 
acuSolve:     pressure     sol ratio = 9.817036e-01
acuSolve:     velocity     sol ratio = 4.808652e-01
acuSolve:   Turbulence stagger "turbulence": FORM-LHS
acuSolve:     eddy-visc.   res ratio = 5.008418e-01
acuSolve:     GMRES    No iterations =        173 (4.33)
acuSolve:     GMRES      0/1/n norms = 1.824242e-08 1.824242e-08 1.779143e-10
acuSolve:     GMRES Iter. CPU/Elapse = 6.400000e-01 1.113000e+00 
acuSolve:     eddy-visc.   sol ratio = 6.725656e-01
acuSolve:   CFL timeInc              = 7.250271e-07
acuSolve:   Step CPU/Elapse time     = 3.750000e+00 7.553000e+00 Sec
acuSolve: Time-Step=    5 ; timeInc= 1.000000e+10 ; time= 4.000000e+10
acuSolve:   Flow stagger "flow": FORM-LHS
acuSolve:     pressure     res ratio = 1.223096e-03
acuSolve:     velocity     res ratio = 1.810714e-02
acuSolve:     CGP      No iterations =        243
acuSolve:     CGP        0/1/n norms = 1.009251e-03 1.251487e-03 9.993058e-06
acuSolve:     CGP   Iter. CPU/Elapse = 1.422000e+00 2.668000e+00 
acuSolve:     GMRES    No iterations =        151 (15.10)
acuSolve:     GMRES      0/1/n norms = 4.451500e-03 4.931302e-03 4.433959e-04
acuSolve:     GMRES Iter. CPU/Elapse = 1.282000e+00 3.827000e+00 
acuSolve:     pressure     sol ratio = 1.270900e+00
acuSolve:     velocity     sol ratio = 5.077887e-01
acuSolve:   Turbulence stagger "turbulence": FORM-LHS
acuSolve:     eddy-visc.   res ratio = 3.536873e-01
acuSolve:     GMRES    No iterations =        204 (5.10)
acuSolve:     GMRES      0/1/n norms = 1.811989e-08 1.811989e-08 1.810160e-10
acuSolve:     GMRES Iter. CPU/Elapse = 2.030000e-01 1.315000e+00 
acuSolve:     eddy-visc.   sol ratio = 5.829700e-01
acuSolve:   CFL timeInc              = 9.988884e-07
acuSolve:   Step CPU/Elapse time     = 3.391000e+00 9.327000e+00 Sec
acuSolve: Time-Step=    6 ; timeInc= 1.000000e+10 ; time= 5.000000e+10
acuSolve:   Flow stagger "flow": FORM-LHS
acuSolve:     pressure     res ratio = 6.662701e-04
acuSolve:     velocity     res ratio = 2.012779e-02
acuSolve:     CGP      No iterations =        189
acuSolve:     CGP        0/1/n norms = 7.129273e-04 9.075326e-04 7.098171e-06
acuSolve:     CGP   Iter. CPU/Elapse = 3.430000e-01 2.028000e+00 
acuSolve:     GMRES    No iterations =        160 (16.00)
acuSolve:     GMRES      0/1/n norms = 2.552443e-03 2.537238e-03 2.544630e-04
acuSolve:     GMRES Iter. CPU/Elapse = 2.350000e-01 4.001000e+00 
acuSolve:     pressure     sol ratio = 3.637782e-01
acuSolve:     velocity     sol ratio = 3.770376e-01
acuSolve:   Turbulence stagger "turbulence": FORM-LHS
acuSolve:     eddy-visc.   res ratio = 2.208157e-01
acuSolve:     GMRES    No iterations =        214 (5.35)
acuSolve:     GMRES      0/1/n norms = 8.958657e-09 8.958657e-09 8.943799e-11
acuSolve:     GMRES Iter. CPU/Elapse = 1.100000e-01 1.389000e+00 
acuSolve:     eddy-visc.   sol ratio = 6.957457e-01
acuSolve:   CFL timeInc              = 8.837033e-07
acuSolve:   Step CPU/Elapse time     = 9.530000e-01 8.914000e+00 Sec
acuSolve: Time-Step=    7 ; timeInc= 1.000000e+10 ; time= 6.000000e+10
acuSolve:   Flow stagger "flow": FORM-LHS
acuSolve:     pressure     res ratio = 3.835662e-04
acuSolve:     velocity     res ratio = 1.718115e-02
acuSolve:     CGP      No iterations =        215
acuSolve:     CGP        0/1/n norms = 5.385383e-04 6.899417e-04 5.218302e-06
acuSolve:     CGP   Iter. CPU/Elapse = 1.297000e+00 2.355000e+00 
acuSolve:     GMRES    No iterations =        158 (15.80)
acuSolve:     GMRES      0/1/n norms = 1.664323e-03 1.427485e-03 1.662609e-04
acuSolve:     GMRES Iter. CPU/Elapse = 1.969000e+00 4.020000e+00 
acuSolve:     pressure     sol ratio = 2.679100e-01
acuSolve:     velocity     sol ratio = 3.183462e-01
acuSolve:   Turbulence stagger "turbulence": FORM-LHS
acuSolve:     eddy-visc.   res ratio = 1.478626e-01
acuSolve:     GMRES    No iterations =        228 (5.70)
acuSolve:     GMRES      0/1/n norms = 5.701074e-09 5.701074e-09 5.633789e-11
acuSolve:     GMRES Iter. CPU/Elapse = 7.500000e-01 1.436000e+00 
acuSolve:     eddy-visc.   sol ratio = 6.711151e-01
acuSolve:   CFL timeInc              = 6.606323e-07
acuSolve:   Step CPU/Elapse time     = 4.687000e+00 9.332000e+00 Sec
acuSolve: Time-Step=    8 ; timeInc= 1.000000e+10 ; time= 7.000000e+10
acuSolve:   Flow stagger "flow": FORM-LHS
acuSolve:     pressure     res ratio = 2.576147e-04
acuSolve:     velocity     res ratio = 2.023212e-02
acuSolve:     CGP      No iterations =        175
acuSolve:     CGP        0/1/n norms = 3.965995e-04 3.882336e-04 3.830616e-06
acuSolve:     CGP   Iter. CPU/Elapse = 9.380000e-01 1.953000e+00 
acuSolve:     GMRES    No iterations =        188 (18.80)
acuSolve:     GMRES      0/1/n norms = 1.122282e-03 8.783151e-04 1.122054e-04
acuSolve:     GMRES Iter. CPU/Elapse = 2.656000e+00 4.798000e+00 
acuSolve:     pressure     sol ratio = 3.030568e-01
acuSolve:     velocity     sol ratio = 2.869584e-01
acuSolve:   Turbulence stagger "turbulence": FORM-LHS
acuSolve:     eddy-visc.   res ratio = 1.537721e-01
acuSolve:     GMRES    No iterations =        222 (5.55)
acuSolve:     GMRES      0/1/n norms = 4.970366e-09 4.970366e-09 4.943876e-11
acuSolve:     GMRES Iter. CPU/Elapse = 7.340000e-01 1.425000e+00 
acuSolve:     eddy-visc.   sol ratio = 5.873955e-01
acuSolve:   CFL timeInc              = 5.841353e-07
acuSolve:   Step CPU/Elapse time     = 5.001000e+00 9.722000e+00 Sec
acuSolve: Time-Step=    9 ; timeInc= 1.000000e+10 ; time= 8.000000e+10
acuSolve:   Flow stagger "flow": FORM-LHS
acuSolve:     pressure     res ratio = 1.959563e-04
acuSolve:     velocity     res ratio = 1.859229e-02
acuSolve:     CGP      No iterations =        165
acuSolve:     CGP        0/1/n norms = 3.058269e-04 2.784332e-04 3.019196e-06
acuSolve:     CGP   Iter. CPU/Elapse = 3.100000e-02 1.847000e+00 
acuSolve:     GMRES    No iterations =        182 (18.20)
acuSolve:     GMRES      0/1/n norms = 7.830103e-04 6.369689e-04 7.813434e-05
acuSolve:     GMRES Iter. CPU/Elapse = 9.400000e-02 4.602000e+00 
acuSolve:     pressure     sol ratio = 1.885025e-01
acuSolve:     velocity     sol ratio = 2.412280e-01
acuSolve:   Turbulence stagger "turbulence": FORM-LHS
acuSolve:     eddy-visc.   res ratio = 1.686257e-01
acuSolve:     GMRES    No iterations =        241 (6.03)
acuSolve:     GMRES      0/1/n norms = 3.920007e-09 3.920007e-09 3.901487e-11
acuSolve:     GMRES Iter. CPU/Elapse = 1.720000e-01 1.530000e+00 
acuSolve:     eddy-visc.   sol ratio = 6.230639e-01
acuSolve:   CFL timeInc              = 4.526134e-07
acuSolve:   Step CPU/Elapse time     = 3.430000e-01 9.545000e+00 Sec
acuSolve: Time-Step=   10 ; timeInc= 1.000000e+10 ; time= 9.000000e+10
acuSolve:   Flow stagger "flow": FORM-LHS
acuSolve:     pressure     res ratio = 1.385803e-04
acuSolve:     velocity     res ratio = 1.534179e-02
acuSolve:     CGP      No iterations =        163
acuSolve:     CGP        0/1/n norms = 2.389258e-04 1.597236e-04 2.335542e-06
acuSolve:     CGP   Iter. CPU/Elapse = 4.700000e-02 1.787000e+00 
acuSolve:     GMRES    No iterations =        170 (17.00)
acuSolve:     GMRES      0/1/n norms = 5.848549e-04 4.787617e-04 5.843329e-05
acuSolve:     GMRES Iter. CPU/Elapse = 3.280000e-01 4.161000e+00 
acuSolve:     pressure     sol ratio = 2.219219e-01
acuSolve:     velocity     sol ratio = 1.928161e-01
acuSolve:   Turbulence stagger "turbulence": FORM-LHS
acuSolve:     eddy-visc.   res ratio = 1.422331e-01
acuSolve:     GMRES    No iterations =        216 (5.40)
acuSolve:     GMRES      0/1/n norms = 3.770453e-09 3.770453e-09 3.725741e-11
acuSolve:     GMRES Iter. CPU/Elapse = 1.250000e-01 1.335000e+00 
acuSolve:     eddy-visc.   sol ratio = 5.572095e-01
acuSolve:   CFL timeInc              = 3.580745e-07
acuSolve:   Step CPU/Elapse time     = 5.940000e-01 8.805000e+00 Sec
acuSolve: Time-Step=   11 ; timeInc= 1.000000e+10 ; time= 1.000000e+11
acuSolve:   Flow stagger "flow": FORM-LHS
acuSolve:     pressure     res ratio = 1.084933e-04
acuSolve:     velocity     res ratio = 1.252215e-02
acuSolve:     CGP      No iterations =        171
acuSolve:     CGP        0/1/n norms = 1.947810e-04 1.375693e-04 1.926758e-06
acuSolve:     CGP   Iter. CPU/Elapse = 1.250000e-01 1.858000e+00 
acuSolve:     GMRES    No iterations =        163 (16.30)
acuSolve:     GMRES      0/1/n norms = 4.630389e-04 3.648159e-04 4.621816e-05
acuSolve:     GMRES Iter. CPU/Elapse = 5.630000e-01 4.005000e+00 
acuSolve:     pressure     sol ratio = 1.080942e-01
acuSolve:     velocity     sol ratio = 1.256409e-01
acuSolve:   Turbulence stagger "turbulence": FORM-LHS
acuSolve:     eddy-visc.   res ratio = 1.091796e-01
acuSolve:     GMRES    No iterations =        208 (5.20)
acuSolve:     GMRES      0/1/n norms = 3.617614e-09 3.617614e-09 3.572229e-11
acuSolve:     GMRES Iter. CPU/Elapse = 4.700000e-02 1.314000e+00 
acuSolve:     eddy-visc.   sol ratio = 4.178955e-01
acuSolve:   CFL timeInc              = 3.463796e-07
acuSolve:   Step CPU/Elapse time     = 1.016000e+00 8.673000e+00 Sec
acuSolve: Time-Step=   12 ; timeInc= 1.000000e+10 ; time= 1.100000e+11
acuSolve:   Flow stagger "flow": FORM-LHS
acuSolve:     pressure     res ratio = 7.978735e-05
acuSolve:     velocity     res ratio = 1.461255e-02
acuSolve:     CGP      No iterations =        162
acuSolve:     CGP        0/1/n norms = 1.591580e-04 1.021833e-04 1.572238e-06
acuSolve:     CGP   Iter. CPU/Elapse = 3.910000e-01 1.772000e+00 
acuSolve:     GMRES    No iterations =        174 (17.40)
acuSolve:     GMRES      0/1/n norms = 3.705197e-04 2.753869e-04 3.695950e-05
acuSolve:     GMRES Iter. CPU/Elapse = 9.400000e-02 4.353000e+00 
acuSolve:     pressure     sol ratio = 7.656629e-02
acuSolve:     velocity     sol ratio = 9.553164e-02
acuSolve:   Turbulence stagger "turbulence": FORM-LHS
acuSolve:     eddy-visc.   res ratio = 9.019218e-02
acuSolve:     GMRES    No iterations =        189 (4.72)
acuSolve:     GMRES      0/1/n norms = 3.577391e-09 3.577391e-09 3.548160e-11
acuSolve:     GMRES Iter. CPU/Elapse = 7.800000e-02 1.140000e+00 
acuSolve:     eddy-visc.   sol ratio = 2.260524e-01
acuSolve:   CFL timeInc              = 2.959350e-07
acuSolve:   Step CPU/Elapse time     = 1.047000e+00 8.740000e+00 Sec
acuSolve: Time-Step=   13 ; timeInc= 1.000000e+10 ; time= 1.200000e+11
acuSolve:   Flow stagger "flow": FORM-LHS
acuSolve:     pressure     res ratio = 6.691527e-05
acuSolve:     velocity     res ratio = 1.263402e-02
acuSolve:     CGP      No iterations =        155
acuSolve:     CGP        0/1/n norms = 1.295146e-04 6.603719e-05 1.277064e-06
acuSolve:     CGP   Iter. CPU/Elapse = 2.660000e-01 1.634000e+00 
acuSolve:     GMRES    No iterations =        197 (19.70)
acuSolve:     GMRES      0/1/n norms = 2.920491e-04 2.267679e-04 2.918389e-05
acuSolve:     GMRES Iter. CPU/Elapse = 6.560000e-01 4.924000e+00 
acuSolve:     pressure     sol ratio = 5.688052e-02
acuSolve:     velocity     sol ratio = 1.004584e-01
acuSolve:   Turbulence stagger "turbulence": FORM-LHS
acuSolve:     eddy-visc.   res ratio = 6.610885e-02
acuSolve:     GMRES    No iterations =        180 (4.50)
acuSolve:     GMRES      0/1/n norms = 3.168551e-09 3.168551e-09 3.164764e-11
acuSolve:     GMRES Iter. CPU/Elapse = 9.400000e-02 1.271000e+00 
acuSolve:     eddy-visc.   sol ratio = 9.112874e-02
acuSolve:   CFL timeInc              = 2.777741e-07
acuSolve:   Step CPU/Elapse time     = 1.109000e+00 9.365000e+00 Sec
acuSolve: Time-Step=   14 ; timeInc= 1.000000e+10 ; time= 1.300000e+11
acuSolve:   Flow stagger "flow": FORM-LHS
acuSolve:     pressure     res ratio = 5.482284e-05
acuSolve:     velocity     res ratio = 1.128819e-02
acuSolve:     CGP      No iterations =        162
acuSolve:     CGP        0/1/n norms = 1.080287e-04 6.028795e-05 1.073035e-06
acuSolve:     CGP   Iter. CPU/Elapse = 4.700000e-02 1.952000e+00 
acuSolve:     GMRES    No iterations =        202 (20.20)
acuSolve:     GMRES      0/1/n norms = 2.423070e-04 1.932150e-04 2.418042e-05
acuSolve:     GMRES Iter. CPU/Elapse = 4.380000e-01 4.858000e+00 
acuSolve:     pressure     sol ratio = 8.072960e-02
acuSolve:     velocity     sol ratio = 1.172979e-01
acuSolve:   Turbulence stagger "turbulence": FORM-LHS
acuSolve:     eddy-visc.   res ratio = 4.658182e-02
acuSolve:     GMRES    No iterations =        220 (5.50)
acuSolve:     GMRES      0/1/n norms = 2.702426e-09 2.702426e-09 2.661127e-11
acuSolve:     GMRES Iter. CPU/Elapse = 1.560000e-01 1.314000e+00 
acuSolve:     eddy-visc.   sol ratio = 1.196761e-01
acuSolve:   CFL timeInc              = 3.009350e-07
acuSolve:   Step CPU/Elapse time     = 8.600000e-01 9.643000e+00 Sec
acuSolve: Time-Step=   15 ; timeInc= 1.000000e+10 ; time= 1.400000e+11
acuSolve:   Flow stagger "flow": FORM-LHS
acuSolve:     pressure     res ratio = 4.377185e-05
acuSolve:     velocity     res ratio = 1.153468e-02
acuSolve:     CGP      No iterations =        185
acuSolve:     CGP        0/1/n norms = 9.096115e-05 5.025005e-05 9.006867e-07
acuSolve:     CGP   Iter. CPU/Elapse = 2.180000e-01 1.945000e+00 
acuSolve:     GMRES    No iterations =        166 (16.60)
acuSolve:     GMRES      0/1/n norms = 2.013281e-04 1.541423e-04 2.012189e-05
acuSolve:     GMRES Iter. CPU/Elapse = 2.820000e-01 3.996000e+00 
acuSolve:     pressure     sol ratio = 8.227752e-02
acuSolve:     velocity     sol ratio = 8.534340e-02
acuSolve:   Turbulence stagger "turbulence": FORM-LHS
acuSolve:     eddy-visc.   res ratio = 3.601429e-02
acuSolve:     GMRES    No iterations =        173 (4.33)
acuSolve:     GMRES      0/1/n norms = 2.197426e-09 2.197426e-09 2.171470e-11
acuSolve:     GMRES Iter. CPU/Elapse = 7.800000e-02 1.018000e+00 
acuSolve:     eddy-visc.   sol ratio = 1.575204e-01
acuSolve:   CFL timeInc              = 3.389481e-07
acuSolve:   Step CPU/Elapse time     = 7.340000e-01 8.432000e+00 Sec
acuSolve: Time-Step=   16 ; timeInc= 1.000000e+10 ; time= 1.500000e+11
acuSolve:   Flow stagger "flow": FORM-LHS
acuSolve:     pressure     res ratio = 3.466476e-05
acuSolve:     velocity     res ratio = 1.003029e-02
acuSolve:     CGP      No iterations =        163
acuSolve:     CGP        0/1/n norms = 7.712594e-05 3.680438e-05 7.553336e-07
acuSolve:     CGP   Iter. CPU/Elapse = 1.100000e-01 1.737000e+00 
acuSolve:     GMRES    No iterations =        226 (22.60)
acuSolve:     GMRES      0/1/n norms = 1.688365e-04 1.288631e-04 1.685712e-05
acuSolve:     GMRES Iter. CPU/Elapse = 3.280000e-01 5.416000e+00 
acuSolve:     pressure     sol ratio = 6.339752e-02
acuSolve:     velocity     sol ratio = 7.020578e-02
acuSolve:   Turbulence stagger "turbulence": FORM-LHS
acuSolve:     eddy-visc.   res ratio = 4.111480e-02
acuSolve:     GMRES    No iterations =        169 (4.22)
acuSolve:     GMRES      0/1/n norms = 2.197633e-09 2.197633e-09 2.190479e-11
acuSolve:     GMRES Iter. CPU/Elapse = 1.250000e-01 1.091000e+00 
acuSolve:     eddy-visc.   sol ratio = 1.896393e-01
acuSolve:   CFL timeInc              = 3.168410e-07
acuSolve:   Step CPU/Elapse time     = 7.810000e-01 9.741000e+00 Sec
acuSolve: Time-Step=   17 ; timeInc= 1.000000e+10 ; time= 1.600000e+11
acuSolve:   Flow stagger "flow": FORM-LHS
acuSolve:     pressure     res ratio = 2.540648e-05
acuSolve:     velocity     res ratio = 9.961082e-03
acuSolve:     CGP      No iterations =        164
acuSolve:     CGP        0/1/n norms = 6.501255e-05 3.679810e-05 6.028258e-07
acuSolve:     CGP   Iter. CPU/Elapse = 0.000000e+00 1.775000e+00 
acuSolve:     GMRES    No iterations =        151 (15.10)
acuSolve:     GMRES      0/1/n norms = 1.403411e-04 1.022668e-04 1.402659e-05
acuSolve:     GMRES Iter. CPU/Elapse = 1.410000e-01 3.672000e+00 
acuSolve:     pressure     sol ratio = 5.924111e-02
acuSolve:     velocity     sol ratio = 4.057185e-02
acuSolve:   Turbulence stagger "turbulence": FORM-LHS
acuSolve:     eddy-visc.   res ratio = 4.272085e-02
acuSolve:     GMRES    No iterations =        162 (4.05)
acuSolve:     GMRES      0/1/n norms = 2.094745e-09 2.094745e-09 2.052671e-11
acuSolve:     GMRES Iter. CPU/Elapse = 3.280000e-01 9.940000e-01 
acuSolve:     eddy-visc.   sol ratio = 1.634284e-01
acuSolve:   CFL timeInc              = 3.491030e-07
acuSolve:   Step CPU/Elapse time     = 5.470000e-01 7.964000e+00 Sec
acuSolve: Time-Step=   18 ; timeInc= 1.000000e+10 ; time= 1.700000e+11
acuSolve:   Flow stagger "flow": FORM-LHS
acuSolve:     pressure     res ratio = 2.145779e-05
acuSolve:     velocity     res ratio = 7.467375e-03
acuSolve:     CGP      No iterations =        190
acuSolve:     CGP        0/1/n norms = 5.537751e-05 2.743574e-05 5.354244e-07
acuSolve:     CGP   Iter. CPU/Elapse = 4.060000e-01 1.988000e+00 
acuSolve:     GMRES    No iterations =        232 (23.20)
acuSolve:     GMRES      0/1/n norms = 1.191718e-04 9.170448e-05 1.190288e-05
acuSolve:     GMRES Iter. CPU/Elapse = 5.160000e-01 5.739000e+00 
acuSolve:     pressure     sol ratio = 5.664276e-02
acuSolve:     velocity     sol ratio = 6.449325e-02
acuSolve:   Turbulence stagger "turbulence": FORM-LHS
acuSolve:     eddy-visc.   res ratio = 4.392224e-02
acuSolve:     GMRES    No iterations =        165 (4.13)
acuSolve:     GMRES      0/1/n norms = 1.858576e-09 1.858576e-09 1.832115e-11
acuSolve:     GMRES Iter. CPU/Elapse = 1.100000e-01 9.950000e-01 
acuSolve:     eddy-visc.   sol ratio = 1.514448e-01
acuSolve:   CFL timeInc              = 5.443560e-07
acuSolve:   Step CPU/Elapse time     = 1.156000e+00 1.020000e+01 Sec
acuSolve: Time-Step=   19 ; timeInc= 1.000000e+10 ; time= 1.800000e+11
acuSolve:   Flow stagger "flow": FORM-LHS
acuSolve:     pressure     res ratio = 1.720782e-05
acuSolve:     velocity     res ratio = 6.781277e-03
acuSolve:     CGP      No iterations =        170
acuSolve:     CGP        0/1/n norms = 4.769301e-05 2.340086e-05 4.691196e-07
acuSolve:     CGP   Iter. CPU/Elapse = 9.380000e-01 1.871000e+00 
acuSolve:     GMRES    No iterations =        220 (22.00)
acuSolve:     GMRES      0/1/n norms = 1.015223e-04 8.444545e-05 1.013694e-05
acuSolve:     GMRES Iter. CPU/Elapse = 2.953000e+00 5.413000e+00 
acuSolve:     pressure     sol ratio = 4.804092e-02
acuSolve:     velocity     sol ratio = 3.461145e-02
acuSolve:   Turbulence stagger "turbulence": FORM-LHS
acuSolve:     eddy-visc.   res ratio = 3.949496e-02
acuSolve:     GMRES    No iterations =        144 (3.60)
acuSolve:     GMRES      0/1/n norms = 1.457230e-09 1.457230e-09 1.446343e-11
acuSolve:     GMRES Iter. CPU/Elapse = 5.630000e-01 8.660000e-01 
acuSolve:     eddy-visc.   sol ratio = 1.325931e-01
acuSolve:   CFL timeInc              = 5.742187e-07
acuSolve:   Step CPU/Elapse time     = 4.953000e+00 9.645000e+00 Sec
acuSolve: Time-Step=   20 ; timeInc= 1.000000e+10 ; time= 1.900000e+11
acuSolve:   Flow stagger "flow": FORM-LHS
acuSolve:     pressure     res ratio = 1.424180e-05
acuSolve:     velocity     res ratio = 6.030905e-03
acuSolve:     CGP      No iterations =        163
acuSolve:     CGP        0/1/n norms = 4.138384e-05 1.802613e-05 3.988448e-07
acuSolve:     CGP   Iter. CPU/Elapse = 8.900000e-01 1.787000e+00 
acuSolve:     GMRES    No iterations =        210 (21.00)
acuSolve:     GMRES      0/1/n norms = 8.759182e-05 6.438416e-05 8.756197e-06
acuSolve:     GMRES Iter. CPU/Elapse = 2.641000e+00 5.216000e+00 
acuSolve:     pressure     sol ratio = 5.256331e-02
acuSolve:     velocity     sol ratio = 5.186087e-02
acuSolve:   Turbulence stagger "turbulence": FORM-LHS
acuSolve:     eddy-visc.   res ratio = 3.696895e-02
acuSolve:     GMRES    No iterations =        165 (4.13)
acuSolve:     GMRES      0/1/n norms = 1.241774e-09 1.241774e-09 1.224049e-11
acuSolve:     GMRES Iter. CPU/Elapse = 5.470000e-01 1.021000e+00 
acuSolve:     eddy-visc.   sol ratio = 1.292190e-01
acuSolve:   CFL timeInc              = 4.405377e-07
acuSolve:   Step CPU/Elapse time     = 4.797000e+00 9.532000e+00 Sec
acuSolve: Time-Step=   21 ; timeInc= 1.000000e+10 ; time= 2.000000e+11
acuSolve:   Flow stagger "flow": FORM-LHS
acuSolve:     pressure     res ratio = 1.206041e-05
acuSolve:     velocity     res ratio = 5.074171e-03
acuSolve:     CGP      No iterations =        160
acuSolve:     CGP        0/1/n norms = 3.545023e-05 1.664171e-05 3.340533e-07
acuSolve:     CGP   Iter. CPU/Elapse = 7.970000e-01 1.777000e+00 
acuSolve:     GMRES    No iterations =        123 (12.30)
acuSolve:     GMRES      0/1/n norms = 7.494500e-05 4.724201e-05 7.488549e-06
acuSolve:     GMRES Iter. CPU/Elapse = 1.672000e+00 3.054000e+00 
acuSolve:     pressure     sol ratio = 2.994677e-02
acuSolve:     velocity     sol ratio = 3.263839e-02
acuSolve:   Turbulence stagger "turbulence": FORM-LHS
acuSolve:     eddy-visc.   res ratio = 3.305137e-02
acuSolve:     GMRES    No iterations =        163 (4.08)
acuSolve:     GMRES      0/1/n norms = 9.684692e-10 9.684692e-10 9.579817e-12
acuSolve:     GMRES Iter. CPU/Elapse = 5.470000e-01 1.026000e+00 
acuSolve:     eddy-visc.   sol ratio = 8.579028e-02
acuSolve:   CFL timeInc              = 4.489619e-07
acuSolve:   Step CPU/Elapse time     = 4.015000e+00 7.385000e+00 Sec
acuSolve: Time-Step=   22 ; timeInc= 1.000000e+10 ; time= 2.100000e+11
acuSolve:   Flow stagger "flow": FORM-LHS
acuSolve:     pressure     res ratio = 9.084788e-06
acuSolve:     velocity     res ratio = 4.196194e-03
acuSolve:     CGP      No iterations =        155
acuSolve:     CGP        0/1/n norms = 3.071657e-05 1.357754e-05 3.027819e-07
acuSolve:     CGP   Iter. CPU/Elapse = 1.125000e+00 1.728000e+00 
acuSolve:     GMRES    No iterations =        119 (11.90)
acuSolve:     GMRES      0/1/n norms = 6.520220e-05 3.974206e-05 6.513342e-06
acuSolve:     GMRES Iter. CPU/Elapse = 1.437000e+00 2.936000e+00 
acuSolve:     pressure     sol ratio = 2.416503e-02
acuSolve:     velocity     sol ratio = 3.086062e-02
acuSolve:   Turbulence stagger "turbulence": FORM-LHS
acuSolve:     eddy-visc.   res ratio = 2.704535e-02
acuSolve:     GMRES    No iterations =        119 (2.98)
acuSolve:     GMRES      0/1/n norms = 7.555049e-10 7.555049e-10 7.399758e-12
acuSolve:     GMRES Iter. CPU/Elapse = 5.150000e-01 7.250000e-01 
acuSolve:     eddy-visc.   sol ratio = 5.227359e-02
acuSolve:   CFL timeInc              = 4.392049e-07
acuSolve:   Step CPU/Elapse time     = 4.125000e+00 6.940000e+00 Sec
acuSolve: Time-Step=   23 ; timeInc= 1.000000e+10 ; time= 2.200000e+11
acuSolve:   Flow stagger "flow": FORM-LHS
acuSolve:     pressure     res ratio = 9.368189e-06
acuSolve:     velocity     res ratio = 3.733327e-03
acuSolve:     CGP      No iterations =        163
acuSolve:     CGP        0/1/n norms = 2.684450e-05 1.120950e-05 2.678095e-07
acuSolve:     CGP   Iter. CPU/Elapse = 1.204000e+00 1.789000e+00 
acuSolve:     GMRES    No iterations =        165 (16.50)
acuSolve:     GMRES      0/1/n norms = 5.625249e-05 4.609401e-05 5.615026e-06
acuSolve:     GMRES Iter. CPU/Elapse = 2.203000e+00 4.068000e+00 
acuSolve:     pressure     sol ratio = 2.684540e-02
acuSolve:     velocity     sol ratio = 2.454254e-02
acuSolve:   Turbulence stagger "turbulence": FORM-LHS
acuSolve:     eddy-visc.   res ratio = 2.157425e-02
acuSolve:     GMRES    No iterations =        169 (4.22)
acuSolve:     GMRES      0/1/n norms = 5.722854e-10 5.722854e-10 5.685998e-12
acuSolve:     GMRES Iter. CPU/Elapse = 5.160000e-01 1.065000e+00 
acuSolve:     eddy-visc.   sol ratio = 4.890852e-02
acuSolve:   CFL timeInc              = 4.395931e-07
acuSolve:   Step CPU/Elapse time     = 4.860000e+00 8.465000e+00 Sec
acuSolve: Time-Step=   24 ; timeInc= 1.000000e+10 ; time= 2.300000e+11
acuSolve:   Flow stagger "flow": FORM-LHS
acuSolve:     pressure     res ratio = 8.164877e-06
acuSolve:     velocity     res ratio = 3.474748e-03
acuSolve:     CGP      No iterations =        162
acuSolve:     CGP        0/1/n norms = 2.344962e-05 9.771604e-06 2.255243e-07
acuSolve:     CGP   Iter. CPU/Elapse = 1.172000e+00 1.819000e+00 
acuSolve:     GMRES    No iterations =        160 (16.00)
acuSolve:     GMRES      0/1/n norms = 4.901074e-05 3.666596e-05 4.897886e-06
acuSolve:     GMRES Iter. CPU/Elapse = 2.266000e+00 4.003000e+00 
acuSolve:     pressure     sol ratio = 1.233411e-02
acuSolve:     velocity     sol ratio = 2.253079e-02
acuSolve:   Turbulence stagger "turbulence": FORM-LHS
acuSolve:     eddy-visc.   res ratio = 1.933435e-02
acuSolve:     GMRES    No iterations =        164 (4.10)
acuSolve:     GMRES      0/1/n norms = 4.807632e-10 4.807632e-10 4.755618e-12
acuSolve:     GMRES Iter. CPU/Elapse = 6.720000e-01 1.039000e+00 
acuSolve:     eddy-visc.   sol ratio = 4.039857e-02
acuSolve:   CFL timeInc              = 4.845200e-07
acuSolve:   Step CPU/Elapse time     = 4.953000e+00 8.387000e+00 Sec
acuSolve: Time-Step=   25 ; timeInc= 1.000000e+10 ; time= 2.400000e+11
acuSolve:   Flow stagger "flow": FORM-LHS
acuSolve:     pressure     res ratio = 7.572164e-06
acuSolve:     velocity     res ratio = 2.974027e-03
acuSolve:     CGP      No iterations =        166
acuSolve:     CGP        0/1/n norms = 2.055461e-05 9.063554e-06 2.009309e-07
acuSolve:     CGP   Iter. CPU/Elapse = 5.470000e-01 1.785000e+00 
acuSolve:     GMRES    No iterations =        232 (23.20)
acuSolve:     GMRES      0/1/n norms = 4.289709e-05 3.467974e-05 4.285197e-06
acuSolve:     GMRES Iter. CPU/Elapse = 3.440000e-01 5.745000e+00 
acuSolve:     pressure     sol ratio = 1.959374e-02
acuSolve:     velocity     sol ratio = 2.655454e-02
acuSolve:   Turbulence stagger "turbulence": FORM-LHS
acuSolve:     eddy-visc.   res ratio = 1.811386e-02
acuSolve:     GMRES    No iterations =        152 (3.80)
acuSolve:     GMRES      0/1/n norms = 4.420967e-10 4.420967e-10 4.356006e-12
acuSolve:     GMRES Iter. CPU/Elapse = 1.710000e-01 9.400000e-01 
acuSolve:     eddy-visc.   sol ratio = 4.287754e-02
acuSolve:   CFL timeInc              = 4.124864e-07
acuSolve:   Step CPU/Elapse time     = 1.453000e+00 1.001500e+01 Sec
acuSolve: Time-Step=   26 ; timeInc= 1.000000e+10 ; time= 2.500000e+11
acuSolve:   Flow stagger "flow": FORM-LHS
acuSolve:     pressure     res ratio = 5.720575e-06
acuSolve:     velocity     res ratio = 2.748521e-03
acuSolve:     CGP      No iterations =        149
acuSolve:     CGP        0/1/n norms = 1.819340e-05 8.663536e-06 1.770694e-07
acuSolve:     CGP   Iter. CPU/Elapse = 2.970000e-01 1.653000e+00 
acuSolve:     GMRES    No iterations =        116 (11.60)
acuSolve:     GMRES      0/1/n norms = 3.761174e-05 2.390787e-05 3.341029e-06
acuSolve:     GMRES Iter. CPU/Elapse = 5.630000e-01 2.842000e+00 
acuSolve:     pressure     sol ratio = 1.317310e-02
acuSolve:     velocity     sol ratio = 1.228002e-02
acuSolve:   Turbulence stagger "turbulence": FORM-LHS
acuSolve:     eddy-visc.   res ratio = 1.435996e-02
acuSolve:     GMRES    No iterations =        160 (4.00)
acuSolve:     GMRES      0/1/n norms = 3.590995e-10 3.590995e-10 3.550897e-12
acuSolve:     GMRES Iter. CPU/Elapse = 2.960000e-01 9.810000e-01 
acuSolve:     eddy-visc.   sol ratio = 3.726506e-02
acuSolve:   CFL timeInc              = 4.137487e-07
acuSolve:   Step CPU/Elapse time     = 1.407000e+00 6.943000e+00 Sec
acuSolve: Time-Step=   27 ; timeInc= 1.000000e+10 ; time= 2.600000e+11
acuSolve:   Flow stagger "flow": FORM-LHS
acuSolve:     pressure     res ratio = 4.615372e-06
acuSolve:     velocity     res ratio = 2.215757e-03
acuSolve:     CGP      No iterations =        149
acuSolve:     CGP        0/1/n norms = 1.614919e-05 6.474235e-06 1.612198e-07
acuSolve:     CGP   Iter. CPU/Elapse = 2.650000e-01 1.650000e+00 
acuSolve:     GMRES    No iterations =        123 (12.30)
acuSolve:     GMRES      0/1/n norms = 3.343825e-05 2.225186e-05 3.339807e-06
acuSolve:     GMRES Iter. CPU/Elapse = 5.630000e-01 3.009000e+00 
acuSolve:     pressure     sol ratio = 1.272856e-02
acuSolve:     velocity     sol ratio = 1.151094e-02
acuSolve:   Turbulence stagger "turbulence": FORM-LHS
acuSolve:     eddy-visc.   res ratio = 1.308676e-02
acuSolve:     GMRES    No iterations =        160 (4.00)
acuSolve:     GMRES      0/1/n norms = 3.376356e-10 3.376356e-10 3.372735e-12
acuSolve:     GMRES Iter. CPU/Elapse = 4.700000e-02 1.130000e+00 
acuSolve:     eddy-visc.   sol ratio = 3.491101e-02
acuSolve:   CFL timeInc              = 4.573615e-07
acuSolve:   Step CPU/Elapse time     = 1.203000e+00 7.285000e+00 Sec
acuSolve: Time-Step=   28 ; timeInc= 1.000000e+10 ; time= 2.700000e+11
acuSolve:   Flow stagger "flow": FORM-LHS
acuSolve:     pressure     res ratio = 4.881630e-06
acuSolve:     velocity     res ratio = 1.961281e-03
acuSolve:     CGP      No iterations =        183
acuSolve:     CGP        0/1/n norms = 1.424048e-05 5.946298e-06 1.382578e-07
acuSolve:     CGP   Iter. CPU/Elapse = 2.030000e-01 1.985000e+00 
acuSolve:     GMRES    No iterations =        248 (24.80)
acuSolve:     GMRES      0/1/n norms = 2.952187e-05 2.584868e-05 2.952054e-06
acuSolve:     GMRES Iter. CPU/Elapse = 1.870000e-01 6.309000e+00 
acuSolve:     pressure     sol ratio = 1.332862e-02
acuSolve:     velocity     sol ratio = 2.337845e-02
acuSolve:   Turbulence stagger "turbulence": FORM-LHS
acuSolve:     eddy-visc.   res ratio = 1.388231e-02
acuSolve:     GMRES    No iterations =        165 (4.13)
acuSolve:     GMRES      0/1/n norms = 3.323517e-10 3.323517e-10 3.306466e-12
acuSolve:     GMRES Iter. CPU/Elapse = 3.750000e-01 1.010000e+00 
acuSolve:     eddy-visc.   sol ratio = 3.798162e-02
acuSolve:   CFL timeInc              = 4.063821e-07
acuSolve:   Step CPU/Elapse time     = 1.062000e+00 1.079500e+01 Sec
acuSolve: Time-Step=   29 ; timeInc= 1.000000e+10 ; time= 2.800000e+11
acuSolve:   Flow stagger "flow": FORM-LHS
acuSolve:     pressure     res ratio = 3.880120e-06
acuSolve:     velocity     res ratio = 1.777815e-03
acuSolve:     CGP      No iterations =        178
acuSolve:     CGP        0/1/n norms = 1.262466e-05 5.791834e-06 1.252662e-07
acuSolve:     CGP   Iter. CPU/Elapse = 1.880000e-01 1.940000e+00 
acuSolve:     GMRES    No iterations =        124 (12.40)
acuSolve:     GMRES      0/1/n norms = 2.605342e-05 1.875630e-05 2.347040e-06
acuSolve:     GMRES Iter. CPU/Elapse = 3.590000e-01 3.005000e+00 
acuSolve:     pressure     sol ratio = 1.207251e-02
acuSolve:     velocity     sol ratio = 8.211217e-03
acuSolve:   Turbulence stagger "turbulence": FORM-LHS
acuSolve:     eddy-visc.   res ratio = 1.122890e-02
acuSolve:     GMRES    No iterations =        125 (3.13)
acuSolve:     GMRES      0/1/n norms = 2.412888e-10 2.412888e-10 2.405837e-12
acuSolve:     GMRES Iter. CPU/Elapse = 3.120000e-01 7.670000e-01 
acuSolve:     eddy-visc.   sol ratio = 2.939261e-02
acuSolve:   CFL timeInc              = 4.084937e-07
acuSolve:   Step CPU/Elapse time     = 1.125000e+00 7.207000e+00 Sec
acuSolve: Time-Step=   30 ; timeInc= 1.000000e+10 ; time= 2.900000e+11
acuSolve:   Flow stagger "flow": FORM-LHS
acuSolve:     pressure     res ratio = 3.320558e-06
acuSolve:     velocity     res ratio = 1.537109e-03
acuSolve:     CGP      No iterations =        146
acuSolve:     CGP        0/1/n norms = 1.123837e-05 4.675240e-06 1.066322e-07
acuSolve:     CGP   Iter. CPU/Elapse = 3.120000e-01 1.614000e+00 
acuSolve:     GMRES    No iterations =        127 (12.70)
acuSolve:     GMRES      0/1/n norms = 2.301945e-05 1.504027e-05 2.301529e-06
acuSolve:     GMRES Iter. CPU/Elapse = 3.440000e-01 3.058000e+00 
acuSolve:     pressure     sol ratio = 9.862197e-03
acuSolve:     velocity     sol ratio = 9.941635e-03
acuSolve:   Turbulence stagger "turbulence": FORM-LHS
acuSolve:     eddy-visc.   res ratio = 9.251760e-03
acuSolve:     GMRES    No iterations =        135 (3.38)
acuSolve:     GMRES      0/1/n norms = 1.913379e-10 1.913379e-10 1.883506e-12
acuSolve:     GMRES Iter. CPU/Elapse = 2.500000e-01 7.980000e-01 
acuSolve:     eddy-visc.   sol ratio = 2.218171e-02
acuSolve:   CFL timeInc              = 4.191024e-07
acuSolve:   Step CPU/Elapse time     = 1.063000e+00 6.952000e+00 Sec
acuSolve: Time-Step=   31 ; timeInc= 1.000000e+10 ; time= 3.000000e+11
acuSolve:   Flow stagger "flow": FORM-LHS
acuSolve:     pressure     res ratio = 3.399766e-06
acuSolve:     velocity     res ratio = 1.379189e-03
acuSolve:     CGP      No iterations =        159
acuSolve:     CGP        0/1/n norms = 9.968721e-06 4.016165e-06 9.955731e-08
acuSolve:     CGP   Iter. CPU/Elapse = 1.560000e-01 1.722000e+00 
acuSolve:     GMRES    No iterations =        234 (23.40)
acuSolve:     GMRES      0/1/n norms = 2.029467e-05 1.520476e-05 2.028061e-06
acuSolve:     GMRES Iter. CPU/Elapse = 1.469000e+00 5.669000e+00 
acuSolve:     pressure     sol ratio = 8.378619e-03
acuSolve:     velocity     sol ratio = 8.694632e-03
acuSolve:   Turbulence stagger "turbulence": FORM-LHS
acuSolve:     eddy-visc.   res ratio = 8.286905e-03
acuSolve:     GMRES    No iterations =        122 (3.05)
acuSolve:     GMRES      0/1/n norms = 1.633653e-10 1.633653e-10 1.624155e-12
acuSolve:     GMRES Iter. CPU/Elapse = 1.570000e-01 7.490000e-01 
acuSolve:     eddy-visc.   sol ratio = 1.718343e-02
acuSolve:   CFL timeInc              = 4.156977e-07
acuSolve:   Step CPU/Elapse time     = 2.203000e+00 9.585000e+00 Sec
acuSolve: Time-Step=   32 ; timeInc= 1.000000e+10 ; time= 3.100000e+11
acuSolve:   Flow stagger "flow": FORM-LHS
acuSolve:     pressure     res ratio = 2.512200e-06
acuSolve:     velocity     res ratio = 1.269345e-03
acuSolve:     CGP      No iterations =        183
acuSolve:     CGP        0/1/n norms = 8.883526e-06 4.000945e-06 8.833063e-08
acuSolve:     CGP   Iter. CPU/Elapse = 2.820000e-01 1.939000e+00 
acuSolve:     GMRES    No iterations =        117 (11.70)
acuSolve:     GMRES      0/1/n norms = 1.810197e-05 1.293812e-05 1.770655e-06
acuSolve:     GMRES Iter. CPU/Elapse = 4.220000e-01 2.802000e+00 
acuSolve:     pressure     sol ratio = 8.457399e-03
acuSolve:     velocity     sol ratio = 5.154499e-03
acuSolve:   Turbulence stagger "turbulence": FORM-LHS
acuSolve:     eddy-visc.   res ratio = 6.372765e-03
acuSolve:     GMRES    No iterations =        142 (3.55)
acuSolve:     GMRES      0/1/n norms = 1.147521e-10 1.147521e-10 1.146399e-12
acuSolve:     GMRES Iter. CPU/Elapse = 1.560000e-01 8.230000e-01 
acuSolve:     eddy-visc.   sol ratio = 1.238938e-02
acuSolve:   CFL timeInc              = 4.233311e-07
acuSolve:   Step CPU/Elapse time     = 1.047000e+00 7.040000e+00 Sec
acuSolve: Time-Step=   33 ; timeInc= 1.000000e+10 ; time= 3.200000e+11
acuSolve:   Flow stagger "flow": FORM-LHS
acuSolve:     pressure     res ratio = 2.301813e-06
acuSolve:     velocity     res ratio = 1.069145e-03
acuSolve:     CGP      No iterations =        150
acuSolve:     CGP        0/1/n norms = 7.878910e-06 3.214518e-06 7.842308e-08
acuSolve:     CGP   Iter. CPU/Elapse = 1.400000e-01 1.609000e+00 
acuSolve:     GMRES    No iterations =        152 (15.20)
acuSolve:     GMRES      0/1/n norms = 1.607104e-05 1.110277e-05 1.605193e-06
acuSolve:     GMRES Iter. CPU/Elapse = 4.220000e-01 3.652000e+00 
acuSolve:     pressure     sol ratio = 5.539229e-03
acuSolve:     velocity     sol ratio = 7.254670e-03
acuSolve:   Turbulence stagger "turbulence": FORM-LHS
acuSolve:     eddy-visc.   res ratio = 4.883092e-03
acuSolve:     GMRES    No iterations =        121 (3.02)
acuSolve:     GMRES      0/1/n norms = 9.411582e-11 9.411582e-11 9.406881e-13
acuSolve:     GMRES Iter. CPU/Elapse = 9.400000e-02 7.520000e-01 
acuSolve:     eddy-visc.   sol ratio = 1.169698e-02
acuSolve:   CFL timeInc              = 4.484051e-07
acuSolve:   Step CPU/Elapse time     = 8.280000e-01 7.464000e+00 Sec
acuSolve: Time-Step=   34 ; timeInc= 1.000000e+10 ; time= 3.300000e+11
acuSolve:   Flow stagger "flow": FORM-LHS
acuSolve:     pressure     res ratio = 2.272180e-06
acuSolve:     velocity     res ratio = 9.212334e-04
acuSolve:     CGP      No iterations =        158
acuSolve:     CGP        0/1/n norms = 7.046071e-06 2.761466e-06 6.965272e-08
acuSolve:     CGP   Iter. CPU/Elapse = 2.810000e-01 1.697000e+00 
acuSolve:     GMRES    No iterations =        259 (25.90)
acuSolve:     GMRES      0/1/n norms = 1.428339e-05 1.006946e-05 1.428004e-06
acuSolve:     GMRES Iter. CPU/Elapse = 6.250000e-01 6.337000e+00 
acuSolve:     pressure     sol ratio = 6.597119e-03
acuSolve:     velocity     sol ratio = 8.094662e-03
acuSolve:   Turbulence stagger "turbulence": FORM-LHS
acuSolve:     eddy-visc.   res ratio = 4.764254e-03
acuSolve:     GMRES    No iterations =        174 (4.35)
acuSolve:     GMRES      0/1/n norms = 8.855845e-11 8.855845e-11 8.850194e-13
acuSolve:     GMRES Iter. CPU/Elapse = 1.100000e-01 1.029000e+00 
acuSolve:     eddy-visc.   sol ratio = 1.301089e-02
acuSolve:   CFL timeInc              = 4.684536e-07
acuSolve:   Step CPU/Elapse time     = 1.609000e+00 1.132200e+01 Sec
acuSolve: ----------------------- End Time Step -----------------------
acuSolve: ----------------------- Offset Values -----------------------
acuSolve:            Pressure Offset = 1.013250e+05 
acuSolve:         Temperature Offset = 0.000000e+00 
acuSolve: -------------------------------------------------------------
acuSolve: Input       CPU/Elapse time= 9.468000e+00 2.778100e+01 Sec
acuSolve: Output      CPU/Elapse time= 2.313000e+00 1.084100e+01 Sec
acuSolve: Exchange    CPU/Elapse time= 2.200000e-01 1.890000e-01 Sec
acuSolve: Intf.search CPU/Elapse time= 0.000000e+00 0.000000e+00 Sec
acuSolve: Flow stagger "flow":
acuSolve:   No of res/lhs formations =           34           34
acuSolve:   Elem.Form CPU/Elapse time= 6.045000e+00 2.371800e+01 Sec
acuSolve:   Solution  CPU/Elapse time= 4.692700e+01 2.237340e+02 Sec
acuSolve: Turbulence stagger "turbulence":
acuSolve:   No of res/lhs formations =           34           34
acuSolve:   Elem.Form CPU/Elapse time= 3.234000e+00 1.194500e+01 Sec
acuSolve:   Solution  CPU/Elapse time= 9.452000e+00 3.700600e+01 Sec
acuSolve: LnSlv. (host)   Elapse time= 2.598820e+02 Sec
acuSolve: Total CPU/Elapse time      = 7.857700e+01 3.398350e+02 Sec
acuSolve: Total Memory Usage         = 2.660000e+02 Mbytes
acuRun: -*-*-*-*-*-*-*-*-*-*-*-*-*-*-*-*-*-*-*-*-*-*-*-*-*-*-*-*-*-*-*-*-
acuTrans:  Variable                         Min           Max           Ave
acuTrans: x_coordinates                  -1.500000e+01  1.500000e+01  1.201432e-01
acuTrans: y_coordinates                  -1.499961e+01  1.499961e+01  1.555074e-02
acuTrans: z_coordinates                  -3.000000e-02  3.000000e-02  1.282734e-20
acuTrans: x_velocity                     -3.462125e-01  1.916282e+02  1.366098e+02
acuTrans: y_velocity                     -1.072530e+02  8.090183e+01  2.097244e-01
acuTrans: z_velocity                      0.000000e+00  0.000000e+00  0.000000e+00
acuTrans: pressure                       -8.812078e+03  1.383790e+04  1.173191e+02
acuTrans: eddy_viscosity                  0.000000e+00  3.752540e-03  1.764525e-04
acuTrans: surface_y_plus                  0.000000e+00  2.307866e+00  9.304805e-03
acuTrans: surface_film_coefficient        0.000000e+00  1.138183e+03  4.284351e+00
acuTrans: x_wall_shear_stress            -7.944201e-01  1.325975e+02  3.770102e-01
acuTrans: y_wall_shear_stress            -1.602548e+02  5.847409e+01  1.144911e-02
acuTrans: z_wall_shear_stress            -9.488285e-07  9.427525e-07 -1.241061e-11
acuRun: -*-*-*-*-*-*-*-*-*-*-*-*-*-*-*-*-*-*-*-*-*-*-*-*-*-*-*-*-*-*-*-*-
acuRun: Thu Apr  4 17:42:35 2024
