acuRun: Core auto detection found 12 cores
acuSolve:  ************************************************************************
acuSolve:  **                                                                    **
acuSolve:  **                                                                    **
acuSolve:  **                         Altair AcuSolve(R)                         **
acuSolve:  **                          Version: 2022.3                           **
acuSolve:  **                    A General Purpose CFD Solver                    **
acuSolve:  **                                                                    **
acuSolve:  **                                                                    **
acuSolve:  **                     Windows 8/10 v6.2.9200 x64                     **
acuSolve:  **                              IDRISHAB                              **
acuSolve:  **                             12 Core(s)                             **
acuSolve:  **                         CPU speed 2600 MHz                         **
acuSolve:  **                    2383 MB RAM,  35524 MB swap                     **
acuSolve:  **                Build Tag 1160304aakas000_WCL:81231                 **
acuSolve:  ************************************************************************
acuSolve:  ** COPYRIGHT (C) 1996-2024                 Altair Engineering, Inc.   **
acuSolve:  ** All Rights Reserved.  Copyright notice does not imply publication. **
acuSolve:  ** Contains trade secrets of Altair Engineering, Inc.                 **
acuSolve:  ** Decompilation or disassembly of this software strictly prohibited. **
acuSolve:  ************************************************************************
acuRun: Thu Apr 11 15:25:06 2024
acuRun: acuRun 
acuRun: Processing run 1 ...
acuRun: Hostname = Idrishab
acuRun: Release  = 2022.3
acuRun: num_threads is reduced from (12) to (1)
acuRun: Add C:/Program Files/Altair/2022.3/hwcfdsolvers/acusolve/win64/bin to PATH
acuRun: set PATH=C:/Program Files/Altair/2022.3/hwcfdsolvers/acusolve/win64/bin;C:/Program Files/Altair/2022.3/hwcfdsolvers/acusolve/../../mpi/win64/mpich/bin;C:\Program Files\Altair\2022.3\hwcfdsolvers\acusolve\win64\base\edem;C:\Program Files\Altair\2022.3\hwcfdsolvers\acusolve\win64\bin;C:\Program Files\Altair\2022.3\hwcfdsolvers\acusolve\win64\base\bin;C:\Program Files\Altair\2022.3\hwcfdsolvers\acusolve\win64\base\DLLs;C:\Program Files\Altair\2022.3\hwcfdsolvers\acusolve\win64\base\lib\site-packages;C:\Program Files\Altair\2022.3\hwcfdsolvers\acusolve\win64\abaqus-odb\lib;C:\Program Files\Altair\2022.3\hwcfdsolvers\acusolve\win64\perl\bin;C:\Program Files\Altair\2022.3\common\python\python3.8\win64\DLLs;C:\Program Files\Altair\2022.3\hwdesktop\..\common\framework\win64\hwx\bin\win64;C:\Program Files\Altair\2022.3\hwdesktop\hwx\bin\win64;C:\Program Files\Altair\2022.3\hwdesktop\hw\bin\win64;C:\SIMULIA\Commands;C:\Program Files\Common Files\Oracle\Java\javapath;C:\Program Files (x86)\NVIDIA Corporation\PhysX\Common;C:\Windows\system32;C:\Windows;C:\Windows\System32\Wbem;C:\Windows\System32\WindowsPowerShell\v1.0\;C:\Windows\System32\OpenSSH\;C:\Program Files\dotnet\;C:\Program Files\Microsoft SQL Server\Client SDK\ODBC\110\Tools\Binn\;C:\Program Files (x86)\Microsoft SQL Server\120\Tools\Binn\;C:\Program Files\Microsoft SQL Server\120\Tools\Binn\;C:\Program Files\Microsoft SQL Server\120\DTS\Binn\;C:\Program Files (x86)\Windows Kits\8.1\Windows Performance Toolkit\;C:\Users\habee\AppData\Local\Microsoft\WindowsApps;C:\Users\habee\AppData\Local\Programs\Microsoft VS Code\bin;C:\msys64\ucrt64\bin
acuRun: Run acuPrep ...
acuRun: "C:/Program Files/Altair/2022.3/hwcfdsolvers/acusolve/win64/bin/acuPrep".exe -nst 1 -npt 1 
acuPrep:                       Date = Thu Apr 11 15:25:06 2024
acuPrep:                    Problem = e193_0.3m
acuPrep:                        Run = 1
acuPrep:                   Hostname = IDRISHAB
acuPrep:                   Platform = Windows 8/10 v6.2.9200 x64
acuPrep:                    Machine = win64
acuPrep:                   CPU name = 13th Gen Intel(R) Core(TM) i7-1355U
acuPrep:                  CPU speed = 2600 MHz
acuPrep:                  RAM space = 2382 Mbytes
acuPrep:                 Swap space = 35524 Mbytes
acuPrep:                    Release = 2022.3
acuPrep:               Release date = Mar 22 2023
acuPrep:                  Build Tag = 1160304aakas000_WCL:81231
acuPrep:       Number of subdomains = 1
acuPrep:          Number of threads = 1
acuPrep:  Number of AcuPrep threads = 1
acuPrep:          Working directory = ACUSIM.DIR
acuPrep: ------------------------------------------------------------------
acuPrep: Reading INCLUDE
acuPrep: Processing INCLUDE
acuPrep: INCLUDE: File MESH.DIR/e193_0.3m_meshsets.inc
acuPrep: Reading COORDINATE
acuPrep: Reading VOLUME_SET( "e193_0.3m.SolidBody_3_1.wedge6" )
acuPrep: Reading VOLUME_SET( "e193_0.3m.SolidBody_3_1.hex8" )
acuPrep: Reading SURFACE_SET( "e193_0.3m.SurfaceSet_1.quad4.SolidBody_3_1.hex8" )
acuPrep: Reading SURFACE_SET( "e193_0.3m.SurfaceSet_2.quad4.SolidBody_3_1.wedge6" )
acuPrep: Reading SURFACE_SET( "e193_0.3m.SurfaceSet_3.tria3.SolidBody_3_1.wedge6" )
acuPrep: Reading SURFACE_SET( "e193_0.3m.SurfaceSet_3.quad4.SolidBody_3_1.hex8" )
acuPrep: Reading ANALYSIS
acuPrep: Reading EQUATION
acuPrep: Reading AUTO_SOLUTION_STRATEGY
acuPrep: Processing AUTO_SOLUTION_STRATEGY
acuPrep: AUTO_SOLUTION_STRATEGY: creating and including "e193_0.3m.ss.inc" ...
acuPrep: Reading TIME_SEQUENCE
acuPrep: Reading STAGGER( "flow" )
acuPrep: Reading STAGGER( "turbulence" )
acuPrep: Reading TIME_INCREMENT
acuPrep: Reading TIME_INTEGRATION
acuPrep: Reading LINEAR_SOLVER_PARAMETERS
acuPrep: Reading CONVERGENCE_CHECK_PARAMETERS
acuPrep: Reading ALGEBRAIC_MULTIGRID_PARAMETERS
acuPrep: Reading TIME_INTEGRATION
acuPrep: *** WARNING: Multiple command issue
acuPrep: Reading DENSITY_MODEL( "Air" )
acuPrep: Reading CONDUCTIVITY_MODEL( "Air" )
acuPrep: Reading SPECIFIC_HEAT_MODEL( "Air" )
acuPrep: Reading VISCOSITY_MODEL( "Air" )
acuPrep: Reading MATERIAL_MODEL( "Air" )
acuPrep: Reading MESH_BOUNDARY_CONDITION( "Fixed" )
acuPrep: Reading ELEMENT_SET( "e193_0.3m-2 SolidBody_3_1" )
acuPrep: Reading NODAL_INITIAL_CONDITION( "pressure" )
acuPrep: Reading SIMPLE_BOUNDARY_CONDITION( "Wall" )
acuPrep: Reading SURFACE_OUTPUT( "Wall - Output" )
acuPrep: Reading SIMPLE_BOUNDARY_CONDITION( "Far field" )
acuPrep: Reading SURFACE_OUTPUT( "Far field - Output" )
acuPrep: Reading SIMPLE_BOUNDARY_CONDITION( "Slip" )
acuPrep: Reading SURFACE_OUTPUT( "Slip - Output" )
acuPrep: Reading NODAL_OUTPUT
acuPrep: Reading DERIVED_QUANTITY_OUTPUT
acuPrep: Reading RESTART_OUTPUT
acuPrep: Reading TIME_AVERAGE_OUTPUT
acuPrep: Reading NODAL_RESIDUAL_OUTPUT
acuPrep: Reading RUN
acuPrep: Processing RUN
acuPrep: Processing ANALYSIS
acuPrep: Processing EQUATION
acuPrep: Processing FIELD( "none" )
acuPrep: Processing TURBULENCE_MODEL_PARAMETERS
acuPrep: Processing USER_GLOBAL_DATA( "none" )
acuPrep: Processing MULTIPLIER_FUNCTION( "none" )
acuPrep: Processing RADIATION
acuPrep: Processing SOLAR_RADIATION
acuPrep: Processing PARTICLE_TRACE
acuPrep: Processing EXTERNAL_CODE
acuPrep: Processing REFERENCE_FRAME( "none" )
acuPrep: Processing MESH_MOTION( "none" )
acuPrep: Processing OPTIMIZATION
acuPrep: Processing TIME_SEQUENCE
acuPrep: Processing STAGGER( "flow" )
acuPrep: Processing STAGGER( "turbulence" )
acuPrep: Processing TIME_INCREMENT
acuPrep: Processing CONVERGENCE_CHECK_PARAMETERS
acuPrep: Processing ALGEBRAIC_MULTIGRID_PARAMETERS
acuPrep: Processing TIME_INTEGRATION
acuPrep: Processing LINEAR_SOLVER_PARAMETERS
acuPrep: Processing GRAVITY( "none" )
acuPrep: Processing MOMENTUM_SOURCE( "none" )
acuPrep: Processing ROTATION_FORCE( "none" )
acuPrep: Processing MASS_HEAT_SOURCE( "none" )
acuPrep: Processing VOLUME_HEAT_SOURCE( "none" )
acuPrep: Processing MASS_SPECIES_SOURCE( "none" )
acuPrep: Processing VOLUME_SPECIES_SOURCE( "none" )
acuPrep: Processing MASS_FIELD_SOURCE( "none" )
acuPrep: Processing VOLUME_FIELD_SOURCE( "none" )
acuPrep: Processing WAVE_DAMPING_SOURCE
acuPrep: Processing BODY_FORCE( "none" )
acuPrep: Processing DENSITY_MODEL( "none" )
acuPrep: Processing DENSITY_MODEL( "Air" )
acuPrep: Processing SPECIFIC_HEAT_MODEL( "none" )
acuPrep: Processing SPECIFIC_HEAT_MODEL( "Air" )
acuPrep: Processing VISCOSITY_MODEL( "none" )
acuPrep: Processing VISCOSITY_MODEL( "Air" )
acuPrep: Processing VISCOELASTIC_MODEL( "none" )
acuPrep: Processing CONDUCTIVITY_MODEL( "none" )
acuPrep: Processing CONDUCTIVITY_MODEL( "Air" )
acuPrep: Processing DIFFUSIVITY_MODEL( "none" )
acuPrep: Processing POROSITY_MODEL( "none" )
acuPrep: Processing MATERIAL_RADIATION_MODEL( "none" )
acuPrep: Processing GAS_KINETIC_MODEL( "none" )
acuPrep: Processing ELECTRICAL_RESISTIVITY_MODEL( "none" )
acuPrep: Processing BATTERY_MODEL( "none" )
acuPrep: Processing MATERIAL_MODEL( "none" )
acuPrep: Processing MATERIAL_MODEL( "Air" )
acuPrep: Processing SURFACE_TENSION_MODEL( "none" )
acuPrep: Processing CONTACT_ANGLE_MODEL( "none" )
acuPrep: Processing FIELD_INTERACTION_MODEL( "none" )
acuPrep: Processing MULTI_FIELD_MODEL( "none" )
acuPrep: Processing EMISSIVITY_MODEL( "none" )
acuPrep: Processing SOLAR_RADIATION_MODEL( "none" )
acuPrep: Processing BATTERY_COMPONENT_MODEL( "none" )
acuPrep: Processing BATTERY_MODULE( "none" )
acuPrep: Processing COORDINATE
acuPrep:            2D mesh direction =          Z
acuPrep: Processing NODAL_INITIAL_CONDITION( "pressure" )
acuPrep: Processing NODAL_OUTPUT
acuPrep: Processing DERIVED_QUANTITY_OUTPUT
acuPrep: Processing RUNNING_AVERAGE_OUTPUT
acuPrep: Processing TIME_AVERAGE_OUTPUT
acuPrep: Processing RESTART_OUTPUT
acuPrep: Processing ERROR_ESTIMATOR_OUTPUT
acuPrep: Processing NODAL_RESIDUAL_OUTPUT
acuPrep: Processing VOLUME_SET( "e193_0.3m.SolidBody_3_1.wedge6" )
acuPrep: Processing VOLUME_SET( "e193_0.3m.SolidBody_3_1.hex8" )
acuPrep: Processing ELEMENT_SET( "e193_0.3m-2 SolidBody_3_1" )
acuPrep: Processing SURFACE_SET( "e193_0.3m.SurfaceSet_1.quad4.SolidBody_3_1.hex8" )
acuPrep: Processing SURFACE_SET( "e193_0.3m.SurfaceSet_2.quad4.SolidBody_3_1.wedge6" )
acuPrep: Processing SURFACE_SET( "e193_0.3m.SurfaceSet_3.tria3.SolidBody_3_1.wedge6" )
acuPrep: Processing SURFACE_SET( "e193_0.3m.SurfaceSet_3.quad4.SolidBody_3_1.hex8" )
acuPrep: Processing FIELD_BOUNDARY_CONDITION( "none" )
acuPrep: Processing SIMPLE_BOUNDARY_CONDITION( "Wall" )
acuPrep: Processing SIMPLE_BOUNDARY_CONDITION( "Far field" )
acuPrep: Processing SIMPLE_BOUNDARY_CONDITION( "Slip" )
acuPrep: Processing MESH_BOUNDARY_CONDITION( "Fixed" )
acuPrep: Processing SURFACE_OUTPUT( "Wall - Output" )
acuPrep: Processing SURFACE_OUTPUT( "Far field - Output" )
acuPrep: Processing SURFACE_OUTPUT( "Slip - Output" )
acuPrep: *** WARNING: surface output on 2D plane ignored
acuPrep: *** WARNING: surface output on 2D plane ignored
acuPrep: Processing FWH_OUTPUT
acuPrep: Processing VAO_OUTPUT
acuPrep: ------------------------------------------------------------------
acuPrep:          Minimum coordinates = -1.5000e+01 -1.5000e+01 -3.0000e-02
acuPrep:          Maximum coordinates =  1.5000e+01  1.5000e+01  3.0000e-02
acuPrep:                   Dimensions =  3.0000e+01  2.9999e+01  6.0000e-02
acuPrep:                  Total nodes =     107406
acuPrep:               Total elements =      98908
acuPrep:                Element aggl. =          1
acuPrep:    Total aggl. rad. surfaces =          0
acuPrep:     Total interface surfaces =          0
acuPrep: ------------------------------------------------------------------
acuPrep:                  Output data = Subdomain 0
acuPrep:                  Output data = Domain decomposition
acuPrep:                  Output data = Surface output
acuPrep: ------------------------------------------------------------------
acuPrep:       Input  CPU/Elapse time = 1.090000e-01 1.260000e-01 Sec
acuPrep:       Proc.  CPU/Elapse time = 6.720000e-01 1.262000e+00 Sec
acuPrep:       Solar  CPU/Elapse time = 0.000000e+00 0.000000e+00 Sec
acuPrep:       DDC    CPU/Elapse time = 9.400000e-02 9.200000e-02 Sec
acuPrep:       Output CPU/Elapse time = 9.300000e-02 2.520000e-01 Sec
acuPrep:       Total  CPU/Elapse time = 9.990000e-01 1.763000e+00 Sec
acuPrep:            Total Memory Size = 1.730000e+02 Mbytes
acuRun: -*-*-*-*-*-*-*-*-*-*-*-*-*-*-*-*-*-*-*-*-*-*-*-*-*-*-*-*-*-*-*-*-
acuRun: No enclosure radiation found: Bypassing acuView
acuRun: -*-*-*-*-*-*-*-*-*-*-*-*-*-*-*-*-*-*-*-*-*-*-*-*-*-*-*-*-*-*-*-*-
acuRun: Run acuSolve ...
acuRun: Add C:/Program Files/Altair/2022.3/hwcfdsolvers/acusolve/../../mpi/win64/mpich/bin to PATH
acuRun: set PATH=C:/Program Files/Altair/2022.3/hwcfdsolvers/acusolve/../../mpi/win64/mpich/bin;C:/Program Files/Altair/2022.3/hwcfdsolvers/acusolve/win64/bin;C:/Program Files/Altair/2022.3/hwcfdsolvers/acusolve/../../mpi/win64/mpich/bin;C:\Program Files\Altair\2022.3\hwcfdsolvers\acusolve\win64\base\edem;C:\Program Files\Altair\2022.3\hwcfdsolvers\acusolve\win64\bin;C:\Program Files\Altair\2022.3\hwcfdsolvers\acusolve\win64\base\bin;C:\Program Files\Altair\2022.3\hwcfdsolvers\acusolve\win64\base\DLLs;C:\Program Files\Altair\2022.3\hwcfdsolvers\acusolve\win64\base\lib\site-packages;C:\Program Files\Altair\2022.3\hwcfdsolvers\acusolve\win64\abaqus-odb\lib;C:\Program Files\Altair\2022.3\hwcfdsolvers\acusolve\win64\perl\bin;C:\Program Files\Altair\2022.3\common\python\python3.8\win64\DLLs;C:\Program Files\Altair\2022.3\hwdesktop\..\common\framework\win64\hwx\bin\win64;C:\Program Files\Altair\2022.3\hwdesktop\hwx\bin\win64;C:\Program Files\Altair\2022.3\hwdesktop\hw\bin\win64;C:\SIMULIA\Commands;C:\Program Files\Common Files\Oracle\Java\javapath;C:\Program Files (x86)\NVIDIA Corporation\PhysX\Common;C:\Windows\system32;C:\Windows;C:\Windows\System32\Wbem;C:\Windows\System32\WindowsPowerShell\v1.0\;C:\Windows\System32\OpenSSH\;C:\Program Files\dotnet\;C:\Program Files\Microsoft SQL Server\Client SDK\ODBC\110\Tools\Binn\;C:\Program Files (x86)\Microsoft SQL Server\120\Tools\Binn\;C:\Program Files\Microsoft SQL Server\120\Tools\Binn\;C:\Program Files\Microsoft SQL Server\120\DTS\Binn\;C:\Program Files (x86)\Windows Kits\8.1\Windows Performance Toolkit\;C:\Users\habee\AppData\Local\Microsoft\WindowsApps;C:\Users\habee\AppData\Local\Programs\Microsoft VS Code\bin;C:\msys64\ucrt64\bin
acuRun: "C:/Program Files/Altair/2022.3/hwcfdsolvers/acusolve/win64/bin/acuSolve".exe -np 1 -nt 1
acuSolve: Topology linear DC-capturing on
acuSolve: AcuSolve checked out license from HyperWorks
acuSolve:                       Date = Thu Apr 11 15:25:12 2024
acuSolve:                    Problem = e193_0.3m
acuSolve:                        Run = 1
acuSolve:                      Title = e193_0.3m
acuSolve:                   Subtitle = 
acuSolve:                  Base unit = unknown
acuSolve:                   Hostname = IDRISHAB
acuSolve:                   Platform = Windows 8/10 v6.2.9200 x64
acuSolve:                    Machine = win64
acuSolve:                   CPU name = 13th Gen Intel(R) Core(TM) i7-1355U
acuSolve:                  CPU speed = 2600 MHz
acuSolve:                  RAM space = 2037 Mbytes
acuSolve:                 Swap space = 35524 Mbytes
acuSolve:                    Release = 2022.3
acuSolve:               Release date = Mar 22 2023
acuSolve:                  Build Tag = 1160304aakas000_WCL:81231
acuSolve:       Message passing type = none
acuSolve:       Number of subdomains = 1
acuSolve:       Number of processors = 1
acuSolve:                  Non-zeros = 1560500
acuSolve:          Working directory = ACUSIM.DIR
acuSolve: ---------------------- Input Phase --------------------------
acuSolve: Input CPU/Elapse time      = 6.080000e-01 3.951000e+00 Sec
acuSolve: Input Memory Usage         = 2.940000e+02 Mbytes
acuSolve: Initializing based on Stokes:
acuSolve:     CGP      No iterations =        158
acuSolve:     CGP        0/1/n norms = 6.237770e-05 2.361603e-04 6.237423e-07
acuSolve:     CGP   Iter. CPU/Elapse = 2.407000e+00 3.113000e+00 
acuSolve:     GMRES    No iterations =       1000 (100.00)
acuSolve:     GMRES      0/1/n norms = 7.302634e-05 5.458607e+00 3.325364e-04
acuSolve:     GMRES Iter. CPU/Elapse = 3.399900e+01 4.506700e+01 
acuSolve: Initializing turbulence field variables
acuSolve:   Eddy visc.   min/ave/max =  8.139622e-05  1.438531e-03  1.453878e-03
acuSolve: Init. CPU/Elapse time      = 3.731300e+01 4.959800e+01 Sec
acuSolve: ---------------------- Begin Time Step ----------------------
acuSolve: Time-Step=    1 ; timeInc= 1.000000e+10 ; time= 0.000000e+00
acuSolve:   Flow stagger "flow": FORM-LHS
acuSolve:     pressure     res ratio = 2.040040e-02
acuSolve:     velocity     res ratio = 6.964177e-01
acuSolve:     CGP      No iterations =        590
acuSolve:     CGP        0/1/n norms = 5.489535e-03 4.057448e-03 5.441749e-05
acuSolve:     CGP   Iter. CPU/Elapse = 6.406000e+00 1.064800e+01 
acuSolve:     GMRES    No iterations =        500 (50.00)
acuSolve:     GMRES      0/1/n norms = 3.809958e-02 8.430717e-02 2.747956e-04
acuSolve:     GMRES Iter. CPU/Elapse = 1.353100e+01 2.301600e+01 
acuSolve:     pressure     sol ratio = 2.339906e+03
acuSolve:     velocity     sol ratio = 1.607611e+00
acuSolve:   Turbulence stagger "turbulence": FORM-LHS
acuSolve:     eddy-visc.   res ratio = 7.030307e-01
acuSolve:     GMRES    No iterations =        180 (4.50)
acuSolve:     GMRES      0/1/n norms = 2.474803e-07 2.474803e-07 2.377288e-09
acuSolve:     GMRES Iter. CPU/Elapse = 1.141000e+00 1.824000e+00 
acuSolve:     eddy-visc.   sol ratio = 4.531929e+00
acuSolve:   CFL timeInc              = 1.673040e-06
acuSolve:   Step CPU/Elapse time     = 2.331300e+01 3.833000e+01 Sec
acuSolve: Time-Step=    2 ; timeInc= 1.000000e+10 ; time= 1.000000e+10
acuSolve:   Flow stagger "flow": FORM-LHS
acuSolve:     pressure     res ratio = 8.499585e-03
acuSolve:     velocity     res ratio = 6.541585e-03
acuSolve:     CGP      No iterations =        384
acuSolve:     CGP        0/1/n norms = 4.290419e-03 2.326465e-03 4.224827e-05
acuSolve:     CGP   Iter. CPU/Elapse = 5.656000e+00 7.449000e+00 
acuSolve:     GMRES    No iterations =        250 (25.00)
acuSolve:     GMRES      0/1/n norms = 2.324700e-02 3.946307e-02 3.760504e-04
acuSolve:     GMRES Iter. CPU/Elapse = 9.218000e+00 1.131000e+01 
acuSolve:     pressure     sol ratio = 1.282373e+00
acuSolve:     velocity     sol ratio = 9.484756e-01
acuSolve:   Turbulence stagger "turbulence": FORM-LHS
acuSolve:     eddy-visc.   res ratio = 5.817047e-01
acuSolve:     GMRES    No iterations =        210 (5.25)
acuSolve:     GMRES      0/1/n norms = 7.118847e-08 7.118847e-08 7.064710e-10
acuSolve:     GMRES Iter. CPU/Elapse = 1.547000e+00 2.377000e+00 
acuSolve:     eddy-visc.   sol ratio = 1.169570e+00
acuSolve:   CFL timeInc              = 1.323621e-06
acuSolve:   Step CPU/Elapse time     = 1.851500e+01 2.390200e+01 Sec
acuSolve: Time-Step=    3 ; timeInc= 1.000000e+10 ; time= 2.000000e+10
acuSolve:   Flow stagger "flow": FORM-LHS
acuSolve:     pressure     res ratio = 3.133002e-03
acuSolve:     velocity     res ratio = 9.897841e-03
acuSolve:     CGP      No iterations =        256
acuSolve:     CGP        0/1/n norms = 1.460399e-03 2.619635e-03 1.459384e-05
acuSolve:     CGP   Iter. CPU/Elapse = 3.640000e+00 4.827000e+00 
acuSolve:     GMRES    No iterations =        125 (12.50)
acuSolve:     GMRES      0/1/n norms = 1.440266e-02 1.681042e-02 8.753125e-04
acuSolve:     GMRES Iter. CPU/Elapse = 3.297000e+00 5.665000e+00 
acuSolve:     pressure     sol ratio = 7.441863e-01
acuSolve:     velocity     sol ratio = 5.378936e-01
acuSolve:   Turbulence stagger "turbulence": FORM-LHS
acuSolve:     eddy-visc.   res ratio = 5.334153e-01
acuSolve:     GMRES    No iterations =        246 (6.15)
acuSolve:     GMRES      0/1/n norms = 3.783534e-08 3.783534e-08 3.741636e-10
acuSolve:     GMRES Iter. CPU/Elapse = 1.641000e+00 2.835000e+00 
acuSolve:     eddy-visc.   sol ratio = 5.087131e-01
acuSolve:   CFL timeInc              = 1.216186e-06
acuSolve:   Step CPU/Elapse time     = 1.031300e+01 1.622600e+01 Sec
acuSolve: Time-Step=    4 ; timeInc= 1.000000e+10 ; time= 3.000000e+10
acuSolve:   Flow stagger "flow": FORM-LHS
acuSolve:     pressure     res ratio = 2.131822e-03
acuSolve:     velocity     res ratio = 1.379974e-02
acuSolve:     CGP      No iterations =        285
acuSolve:     CGP        0/1/n norms = 1.217764e-03 1.800837e-03 1.212400e-05
acuSolve:     CGP   Iter. CPU/Elapse = 3.672000e+00 5.366000e+00 
acuSolve:     GMRES    No iterations =        105 (10.50)
acuSolve:     GMRES      0/1/n norms = 7.861163e-03 8.689799e-03 7.831265e-04
acuSolve:     GMRES Iter. CPU/Elapse = 3.110000e+00 4.762000e+00 
acuSolve:     pressure     sol ratio = 7.671593e-01
acuSolve:     velocity     sol ratio = 5.491030e-01
acuSolve:   Turbulence stagger "turbulence": FORM-LHS
acuSolve:     eddy-visc.   res ratio = 3.646930e-01
acuSolve:     GMRES    No iterations =        280 (7.00)
acuSolve:     GMRES      0/1/n norms = 1.941666e-08 1.941666e-08 1.923162e-10
acuSolve:     GMRES Iter. CPU/Elapse = 1.891000e+00 3.119000e+00 
acuSolve:     eddy-visc.   sol ratio = 6.317399e-01
acuSolve:   CFL timeInc              = 1.605129e-06
acuSolve:   Step CPU/Elapse time     = 1.051600e+01 1.614800e+01 Sec
acuSolve: Time-Step=    5 ; timeInc= 1.000000e+10 ; time= 4.000000e+10
acuSolve:   Flow stagger "flow": FORM-LHS
acuSolve:     pressure     res ratio = 1.285039e-03
acuSolve:     velocity     res ratio = 1.444486e-02
acuSolve:     CGP      No iterations =        214
acuSolve:     CGP        0/1/n norms = 9.445694e-04 1.155391e-03 9.350290e-06
acuSolve:     CGP   Iter. CPU/Elapse = 2.344000e+00 4.099000e+00 
acuSolve:     GMRES    No iterations =        135 (13.50)
acuSolve:     GMRES      0/1/n norms = 4.360242e-03 5.047421e-03 4.338625e-04
acuSolve:     GMRES Iter. CPU/Elapse = 4.437000e+00 6.065000e+00 
acuSolve:     pressure     sol ratio = 8.208867e-01
acuSolve:     velocity     sol ratio = 3.917650e-01
acuSolve:   Turbulence stagger "turbulence": FORM-LHS
acuSolve:     eddy-visc.   res ratio = 2.342725e-01
acuSolve:     GMRES    No iterations =        250 (6.25)
acuSolve:     GMRES      0/1/n norms = 1.247096e-08 1.247096e-08 1.230969e-10
acuSolve:     GMRES Iter. CPU/Elapse = 2.422000e+00 2.784000e+00 
acuSolve:     eddy-visc.   sol ratio = 5.763809e-01
acuSolve:   CFL timeInc              = 1.644867e-06
acuSolve:   Step CPU/Elapse time     = 1.140500e+01 1.580900e+01 Sec
acuSolve: Time-Step=    6 ; timeInc= 1.000000e+10 ; time= 5.000000e+10
acuSolve:   Flow stagger "flow": FORM-LHS
acuSolve:     pressure     res ratio = 6.912075e-04
acuSolve:     velocity     res ratio = 1.530015e-02
acuSolve:     CGP      No iterations =        214
acuSolve:     CGP        0/1/n norms = 6.666340e-04 7.174173e-04 6.600019e-06
acuSolve:     CGP   Iter. CPU/Elapse = 2.751000e+00 4.108000e+00 
acuSolve:     GMRES    No iterations =        175 (17.50)
acuSolve:     GMRES      0/1/n norms = 2.494770e-03 3.003892e-03 2.493984e-04
acuSolve:     GMRES Iter. CPU/Elapse = 4.562000e+00 7.902000e+00 
acuSolve:     pressure     sol ratio = 5.180973e-01
acuSolve:     velocity     sol ratio = 4.535421e-01
acuSolve:   Turbulence stagger "turbulence": FORM-LHS
acuSolve:     eddy-visc.   res ratio = 1.957810e-01
acuSolve:     GMRES    No iterations =        273 (6.83)
acuSolve:     GMRES      0/1/n norms = 1.163237e-08 1.163237e-08 1.137102e-10
acuSolve:     GMRES Iter. CPU/Elapse = 2.156000e+00 3.132000e+00 
acuSolve:     eddy-visc.   sol ratio = 6.074464e-01
acuSolve:   CFL timeInc              = 1.229087e-06
acuSolve:   Step CPU/Elapse time     = 1.143800e+01 1.803800e+01 Sec
acuSolve: Time-Step=    7 ; timeInc= 1.000000e+10 ; time= 6.000000e+10
acuSolve:   Flow stagger "flow": FORM-LHS
acuSolve:     pressure     res ratio = 3.629961e-04
acuSolve:     velocity     res ratio = 1.492684e-02
acuSolve:     CGP      No iterations =        216
acuSolve:     CGP        0/1/n norms = 4.915979e-04 6.272064e-04 4.893251e-06
acuSolve:     CGP   Iter. CPU/Elapse = 2.594000e+00 4.184000e+00 
acuSolve:     GMRES    No iterations =        168 (16.80)
acuSolve:     GMRES      0/1/n norms = 1.565724e-03 1.621303e-03 1.564937e-04
acuSolve:     GMRES Iter. CPU/Elapse = 4.921000e+00 7.627000e+00 
acuSolve:     pressure     sol ratio = 5.651171e-01
acuSolve:     velocity     sol ratio = 3.583811e-01
acuSolve:   Turbulence stagger "turbulence": FORM-LHS
acuSolve:     eddy-visc.   res ratio = 2.019743e-01
acuSolve:     GMRES    No iterations =        265 (6.63)
acuSolve:     GMRES      0/1/n norms = 1.139118e-08 1.139118e-08 1.125136e-10
acuSolve:     GMRES Iter. CPU/Elapse = 2.063000e+00 3.072000e+00 
acuSolve:     eddy-visc.   sol ratio = 4.132381e-01
acuSolve:   CFL timeInc              = 6.316381e-07
acuSolve:   Step CPU/Elapse time     = 1.126600e+01 1.776600e+01 Sec
acuSolve: Time-Step=    8 ; timeInc= 1.000000e+10 ; time= 7.000000e+10
acuSolve:   Flow stagger "flow": FORM-LHS
acuSolve:     pressure     res ratio = 2.170243e-04
acuSolve:     velocity     res ratio = 2.077609e-02
acuSolve:     CGP      No iterations =        192
acuSolve:     CGP        0/1/n norms = 3.729209e-04 5.539943e-04 3.678309e-06
acuSolve:     CGP   Iter. CPU/Elapse = 2.453000e+00 3.686000e+00 
acuSolve:     GMRES    No iterations =        169 (16.90)
acuSolve:     GMRES      0/1/n norms = 1.067816e-03 1.004657e-03 1.063829e-04
acuSolve:     GMRES Iter. CPU/Elapse = 6.126000e+00 7.528000e+00 
acuSolve:     pressure     sol ratio = 5.730881e-01
acuSolve:     velocity     sol ratio = 3.068466e-01
acuSolve:   Turbulence stagger "turbulence": FORM-LHS
acuSolve:     eddy-visc.   res ratio = 1.776067e-01
acuSolve:     GMRES    No iterations =        295 (7.38)
acuSolve:     GMRES      0/1/n norms = 1.202334e-08 1.202334e-08 1.182626e-10
acuSolve:     GMRES Iter. CPU/Elapse = 2.781000e+00 3.187000e+00 
acuSolve:     eddy-visc.   sol ratio = 6.450677e-01
acuSolve:   CFL timeInc              = 4.787688e-07
acuSolve:   Step CPU/Elapse time     = 1.324900e+01 1.723400e+01 Sec
acuSolve: Time-Step=    9 ; timeInc= 1.000000e+10 ; time= 8.000000e+10
acuSolve:   Flow stagger "flow": FORM-LHS
acuSolve:     pressure     res ratio = 1.524041e-04
acuSolve:     velocity     res ratio = 1.731562e-02
acuSolve:     CGP      No iterations =        180
acuSolve:     CGP        0/1/n norms = 2.851843e-04 3.478670e-04 2.811037e-06
acuSolve:     CGP   Iter. CPU/Elapse = 3.219000e+00 3.421000e+00 
acuSolve:     GMRES    No iterations =        200 (20.00)
acuSolve:     GMRES      0/1/n norms = 7.363144e-04 6.569299e-04 7.356235e-05
acuSolve:     GMRES Iter. CPU/Elapse = 6.687000e+00 8.975000e+00 
acuSolve:     pressure     sol ratio = 3.723700e-01
acuSolve:     velocity     sol ratio = 3.085964e-01
acuSolve:   Turbulence stagger "turbulence": FORM-LHS
acuSolve:     eddy-visc.   res ratio = 1.436151e-01
acuSolve:     GMRES    No iterations =        266 (6.65)
acuSolve:     GMRES      0/1/n norms = 1.791554e-08 1.791554e-08 1.790142e-10
acuSolve:     GMRES Iter. CPU/Elapse = 2.422000e+00 2.900000e+00 
acuSolve:     eddy-visc.   sol ratio = 4.540481e-01
acuSolve:   CFL timeInc              = 2.451013e-07
acuSolve:   Step CPU/Elapse time     = 1.459400e+01 1.811200e+01 Sec
acuSolve: Time-Step=   10 ; timeInc= 1.000000e+10 ; time= 9.000000e+10
acuSolve:   Flow stagger "flow": FORM-LHS
acuSolve:     pressure     res ratio = 1.019739e-04
acuSolve:     velocity     res ratio = 1.051621e-02
acuSolve:     CGP      No iterations =        224
acuSolve:     CGP        0/1/n norms = 2.253910e-04 2.142839e-04 2.251544e-06
acuSolve:     CGP   Iter. CPU/Elapse = 2.719000e+00 4.349000e+00 
acuSolve:     GMRES    No iterations =        204 (20.40)
acuSolve:     GMRES      0/1/n norms = 5.511976e-04 4.598781e-04 5.511286e-05
acuSolve:     GMRES Iter. CPU/Elapse = 6.375000e+00 9.196000e+00 
acuSolve:     pressure     sol ratio = 3.632399e-01
acuSolve:     velocity     sol ratio = 2.464822e-01
acuSolve:   Turbulence stagger "turbulence": FORM-LHS
acuSolve:     eddy-visc.   res ratio = 1.084921e-01
acuSolve:     GMRES    No iterations =        246 (6.15)
acuSolve:     GMRES      0/1/n norms = 1.594746e-08 1.594746e-08 1.589156e-10
acuSolve:     GMRES Iter. CPU/Elapse = 1.610000e+00 2.738000e+00 
acuSolve:     eddy-visc.   sol ratio = 2.375288e-01
acuSolve:   CFL timeInc              = 1.847156e-07
acuSolve:   Step CPU/Elapse time     = 1.254700e+01 1.911100e+01 Sec
acuSolve: Time-Step=   11 ; timeInc= 1.000000e+10 ; time= 1.000000e+11
acuSolve:   Flow stagger "flow": FORM-LHS
acuSolve:     pressure     res ratio = 6.929144e-05
acuSolve:     velocity     res ratio = 9.682383e-03
acuSolve:     CGP      No iterations =        203
acuSolve:     CGP        0/1/n norms = 1.877632e-04 1.793916e-04 1.830765e-06
acuSolve:     CGP   Iter. CPU/Elapse = 3.718000e+00 3.784000e+00 
acuSolve:     GMRES    No iterations =        226 (22.60)
acuSolve:     GMRES      0/1/n norms = 4.456113e-04 3.687370e-04 4.449584e-05
acuSolve:     GMRES Iter. CPU/Elapse = 9.688000e+00 9.968000e+00 
acuSolve:     pressure     sol ratio = 1.987119e-01
acuSolve:     velocity     sol ratio = 1.764319e-01
acuSolve:   Turbulence stagger "turbulence": FORM-LHS
acuSolve:     eddy-visc.   res ratio = 9.493379e-02
acuSolve:     GMRES    No iterations =        250 (6.25)
acuSolve:     GMRES      0/1/n norms = 1.501167e-08 1.501167e-08 1.492404e-10
acuSolve:     GMRES Iter. CPU/Elapse = 2.594000e+00 2.723000e+00 
acuSolve:     eddy-visc.   sol ratio = 2.981802e-01
acuSolve:   CFL timeInc              = 1.428048e-07
acuSolve:   Step CPU/Elapse time     = 1.861000e+01 1.927100e+01 Sec
acuSolve: Time-Step=   12 ; timeInc= 1.000000e+10 ; time= 1.100000e+11
acuSolve:   Flow stagger "flow": FORM-LHS
acuSolve:     pressure     res ratio = 5.245794e-05
acuSolve:     velocity     res ratio = 9.520088e-03
acuSolve:     CGP      No iterations =        206
acuSolve:     CGP        0/1/n norms = 1.537565e-04 1.280877e-04 1.536963e-06
acuSolve:     CGP   Iter. CPU/Elapse = 3.235000e+00 3.835000e+00 
acuSolve:     GMRES    No iterations =        216 (21.60)
acuSolve:     GMRES      0/1/n norms = 3.543496e-04 3.066616e-04 3.539846e-05
acuSolve:     GMRES Iter. CPU/Elapse = 8.218000e+00 9.804000e+00 
acuSolve:     pressure     sol ratio = 1.119174e-01
acuSolve:     velocity     sol ratio = 1.401396e-01
acuSolve:   Turbulence stagger "turbulence": FORM-LHS
acuSolve:     eddy-visc.   res ratio = 9.115840e-02
acuSolve:     GMRES    No iterations =        220 (5.50)
acuSolve:     GMRES      0/1/n norms = 2.071279e-08 2.071279e-08 2.050633e-10
acuSolve:     GMRES Iter. CPU/Elapse = 1.610000e+00 2.438000e+00 
acuSolve:     eddy-visc.   sol ratio = 1.696531e-01
acuSolve:   CFL timeInc              = 1.352579e-07
acuSolve:   Step CPU/Elapse time     = 1.534300e+01 1.887500e+01 Sec
acuSolve: Time-Step=   13 ; timeInc= 1.000000e+10 ; time= 1.200000e+11
acuSolve:   Flow stagger "flow": FORM-LHS
acuSolve:     pressure     res ratio = 4.156084e-05
acuSolve:     velocity     res ratio = 7.687813e-03
acuSolve:     CGP      No iterations =        183
acuSolve:     CGP        0/1/n norms = 1.257953e-04 8.459589e-05 1.212255e-06
acuSolve:     CGP   Iter. CPU/Elapse = 2.438000e+00 3.520000e+00 
acuSolve:     GMRES    No iterations =        225 (22.50)
acuSolve:     GMRES      0/1/n norms = 2.830320e-04 2.208420e-04 2.824951e-05
acuSolve:     GMRES Iter. CPU/Elapse = 7.374000e+00 9.968000e+00 
acuSolve:     pressure     sol ratio = 8.386303e-02
acuSolve:     velocity     sol ratio = 1.442811e-01
acuSolve:   Turbulence stagger "turbulence": FORM-LHS
acuSolve:     eddy-visc.   res ratio = 6.714295e-02
acuSolve:     GMRES    No iterations =        186 (4.65)
acuSolve:     GMRES      0/1/n norms = 1.706087e-08 1.706087e-08 1.688170e-10
acuSolve:     GMRES Iter. CPU/Elapse = 1.953000e+00 1.994000e+00 
acuSolve:     eddy-visc.   sol ratio = 1.238675e-01
acuSolve:   CFL timeInc              = 1.361515e-07
acuSolve:   Step CPU/Elapse time     = 1.445300e+01 1.829400e+01 Sec
acuSolve: Time-Step=   14 ; timeInc= 1.000000e+10 ; time= 1.300000e+11
acuSolve:   Flow stagger "flow": FORM-LHS
acuSolve:     pressure     res ratio = 3.341295e-05
acuSolve:     velocity     res ratio = 6.378770e-03
acuSolve:     CGP      No iterations =        205
acuSolve:     CGP        0/1/n norms = 1.046711e-04 6.864376e-05 1.045841e-06
acuSolve:     CGP   Iter. CPU/Elapse = 2.813000e+00 3.924000e+00 
acuSolve:     GMRES    No iterations =        214 (21.40)
acuSolve:     GMRES      0/1/n norms = 2.351425e-04 1.858735e-04 2.349925e-05
acuSolve:     GMRES Iter. CPU/Elapse = 8.734000e+00 9.424000e+00 
acuSolve:     pressure     sol ratio = 8.436525e-02
acuSolve:     velocity     sol ratio = 1.567475e-01
acuSolve:   Turbulence stagger "turbulence": FORM-LHS
acuSolve:     eddy-visc.   res ratio = 5.254939e-02
acuSolve:     GMRES    No iterations =        198 (4.95)
acuSolve:     GMRES      0/1/n norms = 1.227794e-08 1.227794e-08 1.224099e-10
acuSolve:     GMRES Iter. CPU/Elapse = 1.954000e+00 2.138000e+00 
acuSolve:     eddy-visc.   sol ratio = 8.952174e-02
acuSolve:   CFL timeInc              = 1.342350e-07
acuSolve:   Step CPU/Elapse time     = 1.600100e+01 1.832800e+01 Sec
acuSolve: Time-Step=   15 ; timeInc= 1.000000e+10 ; time= 1.400000e+11
acuSolve:   Flow stagger "flow": FORM-LHS
acuSolve:     pressure     res ratio = 2.821118e-05
acuSolve:     velocity     res ratio = 5.361135e-03
acuSolve:     CGP      No iterations =        199
acuSolve:     CGP        0/1/n norms = 8.876351e-05 5.842469e-05 8.681914e-07
acuSolve:     CGP   Iter. CPU/Elapse = 2.984000e+00 3.780000e+00 
acuSolve:     GMRES    No iterations =        245 (24.50)
acuSolve:     GMRES      0/1/n norms = 1.960833e-04 1.484083e-04 1.958969e-05
acuSolve:     GMRES Iter. CPU/Elapse = 9.406000e+00 1.089900e+01 
acuSolve:     pressure     sol ratio = 6.523814e-02
acuSolve:     velocity     sol ratio = 1.340925e-01
acuSolve:   Turbulence stagger "turbulence": FORM-LHS
acuSolve:     eddy-visc.   res ratio = 4.294690e-02
acuSolve:     GMRES    No iterations =        221 (5.53)
acuSolve:     GMRES      0/1/n norms = 1.105373e-08 1.105373e-08 1.102412e-10
acuSolve:     GMRES Iter. CPU/Elapse = 2.110000e+00 2.398000e+00 
acuSolve:     eddy-visc.   sol ratio = 1.077839e-01
acuSolve:   CFL timeInc              = 1.265607e-07
acuSolve:   Step CPU/Elapse time     = 1.667200e+01 1.992900e+01 Sec
acuSolve: Time-Step=   16 ; timeInc= 1.000000e+10 ; time= 1.500000e+11
acuSolve:   Flow stagger "flow": FORM-LHS
acuSolve:     pressure     res ratio = 2.182731e-05
acuSolve:     velocity     res ratio = 4.459029e-03
acuSolve:     CGP      No iterations =        173
acuSolve:     CGP        0/1/n norms = 7.533795e-05 4.774628e-05 7.455713e-07
acuSolve:     CGP   Iter. CPU/Elapse = 1.843000e+00 3.395000e+00 
acuSolve:     GMRES    No iterations =        217 (21.70)
acuSolve:     GMRES      0/1/n norms = 1.638410e-04 1.205733e-04 1.638337e-05
acuSolve:     GMRES Iter. CPU/Elapse = 7.094000e+00 9.603000e+00 
acuSolve:     pressure     sol ratio = 6.076021e-02
acuSolve:     velocity     sol ratio = 1.059007e-01
acuSolve:   Turbulence stagger "turbulence": FORM-LHS
acuSolve:     eddy-visc.   res ratio = 3.991330e-02
acuSolve:     GMRES    No iterations =        283 (7.08)
acuSolve:     GMRES      0/1/n norms = 1.030035e-08 1.030035e-08 1.018853e-10
acuSolve:     GMRES Iter. CPU/Elapse = 2.016000e+00 3.174000e+00 
acuSolve:     eddy-visc.   sol ratio = 1.442386e-01
acuSolve:   CFL timeInc              = 1.196251e-07
acuSolve:   Step CPU/Elapse time     = 1.293700e+01 1.900600e+01 Sec
acuSolve: Time-Step=   17 ; timeInc= 1.000000e+10 ; time= 1.600000e+11
acuSolve:   Flow stagger "flow": FORM-LHS
acuSolve:     pressure     res ratio = 2.009998e-05
acuSolve:     velocity     res ratio = 3.655130e-03
acuSolve:     CGP      No iterations =        203
acuSolve:     CGP        0/1/n norms = 6.405712e-05 3.433646e-05 6.352864e-07
acuSolve:     CGP   Iter. CPU/Elapse = 2.563000e+00 3.934000e+00 
acuSolve:     GMRES    No iterations =        243 (24.30)
acuSolve:     GMRES      0/1/n norms = 1.386306e-04 1.037757e-04 1.384586e-05
acuSolve:     GMRES Iter. CPU/Elapse = 9.093000e+00 1.069200e+01 
acuSolve:     pressure     sol ratio = 4.223461e-02
acuSolve:     velocity     sol ratio = 1.000654e-01
acuSolve:   Turbulence stagger "turbulence": FORM-LHS
acuSolve:     eddy-visc.   res ratio = 3.743179e-02
acuSolve:     GMRES    No iterations =        213 (5.33)
acuSolve:     GMRES      0/1/n norms = 8.180027e-09 8.180027e-09 8.108503e-11
acuSolve:     GMRES Iter. CPU/Elapse = 1.468000e+00 2.317000e+00 
acuSolve:     eddy-visc.   sol ratio = 1.942542e-01
acuSolve:   CFL timeInc              = 1.116285e-07
acuSolve:   Step CPU/Elapse time     = 1.520300e+01 1.976400e+01 Sec
acuSolve: Time-Step=   18 ; timeInc= 1.000000e+10 ; time= 1.700000e+11
acuSolve:   Flow stagger "flow": FORM-LHS
acuSolve:     pressure     res ratio = 1.712129e-05
acuSolve:     velocity     res ratio = 3.186191e-03
acuSolve:     CGP      No iterations =        192
acuSolve:     CGP        0/1/n norms = 5.510009e-05 2.955417e-05 5.470923e-07
acuSolve:     CGP   Iter. CPU/Elapse = 2.641000e+00 3.636000e+00 
acuSolve:     GMRES    No iterations =        340 (34.00)
acuSolve:     GMRES      0/1/n norms = 1.190694e-04 9.197695e-05 1.188893e-05
acuSolve:     GMRES Iter. CPU/Elapse = 1.042200e+01 1.537700e+01 
acuSolve:     pressure     sol ratio = 6.083151e-02
acuSolve:     velocity     sol ratio = 1.363933e-01
acuSolve:   Turbulence stagger "turbulence": FORM-LHS
acuSolve:     eddy-visc.   res ratio = 4.162195e-02
acuSolve:     GMRES    No iterations =        235 (5.88)
acuSolve:     GMRES      0/1/n norms = 7.730665e-09 7.730665e-09 7.646501e-11
acuSolve:     GMRES Iter. CPU/Elapse = 2.187000e+00 2.643000e+00 
acuSolve:     eddy-visc.   sol ratio = 2.499588e-01
acuSolve:   CFL timeInc              = 1.040737e-07
acuSolve:   Step CPU/Elapse time     = 1.768800e+01 2.462100e+01 Sec
acuSolve: Time-Step=   19 ; timeInc= 1.000000e+10 ; time= 1.800000e+11
acuSolve:   Flow stagger "flow": FORM-LHS
acuSolve:     pressure     res ratio = 1.217545e-05
acuSolve:     velocity     res ratio = 2.686566e-03
acuSolve:     CGP      No iterations =        225
acuSolve:     CGP        0/1/n norms = 4.773024e-05 2.892367e-05 4.760810e-07
acuSolve:     CGP   Iter. CPU/Elapse = 2.547000e+00 4.301000e+00 
acuSolve:     GMRES    No iterations =        251 (25.10)
acuSolve:     GMRES      0/1/n norms = 1.025076e-04 8.364800e-05 1.024341e-05
acuSolve:     GMRES Iter. CPU/Elapse = 8.562000e+00 1.138300e+01 
acuSolve:     pressure     sol ratio = 3.783249e-02
acuSolve:     velocity     sol ratio = 9.383187e-02
acuSolve:   Turbulence stagger "turbulence": FORM-LHS
acuSolve:     eddy-visc.   res ratio = 5.328164e-02
acuSolve:     GMRES    No iterations =        199 (4.97)
acuSolve:     GMRES      0/1/n norms = 7.971361e-09 7.971361e-09 7.911254e-11
acuSolve:     GMRES Iter. CPU/Elapse = 1.453000e+00 2.242000e+00 
acuSolve:     eddy-visc.   sol ratio = 2.399162e-01
acuSolve:   CFL timeInc              = 1.067132e-07
acuSolve:   Step CPU/Elapse time     = 1.465600e+01 2.074900e+01 Sec
acuSolve: Time-Step=   20 ; timeInc= 1.000000e+10 ; time= 1.900000e+11
acuSolve:   Flow stagger "flow": FORM-LHS
acuSolve:     pressure     res ratio = 1.039554e-05
acuSolve:     velocity     res ratio = 2.138479e-03
acuSolve:     CGP      No iterations =        174
acuSolve:     CGP        0/1/n norms = 4.116592e-05 2.116278e-05 3.992857e-07
acuSolve:     CGP   Iter. CPU/Elapse = 2.312000e+00 3.415000e+00 
acuSolve:     GMRES    No iterations =        257 (25.70)
acuSolve:     GMRES      0/1/n norms = 8.847519e-05 6.062503e-05 8.835872e-06
acuSolve:     GMRES Iter. CPU/Elapse = 8.015000e+00 1.140600e+01 
acuSolve:     pressure     sol ratio = 3.277166e-02
acuSolve:     velocity     sol ratio = 7.397925e-02
acuSolve:   Turbulence stagger "turbulence": FORM-LHS
acuSolve:     eddy-visc.   res ratio = 5.528219e-02
acuSolve:     GMRES    No iterations =        178 (4.45)
acuSolve:     GMRES      0/1/n norms = 6.589742e-09 6.589742e-09 6.553351e-11
acuSolve:     GMRES Iter. CPU/Elapse = 1.093000e+00 2.053000e+00 
acuSolve:     eddy-visc.   sol ratio = 2.167487e-01
acuSolve:   CFL timeInc              = 1.100281e-07
acuSolve:   Step CPU/Elapse time     = 1.324900e+01 1.970100e+01 Sec
acuSolve: Time-Step=   21 ; timeInc= 1.000000e+10 ; time= 2.000000e+11
acuSolve:   Flow stagger "flow": FORM-LHS
acuSolve:     pressure     res ratio = 8.920306e-06
acuSolve:     velocity     res ratio = 1.820852e-03
acuSolve:     CGP      No iterations =        163
acuSolve:     CGP        0/1/n norms = 3.559250e-05 1.710661e-05 3.534784e-07
acuSolve:     CGP   Iter. CPU/Elapse = 2.204000e+00 3.204000e+00 
acuSolve:     GMRES    No iterations =        243 (24.30)
acuSolve:     GMRES      0/1/n norms = 7.626374e-05 5.138239e-05 7.614439e-06
acuSolve:     GMRES Iter. CPU/Elapse = 8.562000e+00 1.090000e+01 
acuSolve:     pressure     sol ratio = 2.630907e-02
acuSolve:     velocity     sol ratio = 6.494026e-02
acuSolve:   Turbulence stagger "turbulence": FORM-LHS
acuSolve:     eddy-visc.   res ratio = 5.448909e-02
acuSolve:     GMRES    No iterations =        154 (3.85)
acuSolve:     GMRES      0/1/n norms = 5.330184e-09 5.330184e-09 5.210893e-11
acuSolve:     GMRES Iter. CPU/Elapse = 1.313000e+00 1.666000e+00 
acuSolve:     eddy-visc.   sol ratio = 1.773156e-01
acuSolve:   CFL timeInc              = 1.094144e-07
acuSolve:   Step CPU/Elapse time     = 1.470400e+01 1.867700e+01 Sec
acuSolve: Time-Step=   22 ; timeInc= 1.000000e+10 ; time= 2.100000e+11
acuSolve:   Flow stagger "flow": FORM-LHS
acuSolve:     pressure     res ratio = 8.571039e-06
acuSolve:     velocity     res ratio = 1.497876e-03
acuSolve:     CGP      No iterations =        211
acuSolve:     CGP        0/1/n norms = 3.117174e-05 1.419763e-05 3.110980e-07
acuSolve:     CGP   Iter. CPU/Elapse = 2.812000e+00 3.971000e+00 
acuSolve:     GMRES    No iterations =        193 (19.30)
acuSolve:     GMRES      0/1/n norms = 6.609239e-05 4.857721e-05 6.600207e-06
acuSolve:     GMRES Iter. CPU/Elapse = 5.625000e+00 9.100000e+00 
acuSolve:     pressure     sol ratio = 1.935572e-02
acuSolve:     velocity     sol ratio = 4.167897e-02
acuSolve:   Turbulence stagger "turbulence": FORM-LHS
acuSolve:     eddy-visc.   res ratio = 4.622367e-02
acuSolve:     GMRES    No iterations =        161 (4.03)
acuSolve:     GMRES      0/1/n norms = 3.897443e-09 3.897443e-09 3.843205e-11
acuSolve:     GMRES Iter. CPU/Elapse = 1.250000e+00 1.851000e+00 
acuSolve:     eddy-visc.   sol ratio = 1.206074e-01
acuSolve:   CFL timeInc              = 1.092099e-07
acuSolve:   Step CPU/Elapse time     = 1.178100e+01 1.777000e+01 Sec
acuSolve: Time-Step=   23 ; timeInc= 1.000000e+10 ; time= 2.200000e+11
acuSolve:   Flow stagger "flow": FORM-LHS
acuSolve:     pressure     res ratio = 7.265378e-06
acuSolve:     velocity     res ratio = 1.325230e-03
acuSolve:     CGP      No iterations =        152
acuSolve:     CGP        0/1/n norms = 2.742951e-05 1.375931e-05 2.683270e-07
acuSolve:     CGP   Iter. CPU/Elapse = 1.657000e+00 3.090000e+00 
acuSolve:     GMRES    No iterations =        202 (20.20)
acuSolve:     GMRES      0/1/n norms = 5.784037e-05 3.699489e-05 5.769365e-06
acuSolve:     GMRES Iter. CPU/Elapse = 6.875000e+00 9.038000e+00 
acuSolve:     pressure     sol ratio = 1.708820e-02
acuSolve:     velocity     sol ratio = 3.214895e-02
acuSolve:   Turbulence stagger "turbulence": FORM-LHS
acuSolve:     eddy-visc.   res ratio = 3.615794e-02
acuSolve:     GMRES    No iterations =        145 (3.63)
acuSolve:     GMRES      0/1/n norms = 2.764192e-09 2.764192e-09 2.728322e-11
acuSolve:     GMRES Iter. CPU/Elapse = 9.060000e-01 1.557000e+00 
acuSolve:     eddy-visc.   sol ratio = 8.446757e-02
acuSolve:   CFL timeInc              = 1.075384e-07
acuSolve:   Step CPU/Elapse time     = 1.145300e+01 1.648900e+01 Sec
acuSolve: Time-Step=   24 ; timeInc= 1.000000e+10 ; time= 2.300000e+11
acuSolve:   Flow stagger "flow": FORM-LHS
acuSolve:     pressure     res ratio = 6.425179e-06
acuSolve:     velocity     res ratio = 1.175809e-03
acuSolve:     CGP      No iterations =        154
acuSolve:     CGP        0/1/n norms = 2.403936e-05 1.044197e-05 2.369877e-07
acuSolve:     CGP   Iter. CPU/Elapse = 1.907000e+00 3.094000e+00 
acuSolve:     GMRES    No iterations =        194 (19.40)
acuSolve:     GMRES      0/1/n norms = 5.052387e-05 3.274937e-05 5.045429e-06
acuSolve:     GMRES Iter. CPU/Elapse = 6.360000e+00 9.207000e+00 
acuSolve:     pressure     sol ratio = 1.381687e-02
acuSolve:     velocity     sol ratio = 3.142959e-02
acuSolve:   Turbulence stagger "turbulence": FORM-LHS
acuSolve:     eddy-visc.   res ratio = 2.900922e-02
acuSolve:     GMRES    No iterations =        144 (3.60)
acuSolve:     GMRES      0/1/n norms = 2.215744e-09 2.215744e-09 2.174580e-11
acuSolve:     GMRES Iter. CPU/Elapse = 9.220000e-01 1.617000e+00 
acuSolve:     eddy-visc.   sol ratio = 7.101131e-02
acuSolve:   CFL timeInc              = 1.066267e-07
acuSolve:   Step CPU/Elapse time     = 1.095400e+01 1.673400e+01 Sec
acuSolve: Time-Step=   25 ; timeInc= 1.000000e+10 ; time= 2.400000e+11
acuSolve:   Flow stagger "flow": FORM-LHS
acuSolve:     pressure     res ratio = 5.919684e-06
acuSolve:     velocity     res ratio = 1.015668e-03
acuSolve:     CGP      No iterations =        162
acuSolve:     CGP        0/1/n norms = 2.126483e-05 9.320711e-06 2.096003e-07
acuSolve:     CGP   Iter. CPU/Elapse = 1.702000e+00 3.206000e+00 
acuSolve:     GMRES    No iterations =        237 (23.70)
acuSolve:     GMRES      0/1/n norms = 4.456029e-05 3.096115e-05 4.454927e-06
acuSolve:     GMRES Iter. CPU/Elapse = 6.563000e+00 1.086000e+01 
acuSolve:     pressure     sol ratio = 1.546578e-02
acuSolve:     velocity     sol ratio = 3.396865e-02
acuSolve:   Turbulence stagger "turbulence": FORM-LHS
acuSolve:     eddy-visc.   res ratio = 2.463994e-02
acuSolve:     GMRES    No iterations =        155 (3.88)
acuSolve:     GMRES      0/1/n norms = 1.842481e-09 1.842481e-09 1.806463e-11
acuSolve:     GMRES Iter. CPU/Elapse = 1.610000e+00 1.664000e+00 
acuSolve:     eddy-visc.   sol ratio = 8.879646e-02
acuSolve:   CFL timeInc              = 1.053150e-07
acuSolve:   Step CPU/Elapse time     = 1.171800e+01 1.857300e+01 Sec
acuSolve: Time-Step=   26 ; timeInc= 1.000000e+10 ; time= 2.500000e+11
acuSolve:   Flow stagger "flow": FORM-LHS
acuSolve:     pressure     res ratio = 5.336434e-06
acuSolve:     velocity     res ratio = 9.069528e-04
acuSolve:     CGP      No iterations =        167
acuSolve:     CGP        0/1/n norms = 1.888636e-05 8.116356e-06 1.851498e-07
acuSolve:     CGP   Iter. CPU/Elapse = 2.906000e+00 3.299000e+00 
acuSolve:     GMRES    No iterations =        245 (24.50)
acuSolve:     GMRES      0/1/n norms = 3.925364e-05 2.865143e-05 3.923872e-06
acuSolve:     GMRES Iter. CPU/Elapse = 9.922000e+00 1.084100e+01 
acuSolve:     pressure     sol ratio = 1.446909e-02
acuSolve:     velocity     sol ratio = 3.147865e-02
acuSolve:   Turbulence stagger "turbulence": FORM-LHS
acuSolve:     eddy-visc.   res ratio = 2.503748e-02
acuSolve:     GMRES    No iterations =        174 (4.35)
acuSolve:     GMRES      0/1/n norms = 1.840087e-09 1.840087e-09 1.826320e-11
acuSolve:     GMRES Iter. CPU/Elapse = 1.578000e+00 1.883000e+00 
acuSolve:     eddy-visc.   sol ratio = 9.642039e-02
acuSolve:   CFL timeInc              = 1.044016e-07
acuSolve:   Step CPU/Elapse time     = 1.701600e+01 1.880100e+01 Sec
acuSolve: Time-Step=   27 ; timeInc= 1.000000e+10 ; time= 2.600000e+11
acuSolve:   Flow stagger "flow": FORM-LHS
acuSolve:     pressure     res ratio = 4.705819e-06
acuSolve:     velocity     res ratio = 8.454418e-04
acuSolve:     CGP      No iterations =        166
acuSolve:     CGP        0/1/n norms = 1.679491e-05 7.278790e-06 1.647110e-07
acuSolve:     CGP   Iter. CPU/Elapse = 2.703000e+00 3.185000e+00 
acuSolve:     GMRES    No iterations =        234 (23.40)
acuSolve:     GMRES      0/1/n norms = 3.479952e-05 2.698875e-05 3.477161e-06
acuSolve:     GMRES Iter. CPU/Elapse = 9.218000e+00 1.036100e+01 
acuSolve:     pressure     sol ratio = 1.136393e-02
acuSolve:     velocity     sol ratio = 2.229500e-02
acuSolve:   Turbulence stagger "turbulence": FORM-LHS
acuSolve:     eddy-visc.   res ratio = 2.516052e-02
acuSolve:     GMRES    No iterations =        127 (3.17)
acuSolve:     GMRES      0/1/n norms = 1.702012e-09 1.702012e-09 1.694017e-11
acuSolve:     GMRES Iter. CPU/Elapse = 9.540000e-01 1.437000e+00 
acuSolve:     eddy-visc.   sol ratio = 8.499306e-02
acuSolve:   CFL timeInc              = 1.036025e-07
acuSolve:   Step CPU/Elapse time     = 1.525000e+01 1.779500e+01 Sec
acuSolve: Time-Step=   28 ; timeInc= 1.000000e+10 ; time= 2.700000e+11
acuSolve:   Flow stagger "flow": FORM-LHS
acuSolve:     pressure     res ratio = 4.416174e-06
acuSolve:     velocity     res ratio = 7.406803e-04
acuSolve:     CGP      No iterations =        157
acuSolve:     CGP        0/1/n norms = 1.494899e-05 6.377576e-06 1.469221e-07
acuSolve:     CGP   Iter. CPU/Elapse = 2.953000e+00 3.047000e+00 
acuSolve:     GMRES    No iterations =        281 (28.10)
acuSolve:     GMRES      0/1/n norms = 3.085646e-05 2.417988e-05 3.084839e-06
acuSolve:     GMRES Iter. CPU/Elapse = 9.313000e+00 1.250800e+01 
acuSolve:     pressure     sol ratio = 8.321994e-03
acuSolve:     velocity     sol ratio = 1.649141e-02
acuSolve:   Turbulence stagger "turbulence": FORM-LHS
acuSolve:     eddy-visc.   res ratio = 2.315859e-02
acuSolve:     GMRES    No iterations =        156 (3.90)
acuSolve:     GMRES      0/1/n norms = 1.419973e-09 1.419973e-09 1.410501e-11
acuSolve:     GMRES Iter. CPU/Elapse = 1.141000e+00 1.782000e+00 
acuSolve:     eddy-visc.   sol ratio = 6.232281e-02
acuSolve:   CFL timeInc              = 1.027002e-07
acuSolve:   Step CPU/Elapse time     = 1.589000e+01 2.011800e+01 Sec
acuSolve: Time-Step=   29 ; timeInc= 1.000000e+10 ; time= 2.800000e+11
acuSolve:   Flow stagger "flow": FORM-LHS
acuSolve:     pressure     res ratio = 3.567997e-06
acuSolve:     velocity     res ratio = 6.661378e-04
acuSolve:     CGP      No iterations =        155
acuSolve:     CGP        0/1/n norms = 1.333106e-05 5.678649e-06 1.285565e-07
acuSolve:     CGP   Iter. CPU/Elapse = 2.016000e+00 3.155000e+00 
acuSolve:     GMRES    No iterations =        180 (18.00)
acuSolve:     GMRES      0/1/n norms = 2.720086e-05 1.947903e-05 2.715646e-06
acuSolve:     GMRES Iter. CPU/Elapse = 6.110000e+00 8.028000e+00 
acuSolve:     pressure     sol ratio = 8.157386e-03
acuSolve:     velocity     sol ratio = 9.715156e-03
acuSolve:   Turbulence stagger "turbulence": FORM-LHS
acuSolve:     eddy-visc.   res ratio = 1.918554e-02
acuSolve:     GMRES    No iterations =        137 (3.42)
acuSolve:     GMRES      0/1/n norms = 1.196023e-09 1.196023e-09 1.180492e-11
acuSolve:     GMRES Iter. CPU/Elapse = 1.250000e+00 1.494000e+00 
acuSolve:     eddy-visc.   sol ratio = 3.192487e-02
acuSolve:   CFL timeInc              = 1.022943e-07
acuSolve:   Step CPU/Elapse time     = 1.179800e+01 1.550900e+01 Sec
acuSolve: Time-Step=   30 ; timeInc= 1.000000e+10 ; time= 2.900000e+11
acuSolve:   Flow stagger "flow": FORM-LHS
acuSolve:     pressure     res ratio = 3.545316e-06
acuSolve:     velocity     res ratio = 5.480040e-04
acuSolve:     CGP      No iterations =        147
acuSolve:     CGP        0/1/n norms = 1.197680e-05 4.885306e-06 1.193119e-07
acuSolve:     CGP   Iter. CPU/Elapse = 2.343000e+00 2.878000e+00 
acuSolve:     GMRES    No iterations =        207 (20.70)
acuSolve:     GMRES      0/1/n norms = 2.463275e-05 1.739814e-05 2.460063e-06
acuSolve:     GMRES Iter. CPU/Elapse = 6.782000e+00 9.181000e+00 
acuSolve:     pressure     sol ratio = 6.443207e-03
acuSolve:     velocity     sol ratio = 1.114353e-02
acuSolve:   Turbulence stagger "turbulence": FORM-LHS
acuSolve:     eddy-visc.   res ratio = 1.404074e-02
acuSolve:     GMRES    No iterations =        135 (3.38)
acuSolve:     GMRES      0/1/n norms = 7.897738e-10 7.897738e-10 7.876202e-12
acuSolve:     GMRES Iter. CPU/Elapse = 9.850000e-01 1.470000e+00 
acuSolve:     eddy-visc.   sol ratio = 1.609372e-02
acuSolve:   CFL timeInc              = 1.013752e-07
acuSolve:   Step CPU/Elapse time     = 1.210800e+01 1.639800e+01 Sec
acuSolve: Time-Step=   31 ; timeInc= 1.000000e+10 ; time= 3.000000e+11
acuSolve:   Flow stagger "flow": FORM-LHS
acuSolve:     pressure     res ratio = 3.310708e-06
acuSolve:     velocity     res ratio = 5.096939e-04
acuSolve:     CGP      No iterations =        149
acuSolve:     CGP        0/1/n norms = 1.063997e-05 4.328558e-06 1.062241e-07
acuSolve:     CGP   Iter. CPU/Elapse = 2.750000e+00 2.938000e+00 
acuSolve:     GMRES    No iterations =        228 (22.80)
acuSolve:     GMRES      0/1/n norms = 2.162953e-05 1.587040e-05 2.159396e-06
acuSolve:     GMRES Iter. CPU/Elapse = 8.859000e+00 1.008200e+01 
acuSolve:     pressure     sol ratio = 4.847013e-03
acuSolve:     velocity     sol ratio = 8.259447e-03
acuSolve:   Turbulence stagger "turbulence": FORM-LHS
acuSolve:     eddy-visc.   res ratio = 9.682236e-03
acuSolve:     GMRES    No iterations =        130 (3.25)
acuSolve:     GMRES      0/1/n norms = 5.226559e-10 5.226559e-10 5.165152e-12
acuSolve:     GMRES Iter. CPU/Elapse = 9.530000e-01 1.441000e+00 
acuSolve:     eddy-visc.   sol ratio = 1.463192e-02
acuSolve:   CFL timeInc              = 1.008222e-07
acuSolve:   Step CPU/Elapse time     = 1.554800e+01 1.876500e+01 Sec
acuSolve: ----------------------- End Time Step -----------------------
acuSolve: ----------------------- Offset Values -----------------------
acuSolve:            Pressure Offset = 1.013250e+05 
acuSolve:         Temperature Offset = 0.000000e+00 
acuSolve: -------------------------------------------------------------
acuSolve: Input       CPU/Elapse time= 3.792100e+01 5.354900e+01 Sec
acuSolve: Output      CPU/Elapse time= 1.370400e+01 1.852200e+01 Sec
acuSolve: Exchange    CPU/Elapse time= 5.790000e-01 2.580000e-01 Sec
acuSolve: Intf.search CPU/Elapse time= 0.000000e+00 0.000000e+00 Sec
acuSolve: Flow stagger "flow":
acuSolve:   No of res/lhs formations =           31           31
acuSolve:   Elem.Form CPU/Elapse time= 3.111000e+01 4.064400e+01 Sec
acuSolve:   Solution  CPU/Elapse time= 3.220120e+02 4.361200e+02 Sec
acuSolve: Turbulence stagger "turbulence":
acuSolve:   No of res/lhs formations =           31           31
acuSolve:   Elem.Form CPU/Elapse time= 1.635700e+01 2.163300e+01 Sec
acuSolve:   Solution  CPU/Elapse time= 5.136200e+01 7.053700e+01 Sec
acuSolve: LnSlv. (host)   Elapse time= 5.053540e+02 Sec
acuSolve: Total CPU/Elapse time      = 4.781090e+02 6.490230e+02 Sec
acuSolve: Total Memory Usage         = 2.970000e+02 Mbytes
acuRun: -*-*-*-*-*-*-*-*-*-*-*-*-*-*-*-*-*-*-*-*-*-*-*-*-*-*-*-*-*-*-*-*-
acuTrans:  Variable                         Min           Max           Ave
acuTrans: x_coordinates                  -1.500000e+01  1.500000e+01  1.755360e-01
acuTrans: y_coordinates                  -1.499961e+01  1.499961e+01  3.978972e-02
acuTrans: z_coordinates                  -3.000000e-02  3.000000e-02  2.555102e-20
acuTrans: x_velocity                     -8.500175e+01  2.175392e+02  1.431760e+02
acuTrans: y_velocity                     -2.360394e+01  2.206091e+02  9.981775e+00
acuTrans: z_velocity                      0.000000e+00  0.000000e+00  0.000000e+00
acuTrans: pressure                       -2.719805e+04  1.420067e+04 -9.665885e+02
acuTrans: eddy_viscosity                 -2.803044e-06  8.449982e-03  2.841872e-04
acuTrans: surface_y_plus                  0.000000e+00  1.899813e+00  5.656762e-03
acuTrans: surface_film_coefficient        0.000000e+00  1.111891e+03  2.579089e+00
acuTrans: x_wall_shear_stress            -7.018358e+01  8.881730e+01  2.060425e-01
acuTrans: y_wall_shear_stress            -1.048489e+01  1.672440e+02  1.826434e-02
acuTrans: z_wall_shear_stress            -1.756572e-05  2.254578e-04  4.222536e-09
acuRun: -*-*-*-*-*-*-*-*-*-*-*-*-*-*-*-*-*-*-*-*-*-*-*-*-*-*-*-*-*-*-*-*-
acuRun: Thu Apr 11 15:35:58 2024
