acuRun: Core auto detection found 20 cores
acuSolve:  ************************************************************************
acuSolve:  **                                                                    **
acuSolve:  **                                                                    **
acuSolve:  **                         Altair AcuSolve(R)                         **
acuSolve:  **                          Version: 2022.3                           **
acuSolve:  **                    A General Purpose CFD Solver                    **
acuSolve:  **                                                                    **
acuSolve:  **                                                                    **
acuSolve:  **                     Windows 8/10 v6.2.9200 x64                     **
acuSolve:  **                             SOHA_YUSUF                             **
acuSolve:  **                             20 Core(s)                             **
acuSolve:  **                         CPU speed 2700 MHz                         **
acuSolve:  **                     539 MB RAM,  38385 MB swap                     **
acuSolve:  **                Build Tag 1160304aakas000_WCL:81231                 **
acuSolve:  ************************************************************************
acuSolve:  ** COPYRIGHT (C) 1996-2024                 Altair Engineering, Inc.   **
acuSolve:  ** All Rights Reserved.  Copyright notice does not imply publication. **
acuSolve:  ** Contains trade secrets of Altair Engineering, Inc.                 **
acuSolve:  ** Decompilation or disassembly of this software strictly prohibited. **
acuSolve:  ************************************************************************
acuRun: Thu Mar  7 10:04:10 2024
acuRun: acuRun 
acuRun: Processing run 1 ...
acuRun: Hostname = soha_yusuf
acuRun: Release  = 2022.3
acuRun: num_threads is reduced from (20) to (1)
acuRun: Add C:/Program Files/Altair/2022.3/hwcfdsolvers/acusolve/win64/bin to PATH
acuRun: set PATH=C:/Program Files/Altair/2022.3/hwcfdsolvers/acusolve/win64/bin;C:/Program Files/Altair/2022.3/hwcfdsolvers/acusolve/../../mpi/win64/mpich/bin;C:\Program Files\Altair\2022.3\hwcfdsolvers\acusolve\win64\base\edem;C:\Program Files\Altair\2022.3\hwcfdsolvers\acusolve\win64\bin;C:\Program Files\Altair\2022.3\hwcfdsolvers\acusolve\win64\base\bin;C:\Program Files\Altair\2022.3\hwcfdsolvers\acusolve\win64\base\DLLs;C:\Program Files\Altair\2022.3\hwcfdsolvers\acusolve\win64\base\lib\site-packages;C:\Program Files\Altair\2022.3\hwcfdsolvers\acusolve\win64\abaqus-odb\lib;C:\Program Files\Altair\2022.3\hwcfdsolvers\acusolve\win64\perl\bin;C:\Program Files\Altair\2022.3\common\python\python3.8\win64\DLLs;C:\Program Files\Altair\2022.3\hwdesktop\..\common\framework\win64\hwx\bin\win64;C:\Program Files\Altair\2022.3\hwdesktop\hwx\bin\win64;C:\Program Files\Altair\2022.3\hwdesktop\hw\bin\win64;C:\Windows\system32;C:\Windows;C:\Windows\System32\Wbem;C:\Windows\System32\WindowsPowerShell\v1.0\;C:\Windows\System32\OpenSSH\;C:\Program Files (x86)\NVIDIA Corporation\PhysX\Common;C:\Program Files\NVIDIA Corporation\NVIDIA NvDLISR;C:\Program Files\MATLAB\R2022a\bin;C:\WINDOWS\system32;C:\WINDOWS;C:\WINDOWS\System32\Wbem;C:\WINDOWS\System32\WindowsPowerShell\v1.0\;C:\WINDOWS\System32\OpenSSH\;C:\Program Files\PuTTY\;C:\Program Files\Microsoft SQL Server\Client SDK\ODBC\110\Tools\Binn\;C:\Program Files (x86)\Microsoft SQL Server\120\Tools\Binn\;C:\Program Files\Microsoft SQL Server\120\Tools\Binn\;C:\Program Files\Microsoft SQL Server\120\DTS\Binn\;C:\Program Files (x86)\Windows Kits\8.1\Windows Performance Toolkit\;C:\Program Files\Wolfram Research\WolframScript\;C:\Program Files\Git\cmd;C:\Users\soha9\AppData\Local\Microsoft\WindowsApps;;C:\Users\soha9\AppData\Local\Programs\Microsoft VS Code\bin;C:\Program Files\Inkscape\bin
acuRun: Run acuPrep ...
acuRun: "C:/Program Files/Altair/2022.3/hwcfdsolvers/acusolve/win64/bin/acuPrep".exe -nst 1 -npt 1 
acuPrep:                       Date = Thu Mar  7 10:04:10 2024
acuPrep:                    Problem = naca_0012_0.6096
acuPrep:                        Run = 1
acuPrep:                   Hostname = SOHA_YUSUF
acuPrep:                   Platform = Windows 8/10 v6.2.9200 x64
acuPrep:                    Machine = win64
acuPrep:                   CPU name = 12th Gen Intel(R) Core(TM) i7-12700H
acuPrep:                  CPU speed = 2700 MHz
acuPrep:                  RAM space = 542 Mbytes
acuPrep:                 Swap space = 38385 Mbytes
acuPrep:                    Release = 2022.3
acuPrep:               Release date = Mar 22 2023
acuPrep:                  Build Tag = 1160304aakas000_WCL:81231
acuPrep:       Number of subdomains = 1
acuPrep:          Number of threads = 1
acuPrep:  Number of AcuPrep threads = 1
acuPrep:          Working directory = ACUSIM.DIR
acuPrep: ------------------------------------------------------------------
acuPrep: Reading INCLUDE
acuPrep: Processing INCLUDE
acuPrep: INCLUDE: File MESH.DIR/naca_0012_0.6096_meshsets.inc
acuPrep: Reading COORDINATE
acuPrep: Reading VOLUME_SET( "naca_0012_0.6096.SolidBody_2_1.wedge6" )
acuPrep: Reading VOLUME_SET( "naca_0012_0.6096.SolidBody_2_1.hex8" )
acuPrep: Reading SURFACE_SET( "naca_0012_0.6096.SurfaceSet_1.quad4.SolidBody_2_1.hex8" )
acuPrep: Reading SURFACE_SET( "naca_0012_0.6096.SurfaceSet_2.quad4.SolidBody_2_1.wedge6" )
acuPrep: Reading SURFACE_SET( "naca_0012_0.6096.SurfaceSet_3.tria3.SolidBody_2_1.wedge6" )
acuPrep: Reading SURFACE_SET( "naca_0012_0.6096.SurfaceSet_3.quad4.SolidBody_2_1.hex8" )
acuPrep: Reading ANALYSIS
acuPrep: Reading EQUATION
acuPrep: Reading AUTO_SOLUTION_STRATEGY
acuPrep: Processing AUTO_SOLUTION_STRATEGY
acuPrep: AUTO_SOLUTION_STRATEGY: creating and including "naca_0012_0.6096.ss.inc" ...
acuPrep: Reading TIME_SEQUENCE
acuPrep: Reading STAGGER( "flow" )
acuPrep: Reading STAGGER( "turbulence" )
acuPrep: Reading TIME_INCREMENT
acuPrep: Reading TIME_INTEGRATION
acuPrep: Reading LINEAR_SOLVER_PARAMETERS
acuPrep: Reading CONVERGENCE_CHECK_PARAMETERS
acuPrep: Reading ALGEBRAIC_MULTIGRID_PARAMETERS
acuPrep: Reading TIME_INTEGRATION
acuPrep: *** WARNING: Multiple command issue
acuPrep: Reading DENSITY_MODEL( "Air" )
acuPrep: Reading CONDUCTIVITY_MODEL( "Air" )
acuPrep: Reading SPECIFIC_HEAT_MODEL( "Air" )
acuPrep: Reading VISCOSITY_MODEL( "Air" )
acuPrep: Reading MATERIAL_MODEL( "Air" )
acuPrep: Reading MESH_BOUNDARY_CONDITION( "Fixed" )
acuPrep: Reading ELEMENT_SET( "naca_0012_0.6096 SolidBody_2_1" )
acuPrep: Reading NODAL_INITIAL_CONDITION( "pressure" )
acuPrep: Reading SIMPLE_BOUNDARY_CONDITION( "Wall" )
acuPrep: Reading SURFACE_OUTPUT( "Wall - Output" )
acuPrep: Reading SIMPLE_BOUNDARY_CONDITION( "Far field" )
acuPrep: Reading SURFACE_OUTPUT( "Far field - Output" )
acuPrep: Reading SIMPLE_BOUNDARY_CONDITION( "Slip" )
acuPrep: Reading SURFACE_OUTPUT( "Slip - Output" )
acuPrep: Reading NODAL_OUTPUT
acuPrep: Reading DERIVED_QUANTITY_OUTPUT
acuPrep: Reading RESTART_OUTPUT
acuPrep: Reading TIME_AVERAGE_OUTPUT
acuPrep: Reading NODAL_RESIDUAL_OUTPUT
acuPrep: Reading RUN
acuPrep: Processing RUN
acuPrep: Processing ANALYSIS
acuPrep: Processing EQUATION
acuPrep: Processing FIELD( "none" )
acuPrep: Processing TURBULENCE_MODEL_PARAMETERS
acuPrep: Processing USER_GLOBAL_DATA( "none" )
acuPrep: Processing MULTIPLIER_FUNCTION( "none" )
acuPrep: Processing RADIATION
acuPrep: Processing SOLAR_RADIATION
acuPrep: Processing PARTICLE_TRACE
acuPrep: Processing EXTERNAL_CODE
acuPrep: Processing REFERENCE_FRAME( "none" )
acuPrep: Processing MESH_MOTION( "none" )
acuPrep: Processing OPTIMIZATION
acuPrep: Processing TIME_SEQUENCE
acuPrep: Processing STAGGER( "flow" )
acuPrep: Processing STAGGER( "turbulence" )
acuPrep: Processing TIME_INCREMENT
acuPrep: Processing CONVERGENCE_CHECK_PARAMETERS
acuPrep: Processing ALGEBRAIC_MULTIGRID_PARAMETERS
acuPrep: Processing TIME_INTEGRATION
acuPrep: Processing LINEAR_SOLVER_PARAMETERS
acuPrep: Processing GRAVITY( "none" )
acuPrep: Processing MOMENTUM_SOURCE( "none" )
acuPrep: Processing ROTATION_FORCE( "none" )
acuPrep: Processing MASS_HEAT_SOURCE( "none" )
acuPrep: Processing VOLUME_HEAT_SOURCE( "none" )
acuPrep: Processing MASS_SPECIES_SOURCE( "none" )
acuPrep: Processing VOLUME_SPECIES_SOURCE( "none" )
acuPrep: Processing MASS_FIELD_SOURCE( "none" )
acuPrep: Processing VOLUME_FIELD_SOURCE( "none" )
acuPrep: Processing WAVE_DAMPING_SOURCE
acuPrep: Processing BODY_FORCE( "none" )
acuPrep: Processing DENSITY_MODEL( "none" )
acuPrep: Processing DENSITY_MODEL( "Air" )
acuPrep: Processing SPECIFIC_HEAT_MODEL( "none" )
acuPrep: Processing SPECIFIC_HEAT_MODEL( "Air" )
acuPrep: Processing VISCOSITY_MODEL( "none" )
acuPrep: Processing VISCOSITY_MODEL( "Air" )
acuPrep: Processing VISCOELASTIC_MODEL( "none" )
acuPrep: Processing CONDUCTIVITY_MODEL( "none" )
acuPrep: Processing CONDUCTIVITY_MODEL( "Air" )
acuPrep: Processing DIFFUSIVITY_MODEL( "none" )
acuPrep: Processing POROSITY_MODEL( "none" )
acuPrep: Processing MATERIAL_RADIATION_MODEL( "none" )
acuPrep: Processing GAS_KINETIC_MODEL( "none" )
acuPrep: Processing ELECTRICAL_RESISTIVITY_MODEL( "none" )
acuPrep: Processing BATTERY_MODEL( "none" )
acuPrep: Processing MATERIAL_MODEL( "none" )
acuPrep: Processing MATERIAL_MODEL( "Air" )
acuPrep: Processing SURFACE_TENSION_MODEL( "none" )
acuPrep: Processing CONTACT_ANGLE_MODEL( "none" )
acuPrep: Processing FIELD_INTERACTION_MODEL( "none" )
acuPrep: Processing MULTI_FIELD_MODEL( "none" )
acuPrep: Processing EMISSIVITY_MODEL( "none" )
acuPrep: Processing SOLAR_RADIATION_MODEL( "none" )
acuPrep: Processing BATTERY_COMPONENT_MODEL( "none" )
acuPrep: Processing BATTERY_MODULE( "none" )
acuPrep: Processing COORDINATE
acuPrep:            2D mesh direction =          Z
acuPrep: Processing NODAL_INITIAL_CONDITION( "pressure" )
acuPrep: Processing NODAL_OUTPUT
acuPrep: Processing DERIVED_QUANTITY_OUTPUT
acuPrep: Processing RUNNING_AVERAGE_OUTPUT
acuPrep: Processing TIME_AVERAGE_OUTPUT
acuPrep: Processing RESTART_OUTPUT
acuPrep: Processing ERROR_ESTIMATOR_OUTPUT
acuPrep: Processing NODAL_RESIDUAL_OUTPUT
acuPrep: Processing VOLUME_SET( "naca_0012_0.6096.SolidBody_2_1.wedge6" )
acuPrep: Processing VOLUME_SET( "naca_0012_0.6096.SolidBody_2_1.hex8" )
acuPrep: Processing ELEMENT_SET( "naca_0012_0.6096 SolidBody_2_1" )
acuPrep: Processing SURFACE_SET( "naca_0012_0.6096.SurfaceSet_1.quad4.SolidBody_2_1.hex8" )
acuPrep: Processing SURFACE_SET( "naca_0012_0.6096.SurfaceSet_2.quad4.SolidBody_2_1.wedge6" )
acuPrep: Processing SURFACE_SET( "naca_0012_0.6096.SurfaceSet_3.tria3.SolidBody_2_1.wedge6" )
acuPrep: Processing SURFACE_SET( "naca_0012_0.6096.SurfaceSet_3.quad4.SolidBody_2_1.hex8" )
acuPrep: Processing FIELD_BOUNDARY_CONDITION( "none" )
acuPrep: Processing SIMPLE_BOUNDARY_CONDITION( "Wall" )
acuPrep: Processing SIMPLE_BOUNDARY_CONDITION( "Far field" )
acuPrep: Processing SIMPLE_BOUNDARY_CONDITION( "Slip" )
acuPrep: Processing MESH_BOUNDARY_CONDITION( "Fixed" )
acuPrep: Processing SURFACE_OUTPUT( "Wall - Output" )
acuPrep: Processing SURFACE_OUTPUT( "Far field - Output" )
acuPrep: Processing SURFACE_OUTPUT( "Slip - Output" )
acuPrep: *** WARNING: surface output on 2D plane ignored
acuPrep: *** WARNING: surface output on 2D plane ignored
acuPrep: Processing FWH_OUTPUT
acuPrep: Processing VAO_OUTPUT
acuPrep: ------------------------------------------------------------------
acuPrep:          Minimum coordinates = -3.0480e+01 -3.0479e+01  0.0000e+00
acuPrep:          Maximum coordinates =  3.0480e+01  3.0479e+01  1.2192e-01
acuPrep:                   Dimensions =  6.0960e+01  6.0958e+01  1.2192e-01
acuPrep:                  Total nodes =      77904
acuPrep:               Total elements =      69855
acuPrep:                Element aggl. =          1
acuPrep:    Total aggl. rad. surfaces =          0
acuPrep:     Total interface surfaces =          0
acuPrep: ------------------------------------------------------------------
acuPrep:                  Output data = Subdomain 0
acuPrep:                  Output data = Domain decomposition
acuPrep:                  Output data = Surface output
acuPrep: ------------------------------------------------------------------
acuPrep:       Input  CPU/Elapse time = 7.700000e-02 6.800000e-02 Sec
acuPrep:       Proc.  CPU/Elapse time = 5.320000e-01 9.980000e-01 Sec
acuPrep:       Solar  CPU/Elapse time = 0.000000e+00 0.000000e+00 Sec
acuPrep:       DDC    CPU/Elapse time = 4.700000e-02 4.800000e-02 Sec
acuPrep:       Output CPU/Elapse time = 1.090000e-01 1.250000e-01 Sec
acuPrep:       Total  CPU/Elapse time = 7.800000e-01 1.277000e+00 Sec
acuPrep:            Total Memory Size = 1.250000e+02 Mbytes
acuRun: -*-*-*-*-*-*-*-*-*-*-*-*-*-*-*-*-*-*-*-*-*-*-*-*-*-*-*-*-*-*-*-*-
acuRun: No enclosure radiation found: Bypassing acuView
acuRun: -*-*-*-*-*-*-*-*-*-*-*-*-*-*-*-*-*-*-*-*-*-*-*-*-*-*-*-*-*-*-*-*-
acuRun: Run acuSolve ...
acuRun: Add C:/Program Files/Altair/2022.3/hwcfdsolvers/acusolve/../../mpi/win64/mpich/bin to PATH
acuRun: set PATH=C:/Program Files/Altair/2022.3/hwcfdsolvers/acusolve/../../mpi/win64/mpich/bin;C:/Program Files/Altair/2022.3/hwcfdsolvers/acusolve/win64/bin;C:/Program Files/Altair/2022.3/hwcfdsolvers/acusolve/../../mpi/win64/mpich/bin;C:\Program Files\Altair\2022.3\hwcfdsolvers\acusolve\win64\base\edem;C:\Program Files\Altair\2022.3\hwcfdsolvers\acusolve\win64\bin;C:\Program Files\Altair\2022.3\hwcfdsolvers\acusolve\win64\base\bin;C:\Program Files\Altair\2022.3\hwcfdsolvers\acusolve\win64\base\DLLs;C:\Program Files\Altair\2022.3\hwcfdsolvers\acusolve\win64\base\lib\site-packages;C:\Program Files\Altair\2022.3\hwcfdsolvers\acusolve\win64\abaqus-odb\lib;C:\Program Files\Altair\2022.3\hwcfdsolvers\acusolve\win64\perl\bin;C:\Program Files\Altair\2022.3\common\python\python3.8\win64\DLLs;C:\Program Files\Altair\2022.3\hwdesktop\..\common\framework\win64\hwx\bin\win64;C:\Program Files\Altair\2022.3\hwdesktop\hwx\bin\win64;C:\Program Files\Altair\2022.3\hwdesktop\hw\bin\win64;C:\Windows\system32;C:\Windows;C:\Windows\System32\Wbem;C:\Windows\System32\WindowsPowerShell\v1.0\;C:\Windows\System32\OpenSSH\;C:\Program Files (x86)\NVIDIA Corporation\PhysX\Common;C:\Program Files\NVIDIA Corporation\NVIDIA NvDLISR;C:\Program Files\MATLAB\R2022a\bin;C:\WINDOWS\system32;C:\WINDOWS;C:\WINDOWS\System32\Wbem;C:\WINDOWS\System32\WindowsPowerShell\v1.0\;C:\WINDOWS\System32\OpenSSH\;C:\Program Files\PuTTY\;C:\Program Files\Microsoft SQL Server\Client SDK\ODBC\110\Tools\Binn\;C:\Program Files (x86)\Microsoft SQL Server\120\Tools\Binn\;C:\Program Files\Microsoft SQL Server\120\Tools\Binn\;C:\Program Files\Microsoft SQL Server\120\DTS\Binn\;C:\Program Files (x86)\Windows Kits\8.1\Windows Performance Toolkit\;C:\Program Files\Wolfram Research\WolframScript\;C:\Program Files\Git\cmd;C:\Users\soha9\AppData\Local\Microsoft\WindowsApps;;C:\Users\soha9\AppData\Local\Programs\Microsoft VS Code\bin;C:\Program Files\Inkscape\bin
acuRun: "C:/Program Files/Altair/2022.3/hwcfdsolvers/acusolve/win64/bin/acuSolve".exe -np 1 -nt 1
acuSolve: Topology linear DC-capturing on
acuSolve: AcuSolve checked out license from HyperWorks
acuSolve:                       Date = Thu Mar  7 10:04:16 2024
acuSolve:                    Problem = naca_0012_0.6096
acuSolve:                        Run = 1
acuSolve:                      Title = naca_0012_0.6096
acuSolve:                   Subtitle = 
acuSolve:                  Base unit = unknown
acuSolve:                   Hostname = SOHA_YUSUF
acuSolve:                   Platform = Windows 8/10 v6.2.9200 x64
acuSolve:                    Machine = win64
acuSolve:                   CPU name = 12th Gen Intel(R) Core(TM) i7-12700H
acuSolve:                  CPU speed = 2700 MHz
acuSolve:                  RAM space = 313 Mbytes
acuSolve:                 Swap space = 38385 Mbytes
acuSolve:                    Release = 2022.3
acuSolve:               Release date = Mar 22 2023
acuSolve:                  Build Tag = 1160304aakas000_WCL:81231
acuSolve:       Message passing type = none
acuSolve:       Number of subdomains = 1
acuSolve:       Number of processors = 1
acuSolve:                  Non-zeros = 1143880
acuSolve:          Working directory = ACUSIM.DIR
acuSolve: ---------------------- Input Phase --------------------------
acuSolve: Input CPU/Elapse time      = 3.900000e-01 4.569000e+00 Sec
acuSolve: Input Memory Usage         = 2.190000e+02 Mbytes
acuSolve: Initializing based on Stokes:
acuSolve:     CGP      No iterations =        147
acuSolve:     CGP        0/1/n norms = 2.368322e-05 8.711874e-05 2.210790e-07
acuSolve:     CGP   Iter. CPU/Elapse = 1.578000e+00 3.172000e+00 
acuSolve:     GMRES    No iterations =       1000 (100.00)
acuSolve:     GMRES      0/1/n norms = 2.772776e-05 1.121885e+00 8.957233e-05
acuSolve:     GMRES Iter. CPU/Elapse = 2.529700e+01 4.755900e+01 
acuSolve: Initializing turbulence field variables
acuSolve:   Eddy visc.   min/ave/max =  6.126942e-04  1.448263e-03  1.453878e-03
acuSolve: Init. CPU/Elapse time      = 2.749900e+01 5.201700e+01 Sec
acuSolve: ---------------------- Begin Time Step ----------------------
acuSolve: Time-Step=    1 ; timeInc= 1.000000e+10 ; time= 0.000000e+00
acuSolve:   Flow stagger "flow": FORM-LHS
acuSolve:     pressure     res ratio = 2.260705e-02
acuSolve:     velocity     res ratio = 6.777817e-01
acuSolve:     CGP      No iterations =        489
acuSolve:     CGP        0/1/n norms = 1.513771e-03 1.059427e-03 1.452230e-05
acuSolve:     CGP   Iter. CPU/Elapse = 4.938000e+00 9.648000e+00 
acuSolve:     GMRES    No iterations =        500 (50.00)
acuSolve:     GMRES      0/1/n norms = 1.048554e-02 2.348775e-02 7.803280e-05
acuSolve:     GMRES Iter. CPU/Elapse = 1.262400e+01 2.475900e+01 
acuSolve:     pressure     sol ratio = 2.282843e+03
acuSolve:     velocity     sol ratio = 1.204080e+00
acuSolve:   Turbulence stagger "turbulence": FORM-LHS
acuSolve:     eddy-visc.   res ratio = 6.976333e-01
acuSolve:     GMRES    No iterations =        189 (4.72)
acuSolve:     GMRES      0/1/n norms = 2.680217e-07 2.680217e-07 2.549932e-09
acuSolve:     GMRES Iter. CPU/Elapse = 9.850000e-01 1.931000e+00 
acuSolve:     eddy-visc.   sol ratio = 4.090704e+00
acuSolve:   CFL timeInc              = 1.109415e-04
acuSolve:   Step CPU/Elapse time     = 2.018900e+01 3.956200e+01 Sec
acuSolve: Time-Step=    2 ; timeInc= 1.000000e+10 ; time= 1.000000e+10
acuSolve:   Flow stagger "flow": FORM-LHS
acuSolve:     pressure     res ratio = 9.074265e-03
acuSolve:     velocity     res ratio = 5.145006e-03
acuSolve:     CGP      No iterations =        395
acuSolve:     CGP        0/1/n norms = 1.182198e-03 7.487729e-04 1.162790e-05
acuSolve:     CGP   Iter. CPU/Elapse = 4.234000e+00 8.641000e+00 
acuSolve:     GMRES    No iterations =        250 (25.00)
acuSolve:     GMRES      0/1/n norms = 6.506032e-03 1.094775e-02 1.206408e-04
acuSolve:     GMRES Iter. CPU/Elapse = 6.547000e+00 1.364700e+01 
acuSolve:     pressure     sol ratio = 1.158942e+00
acuSolve:     velocity     sol ratio = 1.057852e+00
acuSolve:   Turbulence stagger "turbulence": FORM-LHS
acuSolve:     eddy-visc.   res ratio = 5.817635e-01
acuSolve:     GMRES    No iterations =        180 (4.50)
acuSolve:     GMRES      0/1/n norms = 8.174570e-08 8.174570e-08 7.999899e-10
acuSolve:     GMRES Iter. CPU/Elapse = 1.078000e+00 1.854000e+00 
acuSolve:     eddy-visc.   sol ratio = 8.960366e-01
acuSolve:   CFL timeInc              = 6.730859e-05
acuSolve:   Step CPU/Elapse time     = 1.359300e+01 2.737900e+01 Sec
acuSolve: Time-Step=    3 ; timeInc= 1.000000e+10 ; time= 2.000000e+10
acuSolve:   Flow stagger "flow": FORM-LHS
acuSolve:     pressure     res ratio = 3.457971e-03
acuSolve:     velocity     res ratio = 1.075536e-02
acuSolve:     CGP      No iterations =        243
acuSolve:     CGP        0/1/n norms = 4.135074e-04 7.002259e-04 4.051877e-06
acuSolve:     CGP   Iter. CPU/Elapse = 2.626000e+00 4.944000e+00 
acuSolve:     GMRES    No iterations =        125 (12.50)
acuSolve:     GMRES      0/1/n norms = 4.000329e-03 4.690498e-03 2.934880e-04
acuSolve:     GMRES Iter. CPU/Elapse = 3.031000e+00 6.551000e+00 
acuSolve:     pressure     sol ratio = 7.815108e-01
acuSolve:     velocity     sol ratio = 5.748019e-01
acuSolve:   Turbulence stagger "turbulence": FORM-LHS
acuSolve:     eddy-visc.   res ratio = 5.710399e-01
acuSolve:     GMRES    No iterations =        182 (4.55)
acuSolve:     GMRES      0/1/n norms = 4.011567e-08 4.011567e-08 3.984991e-10
acuSolve:     GMRES Iter. CPU/Elapse = 1.062000e+00 2.339000e+00 
acuSolve:     eddy-visc.   sol ratio = 5.978080e-01
acuSolve:   CFL timeInc              = 5.564831e-05
acuSolve:   Step CPU/Elapse time     = 8.391000e+00 1.655200e+01 Sec
acuSolve: Time-Step=    4 ; timeInc= 1.000000e+10 ; time= 3.000000e+10
acuSolve:   Flow stagger "flow": FORM-LHS
acuSolve:     pressure     res ratio = 2.345635e-03
acuSolve:     velocity     res ratio = 1.468413e-02
acuSolve:     CGP      No iterations =        224
acuSolve:     CGP        0/1/n norms = 3.379859e-04 5.558664e-04 3.335032e-06
acuSolve:     CGP   Iter. CPU/Elapse = 2.484000e+00 5.089000e+00 
acuSolve:     GMRES    No iterations =        107 (10.70)
acuSolve:     GMRES      0/1/n norms = 2.183889e-03 2.549623e-03 2.172547e-04
acuSolve:     GMRES Iter. CPU/Elapse = 2.672000e+00 5.573000e+00 
acuSolve:     pressure     sol ratio = 8.680213e-01
acuSolve:     velocity     sol ratio = 5.088562e-01
acuSolve:   Turbulence stagger "turbulence": FORM-LHS
acuSolve:     eddy-visc.   res ratio = 5.248864e-01
acuSolve:     GMRES    No iterations =        165 (4.13)
acuSolve:     GMRES      0/1/n norms = 1.839336e-08 1.839336e-08 1.837076e-10
acuSolve:     GMRES Iter. CPU/Elapse = 1.047000e+00 1.806000e+00 
acuSolve:     eddy-visc.   sol ratio = 5.516830e-01
acuSolve:   CFL timeInc              = 4.753690e-05
acuSolve:   Step CPU/Elapse time     = 8.047000e+00 1.564100e+01 Sec
acuSolve: Time-Step=    5 ; timeInc= 1.000000e+10 ; time= 4.000000e+10
acuSolve:   Flow stagger "flow": FORM-LHS
acuSolve:     pressure     res ratio = 1.299035e-03
acuSolve:     velocity     res ratio = 1.745054e-02
acuSolve:     CGP      No iterations =        221
acuSolve:     CGP        0/1/n norms = 2.598234e-04 3.194346e-04 2.539421e-06
acuSolve:     CGP   Iter. CPU/Elapse = 2.359000e+00 4.432000e+00 
acuSolve:     GMRES    No iterations =        145 (14.50)
acuSolve:     GMRES      0/1/n norms = 1.203886e-03 1.445385e-03 1.202527e-04
acuSolve:     GMRES Iter. CPU/Elapse = 3.656000e+00 6.675000e+00 
acuSolve:     pressure     sol ratio = 7.186836e-01
acuSolve:     velocity     sol ratio = 4.160036e-01
acuSolve:   Turbulence stagger "turbulence": FORM-LHS
acuSolve:     eddy-visc.   res ratio = 3.775989e-01
acuSolve:     GMRES    No iterations =        191 (4.78)
acuSolve:     GMRES      0/1/n norms = 9.004015e-09 9.004015e-09 8.853013e-11
acuSolve:     GMRES Iter. CPU/Elapse = 1.188000e+00 1.900000e+00 
acuSolve:     eddy-visc.   sol ratio = 6.189659e-01
acuSolve:   CFL timeInc              = 3.554650e-05
acuSolve:   Step CPU/Elapse time     = 8.968000e+00 1.603800e+01 Sec
acuSolve: Time-Step=    6 ; timeInc= 1.000000e+10 ; time= 5.000000e+10
acuSolve:   Flow stagger "flow": FORM-LHS
acuSolve:     pressure     res ratio = 6.938735e-04
acuSolve:     velocity     res ratio = 1.542653e-02
acuSolve:     CGP      No iterations =        215
acuSolve:     CGP        0/1/n norms = 1.822828e-04 1.788747e-04 1.760710e-06
acuSolve:     CGP   Iter. CPU/Elapse = 2.515000e+00 4.461000e+00 
acuSolve:     GMRES    No iterations =        157 (15.70)
acuSolve:     GMRES      0/1/n norms = 6.831634e-04 8.437389e-04 6.821473e-05
acuSolve:     GMRES Iter. CPU/Elapse = 4.235000e+00 7.944000e+00 
acuSolve:     pressure     sol ratio = 4.326261e-01
acuSolve:     velocity     sol ratio = 3.406487e-01
acuSolve:   Turbulence stagger "turbulence": FORM-LHS
acuSolve:     eddy-visc.   res ratio = 2.600251e-01
acuSolve:     GMRES    No iterations =        239 (5.97)
acuSolve:     GMRES      0/1/n norms = 5.179274e-09 5.179274e-09 5.098039e-11
acuSolve:     GMRES Iter. CPU/Elapse = 1.312000e+00 2.154000e+00 
acuSolve:     eddy-visc.   sol ratio = 8.607755e-01
acuSolve:   CFL timeInc              = 2.517176e-05
acuSolve:   Step CPU/Elapse time     = 9.766000e+00 1.760000e+01 Sec
acuSolve: Time-Step=    7 ; timeInc= 1.000000e+10 ; time= 6.000000e+10
acuSolve:   Flow stagger "flow": FORM-LHS
acuSolve:     pressure     res ratio = 3.874159e-04
acuSolve:     velocity     res ratio = 1.987558e-02
acuSolve:     CGP      No iterations =        176
acuSolve:     CGP        0/1/n norms = 1.343150e-04 1.428717e-04 1.329707e-06
acuSolve:     CGP   Iter. CPU/Elapse = 2.046000e+00 3.706000e+00 
acuSolve:     GMRES    No iterations =        172 (17.20)
acuSolve:     GMRES      0/1/n norms = 4.291186e-04 4.372303e-04 4.286573e-05
acuSolve:     GMRES Iter. CPU/Elapse = 4.267000e+00 7.773000e+00 
acuSolve:     pressure     sol ratio = 3.944823e-01
acuSolve:     velocity     sol ratio = 3.272474e-01
acuSolve:   Turbulence stagger "turbulence": FORM-LHS
acuSolve:     eddy-visc.   res ratio = 1.898951e-01
acuSolve:     GMRES    No iterations =        247 (6.17)
acuSolve:     GMRES      0/1/n norms = 5.551089e-09 5.551089e-09 5.466460e-11
acuSolve:     GMRES Iter. CPU/Elapse = 1.390000e+00 2.373000e+00 
acuSolve:     eddy-visc.   sol ratio = 5.708837e-01
acuSolve:   CFL timeInc              = 1.874825e-05
acuSolve:   Step CPU/Elapse time     = 9.422000e+00 1.671400e+01 Sec
acuSolve: Time-Step=    8 ; timeInc= 1.000000e+10 ; time= 7.000000e+10
acuSolve:   Flow stagger "flow": FORM-LHS
acuSolve:     pressure     res ratio = 2.568352e-04
acuSolve:     velocity     res ratio = 1.697235e-02
acuSolve:     CGP      No iterations =        186
acuSolve:     CGP        0/1/n norms = 1.043825e-04 8.617426e-05 1.032568e-06
acuSolve:     CGP   Iter. CPU/Elapse = 1.984000e+00 3.959000e+00 
acuSolve:     GMRES    No iterations =        216 (21.60)
acuSolve:     GMRES      0/1/n norms = 2.937024e-04 2.794797e-04 2.931300e-05
acuSolve:     GMRES Iter. CPU/Elapse = 5.391000e+00 1.030200e+01 
acuSolve:     pressure     sol ratio = 4.191586e-01
acuSolve:     velocity     sol ratio = 3.824930e-01
acuSolve:   Turbulence stagger "turbulence": FORM-LHS
acuSolve:     eddy-visc.   res ratio = 1.455513e-01
acuSolve:     GMRES    No iterations =        232 (5.80)
acuSolve:     GMRES      0/1/n norms = 5.896980e-09 5.896980e-09 5.821799e-11
acuSolve:     GMRES Iter. CPU/Elapse = 1.234000e+00 2.609000e+00 
acuSolve:     eddy-visc.   sol ratio = 3.656634e-01
acuSolve:   CFL timeInc              = 1.420843e-05
acuSolve:   Step CPU/Elapse time     = 1.023400e+01 1.943100e+01 Sec
acuSolve: Time-Step=    9 ; timeInc= 1.000000e+10 ; time= 8.000000e+10
acuSolve:   Flow stagger "flow": FORM-LHS
acuSolve:     pressure     res ratio = 1.801965e-04
acuSolve:     velocity     res ratio = 1.559629e-02
acuSolve:     CGP      No iterations =        178
acuSolve:     CGP        0/1/n norms = 8.025758e-05 6.643965e-05 7.768981e-07
acuSolve:     CGP   Iter. CPU/Elapse = 2.156000e+00 4.505000e+00 
acuSolve:     GMRES    No iterations =        175 (17.50)
acuSolve:     GMRES      0/1/n norms = 2.036076e-04 1.891649e-04 2.033966e-05
acuSolve:     GMRES Iter. CPU/Elapse = 4.156000e+00 9.282000e+00 
acuSolve:     pressure     sol ratio = 3.714817e-01
acuSolve:     velocity     sol ratio = 2.628443e-01
acuSolve:   Turbulence stagger "turbulence": FORM-LHS
acuSolve:     eddy-visc.   res ratio = 1.048314e-01
acuSolve:     GMRES    No iterations =        244 (6.10)
acuSolve:     GMRES      0/1/n norms = 5.523360e-09 5.523360e-09 5.508104e-11
acuSolve:     GMRES Iter. CPU/Elapse = 1.328000e+00 2.820000e+00 
acuSolve:     eddy-visc.   sol ratio = 1.682691e-01
acuSolve:   CFL timeInc              = 1.332141e-05
acuSolve:   Step CPU/Elapse time     = 9.422000e+00 1.981000e+01 Sec
acuSolve: Time-Step=   10 ; timeInc= 1.000000e+10 ; time= 9.000000e+10
acuSolve:   Flow stagger "flow": FORM-LHS
acuSolve:     pressure     res ratio = 1.346982e-04
acuSolve:     velocity     res ratio = 1.328748e-02
acuSolve:     CGP      No iterations =        172
acuSolve:     CGP        0/1/n norms = 6.310439e-05 4.209631e-05 6.090908e-07
acuSolve:     CGP   Iter. CPU/Elapse = 1.594000e+00 3.854000e+00 
acuSolve:     GMRES    No iterations =        164 (16.40)
acuSolve:     GMRES      0/1/n norms = 1.525684e-04 1.379060e-04 1.523659e-05
acuSolve:     GMRES Iter. CPU/Elapse = 4.063000e+00 8.075000e+00 
acuSolve:     pressure     sol ratio = 1.504846e-01
acuSolve:     velocity     sol ratio = 2.144674e-01
acuSolve:   Turbulence stagger "turbulence": FORM-LHS
acuSolve:     eddy-visc.   res ratio = 7.516936e-02
acuSolve:     GMRES    No iterations =        184 (4.60)
acuSolve:     GMRES      0/1/n norms = 5.056337e-09 5.056337e-09 5.047062e-11
acuSolve:     GMRES Iter. CPU/Elapse = 8.750000e-01 2.294000e+00 
acuSolve:     eddy-visc.   sol ratio = 1.197359e-01
acuSolve:   CFL timeInc              = 1.302469e-05
acuSolve:   Step CPU/Elapse time     = 7.875000e+00 1.751600e+01 Sec
acuSolve: Time-Step=   11 ; timeInc= 1.000000e+10 ; time= 1.000000e+11
acuSolve:   Flow stagger "flow": FORM-LHS
acuSolve:     pressure     res ratio = 9.670274e-05
acuSolve:     velocity     res ratio = 1.450009e-02
acuSolve:     CGP      No iterations =        162
acuSolve:     CGP        0/1/n norms = 5.243013e-05 3.227279e-05 5.204948e-07
acuSolve:     CGP   Iter. CPU/Elapse = 1.547000e+00 3.484000e+00 
acuSolve:     GMRES    No iterations =        147 (14.70)
acuSolve:     GMRES      0/1/n norms = 1.238598e-04 9.754579e-05 1.234151e-05
acuSolve:     GMRES Iter. CPU/Elapse = 3.860000e+00 7.499000e+00 
acuSolve:     pressure     sol ratio = 1.910103e-01
acuSolve:     velocity     sol ratio = 1.641446e-01
acuSolve:   Turbulence stagger "turbulence": FORM-LHS
acuSolve:     eddy-visc.   res ratio = 5.696822e-02
acuSolve:     GMRES    No iterations =        196 (4.90)
acuSolve:     GMRES      0/1/n norms = 4.713106e-09 4.713106e-09 4.707256e-11
acuSolve:     GMRES Iter. CPU/Elapse = 1.078000e+00 2.126000e+00 
acuSolve:     eddy-visc.   sol ratio = 8.142074e-02
acuSolve:   CFL timeInc              = 1.320035e-05
acuSolve:   Step CPU/Elapse time     = 8.187000e+00 1.614900e+01 Sec
acuSolve: Time-Step=   12 ; timeInc= 1.000000e+10 ; time= 1.100000e+11
acuSolve:   Flow stagger "flow": FORM-LHS
acuSolve:     pressure     res ratio = 7.343803e-05
acuSolve:     velocity     res ratio = 1.313722e-02
acuSolve:     CGP      No iterations =        147
acuSolve:     CGP        0/1/n norms = 4.327181e-05 2.632148e-05 4.229909e-07
acuSolve:     CGP   Iter. CPU/Elapse = 1.672000e+00 2.712000e+00 
acuSolve:     GMRES    No iterations =        208 (20.80)
acuSolve:     GMRES      0/1/n norms = 9.894073e-05 7.600553e-05 9.870367e-06
acuSolve:     GMRES Iter. CPU/Elapse = 4.766000e+00 9.129000e+00 
acuSolve:     pressure     sol ratio = 1.079852e-01
acuSolve:     velocity     sol ratio = 1.720094e-01
acuSolve:   Turbulence stagger "turbulence": FORM-LHS
acuSolve:     eddy-visc.   res ratio = 5.250126e-02
acuSolve:     GMRES    No iterations =        230 (5.75)
acuSolve:     GMRES      0/1/n norms = 5.367698e-09 5.367698e-09 5.291759e-11
acuSolve:     GMRES Iter. CPU/Elapse = 1.188000e+00 2.382000e+00 
acuSolve:     eddy-visc.   sol ratio = 1.393629e-01
acuSolve:   CFL timeInc              = 1.359861e-05
acuSolve:   Step CPU/Elapse time     = 9.266000e+00 1.742400e+01 Sec
acuSolve: Time-Step=   13 ; timeInc= 1.000000e+10 ; time= 1.200000e+11
acuSolve:   Flow stagger "flow": FORM-LHS
acuSolve:     pressure     res ratio = 6.012606e-05
acuSolve:     velocity     res ratio = 1.623512e-02
acuSolve:     CGP      No iterations =        157
acuSolve:     CGP        0/1/n norms = 3.580989e-05 2.387595e-05 3.548676e-07
acuSolve:     CGP   Iter. CPU/Elapse = 1.750000e+00 3.313000e+00 
acuSolve:     GMRES    No iterations =        133 (13.30)
acuSolve:     GMRES      0/1/n norms = 7.925788e-05 5.711845e-05 7.905025e-06
acuSolve:     GMRES Iter. CPU/Elapse = 3.532000e+00 5.887000e+00 
acuSolve:     pressure     sol ratio = 9.509738e-02
acuSolve:     velocity     sol ratio = 1.082108e-01
acuSolve:   Turbulence stagger "turbulence": FORM-LHS
acuSolve:     eddy-visc.   res ratio = 4.557537e-02
acuSolve:     GMRES    No iterations =        243 (6.08)
acuSolve:     GMRES      0/1/n norms = 4.169569e-09 4.169569e-09 4.157528e-11
acuSolve:     GMRES Iter. CPU/Elapse = 1.516000e+00 2.923000e+00 
acuSolve:     eddy-visc.   sol ratio = 2.060694e-01
acuSolve:   CFL timeInc              = 1.367338e-05
acuSolve:   Step CPU/Elapse time     = 8.609000e+00 1.469100e+01 Sec
acuSolve: Time-Step=   14 ; timeInc= 1.000000e+10 ; time= 1.300000e+11
acuSolve:   Flow stagger "flow": FORM-LHS
acuSolve:     pressure     res ratio = 4.522218e-05
acuSolve:     velocity     res ratio = 1.362090e-02
acuSolve:     CGP      No iterations =        153
acuSolve:     CGP        0/1/n norms = 3.016994e-05 1.692247e-05 2.915618e-07
acuSolve:     CGP   Iter. CPU/Elapse = 1.579000e+00 3.379000e+00 
acuSolve:     GMRES    No iterations =        183 (18.30)
acuSolve:     GMRES      0/1/n norms = 6.727654e-05 4.836948e-05 6.706955e-06
acuSolve:     GMRES Iter. CPU/Elapse = 4.625000e+00 8.892000e+00 
acuSolve:     pressure     sol ratio = 8.116755e-02
acuSolve:     velocity     sol ratio = 1.916368e-01
acuSolve:   Turbulence stagger "turbulence": FORM-LHS
acuSolve:     eddy-visc.   res ratio = 4.874387e-02
acuSolve:     GMRES    No iterations =        214 (5.35)
acuSolve:     GMRES      0/1/n norms = 3.928945e-09 3.928945e-09 3.910676e-11
acuSolve:     GMRES Iter. CPU/Elapse = 1.203000e+00 2.167000e+00 
acuSolve:     eddy-visc.   sol ratio = 2.511737e-01
acuSolve:   CFL timeInc              = 1.214505e-05
acuSolve:   Step CPU/Elapse time     = 9.204000e+00 1.742700e+01 Sec
acuSolve: Time-Step=   15 ; timeInc= 1.000000e+10 ; time= 1.400000e+11
acuSolve:   Flow stagger "flow": FORM-LHS
acuSolve:     pressure     res ratio = 3.631984e-05
acuSolve:     velocity     res ratio = 1.157758e-02
acuSolve:     CGP      No iterations =        147
acuSolve:     CGP        0/1/n norms = 2.559871e-05 1.457529e-05 2.558689e-07
acuSolve:     CGP   Iter. CPU/Elapse = 1.625000e+00 2.864000e+00 
acuSolve:     GMRES    No iterations =        191 (19.10)
acuSolve:     GMRES      0/1/n norms = 5.613237e-05 4.019399e-05 5.600470e-06
acuSolve:     GMRES Iter. CPU/Elapse = 4.828000e+00 9.094000e+00 
acuSolve:     pressure     sol ratio = 1.066993e-01
acuSolve:     velocity     sol ratio = 1.880017e-01
acuSolve:   Turbulence stagger "turbulence": FORM-LHS
acuSolve:     eddy-visc.   res ratio = 5.443066e-02
acuSolve:     GMRES    No iterations =        175 (4.38)
acuSolve:     GMRES      0/1/n norms = 3.170520e-09 3.170520e-09 3.159435e-11
acuSolve:     GMRES Iter. CPU/Elapse = 1.187000e+00 1.781000e+00 
acuSolve:     eddy-visc.   sol ratio = 2.816911e-01
acuSolve:   CFL timeInc              = 9.829841e-06
acuSolve:   Step CPU/Elapse time     = 9.406000e+00 1.664200e+01 Sec
acuSolve: Time-Step=   16 ; timeInc= 1.000000e+10 ; time= 1.500000e+11
acuSolve:   Flow stagger "flow": FORM-LHS
acuSolve:     pressure     res ratio = 2.835028e-05
acuSolve:     velocity     res ratio = 1.320046e-02
acuSolve:     CGP      No iterations =        158
acuSolve:     CGP        0/1/n norms = 2.180588e-05 9.534374e-06 2.133039e-07
acuSolve:     CGP   Iter. CPU/Elapse = 1.922000e+00 3.235000e+00 
acuSolve:     GMRES    No iterations =        193 (19.30)
acuSolve:     GMRES      0/1/n norms = 4.725239e-05 3.352236e-05 4.721661e-06
acuSolve:     GMRES Iter. CPU/Elapse = 4.500000e+00 8.096000e+00 
acuSolve:     pressure     sol ratio = 8.095216e-02
acuSolve:     velocity     sol ratio = 1.595499e-01
acuSolve:   Turbulence stagger "turbulence": FORM-LHS
acuSolve:     eddy-visc.   res ratio = 5.812383e-02
acuSolve:     GMRES    No iterations =        180 (4.50)
acuSolve:     GMRES      0/1/n norms = 2.712311e-09 2.712311e-09 2.673681e-11
acuSolve:     GMRES Iter. CPU/Elapse = 1.141000e+00 2.727000e+00 
acuSolve:     eddy-visc.   sol ratio = 2.554035e-01
acuSolve:   CFL timeInc              = 7.966895e-06
acuSolve:   Step CPU/Elapse time     = 9.171000e+00 1.686100e+01 Sec
acuSolve: Time-Step=   17 ; timeInc= 1.000000e+10 ; time= 1.600000e+11
acuSolve:   Flow stagger "flow": FORM-LHS
acuSolve:     pressure     res ratio = 2.653402e-05
acuSolve:     velocity     res ratio = 1.321132e-02
acuSolve:     CGP      No iterations =        126
acuSolve:     CGP        0/1/n norms = 1.859683e-05 1.100640e-05 1.786718e-07
acuSolve:     CGP   Iter. CPU/Elapse = 1.516000e+00 2.774000e+00 
acuSolve:     GMRES    No iterations =        178 (17.80)
acuSolve:     GMRES      0/1/n norms = 3.999571e-05 2.766030e-05 3.995170e-06
acuSolve:     GMRES Iter. CPU/Elapse = 4.812000e+00 8.453000e+00 
acuSolve:     pressure     sol ratio = 6.336902e-02
acuSolve:     velocity     sol ratio = 1.251286e-01
acuSolve:   Turbulence stagger "turbulence": FORM-LHS
acuSolve:     eddy-visc.   res ratio = 6.243898e-02
acuSolve:     GMRES    No iterations =        196 (4.90)
acuSolve:     GMRES      0/1/n norms = 2.224734e-09 2.224734e-09 2.195859e-11
acuSolve:     GMRES Iter. CPU/Elapse = 1.234000e+00 2.399000e+00 
acuSolve:     eddy-visc.   sol ratio = 2.238564e-01
acuSolve:   CFL timeInc              = 6.616197e-06
acuSolve:   Step CPU/Elapse time     = 9.125000e+00 1.690500e+01 Sec
acuSolve: Time-Step=   18 ; timeInc= 1.000000e+10 ; time= 1.700000e+11
acuSolve:   Flow stagger "flow": FORM-LHS
acuSolve:     pressure     res ratio = 2.312710e-05
acuSolve:     velocity     res ratio = 1.129841e-02
acuSolve:     CGP      No iterations =        140
acuSolve:     CGP        0/1/n norms = 1.601740e-05 7.736100e-06 1.563155e-07
acuSolve:     CGP   Iter. CPU/Elapse = 1.798000e+00 3.146000e+00 
acuSolve:     GMRES    No iterations =        186 (18.60)
acuSolve:     GMRES      0/1/n norms = 3.449355e-05 2.354727e-05 3.440662e-06
acuSolve:     GMRES Iter. CPU/Elapse = 5.516000e+00 8.802000e+00 
acuSolve:     pressure     sol ratio = 5.888974e-02
acuSolve:     velocity     sol ratio = 1.237972e-01
acuSolve:   Turbulence stagger "turbulence": FORM-LHS
acuSolve:     eddy-visc.   res ratio = 5.433780e-02
acuSolve:     GMRES    No iterations =        206 (5.15)
acuSolve:     GMRES      0/1/n norms = 1.708827e-09 1.708827e-09 1.707562e-11
acuSolve:     GMRES Iter. CPU/Elapse = 9.840000e-01 2.043000e+00 
acuSolve:     eddy-visc.   sol ratio = 2.077823e-01
acuSolve:   CFL timeInc              = 5.784254e-06
acuSolve:   Step CPU/Elapse time     = 1.020400e+01 1.718700e+01 Sec
acuSolve: Time-Step=   19 ; timeInc= 1.000000e+10 ; time= 1.800000e+11
acuSolve:   Flow stagger "flow": FORM-LHS
acuSolve:     pressure     res ratio = 1.853379e-05
acuSolve:     velocity     res ratio = 1.027270e-02
acuSolve:     CGP      No iterations =        150
acuSolve:     CGP        0/1/n norms = 1.382086e-05 5.800323e-06 1.368821e-07
acuSolve:     CGP   Iter. CPU/Elapse = 1.577000e+00 3.125000e+00 
acuSolve:     GMRES    No iterations =        148 (14.80)
acuSolve:     GMRES      0/1/n norms = 2.928207e-05 1.891695e-05 2.919669e-06
acuSolve:     GMRES Iter. CPU/Elapse = 3.875000e+00 6.306000e+00 
acuSolve:     pressure     sol ratio = 5.166171e-02
acuSolve:     velocity     sol ratio = 6.451156e-02
acuSolve:   Turbulence stagger "turbulence": FORM-LHS
acuSolve:     eddy-visc.   res ratio = 5.068150e-02
acuSolve:     GMRES    No iterations =        188 (4.70)
acuSolve:     GMRES      0/1/n norms = 1.323201e-09 1.323201e-09 1.316505e-11
acuSolve:     GMRES Iter. CPU/Elapse = 1.156000e+00 2.066000e+00 
acuSolve:     eddy-visc.   sol ratio = 1.874003e-01
acuSolve:   CFL timeInc              = 5.668071e-06
acuSolve:   Step CPU/Elapse time     = 8.515000e+00 1.463000e+01 Sec
acuSolve: Time-Step=   20 ; timeInc= 1.000000e+10 ; time= 1.900000e+11
acuSolve:   Flow stagger "flow": FORM-LHS
acuSolve:     pressure     res ratio = 1.591957e-05
acuSolve:     velocity     res ratio = 1.046243e-02
acuSolve:     CGP      No iterations =        148
acuSolve:     CGP        0/1/n norms = 1.195068e-05 5.041683e-06 1.161548e-07
acuSolve:     CGP   Iter. CPU/Elapse = 1.734000e+00 3.148000e+00 
acuSolve:     GMRES    No iterations =        179 (17.90)
acuSolve:     GMRES      0/1/n norms = 2.532735e-05 1.934228e-05 2.527329e-06
acuSolve:     GMRES Iter. CPU/Elapse = 4.594000e+00 8.433000e+00 
acuSolve:     pressure     sol ratio = 5.811486e-02
acuSolve:     velocity     sol ratio = 5.834268e-02
acuSolve:   Turbulence stagger "turbulence": FORM-LHS
acuSolve:     eddy-visc.   res ratio = 4.329182e-02
acuSolve:     GMRES    No iterations =        147 (3.67)
acuSolve:     GMRES      0/1/n norms = 9.464295e-10 9.464295e-10 9.332872e-12
acuSolve:     GMRES Iter. CPU/Elapse = 9.530000e-01 1.469000e+00 
acuSolve:     eddy-visc.   sol ratio = 1.457287e-01
acuSolve:   CFL timeInc              = 5.555681e-06
acuSolve:   Step CPU/Elapse time     = 9.063000e+00 1.608000e+01 Sec
acuSolve: Time-Step=   21 ; timeInc= 1.000000e+10 ; time= 2.000000e+11
acuSolve:   Flow stagger "flow": FORM-LHS
acuSolve:     pressure     res ratio = 1.307069e-05
acuSolve:     velocity     res ratio = 1.101610e-02
acuSolve:     CGP      No iterations =        153
acuSolve:     CGP        0/1/n norms = 1.037531e-05 4.491553e-06 1.029451e-07
acuSolve:     CGP   Iter. CPU/Elapse = 1.688000e+00 3.027000e+00 
acuSolve:     GMRES    No iterations =        181 (18.10)
acuSolve:     GMRES      0/1/n norms = 2.197054e-05 1.444601e-05 2.194469e-06
acuSolve:     GMRES Iter. CPU/Elapse = 4.359000e+00 8.144000e+00 
acuSolve:     pressure     sol ratio = 5.378140e-02
acuSolve:     velocity     sol ratio = 5.091014e-02
acuSolve:   Turbulence stagger "turbulence": FORM-LHS
acuSolve:     eddy-visc.   res ratio = 3.531164e-02
acuSolve:     GMRES    No iterations =        147 (3.67)
acuSolve:     GMRES      0/1/n norms = 6.806943e-10 6.806943e-10 6.723188e-12
acuSolve:     GMRES Iter. CPU/Elapse = 8.590000e-01 1.470000e+00 
acuSolve:     eddy-visc.   sol ratio = 1.035232e-01
acuSolve:   CFL timeInc              = 5.981101e-06
acuSolve:   Step CPU/Elapse time     = 8.656000e+00 1.552400e+01 Sec
acuSolve: Time-Step=   22 ; timeInc= 1.000000e+10 ; time= 2.100000e+11
acuSolve:   Flow stagger "flow": FORM-LHS
acuSolve:     pressure     res ratio = 1.182693e-05
acuSolve:     velocity     res ratio = 9.241468e-03
acuSolve:     CGP      No iterations =        125
acuSolve:     CGP        0/1/n norms = 9.094572e-06 3.875794e-06 8.616329e-08
acuSolve:     CGP   Iter. CPU/Elapse = 1.406000e+00 2.785000e+00 
acuSolve:     GMRES    No iterations =        239 (23.90)
acuSolve:     GMRES      0/1/n norms = 1.912220e-05 1.324814e-05 1.908307e-06
acuSolve:     GMRES Iter. CPU/Elapse = 6.063000e+00 1.060600e+01 
acuSolve:     pressure     sol ratio = 5.393871e-02
acuSolve:     velocity     sol ratio = 5.533639e-02
acuSolve:   Turbulence stagger "turbulence": FORM-LHS
acuSolve:     eddy-visc.   res ratio = 2.849462e-02
acuSolve:     GMRES    No iterations =        127 (3.17)
acuSolve:     GMRES      0/1/n norms = 5.056382e-10 5.056382e-10 5.002152e-12
acuSolve:     GMRES Iter. CPU/Elapse = 6.880000e-01 1.320000e+00 
acuSolve:     eddy-visc.   sol ratio = 6.401141e-02
acuSolve:   CFL timeInc              = 6.180248e-06
acuSolve:   Step CPU/Elapse time     = 9.516000e+00 1.765600e+01 Sec
acuSolve: Time-Step=   23 ; timeInc= 1.000000e+10 ; time= 2.200000e+11
acuSolve:   Flow stagger "flow": FORM-LHS
acuSolve:     pressure     res ratio = 1.038836e-05
acuSolve:     velocity     res ratio = 9.839113e-03
acuSolve:     CGP      No iterations =        129
acuSolve:     CGP        0/1/n norms = 7.977801e-06 3.315038e-06 7.966984e-08
acuSolve:     CGP   Iter. CPU/Elapse = 1.421000e+00 3.048000e+00 
acuSolve:     GMRES    No iterations =        120 (12.00)
acuSolve:     GMRES      0/1/n norms = 1.663911e-05 1.032026e-05 1.658296e-06
acuSolve:     GMRES Iter. CPU/Elapse = 2.922000e+00 5.013000e+00 
acuSolve:     pressure     sol ratio = 2.483642e-02
acuSolve:     velocity     sol ratio = 3.316982e-02
acuSolve:   Turbulence stagger "turbulence": FORM-LHS
acuSolve:     eddy-visc.   res ratio = 2.192962e-02
acuSolve:     GMRES    No iterations =        170 (4.25)
acuSolve:     GMRES      0/1/n norms = 3.787227e-10 3.787227e-10 3.755641e-12
acuSolve:     GMRES Iter. CPU/Elapse = 9.840000e-01 2.010000e+00 
acuSolve:     eddy-visc.   sol ratio = 4.381710e-02
acuSolve:   CFL timeInc              = 6.522455e-06
acuSolve:   Step CPU/Elapse time     = 7.172000e+00 1.294800e+01 Sec
acuSolve: Time-Step=   24 ; timeInc= 1.000000e+10 ; time= 2.300000e+11
acuSolve:   Flow stagger "flow": FORM-LHS
acuSolve:     pressure     res ratio = 7.869167e-06
acuSolve:     velocity     res ratio = 8.127731e-03
acuSolve:     CGP      No iterations =        140
acuSolve:     CGP        0/1/n norms = 6.983818e-06 2.849113e-06 6.938090e-08
acuSolve:     CGP   Iter. CPU/Elapse = 1.594000e+00 2.660000e+00 
acuSolve:     GMRES    No iterations =        146 (14.60)
acuSolve:     GMRES      0/1/n norms = 1.470606e-05 1.051102e-05 1.467811e-06
acuSolve:     GMRES Iter. CPU/Elapse = 3.672000e+00 6.887000e+00 
acuSolve:     pressure     sol ratio = 3.168520e-02
acuSolve:     velocity     sol ratio = 4.040781e-02
acuSolve:   Turbulence stagger "turbulence": FORM-LHS
acuSolve:     eddy-visc.   res ratio = 1.769063e-02
acuSolve:     GMRES    No iterations =        140 (3.50)
acuSolve:     GMRES      0/1/n norms = 2.892409e-10 2.892409e-10 2.864224e-12
acuSolve:     GMRES Iter. CPU/Elapse = 5.780000e-01 1.676000e+00 
acuSolve:     eddy-visc.   sol ratio = 3.328613e-02
acuSolve:   CFL timeInc              = 6.929334e-06
acuSolve:   Step CPU/Elapse time     = 7.640000e+00 1.438400e+01 Sec
acuSolve: Time-Step=   25 ; timeInc= 1.000000e+10 ; time= 2.400000e+11
acuSolve:   Flow stagger "flow": FORM-LHS
acuSolve:     pressure     res ratio = 8.304185e-06
acuSolve:     velocity     res ratio = 6.204057e-03
acuSolve:     CGP      No iterations =        145
acuSolve:     CGP        0/1/n norms = 6.147428e-06 2.849216e-06 6.077537e-08
acuSolve:     CGP   Iter. CPU/Elapse = 1.859000e+00 3.512000e+00 
acuSolve:     GMRES    No iterations =        258 (25.80)
acuSolve:     GMRES      0/1/n norms = 1.285517e-05 1.192958e-05 1.282633e-06
acuSolve:     GMRES Iter. CPU/Elapse = 6.078000e+00 1.319100e+01 
acuSolve:     pressure     sol ratio = 3.868611e-02
acuSolve:     velocity     sol ratio = 3.416649e-02
acuSolve:   Turbulence stagger "turbulence": FORM-LHS
acuSolve:     eddy-visc.   res ratio = 1.427830e-02
acuSolve:     GMRES    No iterations =        163 (4.08)
acuSolve:     GMRES      0/1/n norms = 2.262021e-10 2.262021e-10 2.248517e-12
acuSolve:     GMRES Iter. CPU/Elapse = 1.000000e+00 1.793000e+00 
acuSolve:     eddy-visc.   sol ratio = 2.318576e-02
acuSolve:   CFL timeInc              = 7.601322e-06
acuSolve:   Step CPU/Elapse time     = 1.056300e+01 2.171000e+01 Sec
acuSolve: Time-Step=   26 ; timeInc= 1.000000e+10 ; time= 2.500000e+11
acuSolve:   Flow stagger "flow": FORM-LHS
acuSolve:     pressure     res ratio = 6.015253e-06
acuSolve:     velocity     res ratio = 7.377460e-03
acuSolve:     CGP      No iterations =        155
acuSolve:     CGP        0/1/n norms = 5.470843e-06 3.297746e-06 5.389772e-08
acuSolve:     CGP   Iter. CPU/Elapse = 1.578000e+00 3.479000e+00 
acuSolve:     GMRES    No iterations =        129 (12.90)
acuSolve:     GMRES      0/1/n norms = 1.136570e-05 7.531509e-06 8.953183e-07
acuSolve:     GMRES Iter. CPU/Elapse = 3.407000e+00 6.715000e+00 
acuSolve:     pressure     sol ratio = 1.500129e-02
acuSolve:     velocity     sol ratio = 1.808284e-02
acuSolve:   Turbulence stagger "turbulence": FORM-LHS
acuSolve:     eddy-visc.   res ratio = 1.084782e-02
acuSolve:     GMRES    No iterations =        188 (4.70)
acuSolve:     GMRES      0/1/n norms = 1.667517e-10 1.667517e-10 1.667240e-12
acuSolve:     GMRES Iter. CPU/Elapse = 9.850000e-01 1.636000e+00 
acuSolve:     eddy-visc.   sol ratio = 2.016556e-02
acuSolve:   CFL timeInc              = 8.145912e-06
acuSolve:   Step CPU/Elapse time     = 7.625000e+00 1.482500e+01 Sec
acuSolve: Time-Step=   27 ; timeInc= 1.000000e+10 ; time= 2.600000e+11
acuSolve:   Flow stagger "flow": FORM-LHS
acuSolve:     pressure     res ratio = 4.699478e-06
acuSolve:     velocity     res ratio = 7.259307e-03
acuSolve:     CGP      No iterations =        128
acuSolve:     CGP        0/1/n norms = 4.840895e-06 1.876169e-06 4.729972e-08
acuSolve:     CGP   Iter. CPU/Elapse = 1.407000e+00 2.915000e+00 
acuSolve:     GMRES    No iterations =         79 (7.90)
acuSolve:     GMRES      0/1/n norms = 1.014661e-05 5.777599e-06 1.012788e-06
acuSolve:     GMRES Iter. CPU/Elapse = 1.781000e+00 4.214000e+00 
acuSolve:     pressure     sol ratio = 1.363501e-02
acuSolve:     velocity     sol ratio = 1.688229e-02
acuSolve:   Turbulence stagger "turbulence": FORM-LHS
acuSolve:     eddy-visc.   res ratio = 8.746082e-03
acuSolve:     GMRES    No iterations =        155 (3.88)
acuSolve:     GMRES      0/1/n norms = 1.247631e-10 1.247631e-10 1.235100e-12
acuSolve:     GMRES Iter. CPU/Elapse = 8.590000e-01 1.648000e+00 
acuSolve:     eddy-visc.   sol ratio = 1.571567e-02
acuSolve:   CFL timeInc              = 8.975593e-06
acuSolve:   Step CPU/Elapse time     = 5.562000e+00 1.162100e+01 Sec
acuSolve: Time-Step=   28 ; timeInc= 1.000000e+10 ; time= 2.700000e+11
acuSolve:   Flow stagger "flow": FORM-LHS
acuSolve:     pressure     res ratio = 5.308640e-06
acuSolve:     velocity     res ratio = 5.975974e-03
acuSolve:     CGP      No iterations =        147
acuSolve:     CGP        0/1/n norms = 4.279158e-06 1.757812e-06 4.014942e-08
acuSolve:     CGP   Iter. CPU/Elapse = 1.610000e+00 2.969000e+00 
acuSolve:     GMRES    No iterations =        131 (13.10)
acuSolve:     GMRES      0/1/n norms = 8.922121e-06 6.575064e-06 8.911664e-07
acuSolve:     GMRES Iter. CPU/Elapse = 3.249000e+00 6.713000e+00 
acuSolve:     pressure     sol ratio = 1.782298e-02
acuSolve:     velocity     sol ratio = 2.695534e-02
acuSolve:   Turbulence stagger "turbulence": FORM-LHS
acuSolve:     eddy-visc.   res ratio = 7.092554e-03
acuSolve:     GMRES    No iterations =        193 (4.83)
acuSolve:     GMRES      0/1/n norms = 1.034215e-10 1.034215e-10 1.024924e-12
acuSolve:     GMRES Iter. CPU/Elapse = 1.062000e+00 1.917000e+00 
acuSolve:     eddy-visc.   sol ratio = 1.249253e-02
acuSolve:   CFL timeInc              = 9.613274e-06
acuSolve:   Step CPU/Elapse time     = 7.672000e+00 1.477100e+01 Sec
acuSolve: Time-Step=   29 ; timeInc= 1.000000e+10 ; time= 2.800000e+11
acuSolve:   Flow stagger "flow": FORM-LHS
acuSolve:     pressure     res ratio = 4.920327e-06
acuSolve:     velocity     res ratio = 5.690358e-03
acuSolve:     CGP      No iterations =        138
acuSolve:     CGP        0/1/n norms = 3.774882e-06 1.597450e-06 3.773150e-08
acuSolve:     CGP   Iter. CPU/Elapse = 1.532000e+00 2.671000e+00 
acuSolve:     GMRES    No iterations =        189 (18.90)
acuSolve:     GMRES      0/1/n norms = 7.827923e-06 6.710493e-06 7.811432e-07
acuSolve:     GMRES Iter. CPU/Elapse = 4.984000e+00 1.028300e+01 
acuSolve:     pressure     sol ratio = 1.762924e-02
acuSolve:     velocity     sol ratio = 2.842486e-02
acuSolve:   Turbulence stagger "turbulence": FORM-LHS
acuSolve:     eddy-visc.   res ratio = 6.352172e-03
acuSolve:     GMRES    No iterations =        199 (4.97)
acuSolve:     GMRES      0/1/n norms = 9.298165e-11 9.298165e-11 9.239819e-13
acuSolve:     GMRES Iter. CPU/Elapse = 1.125000e+00 1.899000e+00 
acuSolve:     eddy-visc.   sol ratio = 1.640930e-02
acuSolve:   CFL timeInc              = 9.800560e-06
acuSolve:   Step CPU/Elapse time     = 9.391000e+00 1.776500e+01 Sec
acuSolve: Time-Step=   30 ; timeInc= 1.000000e+10 ; time= 2.900000e+11
acuSolve:   Flow stagger "flow": FORM-LHS
acuSolve:     pressure     res ratio = 3.749656e-06
acuSolve:     velocity     res ratio = 5.270854e-03
acuSolve:     CGP      No iterations =        147
acuSolve:     CGP        0/1/n norms = 3.379059e-06 1.353146e-06 3.318637e-08
acuSolve:     CGP   Iter. CPU/Elapse = 1.859000e+00 2.864000e+00 
acuSolve:     GMRES    No iterations =        113 (11.30)
acuSolve:     GMRES      0/1/n norms = 6.993849e-06 4.692730e-06 6.959536e-07
acuSolve:     GMRES Iter. CPU/Elapse = 2.844000e+00 5.355000e+00 
acuSolve:     pressure     sol ratio = 9.364411e-03
acuSolve:     velocity     sol ratio = 1.639829e-02
acuSolve:   Turbulence stagger "turbulence": FORM-LHS
acuSolve:     eddy-visc.   res ratio = 5.449580e-03
acuSolve:     GMRES    No iterations =        192 (4.80)
acuSolve:     GMRES      0/1/n norms = 8.788102e-11 8.788102e-11 8.712543e-13
acuSolve:     GMRES Iter. CPU/Elapse = 1.046000e+00 2.125000e+00 
acuSolve:     eddy-visc.   sol ratio = 1.676392e-02
acuSolve:   CFL timeInc              = 1.055222e-05
acuSolve:   Step CPU/Elapse time     = 7.594000e+00 1.311200e+01 Sec
acuSolve: Time-Step=   31 ; timeInc= 1.000000e+10 ; time= 3.000000e+11
acuSolve:   Flow stagger "flow": FORM-LHS
acuSolve:     pressure     res ratio = 3.617662e-06
acuSolve:     velocity     res ratio = 4.438410e-03
acuSolve:     CGP      No iterations =        136
acuSolve:     CGP        0/1/n norms = 3.006445e-06 1.186796e-06 2.865447e-08
acuSolve:     CGP   Iter. CPU/Elapse = 1.344000e+00 2.884000e+00 
acuSolve:     GMRES    No iterations =        148 (14.80)
acuSolve:     GMRES      0/1/n norms = 6.211569e-06 4.454226e-06 6.204015e-07
acuSolve:     GMRES Iter. CPU/Elapse = 3.906000e+00 7.292000e+00 
acuSolve:     pressure     sol ratio = 9.767861e-03
acuSolve:     velocity     sol ratio = 1.577015e-02
acuSolve:   Turbulence stagger "turbulence": FORM-LHS
acuSolve:     eddy-visc.   res ratio = 5.017521e-03
acuSolve:     GMRES    No iterations =        172 (4.30)
acuSolve:     GMRES      0/1/n norms = 8.432340e-11 8.432340e-11 8.351595e-13
acuSolve:     GMRES Iter. CPU/Elapse = 9.530000e-01 2.021000e+00 
acuSolve:     eddy-visc.   sol ratio = 1.736610e-02
acuSolve:   CFL timeInc              = 1.082011e-05
acuSolve:   Step CPU/Elapse time     = 8.062000e+00 1.475400e+01 Sec
acuSolve: Time-Step=   32 ; timeInc= 1.000000e+10 ; time= 3.100000e+11
acuSolve:   Flow stagger "flow": FORM-LHS
acuSolve:     pressure     res ratio = 3.375339e-06
acuSolve:     velocity     res ratio = 4.464758e-03
acuSolve:     CGP      No iterations =        134
acuSolve:     CGP        0/1/n norms = 2.672690e-06 1.106627e-06 2.641194e-08
acuSolve:     CGP   Iter. CPU/Elapse = 1.625000e+00 3.043000e+00 
acuSolve:     GMRES    No iterations =        154 (15.40)
acuSolve:     GMRES      0/1/n norms = 5.478115e-06 4.205841e-06 5.466805e-07
acuSolve:     GMRES Iter. CPU/Elapse = 4.109000e+00 6.596000e+00 
acuSolve:     pressure     sol ratio = 8.227856e-03
acuSolve:     velocity     sol ratio = 1.285834e-02
acuSolve:   Turbulence stagger "turbulence": FORM-LHS
acuSolve:     eddy-visc.   res ratio = 5.190630e-03
acuSolve:     GMRES    No iterations =        137 (3.42)
acuSolve:     GMRES      0/1/n norms = 8.258023e-11 8.258023e-11 8.256815e-13
acuSolve:     GMRES Iter. CPU/Elapse = 7.810000e-01 1.219000e+00 
acuSolve:     eddy-visc.   sol ratio = 1.458532e-02
acuSolve:   CFL timeInc              = 1.076505e-05
acuSolve:   Step CPU/Elapse time     = 8.297000e+00 1.372000e+01 Sec
acuSolve: Time-Step=   33 ; timeInc= 1.000000e+10 ; time= 3.200000e+11
acuSolve:   Flow stagger "flow": FORM-LHS
acuSolve:     pressure     res ratio = 2.866352e-06
acuSolve:     velocity     res ratio = 4.255846e-03
acuSolve:     CGP      No iterations =        141
acuSolve:     CGP        0/1/n norms = 2.410811e-06 9.573379e-07 2.382885e-08
acuSolve:     CGP   Iter. CPU/Elapse = 1.610000e+00 3.335000e+00 
acuSolve:     GMRES    No iterations =        144 (14.40)
acuSolve:     GMRES      0/1/n norms = 4.945147e-06 3.444070e-06 4.938506e-07
acuSolve:     GMRES Iter. CPU/Elapse = 3.656000e+00 6.706000e+00 
acuSolve:     pressure     sol ratio = 6.560471e-03
acuSolve:     velocity     sol ratio = 9.393075e-03
acuSolve:   Turbulence stagger "turbulence": FORM-LHS
acuSolve:     eddy-visc.   res ratio = 4.722813e-03
acuSolve:     GMRES    No iterations =        145 (3.63)
acuSolve:     GMRES      0/1/n norms = 7.459062e-11 7.459062e-11 7.408263e-13
acuSolve:     GMRES Iter. CPU/Elapse = 8.120000e-01 1.249000e+00 
acuSolve:     eddy-visc.   sol ratio = 1.004023e-02
acuSolve:   CFL timeInc              = 1.065715e-05
acuSolve:   Step CPU/Elapse time     = 7.703000e+00 1.418600e+01 Sec
acuSolve: Time-Step=   34 ; timeInc= 1.000000e+10 ; time= 3.300000e+11
acuSolve:   Flow stagger "flow": FORM-LHS
acuSolve:     pressure     res ratio = 2.632068e-06
acuSolve:     velocity     res ratio = 3.782148e-03
acuSolve:     CGP      No iterations =        131
acuSolve:     CGP        0/1/n norms = 2.161931e-06 8.578004e-07 2.154924e-08
acuSolve:     CGP   Iter. CPU/Elapse = 1.562000e+00 2.658000e+00 
acuSolve:     GMRES    No iterations =        172 (17.20)
acuSolve:     GMRES      0/1/n norms = 4.423274e-06 3.221727e-06 4.413750e-07
acuSolve:     GMRES Iter. CPU/Elapse = 4.485000e+00 8.100000e+00 
acuSolve:     pressure     sol ratio = 6.913193e-03
acuSolve:     velocity     sol ratio = 7.943648e-03
acuSolve:   Turbulence stagger "turbulence": FORM-LHS
acuSolve:     eddy-visc.   res ratio = 3.632053e-03
acuSolve:     GMRES    No iterations =        150 (3.75)
acuSolve:     GMRES      0/1/n norms = 5.455027e-11 5.455027e-11 5.380722e-13
acuSolve:     GMRES Iter. CPU/Elapse = 7.500000e-01 1.384000e+00 
acuSolve:     eddy-visc.   sol ratio = 8.188348e-03
acuSolve:   CFL timeInc              = 1.061476e-05
acuSolve:   Step CPU/Elapse time     = 8.641000e+00 1.484900e+01 Sec
acuSolve: Time-Step=   35 ; timeInc= 1.000000e+10 ; time= 3.400000e+11
acuSolve:   Flow stagger "flow": FORM-LHS
acuSolve:     pressure     res ratio = 2.096047e-06
acuSolve:     velocity     res ratio = 3.432963e-03
acuSolve:     CGP      No iterations =        130
acuSolve:     CGP        0/1/n norms = 1.930688e-06 7.191754e-07 1.901439e-08
acuSolve:     CGP   Iter. CPU/Elapse = 1.656000e+00 2.712000e+00 
acuSolve:     GMRES    No iterations =        105 (10.50)
acuSolve:     GMRES      0/1/n norms = 3.925549e-06 2.330811e-06 3.911282e-07
acuSolve:     GMRES Iter. CPU/Elapse = 2.812000e+00 5.460000e+00 
acuSolve:     pressure     sol ratio = 3.500196e-03
acuSolve:     velocity     sol ratio = 4.995786e-03
acuSolve:   Turbulence stagger "turbulence": FORM-LHS
acuSolve:     eddy-visc.   res ratio = 2.869001e-03
acuSolve:     GMRES    No iterations =        211 (5.28)
acuSolve:     GMRES      0/1/n norms = 3.926242e-11 3.926242e-11 3.907079e-13
acuSolve:     GMRES Iter. CPU/Elapse = 1.187000e+00 2.147000e+00 
acuSolve:     eddy-visc.   sol ratio = 7.654131e-03
acuSolve:   CFL timeInc              = 1.065998e-05
acuSolve:   Step CPU/Elapse time     = 7.390000e+00 1.321800e+01 Sec
acuSolve: Time-Step=   36 ; timeInc= 1.000000e+10 ; time= 3.500000e+11
acuSolve:   Flow stagger "flow": FORM-LHS
acuSolve:     pressure     res ratio = 2.195908e-06
acuSolve:     velocity     res ratio = 2.742420e-03
acuSolve:     CGP      No iterations =        141
acuSolve:     CGP        0/1/n norms = 1.734976e-06 6.803038e-07 1.732897e-08
acuSolve:     CGP   Iter. CPU/Elapse = 1.750000e+00 3.052000e+00 
acuSolve:     GMRES    No iterations =        157 (15.70)
acuSolve:     GMRES      0/1/n norms = 3.528322e-06 2.772652e-06 3.527221e-07
acuSolve:     GMRES Iter. CPU/Elapse = 4.016000e+00 7.648000e+00 
acuSolve:     pressure     sol ratio = 4.869092e-03
acuSolve:     velocity     sol ratio = 8.604479e-03
acuSolve:   Turbulence stagger "turbulence": FORM-LHS
acuSolve:     eddy-visc.   res ratio = 2.614211e-03
acuSolve:     GMRES    No iterations =        193 (4.83)
acuSolve:     GMRES      0/1/n norms = 3.831423e-11 3.831423e-11 3.780196e-13
acuSolve:     GMRES Iter. CPU/Elapse = 1.125000e+00 1.660000e+00 
acuSolve:     eddy-visc.   sol ratio = 7.977370e-03
acuSolve:   CFL timeInc              = 1.073434e-05
acuSolve:   Step CPU/Elapse time     = 8.547000e+00 1.501100e+01 Sec
acuSolve: Time-Step=   37 ; timeInc= 1.000000e+10 ; time= 3.600000e+11
acuSolve:   Flow stagger "flow": FORM-LHS
acuSolve:     pressure     res ratio = 1.866471e-06
acuSolve:     velocity     res ratio = 2.828265e-03
acuSolve:     CGP      No iterations =        133
acuSolve:     CGP        0/1/n norms = 1.561742e-06 6.144986e-07 1.552599e-08
acuSolve:     CGP   Iter. CPU/Elapse = 1.578000e+00 3.037000e+00 
acuSolve:     GMRES    No iterations =        126 (12.60)
acuSolve:     GMRES      0/1/n norms = 3.170631e-06 2.375141e-06 3.151341e-07
acuSolve:     GMRES Iter. CPU/Elapse = 2.937000e+00 5.492000e+00 
acuSolve:     pressure     sol ratio = 3.127210e-03
acuSolve:     velocity     sol ratio = 5.724697e-03
acuSolve:   Turbulence stagger "turbulence": FORM-LHS
acuSolve:     eddy-visc.   res ratio = 2.555487e-03
acuSolve:     GMRES    No iterations =        186 (4.65)
acuSolve:     GMRES      0/1/n norms = 3.885591e-11 3.885591e-11 3.767308e-13
acuSolve:     GMRES Iter. CPU/Elapse = 1.047000e+00 1.755000e+00 
acuSolve:     eddy-visc.   sol ratio = 6.044108e-03
acuSolve:   CFL timeInc              = 1.070030e-05
acuSolve:   Step CPU/Elapse time     = 7.390000e+00 1.310900e+01 Sec
acuSolve: Time-Step=   38 ; timeInc= 1.000000e+10 ; time= 3.700000e+11
acuSolve:   Flow stagger "flow": FORM-LHS
acuSolve:     pressure     res ratio = 1.794735e-06
acuSolve:     velocity     res ratio = 2.536840e-03
acuSolve:     CGP      No iterations =        119
acuSolve:     CGP        0/1/n norms = 1.413841e-06 5.772967e-07 1.385116e-08
acuSolve:     CGP   Iter. CPU/Elapse = 1.437000e+00 2.480000e+00 
acuSolve:     GMRES    No iterations =        214 (21.40)
acuSolve:     GMRES      0/1/n norms = 2.872846e-06 2.253611e-06 2.866069e-07
acuSolve:     GMRES Iter. CPU/Elapse = 5.437000e+00 9.998000e+00 
acuSolve:     pressure     sol ratio = 4.552338e-03
acuSolve:     velocity     sol ratio = 5.765274e-03
acuSolve:   Turbulence stagger "turbulence": FORM-LHS
acuSolve:     eddy-visc.   res ratio = 2.113696e-03
acuSolve:     GMRES    No iterations =        168 (4.20)
acuSolve:     GMRES      0/1/n norms = 3.016542e-11 3.016542e-11 2.970405e-13
acuSolve:     GMRES Iter. CPU/Elapse = 1.016000e+00 1.674000e+00 
acuSolve:     eddy-visc.   sol ratio = 6.500483e-03
acuSolve:   CFL timeInc              = 1.067929e-05
acuSolve:   Step CPU/Elapse time     = 9.578000e+00 1.669400e+01 Sec
acuSolve: Time-Step=   39 ; timeInc= 1.000000e+10 ; time= 3.800000e+11
acuSolve:   Flow stagger "flow": FORM-LHS
acuSolve:     pressure     res ratio = 1.260891e-06
acuSolve:     velocity     res ratio = 2.459743e-03
acuSolve:     CGP      No iterations =        140
acuSolve:     CGP        0/1/n norms = 1.265215e-06 7.728326e-07 1.250706e-08
acuSolve:     CGP   Iter. CPU/Elapse = 1.828000e+00 2.973000e+00 
acuSolve:     GMRES    No iterations =        107 (10.70)
acuSolve:     GMRES      0/1/n norms = 2.551858e-06 1.394498e-06 1.662380e-07
acuSolve:     GMRES Iter. CPU/Elapse = 2.719000e+00 4.531000e+00 
acuSolve:     pressure     sol ratio = 2.197489e-03
acuSolve:     velocity     sol ratio = 2.855359e-03
acuSolve:   Turbulence stagger "turbulence": FORM-LHS
acuSolve:     eddy-visc.   res ratio = 1.606193e-03
acuSolve:     GMRES    No iterations =        150 (3.75)
acuSolve:     GMRES      0/1/n norms = 2.179273e-11 2.179273e-11 2.178555e-13
acuSolve:     GMRES Iter. CPU/Elapse = 9.530000e-01 1.233000e+00 
acuSolve:     eddy-visc.   sol ratio = 5.118011e-03
acuSolve:   CFL timeInc              = 1.053770e-05
acuSolve:   Step CPU/Elapse time     = 7.141000e+00 1.161500e+01 Sec
acuSolve: Time-Step=   40 ; timeInc= 1.000000e+10 ; time= 3.900000e+11
acuSolve:   Flow stagger "flow": FORM-LHS
acuSolve:     pressure     res ratio = 9.458414e-07
acuSolve:     velocity     res ratio = 1.801544e-03
acuSolve:     CGP      No iterations =        119
acuSolve:     CGP        0/1/n norms = 1.148180e-06 4.241568e-07 1.112344e-08
acuSolve:     CGP   Iter. CPU/Elapse = 1.391000e+00 2.461000e+00 
acuSolve:     GMRES    No iterations =         54 (5.40)
acuSolve:     GMRES      0/1/n norms = 2.342199e-06 1.088780e-06 1.974100e-07
acuSolve:     GMRES Iter. CPU/Elapse = 1.734000e+00 2.894000e+00 
acuSolve:     pressure     sol ratio = 2.033394e-03
acuSolve:     velocity     sol ratio = 2.305744e-03
acuSolve:   Turbulence stagger "turbulence": FORM-LHS
acuSolve:     eddy-visc.   res ratio = 1.432157e-03
acuSolve:     GMRES    No iterations =        176 (4.40)
acuSolve:     GMRES      0/1/n norms = 2.035469e-11 2.035469e-11 2.004645e-13
acuSolve:     GMRES Iter. CPU/Elapse = 9.530000e-01 1.837000e+00 
acuSolve:     eddy-visc.   sol ratio = 3.311398e-03
acuSolve:   CFL timeInc              = 1.050365e-05
acuSolve:   Step CPU/Elapse time     = 5.985000e+00 1.018600e+01 Sec
acuSolve: Time-Step=   41 ; timeInc= 1.000000e+10 ; time= 4.000000e+11
acuSolve:   Flow stagger "flow": FORM-LHS
acuSolve:     pressure     res ratio = 1.036173e-06
acuSolve:     velocity     res ratio = 1.515863e-03
acuSolve:     CGP      No iterations =        132
acuSolve:     CGP        0/1/n norms = 1.043479e-06 4.043259e-07 1.030180e-08
acuSolve:     CGP   Iter. CPU/Elapse = 1.734000e+00 2.705000e+00 
acuSolve:     GMRES    No iterations =         46 (4.60)
acuSolve:     GMRES      0/1/n norms = 2.110471e-06 1.224601e-06 2.105968e-07
acuSolve:     GMRES Iter. CPU/Elapse = 1.250000e+00 2.240000e+00 
acuSolve:     pressure     sol ratio = 3.228242e-03
acuSolve:     velocity     sol ratio = 2.528920e-03
acuSolve:   Turbulence stagger "turbulence": FORM-LHS
acuSolve:     eddy-visc.   res ratio = 1.145431e-03
acuSolve:     GMRES    No iterations =        165 (4.13)
acuSolve:     GMRES      0/1/n norms = 1.633298e-11 1.633298e-11 1.615893e-13
acuSolve:     GMRES Iter. CPU/Elapse = 1.016000e+00 1.542000e+00 
acuSolve:     eddy-visc.   sol ratio = 1.897614e-03
acuSolve:   CFL timeInc              = 1.037146e-05
acuSolve:   Step CPU/Elapse time     = 5.781000e+00 9.319000e+00 Sec
acuSolve: Time-Step=   42 ; timeInc= 1.000000e+10 ; time= 4.100000e+11
acuSolve:   Flow stagger "flow": FORM-LHS
acuSolve:     pressure     res ratio = 1.144059e-06
acuSolve:     velocity     res ratio = 1.468187e-03
acuSolve:     CGP      No iterations =        127
acuSolve:     CGP        0/1/n norms = 9.466552e-07 3.620468e-07 9.411024e-09
acuSolve:     CGP   Iter. CPU/Elapse = 1.281000e+00 2.776000e+00 
acuSolve:     GMRES    No iterations =        216 (21.60)
acuSolve:     GMRES      0/1/n norms = 1.934636e-06 1.385398e-06 1.933395e-07
acuSolve:     GMRES Iter. CPU/Elapse = 5.891000e+00 9.990000e+00 
acuSolve:     pressure     sol ratio = 2.809806e-03
acuSolve:     velocity     sol ratio = 5.681023e-03
acuSolve:   Turbulence stagger "turbulence": FORM-LHS
acuSolve:     eddy-visc.   res ratio = 1.202836e-03
acuSolve:     GMRES    No iterations =        201 (5.03)
acuSolve:     GMRES      0/1/n norms = 1.961776e-11 1.961776e-11 1.906875e-13
acuSolve:     GMRES Iter. CPU/Elapse = 1.062000e+00 2.282000e+00 
acuSolve:     eddy-visc.   sol ratio = 3.211081e-03
acuSolve:   CFL timeInc              = 1.028329e-05
acuSolve:   Step CPU/Elapse time     = 9.828000e+00 1.762800e+01 Sec
acuSolve: Time-Step=   43 ; timeInc= 1.000000e+10 ; time= 4.200000e+11
acuSolve:   Flow stagger "flow": FORM-LHS
acuSolve:     pressure     res ratio = 1.013360e-06
acuSolve:     velocity     res ratio = 1.514558e-03
acuSolve:     CGP      No iterations =        147
acuSolve:     CGP        0/1/n norms = 8.312221e-07 6.763024e-07 8.293207e-09
acuSolve:     CGP   Iter. CPU/Elapse = 1.719000e+00 2.821000e+00 
acuSolve:     GMRES    No iterations =        108 (10.80)
acuSolve:     GMRES      0/1/n norms = 1.660538e-06 1.269040e-06 1.470204e-07
acuSolve:     GMRES Iter. CPU/Elapse = 2.859000e+00 4.988000e+00 
acuSolve:     pressure     sol ratio = 3.431553e-03
acuSolve:     velocity     sol ratio = 3.915419e-03
acuSolve:   Turbulence stagger "turbulence": FORM-LHS
acuSolve:     eddy-visc.   res ratio = 1.020877e-03
acuSolve:     GMRES    No iterations =        178 (4.45)
acuSolve:     GMRES      0/1/n norms = 1.626707e-11 1.626707e-11 1.616759e-13
acuSolve:     GMRES Iter. CPU/Elapse = 8.430000e-01 1.933000e+00 
acuSolve:     eddy-visc.   sol ratio = 2.599715e-03
acuSolve:   CFL timeInc              = 1.013347e-05
acuSolve:   Step CPU/Elapse time     = 7.156000e+00 1.263200e+01 Sec
acuSolve: Time-Step=   44 ; timeInc= 1.000000e+10 ; time= 4.300000e+11
acuSolve:   Flow stagger "flow": FORM-LHS
acuSolve:     pressure     res ratio = 6.654862e-07
acuSolve:     velocity     res ratio = 1.205859e-03
acuSolve:     CGP      No iterations =        114
acuSolve:     CGP        0/1/n norms = 7.538997e-07 2.804554e-07 7.445923e-09
acuSolve:     CGP   Iter. CPU/Elapse = 1.359000e+00 2.540000e+00 
acuSolve:     GMRES    No iterations =         57 (5.70)
acuSolve:     GMRES      0/1/n norms = 1.517928e-06 9.214594e-07 1.512959e-07
acuSolve:     GMRES Iter. CPU/Elapse = 1.547000e+00 3.126000e+00 
acuSolve:     pressure     sol ratio = 1.467483e-03
acuSolve:     velocity     sol ratio = 1.618506e-03
acuSolve:   Turbulence stagger "turbulence": FORM-LHS
acuSolve:     eddy-visc.   res ratio = 9.035041e-04
acuSolve:     GMRES    No iterations =        178 (4.45)
acuSolve:     GMRES      0/1/n norms = 1.632494e-11 1.632494e-11 1.607760e-13
acuSolve:     GMRES Iter. CPU/Elapse = 9.530000e-01 1.662000e+00 
acuSolve:     eddy-visc.   sol ratio = 2.159478e-03
acuSolve:   CFL timeInc              = 1.004916e-05
acuSolve:   Step CPU/Elapse time     = 5.547000e+00 1.011500e+01 Sec
acuSolve: Time-Step=   45 ; timeInc= 1.000000e+10 ; time= 4.400000e+11
acuSolve:   Flow stagger "flow": FORM-LHS
acuSolve:     pressure     res ratio = 6.503874e-07
acuSolve:     velocity     res ratio = 1.020226e-03
acuSolve:     CGP      No iterations =        135
acuSolve:     CGP        0/1/n norms = 6.883357e-07 2.755676e-07 6.746699e-09
acuSolve:     CGP   Iter. CPU/Elapse = 1.656000e+00 2.565000e+00 
acuSolve:     GMRES    No iterations =         81 (8.10)
acuSolve:     GMRES      0/1/n norms = 1.375701e-06 9.160822e-07 1.371438e-07
acuSolve:     GMRES Iter. CPU/Elapse = 2.062000e+00 3.743000e+00 
acuSolve:     pressure     sol ratio = 3.067722e-03
acuSolve:     velocity     sol ratio = 2.910457e-03
acuSolve:   Turbulence stagger "turbulence": FORM-LHS
acuSolve:     eddy-visc.   res ratio = 7.882211e-04
acuSolve:     GMRES    No iterations =        167 (4.17)
acuSolve:     GMRES      0/1/n norms = 1.480701e-11 1.480701e-11 1.479609e-13
acuSolve:     GMRES Iter. CPU/Elapse = 9.690000e-01 1.794000e+00 
acuSolve:     eddy-visc.   sol ratio = 1.606546e-03
acuSolve:   CFL timeInc              = 9.991608e-06
acuSolve:   Step CPU/Elapse time     = 6.516000e+00 1.073400e+01 Sec
acuSolve: Time-Step=   46 ; timeInc= 1.000000e+10 ; time= 4.500000e+11
acuSolve:   Flow stagger "flow": FORM-LHS
acuSolve:     pressure     res ratio = 6.081428e-07
acuSolve:     velocity     res ratio = 9.752992e-04
acuSolve:     CGP      No iterations =        142
acuSolve:     CGP        0/1/n norms = 6.179284e-07 2.389383e-07 6.117519e-09
acuSolve:     CGP   Iter. CPU/Elapse = 1.688000e+00 2.870000e+00 
acuSolve:     GMRES    No iterations =        151 (15.10)
acuSolve:     GMRES      0/1/n norms = 1.246229e-06 9.567697e-07 1.244053e-07
acuSolve:     GMRES Iter. CPU/Elapse = 3.859000e+00 6.561000e+00 
acuSolve:     pressure     sol ratio = 2.794066e-03
acuSolve:     velocity     sol ratio = 4.852682e-03
acuSolve:   Turbulence stagger "turbulence": FORM-LHS
acuSolve:     eddy-visc.   res ratio = 8.685321e-04
acuSolve:     GMRES    No iterations =        144 (3.60)
acuSolve:     GMRES      0/1/n norms = 1.616614e-11 1.616614e-11 1.608810e-13
acuSolve:     GMRES Iter. CPU/Elapse = 8.430000e-01 1.580000e+00 
acuSolve:     eddy-visc.   sol ratio = 1.879757e-03
acuSolve:   CFL timeInc              = 9.788187e-06
acuSolve:   Step CPU/Elapse time     = 8.874000e+00 1.561700e+01 Sec
acuSolve: ----------------------- End Time Step -----------------------
acuSolve: ----------------------- Offset Values -----------------------
acuSolve:            Pressure Offset = 1.013250e+05 
acuSolve:         Temperature Offset = 0.000000e+00 
acuSolve: -------------------------------------------------------------
acuSolve: Input       CPU/Elapse time= 2.788900e+01 5.658600e+01 Sec
acuSolve: Output      CPU/Elapse time= 1.581400e+01 2.795100e+01 Sec
acuSolve: Exchange    CPU/Elapse time= 7.220000e-01 2.690000e-01 Sec
acuSolve: Intf.search CPU/Elapse time= 0.000000e+00 0.000000e+00 Sec
acuSolve: Flow stagger "flow":
acuSolve:   No of res/lhs formations =           46           46
acuSolve:   Elem.Form CPU/Elapse time= 3.649800e+01 6.221000e+01 Sec
acuSolve:   Solution  CPU/Elapse time= 2.737230e+02 5.141650e+02 Sec
acuSolve: Turbulence stagger "turbulence":
acuSolve:   No of res/lhs formations =           46           46
acuSolve:   Elem.Form CPU/Elapse time= 1.962500e+01 3.229200e+01 Sec
acuSolve:   Solution  CPU/Elapse time= 4.804200e+01 8.966300e+01 Sec
acuSolve: LnSlv. (host)   Elapse time= 6.015480e+02 Sec
acuSolve: Total CPU/Elapse time      = 4.283890e+02 7.952220e+02 Sec
acuSolve: Total Memory Usage         = 2.200000e+02 Mbytes
License Warning:
One or more of the required features checked out will expire in 24 day(s)
acuRun: -*-*-*-*-*-*-*-*-*-*-*-*-*-*-*-*-*-*-*-*-*-*-*-*-*-*-*-*-*-*-*-*-
acuTrans:  Variable                         Min           Max           Ave
acuTrans: x_coordinates                  -3.048000e+01  3.048000e+01  2.607471e-01
acuTrans: y_coordinates                  -3.047922e+01  3.047922e+01 -3.027491e-02
acuTrans: z_coordinates                   0.000000e+00  1.219200e-01  6.096000e-02
acuTrans: x_velocity                     -1.001420e+00  4.697396e+01  3.861175e+01
acuTrans: y_velocity                     -2.447107e+01  2.447269e+01  4.540783e-03
acuTrans: z_velocity                      0.000000e+00  0.000000e+00  0.000000e+00
acuTrans: pressure                       -3.991935e+02  1.030885e+03 -2.785422e+01
acuTrans: eddy_viscosity                 -1.660592e-05  2.668685e-03  1.641626e-04
acuTrans: surface_y_plus                  0.000000e+00  9.154555e+00  4.694836e-02
acuTrans: surface_film_coefficient        0.000000e+00  2.125680e+02  1.052505e+00
acuTrans: x_wall_shear_stress             0.000000e+00  6.131757e+00  2.497042e-02
acuTrans: y_wall_shear_stress            -4.274783e+00  4.215984e+00 -3.480431e-06
acuTrans: z_wall_shear_stress            -4.819797e-07  3.427639e-07 -5.126132e-12
acuRun: -*-*-*-*-*-*-*-*-*-*-*-*-*-*-*-*-*-*-*-*-*-*-*-*-*-*-*-*-*-*-*-*-
acuRun: Thu Mar  7 10:17:27 2024
